19475 07:03:49.021548 select(4, [3], NULL, NULL, NULL) = 1 (in [3])
19475 07:03:49.038188 read(3, "\0\0\1\4\v\37\0\0\0h\0\0\0\23ecdsa-sha2-nistp25"..., 8192) = 280
19475 07:03:49.038439 open("/home/ago/.ssh/known_hosts", O_RDONLY) = 4
19475 07:03:49.038498 fstat(4, {st_mode=S_IFREG|0644, st_size=350, ...}) = 0
19475 07:03:49.038536 read(4, "192.168.12.60 ecdsa-sha2-nistp25"..., 4096) = 350
19475 07:03:49.038714 read(4, "", 4096) = 0
19475 07:03:49.038772 close(4)          = 0
19475 07:03:49.038804 open("/home/ago/.ssh/known_hosts2", O_RDONLY) = -1 ENOENT (No such file or directory)
19475 07:03:49.038844 open("/usr/local/openssh7/etc/ssh_known_hosts", O_RDONLY) = -1 ENOENT (No such file or directory)
19475 07:03:49.038882 open("/usr/local/openssh7/etc/ssh_known_hosts2", O_RDONLY) = -1 ENOENT (No such file or directory)
19475 07:03:49.041670 clock_gettime(CLOCK_BOOTTIME, {18234, 780528310}) = 0
19475 07:03:49.041718 write(3, "\0\0\0\f\n\25\0\0\0\0\0\0\0\0\0\0", 16) = 16
19475 07:03:49.042000 write(3, "\257qq\237k\24\314/\377\271\334\216\320N\37\6\257w\210[\22\3461\243{1\306\226\6\270=\34"..., 44) = 44
19475 07:03:49.042043 select(4, [3], NULL, NULL, NULL) = 1 (in [3])
19475 07:03:49.082797 read(3, "\0052\24M\223\235\354U\330\24Qx:\251\215\241\260\314\251\4\10\260\267\24q\244\3172\320\236p\347"..., 8192) = 44
19475 07:03:49.082891 write(3, "*\210\27f\253\344P\23\23E\233\232SC(HN\320\314`\355\255\37\325\253\3268\5\302X;\357"..., 60) = 60
19475 07:03:49.083100 select(4, [3], NULL, NULL, NULL) = 1 (in [3])
19475 07:03:49.101175 read(3, "\347Zh\34g\264\274q\"%\225\321\236R\35:\274\257\377\335\244\35\231x&\21\370\264\377\276\303\236"..., 8192) = 52
19475 07:03:49.101246 stat("/home/ago/.ssh/id_rsa", 0x7ffd928a9fa0) = -1 ENOENT (No such file or directory)
19475 07:03:49.101293 stat("/home/ago/.ssh/id_dsa", 0x7ffd928a9fa0) = -1 ENOENT (No such file or directory)
19475 07:03:49.102314 stat("/home/ago/.ssh/id_ecdsa", 0x7ffd928a9fa0) = -1 ENOENT (No such file or directory)
19475 07:03:49.102348 stat("/home/ago/.ssh/id_ed25519", 0x7ffd928a9fa0) = -1 ENOENT (No such file or directory)
19475 07:03:49.102398 open("/dev/tty", O_RDWR) = 4
19475 07:03:49.102444 close(4)          = 0
19475 07:03:49.102470 open("/dev/tty", O_RDWR) = 4
19475 07:03:49.102499 ioctl(4, TCGETS, {B38400 opost isig icanon echo ...}) = 0
19475 07:03:49.102530 ioctl(4, TCGETS, {B38400 opost isig icanon echo ...}) = 0
19475 07:03:49.102554 ioctl(4, SNDCTL_TMR_CONTINUE or TCSETSF, {B38400 opost isig icanon -echo ...}) = 0
19475 07:03:49.102580 ioctl(4, TCGETS, {B38400 opost isig icanon -echo ...}) = 0
19475 07:03:49.102605 rt_sigaction(SIGALRM, {0x561277f0c350, [], SA_RESTORER, 0x7f348f0174b0}, {SIG_DFL, [], 0}, 8) = 0
19475 07:03:49.102634 rt_sigaction(SIGHUP, {0x561277f0c350, [], SA_RESTORER, 0x7f348f0174b0}, {SIG_DFL, [], 0}, 8) = 0
19475 07:03:49.102660 rt_sigaction(SIGINT, {0x561277f0c350, [], SA_RESTORER, 0x7f348f0174b0}, {SIG_DFL, [], 0}, 8) = 0
19475 07:03:49.102685 rt_sigaction(SIGPIPE, {0x561277f0c350, [], SA_RESTORER, 0x7f348f0174b0}, {SIG_IGN, [], SA_RESTORER, 0x7f348f0174b0}, 8) = 0
19475 07:03:49.102711 rt_sigaction(SIGQUIT, {0x561277f0c350, [], SA_RESTORER, 0x7f348f0174b0}, {SIG_DFL, [], 0}, 8) = 0
19475 07:03:49.102737 rt_sigaction(SIGTERM, {0x561277f0c350, [], SA_RESTORER, 0x7f348f0174b0}, {SIG_DFL, [], 0}, 8) = 0
19475 07:03:49.102797 rt_sigaction(SIGTSTP, {0x561277f0c350, [], SA_RESTORER, 0x7f348f0174b0}, {SIG_DFL, [], 0}, 8) = 0
19475 07:03:49.102828 rt_sigaction(SIGTTIN, {0x561277f0c350, [], SA_RESTORER, 0x7f348f0174b0}, {SIG_DFL, [], 0}, 8) = 0
19475 07:03:49.102855 rt_sigaction(SIGTTOU, {0x561277f0c350, [], SA_RESTORER, 0x7f348f0174b0}, {SIG_DFL, [], 0}, 8) = 0
19475 07:03:49.102881 write(4, "root@192.168.12.60's password: ", 31) = 31
19475 07:03:49.102948 read(4, "1", 1)   = 1
19475 07:03:49.102975 read(4, "2", 1)   = 1
19475 07:03:49.102999 read(4, "3", 1)   = 1
19475 07:03:49.103022 read(4, "4", 1)   = 1
19475 07:03:49.103045 read(4, "5", 1)   = 1
19475 07:03:49.103069 read(4, "6", 1)   = 1
19475 07:03:49.103093 read(4, "\n", 1)  = 1
19475 07:03:49.103116 write(4, "\n", 1) = 1
19475 07:03:49.103166 ioctl(4, TCGETS, {B38400 opost isig icanon -echo ...}) = 0
19475 07:03:49.103191 ioctl(4, SNDCTL_TMR_CONTINUE or TCSETSF, {B38400 opost isig icanon echo ...}) = 0
19475 07:03:49.103216 ioctl(4, TCGETS, {B38400 opost isig icanon echo ...}) = 0
19475 07:03:49.103239 rt_sigaction(SIGALRM, {SIG_DFL, [], SA_RESTORER, 0x7f348f0174b0}, NULL, 8) = 0
19475 07:03:49.103263 rt_sigaction(SIGHUP, {SIG_DFL, [], SA_RESTORER, 0x7f348f0174b0}, NULL, 8) = 0
19475 07:03:49.103286 rt_sigaction(SIGINT, {SIG_DFL, [], SA_RESTORER, 0x7f348f0174b0}, NULL, 8) = 0
19475 07:03:49.103309 rt_sigaction(SIGQUIT, {SIG_DFL, [], SA_RESTORER, 0x7f348f0174b0}, NULL, 8) = 0
19475 07:03:49.103344 rt_sigaction(SIGPIPE, {SIG_IGN, [], SA_RESTORER, 0x7f348f0174b0}, NULL, 8) = 0
19475 07:03:49.103370 rt_sigaction(SIGTERM, {SIG_DFL, [], SA_RESTORER, 0x7f348f0174b0}, NULL, 8) = 0
19475 07:03:49.103393 rt_sigaction(SIGTSTP, {SIG_DFL, [], SA_RESTORER, 0x7f348f0174b0}, NULL, 8) = 0
19475 07:03:49.103416 rt_sigaction(SIGTTIN, {SIG_DFL, [], SA_RESTORER, 0x7f348f0174b0}, NULL, 8) = 0
19475 07:03:49.103438 rt_sigaction(SIGTTOU, {SIG_DFL, [], SA_RESTORER, 0x7f348f0174b0}, NULL, 8) = 0
19475 07:03:49.103461 close(4)          = 0
19475 07:03:49.103494 write(3, "[\5\212\v\370H-\10\267/&~(\2571\263\32\0G\216\316\244\254yN\201^\355\32\25\277*"..., 84) = 84
19475 07:03:49.103722 select(4, [3], NULL, NULL, NULL) = 1 (in [3])
19475 07:03:49.112877 read(3, "\tb\230\31\204\24\275\304\363\366\221\22\237\270$\225\357o-2\251\256,\347\371\303\260\201", 8192) = 28
19475 07:03:49.112984 dup(0)            = 4
19475 07:03:49.113026 dup(1)            = 5
19475 07:03:49.113060 dup(2)            = 6
19475 07:03:49.113090 ioctl(4, TCGETS, {B38400 opost isig icanon echo ...}) = 0
19475 07:03:49.113136 ioctl(5, TCGETS, {B38400 opost isig icanon echo ...}) = 0
19475 07:03:49.113176 ioctl(6, TCGETS, {B38400 opost isig icanon echo ...}) = 0
19475 07:03:49.113220 fcntl(4, F_SETFD, FD_CLOEXEC) = 0
19475 07:03:49.113255 fcntl(5, F_SETFD, FD_CLOEXEC) = 0
19475 07:03:49.113287 fcntl(6, F_SETFD, FD_CLOEXEC) = 0
19475 07:03:49.113336 rt_sigaction(SIGHUP, NULL, {SIG_DFL, [], SA_RESTORER, 0x7f348f0174b0}, 8) = 0
19475 07:03:49.113381 rt_sigaction(SIGHUP, {SIG_IGN, [], SA_RESTORER, 0x7f348f0174b0}, NULL, 8) = 0
19475 07:03:49.113423 rt_sigaction(SIGHUP, NULL, {SIG_IGN, [], SA_RESTORER, 0x7f348f0174b0}, 8) = 0
19475 07:03:49.113467 rt_sigaction(SIGHUP, {0x561277eb54d0, [], SA_RESTORER, 0x7f348f0174b0}, NULL, 8) = 0
19475 07:03:49.113511 rt_sigaction(SIGINT, NULL, {SIG_DFL, [], SA_RESTORER, 0x7f348f0174b0}, 8) = 0
19475 07:03:49.113556 rt_sigaction(SIGINT, {SIG_IGN, [], SA_RESTORER, 0x7f348f0174b0}, NULL, 8) = 0
19475 07:03:49.113599 rt_sigaction(SIGINT, NULL, {SIG_IGN, [], SA_RESTORER, 0x7f348f0174b0}, 8) = 0
19475 07:03:49.113641 rt_sigaction(SIGINT, {0x561277eb54d0, [], SA_RESTORER, 0x7f348f0174b0}, NULL, 8) = 0
19475 07:03:49.113681 rt_sigaction(SIGQUIT, NULL, {SIG_DFL, [], SA_RESTORER, 0x7f348f0174b0}, 8) = 0
19475 07:03:49.113721 rt_sigaction(SIGQUIT, {SIG_IGN, [], SA_RESTORER, 0x7f348f0174b0}, NULL, 8) = 0
19475 07:03:49.113760 rt_sigaction(SIGQUIT, NULL, {SIG_IGN, [], SA_RESTORER, 0x7f348f0174b0}, 8) = 0
19475 07:03:49.113986 rt_sigaction(SIGQUIT, {0x561277eb54d0, [], SA_RESTORER, 0x7f348f0174b0}, NULL, 8) = 0
19475 07:03:49.114036 rt_sigaction(SIGTERM, NULL, {SIG_DFL, [], SA_RESTORER, 0x7f348f0174b0}, 8) = 0
19475 07:03:49.114080 rt_sigaction(SIGTERM, {SIG_IGN, [], SA_RESTORER, 0x7f348f0174b0}, NULL, 8) = 0
19475 07:03:49.114121 rt_sigaction(SIGTERM, NULL, {SIG_IGN, [], SA_RESTORER, 0x7f348f0174b0}, 8) = 0
19475 07:03:49.114161 rt_sigaction(SIGTERM, {0x561277eb54d0, [], SA_RESTORER, 0x7f348f0174b0}, NULL, 8) = 0
19475 07:03:49.114197 rt_sigaction(SIGWINCH, NULL, {SIG_DFL, [], 0}, 8) = 0
19475 07:03:49.114236 rt_sigaction(SIGWINCH, {0x561277eb5740, [], SA_RESTORER, 0x7f348f0174b0}, NULL, 8) = 0
19475 07:03:49.114279 ioctl(0, TCGETS, {B38400 opost isig icanon echo ...}) = 0
19475 07:03:49.114327 ioctl(0, TCGETS, {B38400 opost isig icanon echo ...}) = 0
19475 07:03:49.114385 ioctl(0, SNDCTL_TMR_STOP or TCSETSW, {B38400 -opost -isig -icanon -echo ...}) = 0
19475 07:03:49.114414 ioctl(0, TCGETS, {B38400 -opost -isig -icanon -echo ...}) = 0
19475 07:03:49.114443 clock_gettime(CLOCK_BOOTTIME, {18234, 853289362}) = 0
19475 07:03:49.114469 clock_gettime(CLOCK_BOOTTIME, {18234, 853314562}) = 0
19475 07:03:49.114493 select(7, [3], [3], NULL, NULL) = 1 (out [3])
19475 07:03:49.114529 clock_gettime(CLOCK_BOOTTIME, {18234, 853374182}) = 0
19475 07:03:49.114552 write(3, "\203\27\266v\230\24uQgj\373B\20\360\327\207\252~t\314\234\301C^\311D\323P9\212\177\331"..., 112) = 112
19475 07:03:49.114734 clock_gettime(CLOCK_BOOTTIME, {18234, 853584232}) = 0
19475 07:03:49.114767 clock_gettime(CLOCK_BOOTTIME, {18234, 853613198}) = 0
19475 07:03:49.115114 select(7, [3], [], NULL, NULL) = 1 (in [3])
19475 07:03:49.426567 clock_gettime(CLOCK_BOOTTIME, {18235, 165428446}) = 0
19475 07:03:49.426616 read(3, "\211\271\206\304\262\373%\216e$\2312\207\375\271\314\5^B\306\227\321\371\202\r\r\206\301\4\276 \221"..., 8192) = 44
19475 07:03:49.426675 getsockopt(3, SOL_TCP, TCP_NODELAY, [0], [4]) = 0
19475 07:03:49.426714 setsockopt(3, SOL_TCP, TCP_NODELAY, [1], 4) = 0
19475 07:03:49.426749 getsockname(3, {sa_family=AF_INET, sin_port=htons(40102), sin_addr=inet_addr("192.168.56.191")}, [16]) = 0
19475 07:03:49.426787 setsockopt(3, SOL_IP, IP_TOS, [16], 4) = 0
19475 07:03:49.426823 ioctl(0, TIOCGWINSZ, {ws_row=24, ws_col=51, ws_xpixel=0, ws_ypixel=0}) = 0
19475 07:03:49.426886 clock_gettime(CLOCK_BOOTTIME, {18235, 165737396}) = 0
19475 07:03:49.426921 clock_gettime(CLOCK_BOOTTIME, {18235, 165769503}) = 0
19475 07:03:49.426954 select(7, [3], [3], NULL, NULL) = 1 (out [3])
19475 07:03:49.426997 clock_gettime(CLOCK_BOOTTIME, {18235, 165845063}) = 0
19475 07:03:49.427029 write(3, "\320K\230\5\251h6v\357 \230\335\35w\313\232,\343\v\261j&\362Py\357\260K\236f\321\225"..., 376) = 376
19475 07:03:49.427242 clock_gettime(CLOCK_BOOTTIME, {18235, 166092963}) = 0
19475 07:03:49.427283 clock_gettime(CLOCK_BOOTTIME, {18235, 166227468}) = 0
19475 07:03:49.427419 select(7, [3], [], NULL, NULL) = 1 (in [3])
19475 07:03:49.428818 clock_gettime(CLOCK_BOOTTIME, {18235, 167671080}) = 0
19475 07:03:49.428857 read(3, "K\247#\221\274\17peE\\\363x`-\255J\35\235x\256n\260\1\r\5\6;5lyp\326"..., 8192) = 108
19475 07:03:49.428912 clock_gettime(CLOCK_BOOTTIME, {18235, 167761762}) = 0
19475 07:03:49.428946 clock_gettime(CLOCK_BOOTTIME, {18235, 167793788}) = 0
19475 07:03:49.428978 select(7, [3 4], [], NULL, NULL) = 1 (in [3])
19475 07:03:49.434006 clock_gettime(CLOCK_BOOTTIME, {18235, 172866412}) = 0
19475 07:03:49.434056 read(3, "X\374\36\3229C\2777\346\325_\304\230\211\332\fi\0246\317gfh\217Z.\214\220\16\341\241h"..., 8192) = 652
19475 07:03:49.434281 clock_gettime(CLOCK_BOOTTIME, {18235, 173134897}) = 0
19475 07:03:49.434322 clock_gettime(CLOCK_BOOTTIME, {18235, 173172468}) = 0
19475 07:03:49.434359 select(7, [3 4], [5], NULL, NULL) = 1 (out [5])
19475 07:03:49.434412 clock_gettime(CLOCK_BOOTTIME, {18235, 173262525}) = 0
19475 07:03:49.434449 write(5, "Welcome to Ubuntu 14.04.5 LTS (G"..., 614) = 614
19475 07:03:49.434699 clock_gettime(CLOCK_BOOTTIME, {18235, 173552399}) = 0
19475 07:03:49.434740 clock_gettime(CLOCK_BOOTTIME, {18235, 173590081}) = 0
19475 07:03:49.434777 select(7, [3 4], [], NULL, NULL) = 1 (in [3])
19475 07:03:49.465117 clock_gettime(CLOCK_BOOTTIME, {18235, 203995429}) = 0
19475 07:03:49.465350 read(3, "`\221\242\276\246\235j\244\262$\236\374\253\352J\340g\260M(*\322\tHH\34\263\305\343x6\24"..., 8192) = 52
19475 07:03:49.465496 clock_gettime(CLOCK_BOOTTIME, {18235, 204373024}) = 0
19475 07:03:49.465597 clock_gettime(CLOCK_BOOTTIME, {18235, 204465815}) = 0
19475 07:03:49.465688 select(7, [3 4], [5], NULL, NULL) = 1 (out [5])
19475 07:03:49.465815 clock_gettime(CLOCK_BOOTTIME, {18235, 204682992}) = 0
19475 07:03:49.465903 write(5, "root@ubuntu:~# ", 15) = 15
19475 07:03:49.466558 clock_gettime(CLOCK_BOOTTIME, {18235, 205440532}) = 0
19475 07:03:49.466660 clock_gettime(CLOCK_BOOTTIME, {18235, 205520036}) = 0
19475 07:03:49.466723 select(7, [3 4], [], NULL, NULL) = 1 (in [4])
19475 07:03:50.044836 clock_gettime(CLOCK_BOOTTIME, {18235, 783720290}) = 0
19475 07:03:50.044931 read(4, "d", 16384) = 1
19475 07:03:50.045024 clock_gettime(CLOCK_BOOTTIME, {18235, 783883578}) = 0
19475 07:03:50.045084 clock_gettime(CLOCK_BOOTTIME, {18235, 783940478}) = 0
19475 07:03:50.045142 select(7, [3 4], [3], NULL, NULL) = 1 (out [3])
19475 07:03:50.045222 clock_gettime(CLOCK_BOOTTIME, {18235, 784078883}) = 0
19475 07:03:50.045279 write(3, "K\325\276\332\276\253\217\276Sg?\366\326\230\224\304\34\2350\r\252\335xB\367]\314H\216EAL"..., 36) = 36
19475 07:03:50.045951 clock_gettime(CLOCK_BOOTTIME, {18235, 784815408}) = 0
19475 07:03:50.046020 clock_gettime(CLOCK_BOOTTIME, {18235, 784879026}) = 0
19475 07:03:50.046080 select(7, [3 4], [], NULL, NULL) = 1 (in [3])
19475 07:03:50.047064 clock_gettime(CLOCK_BOOTTIME, {18235, 785926471}) = 0
19475 07:03:50.047129 read(3, "\206\261\237# \262\241^\273\7\273\233\264\271&z\31\305w\371\6c\257\352wx\204\20\t\345\242\315"..., 8192) = 36
19475 07:03:50.047214 clock_gettime(CLOCK_BOOTTIME, {18235, 786074107}) = 0
19475 07:03:50.047280 clock_gettime(CLOCK_BOOTTIME, {18235, 786151416}) = 0
19475 07:03:50.047375 select(7, [3 4], [5], NULL, NULL) = 1 (out [5])
19475 07:03:50.047478 clock_gettime(CLOCK_BOOTTIME, {18235, 786336200}) = 0
19475 07:03:50.047536 write(5, "d", 1)  = 1
19475 07:03:50.048320 clock_gettime(CLOCK_BOOTTIME, {18235, 787202854}) = 0
19475 07:03:50.048444 clock_gettime(CLOCK_BOOTTIME, {18235, 787319870}) = 0
19475 07:03:50.048557 select(7, [3 4], [], NULL, NULL) = 1 (in [4])
19475 07:03:50.124740 clock_gettime(CLOCK_BOOTTIME, {18235, 863616110}) = 0
19475 07:03:50.124869 read(4, "f", 16384) = 1
19475 07:03:50.124972 clock_gettime(CLOCK_BOOTTIME, {18235, 863832566}) = 0
19475 07:03:50.125034 clock_gettime(CLOCK_BOOTTIME, {18235, 863891162}) = 0
19475 07:03:50.125093 select(7, [3 4], [3], NULL, NULL) = 1 (out [3])
19475 07:03:50.125174 clock_gettime(CLOCK_BOOTTIME, {18235, 864030914}) = 0
19475 07:03:50.125231 write(3, "\n%\263F\207\346D[\30\"\244\17\335\2370!l\34\232YB \31\2068\234\37\251\201\23%\365"..., 36) = 36
19475 07:03:50.125687 clock_gettime(CLOCK_BOOTTIME, {18235, 864553950}) = 0
19475 07:03:50.125759 clock_gettime(CLOCK_BOOTTIME, {18235, 864617087}) = 0
19475 07:03:50.126033 select(7, [3 4], [], NULL, NULL) = 1 (in [3])
19475 07:03:50.126973 clock_gettime(CLOCK_BOOTTIME, {18235, 865871581}) = 0
19475 07:03:50.127100 read(3, "\23\232N\322_k\353\273h\6\240Q\256\3\347!\33\224P\225\324\204t\v\236t\310\32\3409\3222"..., 8192) = 36
19475 07:03:50.127221 clock_gettime(CLOCK_BOOTTIME, {18235, 866101347}) = 0
19475 07:03:50.127339 clock_gettime(CLOCK_BOOTTIME, {18235, 866216689}) = 0
19475 07:03:50.127447 select(7, [3 4], [5], NULL, NULL) = 1 (out [5])
19475 07:03:50.127587 clock_gettime(CLOCK_BOOTTIME, {18235, 866458482}) = 0
19475 07:03:50.127682 write(5, "f", 1)  = 1
19475 07:03:50.128291 clock_gettime(CLOCK_BOOTTIME, {18235, 867168130}) = 0
19475 07:03:50.128397 clock_gettime(CLOCK_BOOTTIME, {18235, 867269751}) = 0
19475 07:03:50.128501 select(7, [3 4], [], NULL, NULL) = 1 (in [4])
19475 07:03:50.302029 clock_gettime(CLOCK_BOOTTIME, {18236, 40891840}) = 0
19475 07:03:50.302084 read(4, "\r", 16384) = 1
19475 07:03:50.302145 clock_gettime(CLOCK_BOOTTIME, {18236, 40997013}) = 0
19475 07:03:50.302184 clock_gettime(CLOCK_BOOTTIME, {18236, 41033763}) = 0
19475 07:03:50.302221 select(7, [3 4], [3], NULL, NULL) = 1 (out [3])
19475 07:03:50.302273 clock_gettime(CLOCK_BOOTTIME, {18236, 41122783}) = 0
19475 07:03:50.302310 write(3, "\3Naj\306%\271\332&!\224[\256\33[\n\1\350\206\371uY\265\313\20\247\4>\220|,M"..., 36) = 36
19475 07:03:50.302520 clock_gettime(CLOCK_BOOTTIME, {18236, 41373341}) = 0
19475 07:03:50.302810 clock_gettime(CLOCK_BOOTTIME, {18236, 41666867}) = 0
19475 07:03:50.302858 select(7, [3 4], [], NULL, NULL) = 1 (in [3])
19475 07:03:50.303655 clock_gettime(CLOCK_BOOTTIME, {18236, 42508873}) = 0
19475 07:03:50.303698 read(3, "\220\n\340k\6\305A\ro\255\216T\374\270A\263\255~\315\177\206\0235\255\200\246V\270|&\261\25"..., 8192) = 36
19475 07:03:50.303773 clock_gettime(CLOCK_BOOTTIME, {18236, 42626041}) = 0
19475 07:03:50.303814 clock_gettime(CLOCK_BOOTTIME, {18236, 42663755}) = 0
19475 07:03:50.303851 select(7, [3 4], [5], NULL, NULL) = 1 (out [5])
19475 07:03:50.303902 clock_gettime(CLOCK_BOOTTIME, {18236, 42752278}) = 0
19475 07:03:50.303939 write(5, "\r\n", 2) = 2
19475 07:03:50.304188 clock_gettime(CLOCK_BOOTTIME, {18236, 43135863}) = 0
19475 07:03:50.304326 clock_gettime(CLOCK_BOOTTIME, {18236, 43177044}) = 0
19475 07:03:50.304364 select(7, [3 4], [], NULL, NULL) = 1 (in [3])
19475 07:03:50.307173 clock_gettime(CLOCK_BOOTTIME, {18236, 46027511}) = 0
19475 07:03:50.307217 read(3, "YS<\24R\330\7`\326\246\204\245\267\356K[\346\231\222\370 \2230[\307\315G\0312'\235\361"..., 8192) = 1204
19475 07:03:50.307314 clock_gettime(CLOCK_BOOTTIME, {18236, 46166335}) = 0
19475 07:03:50.307354 clock_gettime(CLOCK_BOOTTIME, {18236, 46203746}) = 0
19475 07:03:50.307391 select(7, [3 4], [5], NULL, NULL) = 1 (out [5])
19475 07:03:50.307442 clock_gettime(CLOCK_BOOTTIME, {18236, 46292280}) = 0
19475 07:03:50.307479 write(5, "Filesystem     1K-blocks    Used"..., 529) = 529
19475 07:03:50.307965 clock_gettime(CLOCK_BOOTTIME, {18236, 46841665}) = 0
19475 07:03:50.308036 clock_gettime(CLOCK_BOOTTIME, {18236, 46887896}) = 0
19475 07:03:50.308076 select(7, [3 4], [], NULL, NULL) = 1 (in [4])
19475 07:03:50.668635 clock_gettime(CLOCK_BOOTTIME, {18236, 407511718}) = 0
19475 07:03:50.668719 read(4, "p", 16384) = 1
19475 07:03:50.668821 clock_gettime(CLOCK_BOOTTIME, {18236, 407683589}) = 0
19475 07:03:50.668886 clock_gettime(CLOCK_BOOTTIME, {18236, 407743038}) = 0
19475 07:03:50.668945 select(7, [3 4], [3], NULL, NULL) = 1 (out [3])
19475 07:03:50.669027 clock_gettime(CLOCK_BOOTTIME, {18236, 407884787}) = 0
19475 07:03:50.669086 write(3, "\32\200\204U\247\2030k\352\264\335\374`Y\300\273\276\372\310N\325O\2401\306:;\f\360\206\205o"..., 36) = 36
19475 07:03:50.669666 clock_gettime(CLOCK_BOOTTIME, {18236, 408529981}) = 0
19475 07:03:50.669735 clock_gettime(CLOCK_BOOTTIME, {18236, 408593983}) = 0
19475 07:03:50.669796 select(7, [3 4], [], NULL, NULL) = 1 (in [3])
19475 07:03:50.670781 clock_gettime(CLOCK_BOOTTIME, {18236, 409643537}) = 0
19475 07:03:50.670847 read(3, "2\fV\26\320\33276(q@K~\311,\374\33\240]\260\322\310\250\177\354\241\345\250\341\275\23\301"..., 8192) = 36
19475 07:03:50.670933 clock_gettime(CLOCK_BOOTTIME, {18236, 409793568}) = 0
19475 07:03:50.670995 clock_gettime(CLOCK_BOOTTIME, {18236, 409852231}) = 0
19475 07:03:50.671053 select(7, [3 4], [5], NULL, NULL) = 1 (out [5])
19475 07:03:50.671133 clock_gettime(CLOCK_BOOTTIME, {18236, 409990633}) = 0
19475 07:03:50.671191 write(5, "p", 1)  = 1
19475 07:03:50.671585 clock_gettime(CLOCK_BOOTTIME, {18236, 410448117}) = 0
19475 07:03:50.671652 clock_gettime(CLOCK_BOOTTIME, {18236, 410509967}) = 0
19475 07:03:50.671711 select(7, [3 4], [], NULL, NULL) = 1 (in [4])
19475 07:03:50.725254 clock_gettime(CLOCK_BOOTTIME, {18236, 464130290}) = 0
19475 07:03:50.725338 read(4, "w", 16384) = 1
19475 07:03:50.725434 clock_gettime(CLOCK_BOOTTIME, {18236, 464295957}) = 0
19475 07:03:50.725640 clock_gettime(CLOCK_BOOTTIME, {18236, 464502373}) = 0
19475 07:03:50.725706 select(7, [3 4], [3], NULL, NULL) = 1 (out [3])
19475 07:03:50.725792 clock_gettime(CLOCK_BOOTTIME, {18236, 464650012}) = 0
19475 07:03:50.725852 write(3, "\372\32\375\222\r%\246@X\344a\22\231~\242\316\275U\31\366\3658]\335\355\231<\7\344\17+\266"..., 36) = 36
19475 07:03:50.726161 clock_gettime(CLOCK_BOOTTIME, {18236, 465022623}) = 0
19475 07:03:50.726227 clock_gettime(CLOCK_BOOTTIME, {18236, 465084687}) = 0
19475 07:03:50.726286 select(7, [3 4], [], NULL, NULL) = 1 (in [3])
19475 07:03:50.727633 clock_gettime(CLOCK_BOOTTIME, {18236, 466501696}) = 0
19475 07:03:50.727708 read(3, "\355\244\251Tw\f>\361Dl5\250\332\367\246\22^-\202\276\37\330\307\2)p\375\203\206\231\211\236"..., 8192) = 36
19475 07:03:50.727796 clock_gettime(CLOCK_BOOTTIME, {18236, 466657226}) = 0
19475 07:03:50.727858 clock_gettime(CLOCK_BOOTTIME, {18236, 466716073}) = 0
19475 07:03:50.727917 select(7, [3 4], [5], NULL, NULL) = 1 (out [5])
19475 07:03:50.728027 clock_gettime(CLOCK_BOOTTIME, {18236, 466886010}) = 0
19475 07:03:50.728086 write(5, "w", 1)  = 1
19475 07:03:50.728449 clock_gettime(CLOCK_BOOTTIME, {18236, 467718089}) = 0
19475 07:03:50.728932 clock_gettime(CLOCK_BOOTTIME, {18236, 467791760}) = 0
19475 07:03:50.728993 select(7, [3 4], [], NULL, NULL) = 1 (in [4])
19475 07:03:50.789270 clock_gettime(CLOCK_BOOTTIME, {18236, 528145961}) = 0
19475 07:03:50.789354 read(4, "d", 16384) = 1
19475 07:03:50.789447 clock_gettime(CLOCK_BOOTTIME, {18236, 528307024}) = 0
19475 07:03:50.789508 clock_gettime(CLOCK_BOOTTIME, {18236, 528364398}) = 0
19475 07:03:50.789675 select(7, [3 4], [3], NULL, NULL) = 1 (out [3])
19475 07:03:50.789772 clock_gettime(CLOCK_BOOTTIME, {18236, 528629137}) = 0
19475 07:03:50.789831 write(3, "\330\370\221\201\235\306\r\336\326\365\t\16\37\332\353\267\312c\27\257$}\341T\323O\t G\0\265g"..., 36) = 36
19475 07:03:50.790146 clock_gettime(CLOCK_BOOTTIME, {18236, 529006896}) = 0
19475 07:03:50.790210 clock_gettime(CLOCK_BOOTTIME, {18236, 529066444}) = 0
19475 07:03:50.790267 select(7, [3 4], [], NULL, NULL) = 1 (in [3])
19475 07:03:50.791869 clock_gettime(CLOCK_BOOTTIME, {18236, 530735824}) = 0
19475 07:03:50.791940 read(3, "\273\222o(\237<\236\3022\"E\235\222\315\364g\3504\303\223\226V\3624\30Tj\262\f^\n\260"..., 8192) = 36
19475 07:03:50.792039 clock_gettime(CLOCK_BOOTTIME, {18236, 530899366}) = 0
19475 07:03:50.792100 clock_gettime(CLOCK_BOOTTIME, {18236, 530956255}) = 0
19475 07:03:50.792156 select(7, [3 4], [5], NULL, NULL) = 1 (out [5])
19475 07:03:50.792236 clock_gettime(CLOCK_BOOTTIME, {18236, 531092709}) = 0
19475 07:03:50.792293 write(5, "d", 1)  = 1
19475 07:03:50.792716 clock_gettime(CLOCK_BOOTTIME, {18236, 531579603}) = 0
19475 07:03:50.792783 clock_gettime(CLOCK_BOOTTIME, {18236, 531640010}) = 0
19475 07:03:50.792840 select(7, [3 4], [], NULL, NULL) = 1 (in [4])
19475 07:03:50.929778 clock_gettime(CLOCK_BOOTTIME, {18236, 668653548}) = 0
19475 07:03:50.929861 read(4, "\r", 16384) = 1
19475 07:03:50.929954 clock_gettime(CLOCK_BOOTTIME, {18236, 668813221}) = 0
19475 07:03:50.930014 clock_gettime(CLOCK_BOOTTIME, {18236, 668870855}) = 0
19475 07:03:50.930072 select(7, [3 4], [3], NULL, NULL) = 1 (out [3])
19475 07:03:50.930153 clock_gettime(CLOCK_BOOTTIME, {18236, 669010326}) = 0
19475 07:03:50.930211 write(3, "J\3F\270\26\34_W0\354e]*y\203\332\237\246~8\363\273L}0>=j#K(\263"..., 36) = 36
19475 07:03:50.930523 clock_gettime(CLOCK_BOOTTIME, {18236, 669384433}) = 0
19475 07:03:50.930891 clock_gettime(CLOCK_BOOTTIME, {18236, 669762667}) = 0
19475 07:03:50.930973 select(7, [3 4], [], NULL, NULL) = 1 (in [3])
19475 07:03:50.932331 clock_gettime(CLOCK_BOOTTIME, {18236, 671192846}) = 0
19475 07:03:50.932395 read(3, " @\230\234Y\3057\365\272\326\206\".=CR\34\322g\0\275\4\343\355\24\337\36A\\\204:\325"..., 8192) = 168
19475 07:03:50.932491 clock_gettime(CLOCK_BOOTTIME, {18236, 671350940}) = 0
19475 07:03:50.932551 clock_gettime(CLOCK_BOOTTIME, {18236, 671407608}) = 0
19475 07:03:50.932607 select(7, [3 4], [5], NULL, NULL) = 1 (out [5])
19475 07:03:50.932756 clock_gettime(CLOCK_BOOTTIME, {18236, 671616437}) = 0
19475 07:03:50.932818 write(5, "\r\n/root\r\nroot@ubuntu:~# ", 24) = 24
19475 07:03:50.933261 clock_gettime(CLOCK_BOOTTIME, {18236, 672128735}) = 0
19475 07:03:50.933334 clock_gettime(CLOCK_BOOTTIME, {18236, 672190663}) = 0
19475 07:03:50.933391 select(7, [3 4], [], NULL, NULL) = 1 (in [4])
19475 07:03:52.236593 clock_gettime(CLOCK_BOOTTIME, {18237, 975487075}) = 0
19475 07:03:52.236724 read(4, "c", 16384) = 1
19475 07:03:52.236836 clock_gettime(CLOCK_BOOTTIME, {18237, 975698282}) = 0
19475 07:03:52.236901 clock_gettime(CLOCK_BOOTTIME, {18237, 975758142}) = 0
19475 07:03:52.236960 select(7, [3 4], [3], NULL, NULL) = 1 (out [3])
19475 07:03:52.237045 clock_gettime(CLOCK_BOOTTIME, {18237, 975907528}) = 0
19475 07:03:52.237173 write(3, "\274\207\302*\301\221H\32s\354\35\310\6\265\304\362\2101\22\t\1774\353\231?Sk$\6\345\347\333"..., 36) = 36
19475 07:03:52.237734 clock_gettime(CLOCK_BOOTTIME, {18237, 976650989}) = 0
19475 07:03:52.237872 clock_gettime(CLOCK_BOOTTIME, {18237, 976730904}) = 0
19475 07:03:52.237933 select(7, [3 4], [], NULL, NULL) = 1 (in [3])
19475 07:03:52.239173 clock_gettime(CLOCK_BOOTTIME, {18237, 978035778}) = 0
19475 07:03:52.239240 read(3, "\360\221\235\32\374\314f\345\207\347F\232\363\310\327\230\216\226\222\361\17\347\240\v\2727\31\362\31\221L\371"..., 8192) = 36
19475 07:03:52.239329 clock_gettime(CLOCK_BOOTTIME, {18237, 978189424}) = 0
19475 07:03:52.239390 clock_gettime(CLOCK_BOOTTIME, {18237, 978247236}) = 0
19475 07:03:52.239447 select(7, [3 4], [5], NULL, NULL) = 1 (out [5])
19475 07:03:52.239529 clock_gettime(CLOCK_BOOTTIME, {18237, 978387164}) = 0
19475 07:03:52.239588 write(5, "c", 1)  = 1
19475 07:03:52.239968 clock_gettime(CLOCK_BOOTTIME, {18237, 978830903}) = 0
19475 07:03:52.240034 clock_gettime(CLOCK_BOOTTIME, {18237, 978892560}) = 0
19475 07:03:52.240316 select(7, [3 4], [], NULL, NULL) = 1 (in [4])
19475 07:03:52.362786 clock_gettime(CLOCK_BOOTTIME, {18238, 101661924}) = 0
19475 07:03:52.362869 read(4, "l", 16384) = 1
19475 07:03:52.362963 clock_gettime(CLOCK_BOOTTIME, {18238, 101824280}) = 0
19475 07:03:52.363025 clock_gettime(CLOCK_BOOTTIME, {18238, 101882990}) = 0
19475 07:03:52.363085 select(7, [3 4], [3], NULL, NULL) = 1 (out [3])
19475 07:03:52.363201 clock_gettime(CLOCK_BOOTTIME, {18238, 102072117}) = 0
19475 07:03:52.363278 write(3, "\261\271\375\3751\337%\200\306\327F\360\214\177\320\366\357\354M8\232\247\344%2\360\270\265\353\366~\226"..., 36) = 36
19475 07:03:52.363591 clock_gettime(CLOCK_BOOTTIME, {18238, 102453962}) = 0
19475 07:03:52.363658 clock_gettime(CLOCK_BOOTTIME, {18238, 102516150}) = 0
19475 07:03:52.363718 select(7, [3 4], [], NULL, NULL) = 1 (in [3])
19475 07:03:52.365700 clock_gettime(CLOCK_BOOTTIME, {18238, 104564158}) = 0
19475 07:03:52.365767 read(3, "\320,\22WM\331\7\221z}r\316\ty\336\216\334\244\27\327\36h\260u\235\217)_\220\232\315\360"..., 8192) = 36
19475 07:03:52.365854 clock_gettime(CLOCK_BOOTTIME, {18238, 104714887}) = 0
19475 07:03:52.365916 clock_gettime(CLOCK_BOOTTIME, {18238, 104774343}) = 0
19475 07:03:52.365976 select(7, [3 4], [5], NULL, NULL) = 1 (out [5])
19475 07:03:52.366058 clock_gettime(CLOCK_BOOTTIME, {18238, 104915494}) = 0
19475 07:03:52.366116 write(5, "l", 1)  = 1
19475 07:03:52.366733 clock_gettime(CLOCK_BOOTTIME, {18238, 105598263}) = 0
19475 07:03:52.366804 clock_gettime(CLOCK_BOOTTIME, {18238, 105661918}) = 0
19475 07:03:52.366863 select(7, [3 4], [], NULL, NULL) = 1 (in [4])
19475 07:03:52.427804 clock_gettime(CLOCK_BOOTTIME, {18238, 166692426}) = 0
19475 07:03:52.427921 read(4, "e", 16384) = 1
19475 07:03:52.428116 clock_gettime(CLOCK_BOOTTIME, {18238, 167000210}) = 0
19475 07:03:52.428239 clock_gettime(CLOCK_BOOTTIME, {18238, 167160645}) = 0
19475 07:03:52.428401 select(7, [3 4], [3], NULL, NULL) = 1 (out [3])
19475 07:03:52.428554 clock_gettime(CLOCK_BOOTTIME, {18238, 167434932}) = 0
19475 07:03:52.428664 write(3, "i&\321\21U\"EC\4\207\201\206SbM\24\371j\212\265W\267\341^f\334\227\214\365K^\236"..., 36) = 36
19475 07:03:52.429124 clock_gettime(CLOCK_BOOTTIME, {18238, 168005964}) = 0
19475 07:03:52.429624 clock_gettime(CLOCK_BOOTTIME, {18238, 168508894}) = 0
19475 07:03:52.429724 select(7, [3 4], [], NULL, NULL) = 1 (in [3])
19475 07:03:52.430772 clock_gettime(CLOCK_BOOTTIME, {18238, 169640901}) = 0
19475 07:03:52.430849 read(3, "\331\344\307\243\355\34\361\250S\360\203\17\23q\216K\35\3329mP\2704\231u\202a-K'[\372"..., 8192) = 36
19475 07:03:52.430946 clock_gettime(CLOCK_BOOTTIME, {18238, 169806936}) = 0
19475 07:03:52.431008 clock_gettime(CLOCK_BOOTTIME, {18238, 169865252}) = 0
19475 07:03:52.431066 select(7, [3 4], [5], NULL, NULL) = 1 (out [5])
19475 07:03:52.431147 clock_gettime(CLOCK_BOOTTIME, {18238, 170004361}) = 0
19475 07:03:52.431204 write(5, "e", 1)  = 1
19475 07:03:52.431653 clock_gettime(CLOCK_BOOTTIME, {18238, 170566620}) = 0
19475 07:03:52.431793 clock_gettime(CLOCK_BOOTTIME, {18238, 170661753}) = 0
19475 07:03:52.431912 select(7, [3 4], [], NULL, NULL) = 1 (in [4])
19475 07:03:52.536999 clock_gettime(CLOCK_BOOTTIME, {18238, 275906369}) = 0
19475 07:03:52.537116 read(4, "a", 16384) = 1
19475 07:03:52.537212 clock_gettime(CLOCK_BOOTTIME, {18238, 276072380}) = 0
19475 07:03:52.537273 clock_gettime(CLOCK_BOOTTIME, {18238, 276129253}) = 0
19475 07:03:52.537330 select(7, [3 4], [3], NULL, NULL) = 1 (out [3])
19475 07:03:52.537713 clock_gettime(CLOCK_BOOTTIME, {18238, 276586296}) = 0
19475 07:03:52.537812 write(3, "\205\201\356\23\274_\376\217\267\303Mp\33\251q\377\17\207\221\211\360}\357N_\250\367\375\255\377d\345"..., 36) = 36
19475 07:03:52.538659 clock_gettime(CLOCK_BOOTTIME, {18238, 278999205}) = 0
19475 07:03:52.540251 clock_gettime(CLOCK_BOOTTIME, {18238, 279124183}) = 0
19475 07:03:52.540353 select(7, [3 4], [], NULL, NULL) = 1 (in [3])
19475 07:03:52.540529 clock_gettime(CLOCK_BOOTTIME, {18238, 279398343}) = 0
19475 07:03:52.540623 read(3, "ws\225>\352l\314\272\177\0b,_\252\360[\24\241F\32\0206\373\222`\336\254Xd\305\376\""..., 8192) = 36
19475 07:03:52.540758 clock_gettime(CLOCK_BOOTTIME, {18238, 279627401}) = 0
19475 07:03:52.540848 clock_gettime(CLOCK_BOOTTIME, {18238, 279715304}) = 0
19475 07:03:52.540939 select(7, [3 4], [5], NULL, NULL) = 1 (out [5])
19475 07:03:52.541063 clock_gettime(CLOCK_BOOTTIME, {18238, 279930092}) = 0
19475 07:03:52.541151 write(5, "a", 1)  = 1
19475 07:03:52.542025 clock_gettime(CLOCK_BOOTTIME, {18238, 280900957}) = 0
19475 07:03:52.542129 clock_gettime(CLOCK_BOOTTIME, {18238, 280996878}) = 0
19475 07:03:52.542223 select(7, [3 4], [], NULL, NULL) = 1 (in [4])
19475 07:03:52.606016 clock_gettime(CLOCK_BOOTTIME, {18238, 344900381}) = 0
19475 07:03:52.606188 read(4, "r", 16384) = 1
19475 07:03:52.606284 clock_gettime(CLOCK_BOOTTIME, {18238, 345144282}) = 0
19475 07:03:52.606345 clock_gettime(CLOCK_BOOTTIME, {18238, 345201328}) = 0
19475 07:03:52.606403 select(7, [3 4], [3], NULL, NULL) = 1 (out [3])
19475 07:03:52.606537 clock_gettime(CLOCK_BOOTTIME, {18238, 345394882}) = 0
19475 07:03:52.606596 write(3, "4M4\353\217\0347*(\213\234[\25\371\330\211\5\270\372\255}{\360\206\350|\f\362<\357\0237"..., 36) = 36
19475 07:03:52.607196 clock_gettime(CLOCK_BOOTTIME, {18238, 346057816}) = 0
19475 07:03:52.607262 clock_gettime(CLOCK_BOOTTIME, {18238, 346119079}) = 0
19475 07:03:52.607319 select(7, [3 4], [], NULL, NULL) = 1 (in [3])
19475 07:03:52.608367 clock_gettime(CLOCK_BOOTTIME, {18238, 347229210}) = 0
19475 07:03:52.608478 read(3, "K\256j\266n\322\274\1\324(\377\2028\252\234\304*UG\206\302\266\323t\377\350\23c\267\225Kc"..., 8192) = 36
19475 07:03:52.608570 clock_gettime(CLOCK_BOOTTIME, {18238, 347429883}) = 0
19475 07:03:52.608630 clock_gettime(CLOCK_BOOTTIME, {18238, 347486248}) = 0
19475 07:03:52.608687 select(7, [3 4], [5], NULL, NULL) = 1 (out [5])
19475 07:03:52.608768 clock_gettime(CLOCK_BOOTTIME, {18238, 347624526}) = 0
19475 07:03:52.608824 write(5, "r", 1)  = 1
19475 07:03:52.609550 clock_gettime(CLOCK_BOOTTIME, {18238, 348412692}) = 0
19475 07:03:52.609617 clock_gettime(CLOCK_BOOTTIME, {18238, 348473951}) = 0
19475 07:03:52.609674 select(7, [3 4], [], NULL, NULL) = 1 (in [4])
19475 07:03:52.732244 clock_gettime(CLOCK_BOOTTIME, {18238, 471119599}) = 0
19475 07:03:52.732327 read(4, "\r", 16384) = 1
19475 07:03:52.732418 clock_gettime(CLOCK_BOOTTIME, {18238, 471277766}) = 0
19475 07:03:52.732477 clock_gettime(CLOCK_BOOTTIME, {18238, 471333880}) = 0
19475 07:03:52.732535 select(7, [3 4], [3], NULL, NULL) = 1 (out [3])
19475 07:03:52.732666 clock_gettime(CLOCK_BOOTTIME, {18238, 471524123}) = 0
19475 07:03:52.732725 write(3, " \224\337\v.j\v\5\237\246g\336\243&%\"u\2\250\4\216Z\r\3\nO\274\3120\272hc"..., 36) = 36
19475 07:03:52.733039 clock_gettime(CLOCK_BOOTTIME, {18238, 471905928}) = 0
19475 07:03:52.733185 clock_gettime(CLOCK_BOOTTIME, {18238, 472044052}) = 0
19475 07:03:52.733247 select(7, [3 4], [], NULL, NULL) = 1 (in [3])
19475 07:03:52.734360 clock_gettime(CLOCK_BOOTTIME, {18238, 473231740}) = 0
19475 07:03:52.734453 read(3, "$\352\21\345\17\357\345C5\347\245\347\220\351_\212\205\2\35\220\250?\261\34\305\325\351\t4ti\262"..., 8192) = 36
19475 07:03:52.734605 clock_gettime(CLOCK_BOOTTIME, {18238, 473497217}) = 0
19475 07:03:52.734702 clock_gettime(CLOCK_BOOTTIME, {18238, 473559405}) = 0
19475 07:03:52.734760 select(7, [3 4], [5], NULL, NULL) = 1 (out [5])
19475 07:03:52.734840 clock_gettime(CLOCK_BOOTTIME, {18238, 473696824}) = 0
19475 07:03:52.734897 write(5, "\r\n", 2) = 2
19475 07:03:52.735493 clock_gettime(CLOCK_BOOTTIME, {18238, 474355599}) = 0
19475 07:03:52.735606 clock_gettime(CLOCK_BOOTTIME, {18238, 474471493}) = 0
19475 07:03:52.735676 select(7, [3 4], [], NULL, NULL) = 1 (in [3])
19475 07:03:52.806053 clock_gettime(CLOCK_BOOTTIME, {18238, 544912158}) = 0
19475 07:03:52.806099 read(3, "Y\0327\340\17\300W'V\261<\36\340\370\263\17N\324x\37\322\6\334\245N\276\35\t\265\17a\24"..., 8192) = 44
19475 07:03:52.806159 clock_gettime(CLOCK_BOOTTIME, {18238, 545005964}) = 0
19475 07:03:52.806185 clock_gettime(CLOCK_BOOTTIME, {18238, 545030065}) = 0
19475 07:03:52.806209 select(7, [3 4], [5], NULL, NULL) = 1 (out [5])
19475 07:03:52.806245 clock_gettime(CLOCK_BOOTTIME, {18238, 545089950}) = 0
19475 07:03:52.806268 write(5, "\33[H\33[J", 6) = 6
19475 07:03:52.806629 clock_gettime(CLOCK_BOOTTIME, {18238, 545478544}) = 0
19475 07:03:52.806660 clock_gettime(CLOCK_BOOTTIME, {18238, 545505331}) = 0
19475 07:03:52.806684 select(7, [3 4], [], NULL, NULL) = 1 (in [3])
19475 07:03:52.806726 clock_gettime(CLOCK_BOOTTIME, {18238, 545571819}) = 0
19475 07:03:52.806752 read(3, "\244X\323i\7\344`\2364\321\0\265Kx\321\0\34\227\"\325\210=\22\331\327\211\244\266x\210_5"..., 8192) = 52
19475 07:03:52.806798 clock_gettime(CLOCK_BOOTTIME, {18238, 545645172}) = 0
19475 07:03:52.806825 clock_gettime(CLOCK_BOOTTIME, {18238, 545671368}) = 0
19475 07:03:52.806852 select(7, [3 4], [5], NULL, NULL) = 1 (out [5])
19475 07:03:52.806890 clock_gettime(CLOCK_BOOTTIME, {18238, 545736668}) = 0
19475 07:03:52.806917 write(5, "root@ubuntu:~# ", 15) = 15
19475 07:03:52.807323 clock_gettime(CLOCK_BOOTTIME, {18238, 546173073}) = 0
19475 07:03:52.807354 clock_gettime(CLOCK_BOOTTIME, {18238, 546198534}) = 0
19475 07:03:52.807376 select(7, [3 4], [], NULL, NULL) = 1 (in [4])
19475 07:03:52.928674 clock_gettime(CLOCK_BOOTTIME, {18238, 667549771}) = 0
19475 07:03:52.928804 read(4, "e", 16384) = 1
19475 07:03:52.928902 clock_gettime(CLOCK_BOOTTIME, {18238, 667761833}) = 0
19475 07:03:52.928962 clock_gettime(CLOCK_BOOTTIME, {18238, 667818696}) = 0
19475 07:03:52.929020 select(7, [3 4], [3], NULL, NULL) = 1 (out [3])
19475 07:03:52.929103 clock_gettime(CLOCK_BOOTTIME, {18238, 667960147}) = 0
19475 07:03:52.929161 write(3, "\337\267\314g\267\267\312\304N\235\205'\222`\315\336\263\230\240\n\326g\261sg\37\32ND\264\215\215"..., 36) = 36
19475 07:03:52.929585 clock_gettime(CLOCK_BOOTTIME, {18238, 668446086}) = 0
19475 07:03:52.929650 clock_gettime(CLOCK_BOOTTIME, {18238, 668506360}) = 0
19475 07:03:52.929707 select(7, [3 4], [], NULL, NULL) = 1 (in [3])
19475 07:03:52.931534 clock_gettime(CLOCK_BOOTTIME, {18238, 670422100}) = 0
19475 07:03:52.931662 read(3, "\37u\260\26546\272\267\37X\375c\264\304\240\21Qd\230\307\3349'\20l\226Z\226`46\335"..., 8192) = 36
19475 07:03:52.932116 clock_gettime(CLOCK_BOOTTIME, {18238, 670982384}) = 0
19475 07:03:52.932185 clock_gettime(CLOCK_BOOTTIME, {18238, 671041819}) = 0
19475 07:03:52.932243 select(7, [3 4], [5], NULL, NULL) = 1 (out [5])
19475 07:03:52.932392 clock_gettime(CLOCK_BOOTTIME, {18238, 671250270}) = 0
19475 07:03:52.932451 write(5, "e", 1)  = 1
19475 07:03:52.933354 clock_gettime(CLOCK_BOOTTIME, {18238, 672244726}) = 0
19475 07:03:52.933476 clock_gettime(CLOCK_BOOTTIME, {18238, 672337898}) = 0
19475 07:03:52.933553 select(7, [3 4], [], NULL, NULL) = 1 (in [4])
19475 07:03:53.101243 clock_gettime(CLOCK_BOOTTIME, {18238, 840117459}) = 0
19475 07:03:53.101324 read(4, "x", 16384) = 1
19475 07:03:53.101416 clock_gettime(CLOCK_BOOTTIME, {18238, 840276387}) = 0
19475 07:03:53.101477 clock_gettime(CLOCK_BOOTTIME, {18238, 840333132}) = 0
19475 07:03:53.101534 select(7, [3 4], [3], NULL, NULL) = 1 (out [3])
19475 07:03:53.101613 clock_gettime(CLOCK_BOOTTIME, {18238, 840469356}) = 0
19475 07:03:53.101670 write(3, "\27\237\316\300\1:\261b\244\224\372\264\210\v\371\33\250\377\230|\17\301C7\227\210\343\310\3574A\215"..., 36) = 36
19475 07:03:53.102385 clock_gettime(CLOCK_BOOTTIME, {18238, 841248050}) = 0
19475 07:03:53.102452 clock_gettime(CLOCK_BOOTTIME, {18238, 841309496}) = 0
19475 07:03:53.102510 select(7, [3 4], [], NULL, NULL) = 1 (in [3])
19475 07:03:53.103200 clock_gettime(CLOCK_BOOTTIME, {18238, 842061527}) = 0
19475 07:03:53.103264 read(3, "\266O\375pJM\343\220u\\m\2325\fhM\200\v-\373\\\206en\26\256\17\263\363'\347P"..., 8192) = 36
19475 07:03:53.103569 clock_gettime(CLOCK_BOOTTIME, {18238, 842431739}) = 0
19475 07:03:53.103633 clock_gettime(CLOCK_BOOTTIME, {18238, 842489731}) = 0
19475 07:03:53.103690 select(7, [3 4], [5], NULL, NULL) = 1 (out [5])
19475 07:03:53.103771 clock_gettime(CLOCK_BOOTTIME, {18238, 842627551}) = 0
19475 07:03:53.103827 write(5, "x", 1)  = 1
19475 07:03:53.104363 clock_gettime(CLOCK_BOOTTIME, {18238, 843225795}) = 0
19475 07:03:53.104429 clock_gettime(CLOCK_BOOTTIME, {18238, 843285975}) = 0
19475 07:03:53.104487 select(7, [3 4], [], NULL, NULL) = 1 (in [4])
19475 07:03:53.207423 clock_gettime(CLOCK_BOOTTIME, {18238, 946298777}) = 0
19475 07:03:53.207505 read(4, "i", 16384) = 1
19475 07:03:53.207597 clock_gettime(CLOCK_BOOTTIME, {18238, 946461580}) = 0
19475 07:03:53.207686 clock_gettime(CLOCK_BOOTTIME, {18238, 946555193}) = 0
19475 07:03:53.207779 select(7, [3 4], [3], NULL, NULL) = 1 (out [3])
19475 07:03:53.207870 clock_gettime(CLOCK_BOOTTIME, {18238, 946727238}) = 0
19475 07:03:53.207928 write(3, "\262\5\230v\16\310\370\233\326R\303Q<m\210\327\332#N\244\303\330\344`::;\260\213R\fz"..., 36) = 36
19475 07:03:53.208455 clock_gettime(CLOCK_BOOTTIME, {18238, 947374694}) = 0
19475 07:03:53.208586 clock_gettime(CLOCK_BOOTTIME, {18238, 947444663}) = 0
19475 07:03:53.208659 select(7, [3 4], [], NULL, NULL) = 1 (in [3])
19475 07:03:53.209572 clock_gettime(CLOCK_BOOTTIME, {18238, 948434437}) = 0
19475 07:03:53.209637 read(3, "!)\356\277\35\03067\322W\370\233M\37R\261g:\316.\247J\244+&\0\367A_\315\212\271"..., 8192) = 36
19475 07:03:53.209954 clock_gettime(CLOCK_BOOTTIME, {18238, 948815935}) = 0
19475 07:03:53.210068 clock_gettime(CLOCK_BOOTTIME, {18238, 948930108}) = 0
19475 07:03:53.210134 select(7, [3 4], [5], NULL, NULL) = 1 (out [5])
19475 07:03:53.210218 clock_gettime(CLOCK_BOOTTIME, {18238, 949075195}) = 0
19475 07:03:53.210276 write(5, "i", 1)  = 1
19475 07:03:53.210831 clock_gettime(CLOCK_BOOTTIME, {18238, 949694527}) = 0
19475 07:03:53.210898 clock_gettime(CLOCK_BOOTTIME, {18238, 949754466}) = 0
19475 07:03:53.210955 select(7, [3 4], [], NULL, NULL) = 1 (in [4])
19475 07:03:53.347688 clock_gettime(CLOCK_BOOTTIME, {18239, 86564112}) = 0
19475 07:03:53.347772 read(4, "t", 16384) = 1
19475 07:03:53.347866 clock_gettime(CLOCK_BOOTTIME, {18239, 86726796}) = 0
19475 07:03:53.347928 clock_gettime(CLOCK_BOOTTIME, {18239, 86784357}) = 0
19475 07:03:53.347986 select(7, [3 4], [3], NULL, NULL) = 1 (out [3])
19475 07:03:53.348065 clock_gettime(CLOCK_BOOTTIME, {18239, 86959561}) = 0
19475 07:03:53.348165 write(3, "\tO\225\336~ne\376\261q\374\23\225\246\250\271\242\2003!\311\373)>\\#\377\237\22\263o2"..., 36) = 36
19475 07:03:53.348477 clock_gettime(CLOCK_BOOTTIME, {18239, 87337889}) = 0
19475 07:03:53.348541 clock_gettime(CLOCK_BOOTTIME, {18239, 87398453}) = 0
19475 07:03:53.348600 select(7, [3 4], [], NULL, NULL) = 1 (in [3])
19475 07:03:53.349673 clock_gettime(CLOCK_BOOTTIME, {18239, 88538744}) = 0
19475 07:03:53.349744 read(3, ",\210\1\215\316_\244\361v\261.\251\36\337f\320B\334\205r3\346\264\260\f\275K\3060\307Y$"..., 8192) = 36
19475 07:03:53.350063 clock_gettime(CLOCK_BOOTTIME, {18239, 88954129}) = 0
19475 07:03:53.350163 clock_gettime(CLOCK_BOOTTIME, {18239, 89020617}) = 0
19475 07:03:53.350222 select(7, [3 4], [5], NULL, NULL) = 1 (out [5])
19475 07:03:53.350304 clock_gettime(CLOCK_BOOTTIME, {18239, 89161487}) = 0
19475 07:03:53.350361 write(5, "t", 1)  = 1
19475 07:03:53.350879 clock_gettime(CLOCK_BOOTTIME, {18239, 89741253}) = 0
19475 07:03:53.351149 clock_gettime(CLOCK_BOOTTIME, {18239, 90053797}) = 0
19475 07:03:53.351349 select(7, [3 4], [], NULL, NULL) = 1 (in [4])
19475 07:03:53.513300 clock_gettime(CLOCK_BOOTTIME, {18239, 252279603}) = 0
19475 07:03:53.513494 read(4, "\r", 16384) = 1
19475 07:03:53.513596 clock_gettime(CLOCK_BOOTTIME, {18239, 252456983}) = 0
19475 07:03:53.513658 clock_gettime(CLOCK_BOOTTIME, {18239, 252514995}) = 0
19475 07:03:53.513717 select(7, [3 4], [3], NULL, NULL) = 1 (out [3])
19475 07:03:53.513815 clock_gettime(CLOCK_BOOTTIME, {18239, 252674067}) = 0
19475 07:03:53.513876 write(3, "\307\260!}\7\271\\\17\343\260\334\273\302\372?\266;\36\246\26;\254r\374\17Z\344\213#!\223\251"..., 36) = 36
19475 07:03:53.514183 clock_gettime(CLOCK_BOOTTIME, {18239, 253044512}) = 0
19475 07:03:53.514321 clock_gettime(CLOCK_BOOTTIME, {18239, 253465801}) = 0
19475 07:03:53.514697 select(7, [3 4], [], NULL, NULL) = 1 (in [3])
19475 07:03:53.515860 clock_gettime(CLOCK_BOOTTIME, {18239, 254753361}) = 0
19475 07:03:53.515979 read(3, "\360[\300<Z\327\241K\34\3Ln\\\307\207:\302b&\314\f\331\340\216\1\203\351\255G\325bq"..., 8192) = 116
19475 07:03:53.516759 clock_gettime(CLOCK_BOOTTIME, {18239, 255642864}) = 0
19475 07:03:53.516875 clock_gettime(CLOCK_BOOTTIME, {18239, 255751615}) = 0
19475 07:03:53.516971 select(7, [3 4], [5], NULL, NULL) = 2 (in [3], out [5])
19475 07:03:53.517107 clock_gettime(CLOCK_BOOTTIME, {18239, 255985771}) = 0
19475 07:03:53.517210 write(5, "\r\nlogout\r\n", 10) = 10
19475 07:03:53.517866 read(3, "\350\261z\177\342_RH\17\\\376O3\220\224&\332\257\251]\263\t}g\342\341\254T\276\265\30\27"..., 8192) = 176
19475 07:03:53.517964 close(5)          = 0
19475 07:03:53.518036 close(4)          = 0
19475 07:03:53.518097 clock_gettime(CLOCK_BOOTTIME, {18239, 256956399}) = 0
19475 07:03:53.518158 clock_gettime(CLOCK_BOOTTIME, {18239, 257015500}) = 0
19475 07:03:53.518217 ioctl(0, TCGETS, {B38400 -opost -isig -icanon -echo ...}) = 0
19475 07:03:53.518284 ioctl(0, SNDCTL_TMR_STOP or TCSETSW, {B38400 opost isig icanon echo ...}) = 0
19475 07:03:53.518401 ioctl(0, TCGETS, {B38400 opost isig icanon echo ...}) = 0
19475 07:03:53.518543 close(6)          = 0
19475 07:03:53.518609 select(7, [3], [3], NULL, NULL) = 1 (out [3])
19475 07:03:53.518733 clock_gettime(CLOCK_BOOTTIME, {18239, 257592926}) = 0
19475 07:03:53.518820 write(3, "\335\3218\353N\301\253\224\265\360\304F\373\252Gz\354\24H\223\267\362\236\246\214\374n\260\317H\35\334"..., 36) = 36
19475 07:03:53.519200 rt_sigaction(SIGWINCH, NULL, {0x561277eb5740, [], SA_RESTORER, 0x7f348f0174b0}, 8) = 0
19475 07:03:53.519275 rt_sigaction(SIGWINCH, {SIG_DFL, [], SA_RESTORER, 0x7f348f0174b0}, NULL, 8) = 0
19475 07:03:53.519619 write(3, "7~aRdO\325e\230V\0\230P\275\20FiQ\211\226\277\35\323\360\273\230O\356<3\215&"..., 60) = 60
19475 07:03:53.520017 ioctl(0, TCGETS, {B38400 opost isig icanon echo ...}) = 0
19475 07:03:53.520131 ioctl(1, TCGETS, {B38400 opost isig icanon echo ...}) = 0
19475 07:03:53.520231 ioctl(2, TCGETS, {B38400 opost isig icanon echo ...}) = 0
19475 07:03:53.520626 write(2, "Connection to 192.168.12.60 clos"..., 37) = 37
19475 07:03:53.522070 shutdown(3, SHUT_RDWR) = 0
19475 07:03:53.522372 close(3)          = 0
19475 07:03:53.522539 exit_group(0)     = ?
19475 07:03:53.524922 +++ exited with 0 +++
