18414 select(4, [3], NULL, NULL, NULL)  = 1 (in [3])
18414 read(3, "\0\0\1\4\v\37\0\0\0h\0\0\0\23ecdsa-sha2-nistp25"..., 8192) = 280
18414 open("/home/ago/.ssh/known_hosts", O_RDONLY) = 4
18414 fstat(4, {st_mode=S_IFREG|0644, st_size=350, ...}) = 0
18414 read(4, "192.168.12.60 ecdsa-sha2-nistp25"..., 4096) = 350
18414 read(4, "", 4096)                 = 0
18414 close(4)                          = 0
18414 open("/home/ago/.ssh/known_hosts2", O_RDONLY) = -1 ENOENT (No such file or directory)
18414 open("/usr/local/openssh7/etc/ssh_known_hosts", O_RDONLY) = -1 ENOENT (No such file or directory)
18414 open("/usr/local/openssh7/etc/ssh_known_hosts2", O_RDONLY) = -1 ENOENT (No such file or directory)
18414 clock_gettime(CLOCK_BOOTTIME, {10124, 664559694}) = 0
18414 write(3, "\0\0\0\f\n\25\0\0\0\0\0\0\0\0\0\0", 16) = 16
18414 write(3, "\234\33\33@;,b8\227\25*\233Z\235r\262(\262\361y\365\232\210Sj\235\340?\200V\247\324"..., 44) = 44
18414 select(4, [3], NULL, NULL, NULL)  = 1 (in [3])
18414 read(3, "\333\367\201j(t\360\332\332\343\347R\250\232!\341\256\33l~\213[\255\342\214\36)\366\231\371R\211"..., 8192) = 44
18414 write(3, "\334\236Z\251@\31w4\35\2755\17\236\215'\310\274\34\352dS\177\307S\212_\177\366\t\6\312\307"..., 60) = 60
18414 select(4, [3], NULL, NULL, NULL)  = 1 (in [3])
18414 read(3, "%}\373b\34\224+\31\226\332\340:\365`U%\265/\271\nPGz\10\27iH\25\3547}\261"..., 8192) = 52
18414 stat("/home/ago/.ssh/id_rsa", 0x7ffcdf377ee0) = -1 ENOENT (No such file or directory)
18414 stat("/home/ago/.ssh/id_dsa", 0x7ffcdf377ee0) = -1 ENOENT (No such file or directory)
18414 stat("/home/ago/.ssh/id_ecdsa", 0x7ffcdf377ee0) = -1 ENOENT (No such file or directory)
18414 stat("/home/ago/.ssh/id_ed25519", 0x7ffcdf377ee0) = -1 ENOENT (No such file or directory)
18414 open("/dev/tty", O_RDWR)          = 4
18414 close(4)                          = 0
18414 open("/dev/tty", O_RDWR)          = 4
18414 ioctl(4, TCGETS, {B38400 opost isig icanon echo ...}) = 0
18414 ioctl(4, TCGETS, {B38400 opost isig icanon echo ...}) = 0
18414 ioctl(4, SNDCTL_TMR_CONTINUE or TCSETSF, {B38400 opost isig icanon -echo ...}) = 0
18414 ioctl(4, TCGETS, {B38400 opost isig icanon -echo ...}) = 0
18414 rt_sigaction(SIGALRM, {0x564af2eb4350, [], SA_RESTORER, 0x7f1514b3c4b0}, {SIG_DFL, [], 0}, 8) = 0
18414 rt_sigaction(SIGHUP, {0x564af2eb4350, [], SA_RESTORER, 0x7f1514b3c4b0}, {SIG_DFL, [], 0}, 8) = 0
18414 rt_sigaction(SIGINT, {0x564af2eb4350, [], SA_RESTORER, 0x7f1514b3c4b0}, {SIG_DFL, [], 0}, 8) = 0
18414 rt_sigaction(SIGPIPE, {0x564af2eb4350, [], SA_RESTORER, 0x7f1514b3c4b0}, {SIG_IGN, [], SA_RESTORER, 0x7f1514b3c4b0}, 8) = 0
18414 rt_sigaction(SIGQUIT, {0x564af2eb4350, [], SA_RESTORER, 0x7f1514b3c4b0}, {SIG_DFL, [], 0}, 8) = 0
18414 rt_sigaction(SIGTERM, {0x564af2eb4350, [], SA_RESTORER, 0x7f1514b3c4b0}, {SIG_DFL, [], 0}, 8) = 0
18414 rt_sigaction(SIGTSTP, {0x564af2eb4350, [], SA_RESTORER, 0x7f1514b3c4b0}, {SIG_DFL, [], 0}, 8) = 0
18414 rt_sigaction(SIGTTIN, {0x564af2eb4350, [], SA_RESTORER, 0x7f1514b3c4b0}, {SIG_DFL, [], 0}, 8) = 0
18414 rt_sigaction(SIGTTOU, {0x564af2eb4350, [], SA_RESTORER, 0x7f1514b3c4b0}, {SIG_DFL, [], 0}, 8) = 0
18414 write(4, "root@192.168.12.49's password: ", 31) = 31
18414 read(4, "1", 1)                   = 1
18414 read(4, "2", 1)                   = 1
18414 read(4, "3", 1)                   = 1
18414 read(4, "4", 1)                   = 1
18414 read(4, "5", 1)                   = 1
18414 read(4, "6", 1)                   = 1
18414 read(4, "\n", 1)                  = 1
18414 write(4, "\n", 1)                 = 1
18414 ioctl(4, TCGETS, {B38400 opost isig icanon -echo ...}) = 0
18414 ioctl(4, SNDCTL_TMR_CONTINUE or TCSETSF, {B38400 opost isig icanon echo ...}) = 0
18414 ioctl(4, TCGETS, {B38400 opost isig icanon echo ...}) = 0
18414 rt_sigaction(SIGALRM, {SIG_DFL, [], SA_RESTORER, 0x7f1514b3c4b0}, NULL, 8) = 0
18414 rt_sigaction(SIGHUP, {SIG_DFL, [], SA_RESTORER, 0x7f1514b3c4b0}, NULL, 8) = 0
18414 rt_sigaction(SIGINT, {SIG_DFL, [], SA_RESTORER, 0x7f1514b3c4b0}, NULL, 8) = 0
18414 rt_sigaction(SIGQUIT, {SIG_DFL, [], SA_RESTORER, 0x7f1514b3c4b0}, NULL, 8) = 0
18414 rt_sigaction(SIGPIPE, {SIG_IGN, [], SA_RESTORER, 0x7f1514b3c4b0}, NULL, 8) = 0
18414 rt_sigaction(SIGTERM, {SIG_DFL, [], SA_RESTORER, 0x7f1514b3c4b0}, NULL, 8) = 0
18414 rt_sigaction(SIGTSTP, {SIG_DFL, [], SA_RESTORER, 0x7f1514b3c4b0}, NULL, 8) = 0
18414 rt_sigaction(SIGTTIN, {SIG_DFL, [], SA_RESTORER, 0x7f1514b3c4b0}, NULL, 8) = 0
18414 rt_sigaction(SIGTTOU, {SIG_DFL, [], SA_RESTORER, 0x7f1514b3c4b0}, NULL, 8) = 0
18414 close(4)                          = 0
18414 write(3, "\241+\210\247\360*\316\217\233\276\tc\304]\236k~>6o\21(\324!B\341\300^q-&V"..., 84) = 84
18414 select(4, [3], NULL, NULL, NULL)  = 1 (in [3])
18414 read(3, "m\245\250\270\3\234\2723T\23\2\24d}\0NY2]\303\333\207/)\26}\327\310", 8192) = 28
18414 dup(0)                            = 4
18414 dup(1)                            = 5
18414 dup(2)                            = 6
18414 ioctl(4, TCGETS, {B38400 opost isig icanon echo ...}) = 0
18414 ioctl(5, TCGETS, {B38400 opost isig icanon echo ...}) = 0
18414 ioctl(6, TCGETS, {B38400 opost isig icanon echo ...}) = 0
18414 fcntl(4, F_SETFD, FD_CLOEXEC)     = 0
18414 fcntl(5, F_SETFD, FD_CLOEXEC)     = 0
18414 fcntl(6, F_SETFD, FD_CLOEXEC)     = 0
18414 rt_sigaction(SIGHUP, NULL, {SIG_DFL, [], SA_RESTORER, 0x7f1514b3c4b0}, 8) = 0
18414 rt_sigaction(SIGHUP, {SIG_IGN, [], SA_RESTORER, 0x7f1514b3c4b0}, NULL, 8) = 0
18414 rt_sigaction(SIGHUP, NULL, {SIG_IGN, [], SA_RESTORER, 0x7f1514b3c4b0}, 8) = 0
18414 rt_sigaction(SIGHUP, {0x564af2e5d4d0, [], SA_RESTORER, 0x7f1514b3c4b0}, NULL, 8) = 0
18414 rt_sigaction(SIGINT, NULL, {SIG_DFL, [], SA_RESTORER, 0x7f1514b3c4b0}, 8) = 0
18414 rt_sigaction(SIGINT, {SIG_IGN, [], SA_RESTORER, 0x7f1514b3c4b0}, NULL, 8) = 0
18414 rt_sigaction(SIGINT, NULL, {SIG_IGN, [], SA_RESTORER, 0x7f1514b3c4b0}, 8) = 0
18414 rt_sigaction(SIGINT, {0x564af2e5d4d0, [], SA_RESTORER, 0x7f1514b3c4b0}, NULL, 8) = 0
18414 rt_sigaction(SIGQUIT, NULL, {SIG_DFL, [], SA_RESTORER, 0x7f1514b3c4b0}, 8) = 0
18414 rt_sigaction(SIGQUIT, {SIG_IGN, [], SA_RESTORER, 0x7f1514b3c4b0}, NULL, 8) = 0
18414 rt_sigaction(SIGQUIT, NULL, {SIG_IGN, [], SA_RESTORER, 0x7f1514b3c4b0}, 8) = 0
18414 rt_sigaction(SIGQUIT, {0x564af2e5d4d0, [], SA_RESTORER, 0x7f1514b3c4b0}, NULL, 8) = 0
18414 rt_sigaction(SIGTERM, NULL, {SIG_DFL, [], SA_RESTORER, 0x7f1514b3c4b0}, 8) = 0
18414 rt_sigaction(SIGTERM, {SIG_IGN, [], SA_RESTORER, 0x7f1514b3c4b0}, NULL, 8) = 0
18414 rt_sigaction(SIGTERM, NULL, {SIG_IGN, [], SA_RESTORER, 0x7f1514b3c4b0}, 8) = 0
18414 rt_sigaction(SIGTERM, {0x564af2e5d4d0, [], SA_RESTORER, 0x7f1514b3c4b0}, NULL, 8) = 0
18414 rt_sigaction(SIGWINCH, NULL, {SIG_DFL, [], 0}, 8) = 0
18414 rt_sigaction(SIGWINCH, {0x564af2e5d740, [], SA_RESTORER, 0x7f1514b3c4b0}, NULL, 8) = 0
18414 ioctl(0, TCGETS, {B38400 opost isig icanon echo ...}) = 0
18414 ioctl(0, TCGETS, {B38400 opost isig icanon echo ...}) = 0
18414 ioctl(0, SNDCTL_TMR_STOP or TCSETSW, {B38400 -opost -isig -icanon -echo ...}) = 0
18414 ioctl(0, TCGETS, {B38400 -opost -isig -icanon -echo ...}) = 0
18414 clock_gettime(CLOCK_BOOTTIME, {10124, 776974706}) = 0
18414 clock_gettime(CLOCK_BOOTTIME, {10124, 776997896}) = 0
18414 select(7, [3], [3], NULL, NULL)   = 1 (out [3])
18414 clock_gettime(CLOCK_BOOTTIME, {10124, 777048769}) = 0
18414 write(3, "O\17\375-\5\20\300\353\317O\vN\224\276\203E\3016x\23I\370\313R\255\217\356\367VwGY"..., 112) = 112
18414 clock_gettime(CLOCK_BOOTTIME, {10124, 777203079}) = 0
18414 clock_gettime(CLOCK_BOOTTIME, {10124, 777225289}) = 0
18414 select(7, [3], [], NULL, NULL)    = 1 (in [3])
18414 clock_gettime(CLOCK_BOOTTIME, {10124, 791346206}) = 0
18414 read(3, "\20[kL\276\t\213\16\312\357\20\273M\304\266\203\234K\23\266o\1\363N?\254\372\323a\261\3556"..., 8192) = 44
18414 getsockopt(3, SOL_TCP, TCP_NODELAY, [0], [4]) = 0
18414 setsockopt(3, SOL_TCP, TCP_NODELAY, [1], 4) = 0
18414 getsockname(3, {sa_family=AF_INET, sin_port=htons(40860), sin_addr=inet_addr("192.168.56.191")}, [16]) = 0
18414 setsockopt(3, SOL_IP, IP_TOS, [16], 4) = 0
18414 ioctl(0, TIOCGWINSZ, {ws_row=24, ws_col=46, ws_xpixel=0, ws_ypixel=0}) = 0
18414 clock_gettime(CLOCK_BOOTTIME, {10124, 791690457}) = 0
18414 clock_gettime(CLOCK_BOOTTIME, {10124, 791713540}) = 0
18414 select(7, [3], [3], NULL, NULL)   = 1 (out [3])
18414 clock_gettime(CLOCK_BOOTTIME, {10124, 791766809}) = 0
18414 write(3, "\232h4fJ\34\6\224\215\30\217G\304\3\254\276\\\255\375G\246q\265S\3079g\240\374\371\301\25"..., 376) = 376
18414 clock_gettime(CLOCK_BOOTTIME, {10124, 792294715}) = 0
18414 clock_gettime(CLOCK_BOOTTIME, {10124, 792338416}) = 0
18414 select(7, [3], [], NULL, NULL)    = 1 (in [3])
18414 clock_gettime(CLOCK_BOOTTIME, {10124, 794967303}) = 0
18414 read(3, "\245\230\267C\220\tH\244\336!\300\301\240J\323\373\2658.\305i\237\356`\306\353\274\231\321z\3\251"..., 8192) = 108
18414 clock_gettime(CLOCK_BOOTTIME, {10124, 795062187}) = 0
18414 clock_gettime(CLOCK_BOOTTIME, {10124, 795081593}) = 0
18414 select(7, [3 4], [], NULL, NULL)  = 1 (in [3])
18414 clock_gettime(CLOCK_BOOTTIME, {10124, 804457051}) = 0
18414 read(3, "\375\274$EE:\24\260\2258<\220\216D\355\206w\37\0040?z\341P\315]\316\225\3129\365E"..., 8192) = 92
18414 clock_gettime(CLOCK_BOOTTIME, {10124, 804647847}) = 0
18414 clock_gettime(CLOCK_BOOTTIME, {10124, 804669078}) = 0
18414 select(7, [3 4], [5], NULL, NULL) = 1 (out [5])
18414 clock_gettime(CLOCK_BOOTTIME, {10124, 804724858}) = 0
18414 write(5, "Last login: Sat Aug 12 20:46:11 "..., 58) = 58
18414 clock_gettime(CLOCK_BOOTTIME, {10124, 805085936}) = 0
18414 clock_gettime(CLOCK_BOOTTIME, {10124, 805135138}) = 0
18414 select(7, [3 4], [], NULL, NULL)  = 1 (in [3])
18414 clock_gettime(CLOCK_BOOTTIME, {10124, 859581700}) = 0
18414 read(3, "a\314P\4-]\233\331ZT\321\200\344\32_\272\25\346\26wF.\303w\20\f\332{1\363\250@"..., 8192) = 60
18414 clock_gettime(CLOCK_BOOTTIME, {10124, 859660976}) = 0
18414 clock_gettime(CLOCK_BOOTTIME, {10124, 859681893}) = 0
18414 select(7, [3 4], [5], NULL, NULL) = 1 (out [5])
18414 clock_gettime(CLOCK_BOOTTIME, {10124, 859734523}) = 0
18414 write(5, "[root@localhost ~]# ", 20) = 20
18414 clock_gettime(CLOCK_BOOTTIME, {10124, 859953106}) = 0
18414 clock_gettime(CLOCK_BOOTTIME, {10124, 859975560}) = 0
18414 select(7, [3 4], [], NULL, NULL)  = 1 (in [4])
18414 clock_gettime(CLOCK_BOOTTIME, {10125, 508464268}) = 0
18414 read(4, "d", 16384)               = 1
18414 clock_gettime(CLOCK_BOOTTIME, {10125, 508695121}) = 0
18414 clock_gettime(CLOCK_BOOTTIME, {10125, 508825862}) = 0
18414 select(7, [3 4], [3], NULL, NULL) = 1 (out [3])
18414 clock_gettime(CLOCK_BOOTTIME, {10125, 509056821}) = 0
18414 write(3, "=\350\206\200\236\352\242\3430N\337}\251\243\32a\301\32\275v\1\23\360\"\233\236\321\3563\213]o"..., 36) = 36
18414 clock_gettime(CLOCK_BOOTTIME, {10125, 509689621}) = 0
18414 clock_gettime(CLOCK_BOOTTIME, {10125, 510100507}) = 0
18414 select(7, [3 4], [], NULL, NULL)  = 1 (in [3])
18414 clock_gettime(CLOCK_BOOTTIME, {10125, 511632879}) = 0
18414 read(3, "/\0\230\217\313#\260Q+\342I\264@\325\206\2v\275\276G\214=q'g\237\244\"\6\323\364w"..., 8192) = 36
18414 clock_gettime(CLOCK_BOOTTIME, {10125, 511881108}) = 0
18414 clock_gettime(CLOCK_BOOTTIME, {10125, 511950362}) = 0
18414 select(7, [3 4], [5], NULL, NULL) = 1 (out [5])
18414 clock_gettime(CLOCK_BOOTTIME, {10125, 512112808}) = 0
18414 write(5, "d", 1)                  = 1
18414 clock_gettime(CLOCK_BOOTTIME, {10125, 513088510}) = 0
18414 clock_gettime(CLOCK_BOOTTIME, {10125, 513151486}) = 0
18414 select(7, [3 4], [], NULL, NULL)  = 1 (in [4])
18414 clock_gettime(CLOCK_BOOTTIME, {10125, 600229028}) = 0
18414 read(4, "f", 16384)               = 1
18414 clock_gettime(CLOCK_BOOTTIME, {10125, 600401688}) = 0
18414 clock_gettime(CLOCK_BOOTTIME, {10125, 600453877}) = 0
18414 select(7, [3 4], [3], NULL, NULL) = 1 (out [3])
18414 clock_gettime(CLOCK_BOOTTIME, {10125, 600707117}) = 0
18414 write(3, "Q\321\255\276fA#\201\265\343\225Y\303\370[\227\212\30\362\250\273\225\3462n\304`\341\27\36\327X"..., 36) = 36
18414 clock_gettime(CLOCK_BOOTTIME, {10125, 601202087}) = 0
18414 clock_gettime(CLOCK_BOOTTIME, {10125, 601266875}) = 0
18414 select(7, [3 4], [], NULL, NULL)  = 1 (in [3])
18414 clock_gettime(CLOCK_BOOTTIME, {10125, 603044341}) = 0
18414 read(3, "LM2%\322\242\357\315\351\334\230\3555\214\10\7\\\320\1\261\202X%\377\2268\254\243\305u\260O"..., 8192) = 36
18414 clock_gettime(CLOCK_BOOTTIME, {10125, 603206777}) = 0
18414 clock_gettime(CLOCK_BOOTTIME, {10125, 603257483}) = 0
18414 select(7, [3 4], [5], NULL, NULL) = 1 (out [5])
18414 clock_gettime(CLOCK_BOOTTIME, {10125, 603383807}) = 0
18414 write(5, "f", 1)                  = 1
18414 clock_gettime(CLOCK_BOOTTIME, {10125, 604108099}) = 0
18414 clock_gettime(CLOCK_BOOTTIME, {10125, 604163646}) = 0
18414 select(7, [3 4], [], NULL, NULL)  = 1 (in [4])
18414 clock_gettime(CLOCK_BOOTTIME, {10125, 731286031}) = 0
18414 read(4, "\r", 16384)              = 1
18414 clock_gettime(CLOCK_BOOTTIME, {10125, 731367374}) = 0
18414 clock_gettime(CLOCK_BOOTTIME, {10125, 731395186}) = 0
18414 select(7, [3 4], [3], NULL, NULL) = 1 (out [3])
18414 clock_gettime(CLOCK_BOOTTIME, {10125, 731463882}) = 0
18414 write(3, "\237\225\343o\234Ktg\263\353\375x!\211\353\3144[t\370m\310\255\204\320\23\301\206\266\336E\277"..., 36) = 36
18414 clock_gettime(CLOCK_BOOTTIME, {10125, 731881458}) = 0
18414 clock_gettime(CLOCK_BOOTTIME, {10125, 731911682}) = 0
18414 select(7, [3 4], [], NULL, NULL)  = 1 (in [3])
18414 clock_gettime(CLOCK_BOOTTIME, {10125, 734241476}) = 0
18414 read(3, ":\357\227\26X\17\366\17T\355\7z\v\302\251\327\302\361 \204vx\264\302\323\257\302\0374%A\336"..., 8192) = 36
18414 clock_gettime(CLOCK_BOOTTIME, {10125, 734328330}) = 0
18414 clock_gettime(CLOCK_BOOTTIME, {10125, 734356148}) = 0
18414 select(7, [3 4], [5], NULL, NULL) = 1 (out [5])
18414 clock_gettime(CLOCK_BOOTTIME, {10125, 734427634}) = 0
18414 write(5, "\r\n", 2)               = 2
18414 clock_gettime(CLOCK_BOOTTIME, {10125, 734687905}) = 0
18414 clock_gettime(CLOCK_BOOTTIME, {10125, 734718827}) = 0
18414 select(7, [3 4], [], NULL, NULL)  = 1 (in [3])
18414 clock_gettime(CLOCK_BOOTTIME, {10125, 737921237}) = 0
18414 read(3, "\200\225\31\361\4\250\10=;{\224:\303\10\7+7\306\215I\316\357l}\222\211\222\375\246-\202\221"..., 8192) = 588
18414 clock_gettime(CLOCK_BOOTTIME, {10125, 738206555}) = 0
18414 clock_gettime(CLOCK_BOOTTIME, {10125, 738249750}) = 0
18414 select(7, [3 4], [5], NULL, NULL) = 1 (out [5])
18414 clock_gettime(CLOCK_BOOTTIME, {10125, 738371852}) = 0
18414 write(5, "Filesystem              1K-block"..., 549) = 549
18414 clock_gettime(CLOCK_BOOTTIME, {10125, 738835923}) = 0
18414 clock_gettime(CLOCK_BOOTTIME, {10125, 738902027}) = 0
18414 select(7, [3 4], [], NULL, NULL)  = 1 (in [4])
18414 clock_gettime(CLOCK_BOOTTIME, {10126, 815764960}) = 0
18414 read(4, "l", 16384)               = 1
18414 clock_gettime(CLOCK_BOOTTIME, {10126, 815920067}) = 0
18414 clock_gettime(CLOCK_BOOTTIME, {10126, 815970919}) = 0
18414 select(7, [3 4], [3], NULL, NULL) = 1 (out [3])
18414 clock_gettime(CLOCK_BOOTTIME, {10126, 816095279}) = 0
18414 write(3, "\357fn\361\313\313|\26\370K\344\371A3O\214UEp\"\314\265\305\312\204\201c\341\371\260FL"..., 36) = 36
18414 clock_gettime(CLOCK_BOOTTIME, {10126, 816515983}) = 0
18414 clock_gettime(CLOCK_BOOTTIME, {10126, 816891852}) = 0
18414 select(7, [3 4], [], NULL, NULL)  = 1 (in [3])
18414 clock_gettime(CLOCK_BOOTTIME, {10126, 818375172}) = 0
18414 read(3, "v\233\233\262\252\253\252\343\255^\262u\3611\324FH\240\213s\300\t\366=\300\2327\246MF\225\303"..., 8192) = 36
18414 clock_gettime(CLOCK_BOOTTIME, {10126, 818513427}) = 0
18414 clock_gettime(CLOCK_BOOTTIME, {10126, 818607361}) = 0
18414 select(7, [3 4], [5], NULL, NULL) = 1 (out [5])
18414 clock_gettime(CLOCK_BOOTTIME, {10126, 818736622}) = 0
18414 write(5, "l", 1)                  = 1
18414 clock_gettime(CLOCK_BOOTTIME, {10126, 819147624}) = 0
18414 clock_gettime(CLOCK_BOOTTIME, {10126, 819282855}) = 0
18414 select(7, [3 4], [], NULL, NULL)  = 1 (in [4])
18414 clock_gettime(CLOCK_BOOTTIME, {10126, 892624533}) = 0
18414 read(4, "s", 16384)               = 1
18414 clock_gettime(CLOCK_BOOTTIME, {10126, 892817159}) = 0
18414 clock_gettime(CLOCK_BOOTTIME, {10126, 892867587}) = 0
18414 select(7, [3 4], [3], NULL, NULL) = 1 (out [3])
18414 clock_gettime(CLOCK_BOOTTIME, {10126, 892992985}) = 0
18414 write(3, "\367\2f\2249\223\24\342\330\220:y\225M\25\354s\26z\v\354d\302\222Rql+Y\21!L"..., 36) = 36
18414 clock_gettime(CLOCK_BOOTTIME, {10126, 893366609}) = 0
18414 clock_gettime(CLOCK_BOOTTIME, {10126, 893510333}) = 0
18414 select(7, [3 4], [], NULL, NULL)  = 1 (in [3])
18414 clock_gettime(CLOCK_BOOTTIME, {10126, 895250201}) = 0
18414 read(3, "\33a\330\375\10\25j\247\366\275\25\336\n\223v\365i\25lm2\210\367O\242\242\t\343\216'!w"..., 8192) = 36
18414 clock_gettime(CLOCK_BOOTTIME, {10126, 895389295}) = 0
18414 clock_gettime(CLOCK_BOOTTIME, {10126, 895437618}) = 0
18414 select(7, [3 4], [5], NULL, NULL) = 1 (out [5])
18414 clock_gettime(CLOCK_BOOTTIME, {10126, 895558667}) = 0
18414 write(5, "s", 1)                  = 1
18414 clock_gettime(CLOCK_BOOTTIME, {10126, 896001990}) = 0
18414 clock_gettime(CLOCK_BOOTTIME, {10126, 896054596}) = 0
18414 select(7, [3 4], [], NULL, NULL)  = 1 (in [4])
18414 clock_gettime(CLOCK_BOOTTIME, {10127, 33715058}) = 0
18414 read(4, "\r", 16384)              = 1
18414 clock_gettime(CLOCK_BOOTTIME, {10127, 33857536}) = 0
18414 clock_gettime(CLOCK_BOOTTIME, {10127, 33905779}) = 0
18414 select(7, [3 4], [3], NULL, NULL) = 1 (out [3])
18414 clock_gettime(CLOCK_BOOTTIME, {10127, 34128486}) = 0
18414 write(3, "\17J\300\200w\235\323\210\231\32zP0\25\270Im\223\311\7\237\0210Z\327\301\265\tj\207\22\200"..., 36) = 36
18414 clock_gettime(CLOCK_BOOTTIME, {10127, 34970104}) = 0
18414 clock_gettime(CLOCK_BOOTTIME, {10127, 35027993}) = 0
18414 select(7, [3 4], [], NULL, NULL)  = 1 (in [3])
18414 clock_gettime(CLOCK_BOOTTIME, {10127, 37362320}) = 0
18414 read(3, "~>\31S\240\370@a\271Rs\262\313\320\352\250\321\4\2223q\271\213\333\215\214\354o\237\337z\37"..., 8192) = 36
18414 clock_gettime(CLOCK_BOOTTIME, {10127, 37562710}) = 0
18414 clock_gettime(CLOCK_BOOTTIME, {10127, 37611243}) = 0
18414 select(7, [3 4], [5], NULL, NULL) = 1 (out [5])
18414 clock_gettime(CLOCK_BOOTTIME, {10127, 37740371}) = 0
18414 write(5, "\r\n", 2)               = 2
18414 clock_gettime(CLOCK_BOOTTIME, {10127, 38758846}) = 0
18414 clock_gettime(CLOCK_BOOTTIME, {10127, 38813717}) = 0
18414 select(7, [3 4], [], NULL, NULL)  = 1 (in [3])
18414 clock_gettime(CLOCK_BOOTTIME, {10127, 40905460}) = 0
18414 read(3, "\253\332\214\326vC\251G\220R\324\317,9\300\321x\225}nth\347\21Q\214\2227j\271\313\5"..., 8192) = 972
18414 clock_gettime(CLOCK_BOOTTIME, {10127, 41146188}) = 0
18414 clock_gettime(CLOCK_BOOTTIME, {10127, 41201795}) = 0
18414 select(7, [3 4], [5], NULL, NULL) = 1 (out [5])
18414 clock_gettime(CLOCK_BOOTTIME, {10127, 41339726}) = 0
18414 write(5, "%10}\r\n\33[0m\33[01;34ma\33[0m\r\naadmin."..., 932) = 932
18414 clock_gettime(CLOCK_BOOTTIME, {10127, 41902123}) = 0
18414 clock_gettime(CLOCK_BOOTTIME, {10127, 42262423}) = 0
18414 select(7, [3 4], [], NULL, NULL)  = 1 (in [4])
18414 clock_gettime(CLOCK_BOOTTIME, {10127, 387953599}) = 0
18414 read(4, "d", 16384)               = 1
18414 clock_gettime(CLOCK_BOOTTIME, {10127, 388121721}) = 0
18414 clock_gettime(CLOCK_BOOTTIME, {10127, 388455518}) = 0
18414 select(7, [3 4], [3], NULL, NULL) = 1 (out [3])
18414 clock_gettime(CLOCK_BOOTTIME, {10127, 388693169}) = 0
18414 write(3, "\246\234E\263\346#\177\332\314RS\236;\272\223@\26\340\354\352O\207\20076\32%\260\276*A\360"..., 36) = 36
18414 clock_gettime(CLOCK_BOOTTIME, {10127, 389791055}) = 0
18414 clock_gettime(CLOCK_BOOTTIME, {10127, 389873452}) = 0
18414 select(7, [3 4], [], NULL, NULL)  = 1 (in [3])
18414 clock_gettime(CLOCK_BOOTTIME, {10127, 391003094}) = 0
18414 read(3, "I\25\264\2104\177\300\202\2776\207\351\33\177\357_\347T\355.\351\337\365|\355\321u\306D\364?\2"..., 8192) = 36
18414 clock_gettime(CLOCK_BOOTTIME, {10127, 391141763}) = 0
18414 clock_gettime(CLOCK_BOOTTIME, {10127, 391190477}) = 0
18414 select(7, [3 4], [5], NULL, NULL) = 1 (out [5])
18414 clock_gettime(CLOCK_BOOTTIME, {10127, 391364697}) = 0
18414 write(5, "d", 1)                  = 1
18414 clock_gettime(CLOCK_BOOTTIME, {10127, 391803142}) = 0
18414 clock_gettime(CLOCK_BOOTTIME, {10127, 392228543}) = 0
18414 select(7, [3 4], [], NULL, NULL)  = 1 (in [4])
18414 clock_gettime(CLOCK_BOOTTIME, {10127, 456686505}) = 0
18414 read(4, "f", 16384)               = 1
18414 clock_gettime(CLOCK_BOOTTIME, {10127, 456830336}) = 0
18414 clock_gettime(CLOCK_BOOTTIME, {10127, 456878328}) = 0
18414 select(7, [3 4], [3], NULL, NULL) = 1 (out [3])
18414 clock_gettime(CLOCK_BOOTTIME, {10127, 456998980}) = 0
18414 write(3, "x]\243\267\341\177B\261\240\r[\241\316!\2\266|\256\234\360J3\336;Z\21\302\242=@6\301"..., 36) = 36
18414 clock_gettime(CLOCK_BOOTTIME, {10127, 457350349}) = 0
18414 clock_gettime(CLOCK_BOOTTIME, {10127, 457686642}) = 0
18414 select(7, [3 4], [], NULL, NULL)  = 1 (in [3])
18414 clock_gettime(CLOCK_BOOTTIME, {10127, 459161468}) = 0
18414 read(3, "q\7~\301]\0z\304\226\26\f\4\313\3101I\266A\251\230_\354\"\\h\212\1r\302\r\200\242"..., 8192) = 36
18414 clock_gettime(CLOCK_BOOTTIME, {10127, 459296860}) = 0
18414 clock_gettime(CLOCK_BOOTTIME, {10127, 459345280}) = 0
18414 select(7, [3 4], [5], NULL, NULL) = 1 (out [5])
18414 clock_gettime(CLOCK_BOOTTIME, {10127, 459511702}) = 0
18414 write(5, "f", 1)                  = 1
18414 clock_gettime(CLOCK_BOOTTIME, {10127, 459922838}) = 0
18414 clock_gettime(CLOCK_BOOTTIME, {10127, 459975444}) = 0
18414 select(7, [3 4], [], NULL, NULL)  = 1 (in [4])
18414 clock_gettime(CLOCK_BOOTTIME, {10127, 554154871}) = 0
18414 read(4, "\r", 16384)              = 1
18414 clock_gettime(CLOCK_BOOTTIME, {10127, 554293430}) = 0
18414 clock_gettime(CLOCK_BOOTTIME, {10127, 554341820}) = 0
18414 select(7, [3 4], [3], NULL, NULL) = 1 (out [3])
18414 clock_gettime(CLOCK_BOOTTIME, {10127, 554462311}) = 0
18414 write(3, "\271\361\374,1C^f\2\266\216\252\205\240bS\22W\302\215S:y\262rD\305\201^\301\0052"..., 36) = 36
18414 clock_gettime(CLOCK_BOOTTIME, {10127, 554847534}) = 0
18414 clock_gettime(CLOCK_BOOTTIME, {10127, 554910277}) = 0
18414 select(7, [3 4], [], NULL, NULL)  = 1 (in [3])
18414 clock_gettime(CLOCK_BOOTTIME, {10127, 557309274}) = 0
18414 read(3, "#C\37?\0\352\361\211d\323;\367\\a\337O\37V\255\26\302\354\244\275\267\356\323\265\"\346\23\223"..., 8192) = 36
18414 clock_gettime(CLOCK_BOOTTIME, {10127, 557450729}) = 0
18414 clock_gettime(CLOCK_BOOTTIME, {10127, 557499334}) = 0
18414 select(7, [3 4], [5], NULL, NULL) = 1 (out [5])
18414 clock_gettime(CLOCK_BOOTTIME, {10127, 557684966}) = 0
18414 write(5, "\r\n", 2)               = 2
18414 clock_gettime(CLOCK_BOOTTIME, {10127, 558710180}) = 0
18414 clock_gettime(CLOCK_BOOTTIME, {10127, 558767383}) = 0
18414 select(7, [3 4], [], NULL, NULL)  = 1 (in [3])
18414 clock_gettime(CLOCK_BOOTTIME, {10127, 560943210}) = 0
18414 read(3, "Fm\310\200\345\257.\271\\\257\203]\177\256L\314\200\340\272\311\246\363\262\246O\f7\256\2\346\200+"..., 8192) = 588
18414 clock_gettime(CLOCK_BOOTTIME, {10127, 561096252}) = 0
18414 clock_gettime(CLOCK_BOOTTIME, {10127, 561145029}) = 0
18414 select(7, [3 4], [5], NULL, NULL) = 1 (out [5])
18414 clock_gettime(CLOCK_BOOTTIME, {10127, 561266850}) = 0
18414 write(5, "Filesystem              1K-block"..., 549) = 549
18414 clock_gettime(CLOCK_BOOTTIME, {10127, 561922329}) = 0
18414 clock_gettime(CLOCK_BOOTTIME, {10127, 561975874}) = 0
18414 select(7, [3 4], [], NULL, NULL)  = 1 (in [4])
18414 clock_gettime(CLOCK_BOOTTIME, {10128, 57416872}) = 0
18414 read(4, "e", 16384)               = 1
18414 clock_gettime(CLOCK_BOOTTIME, {10128, 57561160}) = 0
18414 clock_gettime(CLOCK_BOOTTIME, {10128, 57611635}) = 0
18414 select(7, [3 4], [3], NULL, NULL) = 1 (out [3])
18414 clock_gettime(CLOCK_BOOTTIME, {10128, 57736319}) = 0
18414 write(3, "WpF\226\5\300\215@\214)\4e\230\2506\357\312KW\355\5\366\350i\320AQ\261>\365\351\330"..., 36) = 36
18414 clock_gettime(CLOCK_BOOTTIME, {10128, 58207678}) = 0
18414 clock_gettime(CLOCK_BOOTTIME, {10128, 58524069}) = 0
18414 select(7, [3 4], [], NULL, NULL)  = 1 (in [3])
18414 clock_gettime(CLOCK_BOOTTIME, {10128, 60073169}) = 0
18414 read(3, "\350p\207\237.r(\327\242\302\340\177Cz#@h\250\211;\200\274t[X\354\347\246\345B\243\332"..., 8192) = 36
18414 clock_gettime(CLOCK_BOOTTIME, {10128, 60318738}) = 0
18414 clock_gettime(CLOCK_BOOTTIME, {10128, 60390431}) = 0
18414 select(7, [3 4], [5], NULL, NULL) = 1 (out [5])
18414 clock_gettime(CLOCK_BOOTTIME, {10128, 60546817}) = 0
18414 write(5, "e", 1)                  = 1
18414 clock_gettime(CLOCK_BOOTTIME, {10128, 61039331}) = 0
18414 clock_gettime(CLOCK_BOOTTIME, {10128, 61093808}) = 0
18414 select(7, [3 4], [], NULL, NULL)  = 1 (in [4])
18414 clock_gettime(CLOCK_BOOTTIME, {10128, 243163302}) = 0
18414 read(4, "x", 16384)               = 1
18414 clock_gettime(CLOCK_BOOTTIME, {10128, 243333229}) = 0
18414 clock_gettime(CLOCK_BOOTTIME, {10128, 243384258}) = 0
18414 select(7, [3 4], [3], NULL, NULL) = 1 (out [3])
18414 clock_gettime(CLOCK_BOOTTIME, {10128, 243569416}) = 0
18414 write(3, "\221\32\373D\314\335R\225c.\274\255\206\215Y\325\206J\n\23s\t\355\327$Di4y\216\204\233"..., 36) = 36
18414 clock_gettime(CLOCK_BOOTTIME, {10128, 243925561}) = 0
18414 clock_gettime(CLOCK_BOOTTIME, {10128, 244076360}) = 0
18414 select(7, [3 4], [], NULL, NULL)  = 1 (in [3])
18414 clock_gettime(CLOCK_BOOTTIME, {10128, 245804467}) = 0
18414 read(3, "\310ly\31Z\22/\361\36\20%\312\16\7\364P\366\350eY\31\300\254\336\277b\253\261\250\322\363\207"..., 8192) = 36
18414 clock_gettime(CLOCK_BOOTTIME, {10128, 245975353}) = 0
18414 clock_gettime(CLOCK_BOOTTIME, {10128, 246027826}) = 0
18414 select(7, [3 4], [5], NULL, NULL) = 1 (out [5])
18414 clock_gettime(CLOCK_BOOTTIME, {10128, 246160915}) = 0
18414 write(5, "x", 1)                  = 1
18414 clock_gettime(CLOCK_BOOTTIME, {10128, 246745067}) = 0
18414 clock_gettime(CLOCK_BOOTTIME, {10128, 246780855}) = 0
18414 select(7, [3 4], [], NULL, NULL)  = 1 (in [4])
18414 clock_gettime(CLOCK_BOOTTIME, {10136, 459376260}) = 0
18414 read(4, "\r", 16384)              = 1
18414 clock_gettime(CLOCK_BOOTTIME, {10136, 459695670}) = 0
18414 clock_gettime(CLOCK_BOOTTIME, {10136, 459786825}) = 0
18414 select(7, [3 4], [3], NULL, NULL) = 1 (out [3])
18414 clock_gettime(CLOCK_BOOTTIME, {10136, 459954359}) = 0
18414 write(3, "\325\365\352J\214\317\314\262\355\266\277\236\205\321\301Zo C\306\240\235\3256\212\220\372\32A\322\255b"..., 36) = 36
18414 clock_gettime(CLOCK_BOOTTIME, {10136, 460913807}) = 0
18414 clock_gettime(CLOCK_BOOTTIME, {10136, 460971692}) = 0
18414 select(7, [3 4], [], NULL, NULL)  = 1 (in [3])
18414 clock_gettime(CLOCK_BOOTTIME, {10136, 462868184}) = 0
18414 read(3, "(\257\355\230G\t6,\323@\333b\21\315\245\356\2203)kl\r\326MR\3\331r\240>0d"..., 8192) = 36
18414 clock_gettime(CLOCK_BOOTTIME, {10136, 463006318}) = 0
18414 clock_gettime(CLOCK_BOOTTIME, {10136, 463056750}) = 0
18414 select(7, [3 4], [5], NULL, NULL) = 1 (out [5])
18414 clock_gettime(CLOCK_BOOTTIME, {10136, 463181637}) = 0
18414 write(5, "\r\n", 2)               = 2
18414 clock_gettime(CLOCK_BOOTTIME, {10136, 463895499}) = 0
18414 clock_gettime(CLOCK_BOOTTIME, {10136, 463951052}) = 0
18414 select(7, [3 4], [], NULL, NULL)  = 1 (in [3])
18414 clock_gettime(CLOCK_BOOTTIME, {10136, 468961374}) = 0
18414 read(3, "6D\206\34U\324z\267Q6XHw\245\326\200\25\255\377Xw\242\6v\220\2430\277\355\v\346\364"..., 8192) = 172
18414 clock_gettime(CLOCK_BOOTTIME, {10136, 469095476}) = 0
18414 clock_gettime(CLOCK_BOOTTIME, {10136, 469145510}) = 0
18414 select(7, [3 4], [5], NULL, NULL) = 1 (out [5])
18414 clock_gettime(CLOCK_BOOTTIME, {10136, 469268533}) = 0
18414 write(5, "\33[1;24r\33[?25h\33[?8c\33[?25h\33[?0c\33[?"..., 134) = 134
18414 clock_gettime(CLOCK_BOOTTIME, {10136, 469911170}) = 0
18414 clock_gettime(CLOCK_BOOTTIME, {10136, 469966830}) = 0
18414 select(7, [3 4], [], NULL, NULL)  = 1 (in [4])
18414 clock_gettime(CLOCK_BOOTTIME, {10136, 647499708}) = 0
18414 read(4, "\r", 16384)              = 1
18414 clock_gettime(CLOCK_BOOTTIME, {10136, 647591956}) = 0
18414 clock_gettime(CLOCK_BOOTTIME, {10136, 647621868}) = 0
18414 select(7, [3 4], [3], NULL, NULL) = 1 (out [3])
18414 clock_gettime(CLOCK_BOOTTIME, {10136, 647697520}) = 0
18414 write(3, "7\30j\37\266\254_\265\225\235f\350\1g\35\301p\215\30\375\225IF\212\267_?\272\345\272\270{"..., 36) = 36
18414 clock_gettime(CLOCK_BOOTTIME, {10136, 648011414}) = 0
18414 clock_gettime(CLOCK_BOOTTIME, {10136, 648044125}) = 0
18414 select(7, [3 4], [], NULL, NULL)  = 1 (in [3])
18414 clock_gettime(CLOCK_BOOTTIME, {10136, 649807754}) = 0
18414 read(3, "\214\7c_O\17B\265\3644\300E\247\307\303\213\241i\177@N)\245\201\31eC\305\327!g\247"..., 8192) = 84
18414 clock_gettime(CLOCK_BOOTTIME, {10136, 649895173}) = 0
18414 clock_gettime(CLOCK_BOOTTIME, {10136, 649925805}) = 0
18414 select(7, [3 4], [5], NULL, NULL) = 1 (out [5])
18414 clock_gettime(CLOCK_BOOTTIME, {10136, 650001272}) = 0
18414 write(5, "\10\r\n\33[?25l\33[?1cE749: empty buffer"..., 47) = 47
18414 clock_gettime(CLOCK_BOOTTIME, {10136, 650349301}) = 0
18414 clock_gettime(CLOCK_BOOTTIME, {10136, 650382015}) = 0
18414 select(7, [3 4], [], NULL, NULL)  = 1 (in [4])
18414 clock_gettime(CLOCK_BOOTTIME, {10136, 804303633}) = 0
18414 read(4, "\r", 16384)              = 1
18414 clock_gettime(CLOCK_BOOTTIME, {10136, 804397018}) = 0
18414 clock_gettime(CLOCK_BOOTTIME, {10136, 804427228}) = 0
18414 select(7, [3 4], [3], NULL, NULL) = 1 (out [3])
18414 clock_gettime(CLOCK_BOOTTIME, {10136, 804502117}) = 0
18414 write(3, "\241\324B\321\1\31\274\32\330US\250<\341o)s\242m\226-\323>'*w\f\215\356]+\264"..., 36) = 36
18414 clock_gettime(CLOCK_BOOTTIME, {10136, 804722531}) = 0
18414 clock_gettime(CLOCK_BOOTTIME, {10136, 804755075}) = 0
18414 select(7, [3 4], [], NULL, NULL)  = 1 (in [3])
18414 clock_gettime(CLOCK_BOOTTIME, {10136, 806514631}) = 0
18414 read(3, "\263\366\234\352\273Khi\251\203N\2438\267\227\237\267;\6we\330\372\254\272\350)N\357\242,\27"..., 8192) = 84
18414 clock_gettime(CLOCK_BOOTTIME, {10136, 806597494}) = 0
18414 clock_gettime(CLOCK_BOOTTIME, {10136, 806627831}) = 0
18414 select(7, [3 4], [5], NULL, NULL) = 1 (out [5])
18414 clock_gettime(CLOCK_BOOTTIME, {10136, 806702793}) = 0
18414 write(5, "\10\r\n\33[?25l\33[?1cE749: empty buffer"..., 47) = 47
18414 clock_gettime(CLOCK_BOOTTIME, {10136, 807060271}) = 0
18414 clock_gettime(CLOCK_BOOTTIME, {10136, 807092943}) = 0
18414 select(7, [3 4], [], NULL, NULL)  = 1 (in [4])
18414 clock_gettime(CLOCK_BOOTTIME, {10137, 871691268}) = 0
18414 read(4, "\r", 16384)              = 1
18414 clock_gettime(CLOCK_BOOTTIME, {10137, 871848149}) = 0
18414 clock_gettime(CLOCK_BOOTTIME, {10137, 871901226}) = 0
18414 select(7, [3 4], [3], NULL, NULL) = 1 (out [3])
18414 clock_gettime(CLOCK_BOOTTIME, {10137, 872030888}) = 0
18414 write(3, "\312\352+\2517\223]\0\345[\310\22\214\3\34[\342\270\27Q\367\334\230\37\225\337X\211\375\\\2\233"..., 36) = 36
18414 clock_gettime(CLOCK_BOOTTIME, {10137, 872807880}) = 0
18414 clock_gettime(CLOCK_BOOTTIME, {10137, 872865495}) = 0
18414 select(7, [3 4], [], NULL, NULL)  = 1 (in [3])
18414 clock_gettime(CLOCK_BOOTTIME, {10137, 874303517}) = 0
18414 read(3, "5\f\33\216\302\332\276\210\10\335\5\273\205\344L\4\234\331\327U\235\t\0325n\27\220M\352\6O\r"..., 8192) = 84
18414 clock_gettime(CLOCK_BOOTTIME, {10137, 874487469}) = 0
18414 clock_gettime(CLOCK_BOOTTIME, {10137, 874540914}) = 0
18414 select(7, [3 4], [5], NULL, NULL) = 1 (out [5])
18414 clock_gettime(CLOCK_BOOTTIME, {10137, 874667779}) = 0
18414 write(5, "\10\r\n\33[?25l\33[?1cE749: empty buffer"..., 47) = 47
18414 clock_gettime(CLOCK_BOOTTIME, {10137, 875174443}) = 0
18414 clock_gettime(CLOCK_BOOTTIME, {10137, 875231389}) = 0
18414 select(7, [3 4], [], NULL, NULL)  = 1 (in [4])
18414 clock_gettime(CLOCK_BOOTTIME, {10138, 440689145}) = 0
18414 read(4, "\3", 16384)              = 1
18414 clock_gettime(CLOCK_BOOTTIME, {10138, 440834065}) = 0
18414 clock_gettime(CLOCK_BOOTTIME, {10138, 440884343}) = 0
18414 select(7, [3 4], [3], NULL, NULL) = 1 (out [3])
18414 clock_gettime(CLOCK_BOOTTIME, {10138, 441111393}) = 0
18414 write(3, "\375\350A\1)|T\324\5\250\10\37O\23\231c&\211\276\367<\23\25LI\234x\300\365_A\317"..., 36) = 36
18414 clock_gettime(CLOCK_BOOTTIME, {10138, 441472779}) = 0
18414 clock_gettime(CLOCK_BOOTTIME, {10138, 441617392}) = 0
18414 select(7, [3 4], [], NULL, NULL)  = 1 (in [3])
18414 clock_gettime(CLOCK_BOOTTIME, {10138, 443360840}) = 0
18414 read(3, "\230\240\303\21\252\305\266\v18a=W\25.\303\247\367\317\354\234\222Z\224\212h\300\326G\305\331j"..., 8192) = 44
18414 clock_gettime(CLOCK_BOOTTIME, {10138, 443531225}) = 0
18414 clock_gettime(CLOCK_BOOTTIME, {10138, 443583834}) = 0
18414 select(7, [3 4], [5], NULL, NULL) = 1 (out [5])
18414 clock_gettime(CLOCK_BOOTTIME, {10138, 443710022}) = 0
18414 write(5, "\10\r\n:", 4)           = 4
18414 clock_gettime(CLOCK_BOOTTIME, {10138, 444460053}) = 0
18414 clock_gettime(CLOCK_BOOTTIME, {10138, 444515866}) = 0
18414 select(7, [3 4], [], NULL, NULL)  = ? ERESTARTNOHAND (To be restarted if no handler)
18414 --- SIGWINCH {si_signo=SIGWINCH, si_code=SI_KERNEL} ---
18414 rt_sigaction(SIGWINCH, NULL, {0x564af2e5d740, [], SA_RESTORER, 0x7f1514b3c4b0}, 8) = 0
18414 rt_sigreturn({mask=[]})           = -1 EINTR (Interrupted system call)
18414 clock_gettime(CLOCK_BOOTTIME, {10141, 716248428}) = 0
18414 ioctl(4, TIOCGWINSZ, {ws_row=24, ws_col=97, ws_xpixel=0, ws_ypixel=0}) = 0
18414 clock_gettime(CLOCK_BOOTTIME, {10141, 716391474}) = 0
18414 clock_gettime(CLOCK_BOOTTIME, {10141, 716912607}) = 0
18414 select(7, [3 4], [3], NULL, NULL) = 1 (out [3])
18414 clock_gettime(CLOCK_BOOTTIME, {10141, 717055870}) = 0
18414 write(3, "\32\373;\253\226\260\22\257\n\243O\0216\33\21\354v\356\311\212O\212J\352\221\300\226\310\232\266n)"..., 68) = 68
18414 clock_gettime(CLOCK_BOOTTIME, {10141, 717834950}) = 0
18414 clock_gettime(CLOCK_BOOTTIME, {10141, 717892404}) = 0
18414 select(7, [3 4], [], NULL, NULL)  = 1 (in [3])
18414 clock_gettime(CLOCK_BOOTTIME, {10141, 719357442}) = 0
18414 read(3, "\313a18\274\224\365[\321\306\26\2356o1A\250\0104\204~\t\207\224&^\25,\362\325$\201"..., 8192) = 60
18414 clock_gettime(CLOCK_BOOTTIME, {10141, 719536994}) = 0
18414 clock_gettime(CLOCK_BOOTTIME, {10141, 719591097}) = 0
18414 select(7, [3 4], [5], NULL, NULL) = 1 (out [5])
18414 clock_gettime(CLOCK_BOOTTIME, {10141, 719717695}) = 0
18414 write(5, "\33[27m\33[24m\33[0m\33[H\33[J", 20) = 20
18414 clock_gettime(CLOCK_BOOTTIME, {10141, 720724347}) = 0
18414 clock_gettime(CLOCK_BOOTTIME, {10141, 720823382}) = 0
18414 select(7, [3 4], [], NULL, NULL)  = 1 (in [4])
18414 clock_gettime(CLOCK_BOOTTIME, {10143, 331390921}) = 0
18414 read(4, "\r", 16384)              = 1
18414 clock_gettime(CLOCK_BOOTTIME, {10143, 331544173}) = 0
18414 clock_gettime(CLOCK_BOOTTIME, {10143, 331595179}) = 0
18414 select(7, [3 4], [3], NULL, NULL) = 1 (out [3])
18414 clock_gettime(CLOCK_BOOTTIME, {10143, 331721079}) = 0
18414 write(3, "\300\307\325)\34U,\327\216>\3128\310\325\251s\6\207\32\362\31\307\311h\206J\235l\222\254\247:"..., 36) = 36
18414 clock_gettime(CLOCK_BOOTTIME, {10143, 332074962}) = 0
18414 clock_gettime(CLOCK_BOOTTIME, {10143, 332490594}) = 0
18414 select(7, [3 4], [], NULL, NULL)  = 1 (in [3])
18414 clock_gettime(CLOCK_BOOTTIME, {10143, 334341275}) = 0
18414 read(3, "<\343\300\3\234\350`\325w\262\345o\242\313\314\231R\305\241\345\365;\321\257\23d&q\255\10\242\370"..., 8192) = 92
18414 clock_gettime(CLOCK_BOOTTIME, {10143, 334630019}) = 0
18414 clock_gettime(CLOCK_BOOTTIME, {10143, 334740825}) = 0
18414 select(7, [3 4], [5], NULL, NULL) = 1 (out [5])
18414 clock_gettime(CLOCK_BOOTTIME, {10143, 335030408}) = 0
18414 write(5, "\33[24;1H\r\n\33[?25l\33[?1cE749: empty "..., 53) = 53
18414 clock_gettime(CLOCK_BOOTTIME, {10143, 335896195}) = 0
18414 clock_gettime(CLOCK_BOOTTIME, {10143, 335956038}) = 0
18414 select(7, [3 4], [], NULL, NULL)  = 1 (in [4])
18414 clock_gettime(CLOCK_BOOTTIME, {10143, 550832530}) = 0
18414 read(4, "\r", 16384)              = 1
18414 clock_gettime(CLOCK_BOOTTIME, {10143, 551081825}) = 0
18414 clock_gettime(CLOCK_BOOTTIME, {10143, 551175548}) = 0
18414 select(7, [3 4], [3], NULL, NULL) = 1 (out [3])
18414 clock_gettime(CLOCK_BOOTTIME, {10143, 551412183}) = 0
18414 write(3, "\260c\307\231\4\204\354d\362\222\377,\341K\276\376\227\225\341,\366\251\302\214\24\262\214>\2139\316["..., 36) = 36
18414 clock_gettime(CLOCK_BOOTTIME, {10143, 552708591}) = 0
18414 clock_gettime(CLOCK_BOOTTIME, {10143, 552819701}) = 0
18414 select(7, [3 4], [], NULL, NULL)  = 1 (in [3])
18414 clock_gettime(CLOCK_BOOTTIME, {10143, 554008527}) = 0
18414 read(3, "\365X\355\221\311\320\235kD\320\275V\240l!k\267\371\\\263\336\363\237\231!0\225\241\367E\326\t"..., 8192) = 84
18414 clock_gettime(CLOCK_BOOTTIME, {10143, 554177569}) = 0
18414 clock_gettime(CLOCK_BOOTTIME, {10143, 554226553}) = 0
18414 select(7, [3 4], [5], NULL, NULL) = 1 (out [5])
18414 clock_gettime(CLOCK_BOOTTIME, {10143, 554347378}) = 0
18414 write(5, "\10\r\n\33[?25l\33[?1cE749: empty buffer"..., 47) = 47
18414 clock_gettime(CLOCK_BOOTTIME, {10143, 555221338}) = 0
18414 clock_gettime(CLOCK_BOOTTIME, {10143, 555282143}) = 0
18414 select(7, [3 4], [], NULL, NULL)  = 1 (in [4])
18414 clock_gettime(CLOCK_BOOTTIME, {10144, 245819487}) = 0
18414 read(4, "\3", 16384)              = 1
18414 clock_gettime(CLOCK_BOOTTIME, {10144, 245964477}) = 0
18414 clock_gettime(CLOCK_BOOTTIME, {10144, 246015363}) = 0
18414 select(7, [3 4], [3], NULL, NULL) = 1 (out [3])
18414 clock_gettime(CLOCK_BOOTTIME, {10144, 246139974}) = 0
18414 write(3, "\6\306y\335Hkc\372\rG7\267|\374\223\353\362g)\347;\251\3\344\334\3\n\222Y\340\34\206"..., 36) = 36
18414 clock_gettime(CLOCK_BOOTTIME, {10144, 246626454}) = 0
18414 clock_gettime(CLOCK_BOOTTIME, {10144, 246693454}) = 0
18414 select(7, [3 4], [], NULL, NULL)  = 1 (in [3])
18414 clock_gettime(CLOCK_BOOTTIME, {10144, 248392184}) = 0
18414 read(3, "j\325\235\346\256\25V\362\315\200\\\2112\200b\fSH\310\233\240\35<\255\346\253\f\347H\322S\231"..., 8192) = 44
18414 clock_gettime(CLOCK_BOOTTIME, {10144, 248530973}) = 0
18414 clock_gettime(CLOCK_BOOTTIME, {10144, 248581238}) = 0
18414 select(7, [3 4], [5], NULL, NULL) = 1 (out [5])
18414 clock_gettime(CLOCK_BOOTTIME, {10144, 248706372}) = 0
18414 write(5, "\10\r\n:", 4)           = 4
18414 clock_gettime(CLOCK_BOOTTIME, {10144, 249212695}) = 0
18414 clock_gettime(CLOCK_BOOTTIME, {10144, 249267493}) = 0
18414 select(7, [3 4], [], NULL, NULL)  = 1 (in [4])
18414 clock_gettime(CLOCK_BOOTTIME, {10144, 630221727}) = 0
18414 read(4, "\r", 16384)              = 1
18414 clock_gettime(CLOCK_BOOTTIME, {10144, 630337909}) = 0
18414 clock_gettime(CLOCK_BOOTTIME, {10144, 630380102}) = 0
18414 select(7, [3 4], [3], NULL, NULL) = 1 (out [3])
18414 clock_gettime(CLOCK_BOOTTIME, {10144, 630480033}) = 0
18414 write(3, "\345\4\265Z\247%\251Yk\320\2677\331a\330\242 6\321`L}\324\225\"B\31\37`H\34c"..., 36) = 36
18414 clock_gettime(CLOCK_BOOTTIME, {10144, 630801052}) = 0
18414 clock_gettime(CLOCK_BOOTTIME, {10144, 631123418}) = 0
18414 select(7, [3 4], [], NULL, NULL)  = 1 (in [3])
18414 clock_gettime(CLOCK_BOOTTIME, {10144, 632509107}) = 0
18414 read(3, " \275\345\177K\352U\303\t\363\363qD\2114\\\260(8\347\33ux\336\224\363G5\310)}\276"..., 8192) = 84
18414 clock_gettime(CLOCK_BOOTTIME, {10144, 632599237}) = 0
18414 clock_gettime(CLOCK_BOOTTIME, {10144, 632629353}) = 0
18414 select(7, [3 4], [5], NULL, NULL) = 1 (out [5])
18414 clock_gettime(CLOCK_BOOTTIME, {10144, 632704125}) = 0
18414 write(5, "\10\r\n\33[?25l\33[?1cE749: empty buffer"..., 47) = 47
18414 clock_gettime(CLOCK_BOOTTIME, {10144, 633003037}) = 0
18414 clock_gettime(CLOCK_BOOTTIME, {10144, 633250898}) = 0
18414 select(7, [3 4], [], NULL, NULL)  = 1 (in [4])
18414 clock_gettime(CLOCK_BOOTTIME, {10144, 833318151}) = 0
18414 read(4, "e", 16384)               = 1
18414 clock_gettime(CLOCK_BOOTTIME, {10144, 833380941}) = 0
18414 clock_gettime(CLOCK_BOOTTIME, {10144, 833400718}) = 0
18414 select(7, [3 4], [3], NULL, NULL) = 1 (out [3])
18414 clock_gettime(CLOCK_BOOTTIME, {10144, 833449768}) = 0
18414 write(3, "E6\233\202!\30\246F\366r\277\317l\264\33I3~U\271\0V\363]B\22J\2058&\302\207"..., 36) = 36
18414 clock_gettime(CLOCK_BOOTTIME, {10144, 833613082}) = 0
18414 clock_gettime(CLOCK_BOOTTIME, {10144, 833635670}) = 0
18414 select(7, [3 4], [], NULL, NULL)  = 1 (in [3])
18414 clock_gettime(CLOCK_BOOTTIME, {10144, 835138656}) = 0
18414 read(3, "\200\321\1\365\214@\276=7A\35\335\355\10\345\235o\204s}\30\211#\216\306\277\357\275E\304\203O"..., 8192) = 36
18414 clock_gettime(CLOCK_BOOTTIME, {10144, 835197353}) = 0
18414 clock_gettime(CLOCK_BOOTTIME, {10144, 835218277}) = 0
18414 select(7, [3 4], [5], NULL, NULL) = 1 (out [5])
18414 clock_gettime(CLOCK_BOOTTIME, {10144, 835270654}) = 0
18414 write(5, "e", 1)                  = 1
18414 clock_gettime(CLOCK_BOOTTIME, {10144, 835456458}) = 0
18414 clock_gettime(CLOCK_BOOTTIME, {10144, 835479477}) = 0
18414 select(7, [3 4], [], NULL, NULL)  = 1 (in [4])
18414 clock_gettime(CLOCK_BOOTTIME, {10145, 13370359}) = 0
18414 read(4, "x", 16384)               = 1
18414 clock_gettime(CLOCK_BOOTTIME, {10145, 13513869}) = 0
18414 clock_gettime(CLOCK_BOOTTIME, {10145, 13564849}) = 0
18414 select(7, [3 4], [3], NULL, NULL) = 1 (out [3])
18414 clock_gettime(CLOCK_BOOTTIME, {10145, 13690291}) = 0
18414 write(3, "\343xfO'\341ivE\301\243\342\220\v\317\35\257\25\2747\212\37D\251B\3\313L\3661\221\271"..., 36) = 36
18414 clock_gettime(CLOCK_BOOTTIME, {10145, 14135795}) = 0
18414 clock_gettime(CLOCK_BOOTTIME, {10145, 14440028}) = 0
18414 select(7, [3 4], [], NULL, NULL)  = 1 (in [3])
18414 clock_gettime(CLOCK_BOOTTIME, {10145, 17357354}) = 0
18414 read(3, "\371\302H\266\340i\317P\267\234v\341m8&\310\34(\370\32\274\243\366G?\256\330\260k:^\362"..., 8192) = 36
18414 clock_gettime(CLOCK_BOOTTIME, {10145, 17529560}) = 0
18414 clock_gettime(CLOCK_BOOTTIME, {10145, 17584404}) = 0
18414 select(7, [3 4], [5], NULL, NULL) = 1 (out [5])
18414 clock_gettime(CLOCK_BOOTTIME, {10145, 17727029}) = 0
18414 write(5, "x", 1)                  = 1
18414 clock_gettime(CLOCK_BOOTTIME, {10145, 18526485}) = 0
18414 clock_gettime(CLOCK_BOOTTIME, {10145, 18597775}) = 0
18414 select(7, [3 4], [], NULL, NULL)  = 1 (in [4])
18414 clock_gettime(CLOCK_BOOTTIME, {10145, 76391957}) = 0
18414 read(4, "i", 16384)               = 1
18414 clock_gettime(CLOCK_BOOTTIME, {10145, 76542410}) = 0
18414 clock_gettime(CLOCK_BOOTTIME, {10145, 76592734}) = 0
18414 select(7, [3 4], [3], NULL, NULL) = 1 (out [3])
18414 clock_gettime(CLOCK_BOOTTIME, {10145, 76720017}) = 0
18414 write(3, "^M\303\220\16\250\313b-!\332\334\360\24\305\226P\10W\30/\370-\353\306\201Ag\322\320\20\257"..., 36) = 36
18414 clock_gettime(CLOCK_BOOTTIME, {10145, 77094643}) = 0
18414 clock_gettime(CLOCK_BOOTTIME, {10145, 77454796}) = 0
18414 select(7, [3 4], [], NULL, NULL)  = 1 (in [3])
18414 clock_gettime(CLOCK_BOOTTIME, {10145, 78752013}) = 0
18414 read(3, "6X\363-e\310@<\366c\0\374_\5\274\216\326\260J\nm\375\377\216\342\210G\375&_Z\321"..., 8192) = 36
18414 clock_gettime(CLOCK_BOOTTIME, {10145, 78885102}) = 0
18414 clock_gettime(CLOCK_BOOTTIME, {10145, 78963879}) = 0
18414 select(7, [3 4], [5], NULL, NULL) = 1 (out [5])
18414 clock_gettime(CLOCK_BOOTTIME, {10145, 79097693}) = 0
18414 write(5, "i", 1)                  = 1
18414 clock_gettime(CLOCK_BOOTTIME, {10145, 79952542}) = 0
18414 clock_gettime(CLOCK_BOOTTIME, {10145, 80038909}) = 0
18414 select(7, [3 4], [], NULL, NULL)  = 1 (in [4])
18414 clock_gettime(CLOCK_BOOTTIME, {10145, 213894008}) = 0
18414 read(4, "t", 16384)               = 1
18414 clock_gettime(CLOCK_BOOTTIME, {10145, 214039937}) = 0
18414 clock_gettime(CLOCK_BOOTTIME, {10145, 214090348}) = 0
18414 select(7, [3 4], [3], NULL, NULL) = 1 (out [3])
18414 clock_gettime(CLOCK_BOOTTIME, {10145, 214219008}) = 0
18414 write(3, "O\226\32\354\214_\215O\245\"\370\275r\232\344\365\343\207\213b>\210Xv\2\320N\24\343\313\365\254"..., 36) = 36
18414 clock_gettime(CLOCK_BOOTTIME, {10145, 215009021}) = 0
18414 clock_gettime(CLOCK_BOOTTIME, {10145, 215070070}) = 0
18414 select(7, [3 4], [], NULL, NULL)  = 1 (in [3])
18414 clock_gettime(CLOCK_BOOTTIME, {10145, 217140390}) = 0
18414 read(3, "+\233\277\263\1\321\326ld\325\241\260?Y\230j\24U\344\347\37jv\24<I\0^\337>yB"..., 8192) = 36
18414 clock_gettime(CLOCK_BOOTTIME, {10145, 217483277}) = 0
18414 clock_gettime(CLOCK_BOOTTIME, {10145, 217597804}) = 0
18414 select(7, [3 4], [5], NULL, NULL) = 1 (out [5])
18414 clock_gettime(CLOCK_BOOTTIME, {10145, 217769970}) = 0
18414 write(5, "t", 1)                  = 1
18414 clock_gettime(CLOCK_BOOTTIME, {10145, 219151405}) = 0
18414 clock_gettime(CLOCK_BOOTTIME, {10145, 219289703}) = 0
18414 select(7, [3 4], [], NULL, NULL)  = 1 (in [4])
18414 clock_gettime(CLOCK_BOOTTIME, {10145, 328060534}) = 0
18414 read(4, "\r", 16384)              = 1
18414 clock_gettime(CLOCK_BOOTTIME, {10145, 328206480}) = 0
18414 clock_gettime(CLOCK_BOOTTIME, {10145, 328285827}) = 0
18414 select(7, [3 4], [3], NULL, NULL) = 1 (out [3])
18414 clock_gettime(CLOCK_BOOTTIME, {10145, 328411313}) = 0
18414 write(3, "|K\322\200\0\342YW\247\273E1#\355o\222\205\371\1\331w\363w\270M\343\210\217u$\"\324"..., 36) = 36
18414 clock_gettime(CLOCK_BOOTTIME, {10145, 329039897}) = 0
18414 clock_gettime(CLOCK_BOOTTIME, {10145, 329113665}) = 0
18414 select(7, [3 4], [], NULL, NULL)  = 1 (in [3])
18414 clock_gettime(CLOCK_BOOTTIME, {10145, 332006668}) = 0
18414 read(3, "Hd\364.c\f2D\30\234\216\243K\271\27m\230\32\313C\330\254\213\246\27\254\347G\357??\303"..., 8192) = 68
18414 clock_gettime(CLOCK_BOOTTIME, {10145, 332159580}) = 0
18414 clock_gettime(CLOCK_BOOTTIME, {10145, 332210439}) = 0
18414 select(7, [3 4], [5], NULL, NULL) = 1 (out [5])
18414 clock_gettime(CLOCK_BOOTTIME, {10145, 332339212}) = 0
18414 write(5, "\r\r\n\33[24;1H[root@localhost ~]# ", 30) = 30
18414 clock_gettime(CLOCK_BOOTTIME, {10145, 332921899}) = 0
18414 clock_gettime(CLOCK_BOOTTIME, {10145, 332992656}) = 0
18414 select(7, [3 4], [], NULL, NULL)  = 1 (in [4])
18414 clock_gettime(CLOCK_BOOTTIME, {10146, 223650055}) = 0
18414 read(4, "\33[A", 16384)           = 3
18414 clock_gettime(CLOCK_BOOTTIME, {10146, 224522082}) = 0
18414 clock_gettime(CLOCK_BOOTTIME, {10146, 224680914}) = 0
18414 select(7, [3 4], [3], NULL, NULL) = 1 (out [3])
18414 clock_gettime(CLOCK_BOOTTIME, {10146, 224923683}) = 0
18414 write(3, "\25\225\314\345/\363z\332[\3\200;\375\207\205\266\336M\354\256z\231\34lUa\300\32N\r\246\335"..., 44) = 44
18414 clock_gettime(CLOCK_BOOTTIME, {10146, 226097198}) = 0
18414 clock_gettime(CLOCK_BOOTTIME, {10146, 226237083}) = 0
18414 select(7, [3 4], [], NULL, NULL)  = 1 (in [3])
18414 clock_gettime(CLOCK_BOOTTIME, {10146, 232894167}) = 0
18414 read(3, "\265\260i<\216h\223\241>\264\347\375?\306V\275\270\316\243\213\5\30\361t\311`\324\243a}\356D"..., 8192) = 36
18414 clock_gettime(CLOCK_BOOTTIME, {10146, 233045448}) = 0
18414 clock_gettime(CLOCK_BOOTTIME, {10146, 233095960}) = 0
18414 select(7, [3 4], [5], NULL, NULL) = 1 (out [5])
18414 clock_gettime(CLOCK_BOOTTIME, {10146, 233222491}) = 0
18414 write(5, "ex", 2)                 = 2
18414 clock_gettime(CLOCK_BOOTTIME, {10146, 233723218}) = 0
18414 clock_gettime(CLOCK_BOOTTIME, {10146, 233778263}) = 0
18414 select(7, [3 4], [], NULL, NULL)  = 1 (in [4])
18414 clock_gettime(CLOCK_BOOTTIME, {10147, 241053085}) = 0
18414 read(4, "\33[B", 16384)           = 3
18414 clock_gettime(CLOCK_BOOTTIME, {10147, 241196354}) = 0
18414 clock_gettime(CLOCK_BOOTTIME, {10147, 241247056}) = 0
18414 select(7, [3 4], [3], NULL, NULL) = 1 (out [3])
18414 clock_gettime(CLOCK_BOOTTIME, {10147, 241372078}) = 0
18414 write(3, "\344\270U\323\301\250\340\221\35#M\4\0*\352\37jHd\311\275i\334\32\22X\200Q\221\264 \215"..., 44) = 44
18414 clock_gettime(CLOCK_BOOTTIME, {10147, 241731229}) = 0
18414 clock_gettime(CLOCK_BOOTTIME, {10147, 241785749}) = 0
18414 select(7, [3 4], [], NULL, NULL)  = 1 (in [3])
18414 clock_gettime(CLOCK_BOOTTIME, {10147, 243729550}) = 0
18414 read(3, "|\276\302\"\346\265\263\26\324\260d\206\341\354^\222\36\353\177\353\327\1\241@\350\315\311c\227\255\306\242"..., 8192) = 44
18414 clock_gettime(CLOCK_BOOTTIME, {10147, 243929492}) = 0
18414 clock_gettime(CLOCK_BOOTTIME, {10147, 243981003}) = 0
18414 select(7, [3 4], [5], NULL, NULL) = 1 (out [5])
18414 clock_gettime(CLOCK_BOOTTIME, {10147, 244123427}) = 0
18414 write(5, "\10\10\33[K", 5)        = 5
18414 clock_gettime(CLOCK_BOOTTIME, {10147, 245160157}) = 0
18414 clock_gettime(CLOCK_BOOTTIME, {10147, 245268253}) = 0
18414 select(7, [3 4], [], NULL, NULL)  = 1 (in [4])
18414 clock_gettime(CLOCK_BOOTTIME, {10148, 48881724}) = 0
18414 read(4, "\10", 16384)             = 1
18414 clock_gettime(CLOCK_BOOTTIME, {10148, 49031211}) = 0
18414 clock_gettime(CLOCK_BOOTTIME, {10148, 49082474}) = 0
18414 select(7, [3 4], [3], NULL, NULL) = 1 (out [3])
18414 clock_gettime(CLOCK_BOOTTIME, {10148, 49209647}) = 0
18414 write(3, "\315\366\375\36\2256i\237Oii\304LwQ\37\337~\352f\250\232:\236|Y\2044?\17\305%"..., 36) = 36
18414 clock_gettime(CLOCK_BOOTTIME, {10148, 49593270}) = 0
18414 clock_gettime(CLOCK_BOOTTIME, {10148, 49733072}) = 0
18414 select(7, [3 4], [], NULL, NULL)  = 1 (in [3])
18414 clock_gettime(CLOCK_BOOTTIME, {10148, 51474449}) = 0
18414 read(3, "\345\263T\255`gl\21\2}\213Y\0R\264{\177\343\321\231\226\363\200l|!*\f\344\230/\300"..., 8192) = 36
18414 clock_gettime(CLOCK_BOOTTIME, {10148, 51616332}) = 0
18414 clock_gettime(CLOCK_BOOTTIME, {10148, 51666944}) = 0
18414 select(7, [3 4], [5], NULL, NULL) = 1 (out [5])
18414 clock_gettime(CLOCK_BOOTTIME, {10148, 51837626}) = 0
18414 write(5, "\7", 1)                 = 1
18414 clock_gettime(CLOCK_BOOTTIME, {10148, 52487231}) = 0
18414 clock_gettime(CLOCK_BOOTTIME, {10148, 52542146}) = 0
18414 select(7, [3 4], [], NULL, NULL)  = 1 (in [4])
18414 clock_gettime(CLOCK_BOOTTIME, {10148, 248556896}) = 0
18414 read(4, "\10", 16384)             = 1
18414 clock_gettime(CLOCK_BOOTTIME, {10148, 248699965}) = 0
18414 clock_gettime(CLOCK_BOOTTIME, {10148, 248750307}) = 0
18414 select(7, [3 4], [3], NULL, NULL) = 1 (out [3])
18414 clock_gettime(CLOCK_BOOTTIME, {10148, 248874857}) = 0
18414 write(3, "\241+\17\t\332\265\371\202\346\17\313\177q\320\230\272\\\300[0\340I\316\314|YY'\246Mp\317"..., 36) = 36
18414 clock_gettime(CLOCK_BOOTTIME, {10148, 249276434}) = 0
18414 clock_gettime(CLOCK_BOOTTIME, {10148, 249414569}) = 0
18414 select(7, [3 4], [], NULL, NULL)  = 1 (in [3])
18414 clock_gettime(CLOCK_BOOTTIME, {10148, 251241545}) = 0
18414 read(3, "\274\257x+\210\216\237\3574\0074\377W\356\350|d\325\0004=C\331\177\1\3511hq\323\346J"..., 8192) = 36
18414 clock_gettime(CLOCK_BOOTTIME, {10148, 251466393}) = 0
18414 clock_gettime(CLOCK_BOOTTIME, {10148, 251554831}) = 0
18414 select(7, [3 4], [5], NULL, NULL) = 1 (out [5])
18414 clock_gettime(CLOCK_BOOTTIME, {10148, 251781517}) = 0
18414 write(5, "\7", 1)                 = 1
18414 clock_gettime(CLOCK_BOOTTIME, {10148, 252745692}) = 0
18414 clock_gettime(CLOCK_BOOTTIME, {10148, 252802995}) = 0
18414 select(7, [3 4], [], NULL, NULL)  = 1 (in [4])
18414 clock_gettime(CLOCK_BOOTTIME, {10148, 974598824}) = 0
18414 read(4, "t", 16384)               = 1
18414 clock_gettime(CLOCK_BOOTTIME, {10148, 974799922}) = 0
18414 clock_gettime(CLOCK_BOOTTIME, {10148, 974863182}) = 0
18414 select(7, [3 4], [3], NULL, NULL) = 1 (out [3])
18414 clock_gettime(CLOCK_BOOTTIME, {10148, 974991575}) = 0
18414 write(3, "\205\2\321\271\351\n_y\316\30\247\356D\243\233\260\347\227\237g\243l.1\326\226\220\r\23\264\36\250"..., 36) = 36
18414 clock_gettime(CLOCK_BOOTTIME, {10148, 975664804}) = 0
18414 clock_gettime(CLOCK_BOOTTIME, {10148, 975720357}) = 0
18414 select(7, [3 4], [], NULL, NULL)  = 1 (in [3])
18414 clock_gettime(CLOCK_BOOTTIME, {10148, 977085306}) = 0
18414 read(3, ":\2038\343\243k\362\375\215\242\304\02400\367\31<\311\20\254O\370\352\t\222:\264\241\17@\1:"..., 8192) = 36
18414 clock_gettime(CLOCK_BOOTTIME, {10148, 977220941}) = 0
18414 clock_gettime(CLOCK_BOOTTIME, {10148, 977271436}) = 0
18414 select(7, [3 4], [5], NULL, NULL) = 1 (out [5])
18414 clock_gettime(CLOCK_BOOTTIME, {10148, 977395238}) = 0
18414 write(5, "t", 1)                  = 1
18414 clock_gettime(CLOCK_BOOTTIME, {10148, 978075911}) = 0
18414 clock_gettime(CLOCK_BOOTTIME, {10148, 978130936}) = 0
18414 select(7, [3 4], [], NULL, NULL)  = 1 (in [4])
18414 clock_gettime(CLOCK_BOOTTIME, {10149, 72174648}) = 0
18414 read(4, "o", 16384)               = 1
18414 clock_gettime(CLOCK_BOOTTIME, {10149, 72320557}) = 0
18414 clock_gettime(CLOCK_BOOTTIME, {10149, 72371086}) = 0
18414 select(7, [3 4], [3], NULL, NULL) = 1 (out [3])
18414 clock_gettime(CLOCK_BOOTTIME, {10149, 72491787}) = 0
18414 write(3, "\236]J\307\313\264\336\356\20\5X\225\203\3\225\212\327\265\354\367Ui\265\351Rt\333\2\267\22\206\244"..., 36) = 36
18414 clock_gettime(CLOCK_BOOTTIME, {10149, 73214626}) = 0
18414 clock_gettime(CLOCK_BOOTTIME, {10149, 73268325}) = 0
18414 select(7, [3 4], [], NULL, NULL)  = 1 (in [3])
18414 clock_gettime(CLOCK_BOOTTIME, {10149, 74686894}) = 0
18414 read(3, "Lv=\213\203\3648\302\333?\312\212\333r\300ph\351\263iB\330h=\274g=.kN\220\304"..., 8192) = 36
18414 clock_gettime(CLOCK_BOOTTIME, {10149, 74852384}) = 0
18414 clock_gettime(CLOCK_BOOTTIME, {10149, 74944928}) = 0
18414 select(7, [3 4], [5], NULL, NULL) = 1 (out [5])
18414 clock_gettime(CLOCK_BOOTTIME, {10149, 75099671}) = 0
18414 write(5, "o", 1)                  = 1
18414 clock_gettime(CLOCK_BOOTTIME, {10149, 75827153}) = 0
18414 clock_gettime(CLOCK_BOOTTIME, {10149, 75881637}) = 0
18414 select(7, [3 4], [], NULL, NULL)  = 1 (in [4])
18414 clock_gettime(CLOCK_BOOTTIME, {10149, 208958997}) = 0
18414 read(4, "p", 16384)               = 1
18414 clock_gettime(CLOCK_BOOTTIME, {10149, 209142806}) = 0
18414 clock_gettime(CLOCK_BOOTTIME, {10149, 209240732}) = 0
18414 select(7, [3 4], [3], NULL, NULL) = 1 (out [3])
18414 clock_gettime(CLOCK_BOOTTIME, {10149, 209380066}) = 0
18414 write(3, "\237\301\213\247C}\27\2710\267iI5\360\354|\2119$\232x%\256\374\312\271\201\347D\32n\310"..., 36) = 36
18414 clock_gettime(CLOCK_BOOTTIME, {10149, 209791279}) = 0
18414 clock_gettime(CLOCK_BOOTTIME, {10149, 209852301}) = 0
18414 select(7, [3 4], [], NULL, NULL)  = 1 (in [3])
18414 clock_gettime(CLOCK_BOOTTIME, {10149, 211619206}) = 0
18414 read(3, "\263\337\220S\256\2\333\204\351\221\21\334\356ew\374W\312\262\211-xr\23\t\316j!\17a\371\310"..., 8192) = 36
18414 clock_gettime(CLOCK_BOOTTIME, {10149, 211754030}) = 0
18414 clock_gettime(CLOCK_BOOTTIME, {10149, 211802337}) = 0
18414 select(7, [3 4], [5], NULL, NULL) = 1 (out [5])
18414 clock_gettime(CLOCK_BOOTTIME, {10149, 211921167}) = 0
18414 write(5, "p", 1)                  = 1
18414 clock_gettime(CLOCK_BOOTTIME, {10149, 212689266}) = 0
18414 clock_gettime(CLOCK_BOOTTIME, {10149, 212784673}) = 0
18414 select(7, [3 4], [], NULL, NULL)  = 1 (in [4])
18414 clock_gettime(CLOCK_BOOTTIME, {10149, 420009614}) = 0
18414 read(4, "\r", 16384)              = 1
18414 clock_gettime(CLOCK_BOOTTIME, {10149, 420102141}) = 0
18414 clock_gettime(CLOCK_BOOTTIME, {10149, 420134252}) = 0
18414 select(7, [3 4], [3], NULL, NULL) = 1 (out [3])
18414 clock_gettime(CLOCK_BOOTTIME, {10149, 420213555}) = 0
18414 write(3, "\32\355\354\256\26g\7\215G@\2\272A\211v\311.\245qm\272\344\213tV\v\242\236\304\337\377\333"..., 36) = 36
18414 clock_gettime(CLOCK_BOOTTIME, {10149, 420755362}) = 0
18414 clock_gettime(CLOCK_BOOTTIME, {10149, 420791623}) = 0
18414 select(7, [3 4], [], NULL, NULL)  = 1 (in [3])
18414 clock_gettime(CLOCK_BOOTTIME, {10149, 422898987}) = 0
18414 read(3, "\256\23\2766\224a#\304\270\363\263\357\255(Al\17\351\221]\274\240\337<\355<B\331\235\245\3\26"..., 8192) = 36
18414 clock_gettime(CLOCK_BOOTTIME, {10149, 422997671}) = 0
18414 clock_gettime(CLOCK_BOOTTIME, {10149, 423029568}) = 0
18414 select(7, [3 4], [5], NULL, NULL) = 1 (out [5])
18414 clock_gettime(CLOCK_BOOTTIME, {10149, 423111041}) = 0
18414 write(5, "\r\n", 2)               = 2
18414 clock_gettime(CLOCK_BOOTTIME, {10149, 423508947}) = 0
18414 clock_gettime(CLOCK_BOOTTIME, {10149, 423565931}) = 0
18414 select(7, [3 4], [], NULL, NULL)  = 1 (in [3])
18414 clock_gettime(CLOCK_BOOTTIME, {10149, 433408800}) = 0
18414 read(3, "\21\204\373\225\307\5\375'\224\304\0NJ\255\36\25,\243N/cy\200\231\37}\343\217:\245\201Q"..., 8192) = 52
18414 clock_gettime(CLOCK_BOOTTIME, {10149, 433545599}) = 0
18414 clock_gettime(CLOCK_BOOTTIME, {10149, 433603531}) = 0
18414 select(7, [3 4], [5], NULL, NULL) = 1 (out [5])
18414 clock_gettime(CLOCK_BOOTTIME, {10149, 433714808}) = 0
18414 write(5, "\33[?25l\33[?1c", 11)   = 11
18414 clock_gettime(CLOCK_BOOTTIME, {10149, 434179592}) = 0
18414 clock_gettime(CLOCK_BOOTTIME, {10149, 434216260}) = 0
18414 select(7, [3 4], [], NULL, NULL)  = 1 (in [3])
18414 clock_gettime(CLOCK_BOOTTIME, {10149, 617540761}) = 0
18414 read(3, ",\365\377\310Mq\316\10^\355\31\340\336E\361\347\276\277TG\331>M\261\320\321T\357\32\"\343C"..., 8192) = 3540
18414 clock_gettime(CLOCK_BOOTTIME, {10149, 617920468}) = 0
18414 clock_gettime(CLOCK_BOOTTIME, {10149, 618005732}) = 0
18414 select(7, [3 4], [5], NULL, NULL) = 1 (out [5])
18414 clock_gettime(CLOCK_BOOTTIME, {10149, 618258244}) = 0
18414 write(5, "\33[H\33[J\33[0;10mtop - 20:49:07 up  "..., 3501) = 3501
18414 clock_gettime(CLOCK_BOOTTIME, {10149, 621182146}) = 0
18414 clock_gettime(CLOCK_BOOTTIME, {10149, 621277317}) = 0
18414 select(7, [3 4], [], NULL, NULL)  = 1 (in [4])
18414 clock_gettime(CLOCK_BOOTTIME, {10150, 713662968}) = 0
18414 read(4, "M", 16384)               = 1
18414 clock_gettime(CLOCK_BOOTTIME, {10150, 713955751}) = 0
18414 clock_gettime(CLOCK_BOOTTIME, {10150, 714053410}) = 0
18414 select(7, [3 4], [3], NULL, NULL) = 1 (out [3])
18414 clock_gettime(CLOCK_BOOTTIME, {10150, 714329535}) = 0
18414 write(3, "\267\266e\237\272\375\r\350D\243\22\310C1r\216\215`\210\372~C\354\245J[1=\257Uq+"..., 36) = 36
18414 clock_gettime(CLOCK_BOOTTIME, {10150, 714924533}) = 0
18414 clock_gettime(CLOCK_BOOTTIME, {10150, 715022383}) = 0
18414 select(7, [3 4], [], NULL, NULL)  = 1 (in [3])
18414 clock_gettime(CLOCK_BOOTTIME, {10150, 728981707}) = 0
18414 read(3, ">\217\330.\305\356j\233\317\306\264\327\216Pe\325\n/\363\304J\264\236\6eWT\200c\277\336("..., 8192) = 52
18414 clock_gettime(CLOCK_BOOTTIME, {10150, 729352695}) = 0
18414 clock_gettime(CLOCK_BOOTTIME, {10150, 729457751}) = 0
18414 select(7, [3 4], [5], NULL, NULL) = 1 (out [5])
18414 clock_gettime(CLOCK_BOOTTIME, {10150, 729705185}) = 0
18414 write(5, "\33[?25l\33[?1c", 11)   = 11
18414 clock_gettime(CLOCK_BOOTTIME, {10150, 730595077}) = 0
18414 clock_gettime(CLOCK_BOOTTIME, {10150, 730652221}) = 0
18414 select(7, [3 4], [], NULL, NULL)  = 1 (in [3])
18414 clock_gettime(CLOCK_BOOTTIME, {10150, 737612305}) = 0
18414 read(3, "\315\263E\36\374\320$\363m\\}l\245b\256\277\351\205fA\3058-K?\30\352\22\301\273\366\215"..., 8192) = 3532
18414 clock_gettime(CLOCK_BOOTTIME, {10150, 737861924}) = 0
18414 clock_gettime(CLOCK_BOOTTIME, {10150, 737919595}) = 0
18414 select(7, [3 4], [5], NULL, NULL) = 1 (out [5])
18414 clock_gettime(CLOCK_BOOTTIME, {10150, 738063021}) = 0
18414 write(5, "\33[H\33[0;10mtop - 20:49:08 up  3:1"..., 3498) = 3498
18414 clock_gettime(CLOCK_BOOTTIME, {10150, 739461582}) = 0
18414 clock_gettime(CLOCK_BOOTTIME, {10150, 739552041}) = 0
18414 select(7, [3 4], [], NULL, NULL)  = 1 (in [4])
18414 clock_gettime(CLOCK_BOOTTIME, {10151, 34596982}) = 0
18414 read(4, "q", 16384)               = 1
18414 clock_gettime(CLOCK_BOOTTIME, {10151, 34737616}) = 0
18414 clock_gettime(CLOCK_BOOTTIME, {10151, 34786139}) = 0
18414 select(7, [3 4], [3], NULL, NULL) = 1 (out [3])
18414 clock_gettime(CLOCK_BOOTTIME, {10151, 34907653}) = 0
18414 write(3, "\2657\214x\0061\233EKp\30z\25WR\332\f\2743\21~\0@\271\237\335T\30\241\355<\4"..., 36) = 36
18414 clock_gettime(CLOCK_BOOTTIME, {10151, 35901124}) = 0
18414 clock_gettime(CLOCK_BOOTTIME, {10151, 35964074}) = 0
18414 select(7, [3 4], [], NULL, NULL)  = 1 (in [3])
18414 clock_gettime(CLOCK_BOOTTIME, {10151, 38429347}) = 0
18414 read(3, "\213\216\23\307\305N\10'\305\220]Q\225\231\200S\255\270p\243\317\356tzp\306\306\215\362\6\265\327"..., 8192) = 84
18414 clock_gettime(CLOCK_BOOTTIME, {10151, 38630405}) = 0
18414 clock_gettime(CLOCK_BOOTTIME, {10151, 38681918}) = 0
18414 select(7, [3 4], [5], NULL, NULL) = 1 (out [5])
18414 clock_gettime(CLOCK_BOOTTIME, {10151, 39160862}) = 0
18414 write(5, "\33[25;1H\r\n\33[?25h\33[?0c\33[K[root@loc"..., 43) = 43
18414 clock_gettime(CLOCK_BOOTTIME, {10151, 39641747}) = 0
18414 clock_gettime(CLOCK_BOOTTIME, {10151, 42803538}) = 0
18414 select(7, [3 4], [], NULL, NULL)  = 1 (in [4])
18414 clock_gettime(CLOCK_BOOTTIME, {10151, 510513615}) = 0
18414 read(4, "e", 16384)               = 1
18414 clock_gettime(CLOCK_BOOTTIME, {10151, 510658592}) = 0
18414 clock_gettime(CLOCK_BOOTTIME, {10151, 510709578}) = 0
18414 select(7, [3 4], [3], NULL, NULL) = 1 (out [3])
18414 clock_gettime(CLOCK_BOOTTIME, {10151, 510833974}) = 0
18414 write(3, "\324)\317\203pu\255=\247\253\2217\211\5\367\376\220\274\257\241\200\375\252\306\373\376V,\201\222\205\346"..., 36) = 36
18414 clock_gettime(CLOCK_BOOTTIME, {10151, 511574317}) = 0
18414 clock_gettime(CLOCK_BOOTTIME, {10151, 511631022}) = 0
18414 select(7, [3 4], [], NULL, NULL)  = 1 (in [3])
18414 clock_gettime(CLOCK_BOOTTIME, {10151, 513039983}) = 0
18414 read(3, "\32{\253O\221\370\375\233\335\301\221C\301\324\377\2054\246\272>\232\23\242\255\250N\24].y\376\223"..., 8192) = 36
18414 clock_gettime(CLOCK_BOOTTIME, {10151, 513184699}) = 0
18414 clock_gettime(CLOCK_BOOTTIME, {10151, 513235288}) = 0
18414 select(7, [3 4], [5], NULL, NULL) = 1 (out [5])
18414 clock_gettime(CLOCK_BOOTTIME, {10151, 513362360}) = 0
18414 write(5, "e", 1)                  = 1
18414 clock_gettime(CLOCK_BOOTTIME, {10151, 514106374}) = 0
18414 clock_gettime(CLOCK_BOOTTIME, {10151, 514159993}) = 0
18414 select(7, [3 4], [], NULL, NULL)  = 1 (in [4])
18414 clock_gettime(CLOCK_BOOTTIME, {10151, 687300085}) = 0
18414 read(4, "x", 16384)               = 1
18414 clock_gettime(CLOCK_BOOTTIME, {10151, 687449792}) = 0
18414 clock_gettime(CLOCK_BOOTTIME, {10151, 687498527}) = 0
18414 select(7, [3 4], [3], NULL, NULL) = 1 (out [3])
18414 clock_gettime(CLOCK_BOOTTIME, {10151, 687620124}) = 0
18414 write(3, "LZk\1LA[<\226\353\20\264\313\374`b\221n\0104\346M\246\6\1\306m|\330v\236I"..., 36) = 36
18414 clock_gettime(CLOCK_BOOTTIME, {10151, 687976234}) = 0
18414 clock_gettime(CLOCK_BOOTTIME, {10151, 688101823}) = 0
18414 select(7, [3 4], [], NULL, NULL)  = 1 (in [3])
18414 clock_gettime(CLOCK_BOOTTIME, {10151, 689788639}) = 0
18414 read(3, "\327\32\362\316)\2R\270\321CVo\317\330\271C;t\355\274[\7\220*\4\311\232\223}Bi\334"..., 8192) = 36
18414 clock_gettime(CLOCK_BOOTTIME, {10151, 689924368}) = 0
18414 clock_gettime(CLOCK_BOOTTIME, {10151, 689972875}) = 0
18414 select(7, [3 4], [5], NULL, NULL) = 1 (out [5])
18414 clock_gettime(CLOCK_BOOTTIME, {10151, 690093737}) = 0
18414 write(5, "x", 1)                  = 1
18414 clock_gettime(CLOCK_BOOTTIME, {10151, 690533004}) = 0
18414 clock_gettime(CLOCK_BOOTTIME, {10151, 690585410}) = 0
18414 select(7, [3 4], [], NULL, NULL)  = 1 (in [4])
18414 clock_gettime(CLOCK_BOOTTIME, {10151, 789356049}) = 0
18414 read(4, "i", 16384)               = 1
18414 clock_gettime(CLOCK_BOOTTIME, {10151, 789501153}) = 0
18414 clock_gettime(CLOCK_BOOTTIME, {10151, 789549503}) = 0
18414 select(7, [3 4], [3], NULL, NULL) = 1 (out [3])
18414 clock_gettime(CLOCK_BOOTTIME, {10151, 789671431}) = 0
18414 write(3, "vKx\314\272\227T\271\35v\5\355M\36\204\202x\2535|\217\204\22\222\203x:\262H\233\372\346"..., 36) = 36
18414 clock_gettime(CLOCK_BOOTTIME, {10151, 790024043}) = 0
18414 clock_gettime(CLOCK_BOOTTIME, {10151, 790160654}) = 0
18414 select(7, [3 4], [], NULL, NULL)  = 1 (in [3])
18414 clock_gettime(CLOCK_BOOTTIME, {10151, 791837284}) = 0
18414 read(3, "\341\237\376\177P\0103Y\6B\27\230\301\273hb\3P\226\2676<~\362Y\367.\360.\34\n\330"..., 8192) = 36
18414 clock_gettime(CLOCK_BOOTTIME, {10151, 791973020}) = 0
18414 clock_gettime(CLOCK_BOOTTIME, {10151, 792021714}) = 0
18414 select(7, [3 4], [5], NULL, NULL) = 1 (out [5])
18414 clock_gettime(CLOCK_BOOTTIME, {10151, 792143020}) = 0
18414 write(5, "i", 1)                  = 1
18414 clock_gettime(CLOCK_BOOTTIME, {10151, 792654377}) = 0
18414 clock_gettime(CLOCK_BOOTTIME, {10151, 792707281}) = 0
18414 select(7, [3 4], [], NULL, NULL)  = 1 (in [4])
18414 clock_gettime(CLOCK_BOOTTIME, {10151, 946837023}) = 0
18414 read(4, "t", 16384)               = 1
18414 clock_gettime(CLOCK_BOOTTIME, {10151, 946991929}) = 0
18414 clock_gettime(CLOCK_BOOTTIME, {10151, 947047418}) = 0
18414 select(7, [3 4], [3], NULL, NULL) = 1 (out [3])
18414 clock_gettime(CLOCK_BOOTTIME, {10151, 947184307}) = 0
18414 write(3, "\t\331\37\265$R\275w*%\227\26\350\342\355\271\257\367\235\222\271_\300\334\370\372\16\327P\v\246\24"..., 36) = 36
18414 clock_gettime(CLOCK_BOOTTIME, {10151, 947704314}) = 0
18414 clock_gettime(CLOCK_BOOTTIME, {10151, 947772776}) = 0
18414 select(7, [3 4], [], NULL, NULL)  = 1 (in [3])
18414 clock_gettime(CLOCK_BOOTTIME, {10151, 949235032}) = 0
18414 read(3, "-t\371\251?\r\227>\213\25M\34\374'\337kE\306\222\316M \223\22\177\314E\26\35\372\342\370"..., 8192) = 36
18414 clock_gettime(CLOCK_BOOTTIME, {10151, 949378826}) = 0
18414 clock_gettime(CLOCK_BOOTTIME, {10151, 949482084}) = 0
18414 select(7, [3 4], [5], NULL, NULL) = 1 (out [5])
18414 clock_gettime(CLOCK_BOOTTIME, {10151, 949657764}) = 0
18414 write(5, "t", 1)                  = 1
18414 clock_gettime(CLOCK_BOOTTIME, {10151, 950350287}) = 0
18414 clock_gettime(CLOCK_BOOTTIME, {10151, 950451885}) = 0
18414 select(7, [3 4], [], NULL, NULL)  = 1 (in [4])
18414 clock_gettime(CLOCK_BOOTTIME, {10152, 114123102}) = 0
18414 read(4, "\r", 16384)              = 1
18414 clock_gettime(CLOCK_BOOTTIME, {10152, 114260900}) = 0
18414 clock_gettime(CLOCK_BOOTTIME, {10152, 114309280}) = 0
18414 select(7, [3 4], [3], NULL, NULL) = 1 (out [3])
18414 clock_gettime(CLOCK_BOOTTIME, {10152, 114428875}) = 0
18414 write(3, "ig\374\275t\371\341:\364=D\360\362\343\250Qq\254_%(U\352i\212\307\271\200\344\233\324\326"..., 36) = 36
18414 clock_gettime(CLOCK_BOOTTIME, {10152, 114825792}) = 0
18414 clock_gettime(CLOCK_BOOTTIME, {10152, 114878616}) = 0
18414 select(7, [3 4], [], NULL, NULL)  = 1 (in [3])
18414 clock_gettime(CLOCK_BOOTTIME, {10152, 119369846}) = 0
18414 read(3, "\317\235\346;\177\347^\337_.9\205b\327\263%\25\274\344\376h\177\257\247a6h\\A\255\213W"..., 8192) = 220
18414 close(4)                          = 0
18414 clock_gettime(CLOCK_BOOTTIME, {10152, 119622531}) = 0
18414 clock_gettime(CLOCK_BOOTTIME, {10152, 119671840}) = 0
18414 select(7, [3], [5], NULL, NULL)   = 1 (out [5])
18414 clock_gettime(CLOCK_BOOTTIME, {10152, 119794961}) = 0
18414 write(5, "\r\nlogout\r\n", 10)    = 10
18414 clock_gettime(CLOCK_BOOTTIME, {10152, 120534965}) = 0
18414 clock_gettime(CLOCK_BOOTTIME, {10152, 120621295}) = 0
18414 close(5)                          = 0
18414 ioctl(0, TCGETS, {B38400 -opost -isig -icanon -echo ...}) = 0
18414 ioctl(0, SNDCTL_TMR_STOP or TCSETSW, {B38400 opost isig icanon echo ...}) = 0
18414 ioctl(0, TCGETS, {B38400 opost isig icanon echo ...}) = 0
18414 close(6)                          = 0
18414 select(7, [3], [3], NULL, NULL)   = 1 (out [3])
18414 clock_gettime(CLOCK_BOOTTIME, {10152, 121026327}) = 0
18414 write(3, "\233\312Q\6\252\317\377\306\230$7zo\277\214`kl\5(\3115=\206\333~\310\234k\256n4"..., 36) = 36
18414 rt_sigaction(SIGWINCH, NULL, {0x564af2e5d740, [], SA_RESTORER, 0x7f1514b3c4b0}, 8) = 0
18414 rt_sigaction(SIGWINCH, {SIG_DFL, [], SA_RESTORER, 0x7f1514b3c4b0}, NULL, 8) = 0
18414 write(3, "\24\216\22\0008\204\320\305\335@a\303~\333\200T\\\353D3\31\311\275\2\250|tO\\\223yZ"..., 60) = 60
18414 ioctl(0, TCGETS, {B38400 opost isig icanon echo ...}) = 0
18414 ioctl(1, TCGETS, {B38400 opost isig icanon echo ...}) = 0
18414 ioctl(2, TCGETS, {B38400 opost isig icanon echo ...}) = 0
18414 write(2, "Connection to 192.168.12.49 clos"..., 37) = 37
18414 shutdown(3, SHUT_RDWR)            = 0
18414 close(3)                          = 0
18414 exit_group(0)                     = ?
18414 +++ exited with 0 +++
