19539 07:12:49.800315 select(4, [3], NULL, NULL, NULL) = 1 (in [3])
19539 07:12:49.805140 read(3, "\0\0\1\4\n\37\0\0\0h\0\0\0\23ecdsa-sha2-nistp25"..., 8192) = 280
19539 07:12:49.805551 open("/home/ago/.ssh/known_hosts", O_RDONLY) = 4
19539 07:12:49.806032 fstat(4, {st_mode=S_IFREG|0644, st_size=350, ...}) = 0
19539 07:12:49.806088 read(4, "192.168.12.60 ecdsa-sha2-nistp25"..., 4096) = 350
19539 07:12:49.806326 read(4, "", 4096) = 0
19539 07:12:49.806366 close(4)          = 0
19539 07:12:49.806404 open("/home/ago/.ssh/known_hosts2", O_RDONLY) = -1 ENOENT (No such file or directory)
19539 07:12:49.806458 open("/usr/local/openssh7/etc/ssh_known_hosts", O_RDONLY) = -1 ENOENT (No such file or directory)
19539 07:12:49.806504 open("/usr/local/openssh7/etc/ssh_known_hosts2", O_RDONLY) = -1 ENOENT (No such file or directory)
19539 07:12:49.810171 clock_gettime(CLOCK_BOOTTIME, {18775, 549050895}) = 0
19539 07:12:49.810252 write(3, "\0\0\0\f\n\25\0\0\0\0\0\0\0\0\0\0", 16) = 16
19539 07:12:49.810479 write(3, "\21\363\315\35K\245\211\331\327\326n.H\207\304\317\2727H\306\16;\231\20O\\\222>\266\3573\216"..., 44) = 44
19539 07:12:49.810528 select(4, [3], NULL, NULL, NULL) = 1 (in [3])
19539 07:12:49.852756 read(3, "W\302\34?\271\200G\26I\237\276UR/\0G]\0<1\f\215\2153\35\374\274\rH\361\1\310"..., 8192) = 44
19539 07:12:49.852893 write(3, "\271 -\217`S\362\207\244?\301\266\t@a\317\223\347\304\237?k\213\314#^9\324?l\366\365"..., 60) = 60
19539 07:12:49.853205 select(4, [3], NULL, NULL, NULL) = 1 (in [3])
19539 07:12:49.855280 read(3, "H\350\360+_\204\325!_&\\\24\n\17\221\237\303{\0260S\354&\361:\345{g\321r\223\270"..., 8192) = 52
19539 07:12:49.855383 stat("/home/ago/.ssh/id_rsa", 0x7ffecfa861f0) = -1 ENOENT (No such file or directory)
19539 07:12:49.855478 stat("/home/ago/.ssh/id_dsa", 0x7ffecfa861f0) = -1 ENOENT (No such file or directory)
19539 07:12:49.855551 stat("/home/ago/.ssh/id_ecdsa", 0x7ffecfa861f0) = -1 ENOENT (No such file or directory)
19539 07:12:49.855712 stat("/home/ago/.ssh/id_ed25519", 0x7ffecfa861f0) = -1 ENOENT (No such file or directory)
19539 07:12:49.855834 open("/dev/tty", O_RDWR) = 4
19539 07:12:49.855931 close(4)          = 0
19539 07:12:49.856021 open("/dev/tty", O_RDWR) = 4
19539 07:12:49.856114 ioctl(4, TCGETS, {B38400 opost isig icanon echo ...}) = 0
19539 07:12:49.856191 ioctl(4, TCGETS, {B38400 opost isig icanon echo ...}) = 0
19539 07:12:49.856288 ioctl(4, SNDCTL_TMR_CONTINUE or TCSETSF, {B38400 opost isig icanon -echo ...}) = 0
19539 07:12:49.856402 ioctl(4, TCGETS, {B38400 opost isig icanon -echo ...}) = 0
19539 07:12:49.856508 rt_sigaction(SIGALRM, {0x562fe1cda350, [], SA_RESTORER, 0x7f5c4bb6b4b0}, {SIG_DFL, [], 0}, 8) = 0
19539 07:12:49.856643 rt_sigaction(SIGHUP, {0x562fe1cda350, [], SA_RESTORER, 0x7f5c4bb6b4b0}, {SIG_DFL, [], 0}, 8) = 0
19539 07:12:49.856753 rt_sigaction(SIGINT, {0x562fe1cda350, [], SA_RESTORER, 0x7f5c4bb6b4b0}, {SIG_DFL, [], 0}, 8) = 0
19539 07:12:49.856820 rt_sigaction(SIGPIPE, {0x562fe1cda350, [], SA_RESTORER, 0x7f5c4bb6b4b0}, {SIG_IGN, [], SA_RESTORER, 0x7f5c4bb6b4b0}, 8) = 0
19539 07:12:49.856886 rt_sigaction(SIGQUIT, {0x562fe1cda350, [], SA_RESTORER, 0x7f5c4bb6b4b0}, {SIG_DFL, [], 0}, 8) = 0
19539 07:12:49.856951 rt_sigaction(SIGTERM, {0x562fe1cda350, [], SA_RESTORER, 0x7f5c4bb6b4b0}, {SIG_DFL, [], 0}, 8) = 0
19539 07:12:49.857015 rt_sigaction(SIGTSTP, {0x562fe1cda350, [], SA_RESTORER, 0x7f5c4bb6b4b0}, {SIG_DFL, [], 0}, 8) = 0
19539 07:12:49.857079 rt_sigaction(SIGTTIN, {0x562fe1cda350, [], SA_RESTORER, 0x7f5c4bb6b4b0}, {SIG_DFL, [], 0}, 8) = 0
19539 07:12:49.857143 rt_sigaction(SIGTTOU, {0x562fe1cda350, [], SA_RESTORER, 0x7f5c4bb6b4b0}, {SIG_DFL, [], 0}, 8) = 0
19539 07:12:49.857207 write(4, "root@192.168.12.49's password: ", 31) = 31
19539 07:12:49.857350 read(4, "1", 1)   = 1
19539 07:12:49.857417 read(4, "2", 1)   = 1
19539 07:12:49.857478 read(4, "3", 1)   = 1
19539 07:12:49.857538 read(4, "4", 1)   = 1
19539 07:12:49.857762 read(4, "5", 1)   = 1
19539 07:12:49.857850 read(4, "6", 1)   = 1
19539 07:12:49.857914 read(4, "\n", 1)  = 1
19539 07:12:49.857975 write(4, "\n", 1) = 1
19539 07:12:49.858088 ioctl(4, TCGETS, {B38400 opost isig icanon -echo ...}) = 0
19539 07:12:49.858156 ioctl(4, SNDCTL_TMR_CONTINUE or TCSETSF, {B38400 opost isig icanon echo ...}) = 0
19539 07:12:49.858219 ioctl(4, TCGETS, {B38400 opost isig icanon echo ...}) = 0
19539 07:12:49.858280 rt_sigaction(SIGALRM, {SIG_DFL, [], SA_RESTORER, 0x7f5c4bb6b4b0}, NULL, 8) = 0
19539 07:12:49.858338 rt_sigaction(SIGHUP, {SIG_DFL, [], SA_RESTORER, 0x7f5c4bb6b4b0}, NULL, 8) = 0
19539 07:12:49.858394 rt_sigaction(SIGINT, {SIG_DFL, [], SA_RESTORER, 0x7f5c4bb6b4b0}, NULL, 8) = 0
19539 07:12:49.858448 rt_sigaction(SIGQUIT, {SIG_DFL, [], SA_RESTORER, 0x7f5c4bb6b4b0}, NULL, 8) = 0
19539 07:12:49.858502 rt_sigaction(SIGPIPE, {SIG_IGN, [], SA_RESTORER, 0x7f5c4bb6b4b0}, NULL, 8) = 0
19539 07:12:49.858557 rt_sigaction(SIGTERM, {SIG_DFL, [], SA_RESTORER, 0x7f5c4bb6b4b0}, NULL, 8) = 0
19539 07:12:49.858681 rt_sigaction(SIGTSTP, {SIG_DFL, [], SA_RESTORER, 0x7f5c4bb6b4b0}, NULL, 8) = 0
19539 07:12:49.858762 rt_sigaction(SIGTTIN, {SIG_DFL, [], SA_RESTORER, 0x7f5c4bb6b4b0}, NULL, 8) = 0
19539 07:12:49.858819 rt_sigaction(SIGTTOU, {SIG_DFL, [], SA_RESTORER, 0x7f5c4bb6b4b0}, NULL, 8) = 0
19539 07:12:49.858874 close(4)          = 0
19539 07:12:49.858955 write(3, "g42\224\336\320L\32!\215n[.M\0025v\343\0072u\236\314_T\324\32\"\336\214\364\326"..., 84) = 84
19539 07:12:49.859290 select(4, [3], NULL, NULL, NULL) = 1 (in [3])
19539 07:12:49.921710 read(3, "?\337\262M\376\270\343\37\322\31&'\277\305\363\260M~\312\312C\3123\212\207'/k", 8192) = 28
19539 07:12:49.921901 dup(0)            = 4
19539 07:12:49.922006 dup(1)            = 5
19539 07:12:49.922101 dup(2)            = 6
19539 07:12:49.922198 ioctl(4, TCGETS, {B38400 opost isig icanon echo ...}) = 0
19539 07:12:49.922323 ioctl(5, TCGETS, {B38400 opost isig icanon echo ...}) = 0
19539 07:12:49.922435 ioctl(6, TCGETS, {B38400 opost isig icanon echo ...}) = 0
19539 07:12:49.922568 fcntl(4, F_SETFD, FD_CLOEXEC) = 0
19539 07:12:49.922722 fcntl(5, F_SETFD, FD_CLOEXEC) = 0
19539 07:12:49.922819 fcntl(6, F_SETFD, FD_CLOEXEC) = 0
19539 07:12:49.922957 rt_sigaction(SIGHUP, NULL, {SIG_DFL, [], SA_RESTORER, 0x7f5c4bb6b4b0}, 8) = 0
19539 07:12:49.923083 rt_sigaction(SIGHUP, {SIG_IGN, [], SA_RESTORER, 0x7f5c4bb6b4b0}, NULL, 8) = 0
19539 07:12:49.923198 rt_sigaction(SIGHUP, NULL, {SIG_IGN, [], SA_RESTORER, 0x7f5c4bb6b4b0}, 8) = 0
19539 07:12:49.923307 rt_sigaction(SIGHUP, {0x562fe1c834d0, [], SA_RESTORER, 0x7f5c4bb6b4b0}, NULL, 8) = 0
19539 07:12:49.923414 rt_sigaction(SIGINT, NULL, {SIG_DFL, [], SA_RESTORER, 0x7f5c4bb6b4b0}, 8) = 0
19539 07:12:49.923512 rt_sigaction(SIGINT, {SIG_IGN, [], SA_RESTORER, 0x7f5c4bb6b4b0}, NULL, 8) = 0
19539 07:12:49.923601 rt_sigaction(SIGINT, NULL, {SIG_IGN, [], SA_RESTORER, 0x7f5c4bb6b4b0}, 8) = 0
19539 07:12:49.923768 rt_sigaction(SIGINT, {0x562fe1c834d0, [], SA_RESTORER, 0x7f5c4bb6b4b0}, NULL, 8) = 0
19539 07:12:49.923874 rt_sigaction(SIGQUIT, NULL, {SIG_DFL, [], SA_RESTORER, 0x7f5c4bb6b4b0}, 8) = 0
19539 07:12:49.923950 rt_sigaction(SIGQUIT, {SIG_IGN, [], SA_RESTORER, 0x7f5c4bb6b4b0}, NULL, 8) = 0
19539 07:12:49.924009 rt_sigaction(SIGQUIT, NULL, {SIG_IGN, [], SA_RESTORER, 0x7f5c4bb6b4b0}, 8) = 0
19539 07:12:49.924067 rt_sigaction(SIGQUIT, {0x562fe1c834d0, [], SA_RESTORER, 0x7f5c4bb6b4b0}, NULL, 8) = 0
19539 07:12:49.924132 rt_sigaction(SIGTERM, NULL, {SIG_DFL, [], SA_RESTORER, 0x7f5c4bb6b4b0}, 8) = 0
19539 07:12:49.924197 rt_sigaction(SIGTERM, {SIG_IGN, [], SA_RESTORER, 0x7f5c4bb6b4b0}, NULL, 8) = 0
19539 07:12:49.924264 rt_sigaction(SIGTERM, NULL, {SIG_IGN, [], SA_RESTORER, 0x7f5c4bb6b4b0}, 8) = 0
19539 07:12:49.924327 rt_sigaction(SIGTERM, {0x562fe1c834d0, [], SA_RESTORER, 0x7f5c4bb6b4b0}, NULL, 8) = 0
19539 07:12:49.924394 rt_sigaction(SIGWINCH, NULL, {SIG_DFL, [], 0}, 8) = 0
19539 07:12:49.924461 rt_sigaction(SIGWINCH, {0x562fe1c83740, [], SA_RESTORER, 0x7f5c4bb6b4b0}, NULL, 8) = 0
19539 07:12:49.924530 ioctl(0, TCGETS, {B38400 opost isig icanon echo ...}) = 0
19539 07:12:49.924624 ioctl(0, TCGETS, {B38400 opost isig icanon echo ...}) = 0
19539 07:12:49.924940 ioctl(0, SNDCTL_TMR_STOP or TCSETSW, {B38400 -opost -isig -icanon -echo ...}) = 0
19539 07:12:49.925168 ioctl(0, TCGETS, {B38400 -opost -isig -icanon -echo ...}) = 0
19539 07:12:49.925262 clock_gettime(CLOCK_BOOTTIME, {18775, 664126074}) = 0
19539 07:12:49.925336 clock_gettime(CLOCK_BOOTTIME, {18775, 664195552}) = 0
19539 07:12:49.925424 select(7, [3], [3], NULL, NULL) = 1 (out [3])
19539 07:12:49.925529 clock_gettime(CLOCK_BOOTTIME, {18775, 664394124}) = 0
19539 07:12:49.925621 write(3, "\314\354Bt\376\214\316j\204!{\214\376l\26L\362}\352\243B\311\374(\224\300\255\257\372*\177\256"..., 112) = 112
19539 07:12:49.926560 clock_gettime(CLOCK_BOOTTIME, {18775, 665442944}) = 0
19539 07:12:49.927108 clock_gettime(CLOCK_BOOTTIME, {18775, 665996921}) = 0
19539 07:12:49.927229 select(7, [3], [], NULL, NULL) = 1 (in [3])
19539 07:12:49.941282 clock_gettime(CLOCK_BOOTTIME, {18775, 680159443}) = 0
19539 07:12:49.941367 read(3, "\"\372\33\274b\22\"\f\352|\310\200'\35\342\30#\347h\362!g0\vB\264\274\215\301\7vp"..., 8192) = 44
19539 07:12:49.941478 getsockopt(3, SOL_TCP, TCP_NODELAY, [0], [4]) = 0
19539 07:12:49.941565 setsockopt(3, SOL_TCP, TCP_NODELAY, [1], 4) = 0
19539 07:12:49.941627 getsockname(3, {sa_family=AF_INET, sin_port=htons(40886), sin_addr=inet_addr("192.168.56.191")}, [16]) = 0
19539 07:12:49.941823 setsockopt(3, SOL_IP, IP_TOS, [16], 4) = 0
19539 07:12:49.941893 ioctl(0, TIOCGWINSZ, {ws_row=24, ws_col=50, ws_xpixel=0, ws_ypixel=0}) = 0
19539 07:12:49.942003 clock_gettime(CLOCK_BOOTTIME, {18775, 680864844}) = 0
19539 07:12:49.942067 clock_gettime(CLOCK_BOOTTIME, {18775, 680923885}) = 0
19539 07:12:49.942125 select(7, [3], [3], NULL, NULL) = 1 (out [3])
19539 07:12:49.942204 clock_gettime(CLOCK_BOOTTIME, {18775, 681061792}) = 0
19539 07:12:49.942263 write(3, "\3300\275I\364V\224x\336\372\247\3006\277G\37\237%\177'\37\265\n\230\276\360}\"9p\352N"..., 376) = 376
19539 07:12:49.942916 clock_gettime(CLOCK_BOOTTIME, {18775, 681778492}) = 0
19539 07:12:49.942985 clock_gettime(CLOCK_BOOTTIME, {18775, 681843062}) = 0
19539 07:12:49.943044 select(7, [3], [], NULL, NULL) = 1 (in [3])
19539 07:12:49.945328 clock_gettime(CLOCK_BOOTTIME, {18775, 684190937}) = 0
19539 07:12:49.945394 read(3, "[\355\253iW\214#\24G\234RX\344\271U]\366/h\220\301\303\344\256\204\255\374p!\242\252\234"..., 8192) = 108
19539 07:12:49.945486 clock_gettime(CLOCK_BOOTTIME, {18775, 684346113}) = 0
19539 07:12:49.945547 clock_gettime(CLOCK_BOOTTIME, {18775, 684403580}) = 0
19539 07:12:49.945604 select(7, [3 4], [], NULL, NULL) = 1 (in [3])
19539 07:12:49.955372 clock_gettime(CLOCK_BOOTTIME, {18775, 694259217}) = 0
19539 07:12:49.955495 read(3, "\221'#V_\1k\232\306\233\323v\207\r\3454\2526{\221\32\267 \303\215\361\214bN\364\363h"..., 8192) = 92
19539 07:12:49.956012 clock_gettime(CLOCK_BOOTTIME, {18775, 694881294}) = 0
19539 07:12:49.956086 clock_gettime(CLOCK_BOOTTIME, {18775, 694944070}) = 0
19539 07:12:49.956146 select(7, [3 4], [5], NULL, NULL) = 1 (out [5])
19539 07:12:49.956235 clock_gettime(CLOCK_BOOTTIME, {18775, 695092738}) = 0
19539 07:12:49.956294 write(5, "Last login: Sat Aug 12 22:14:35 "..., 58) = 58
19539 07:12:49.957018 clock_gettime(CLOCK_BOOTTIME, {18775, 695886443}) = 0
19539 07:12:49.957095 clock_gettime(CLOCK_BOOTTIME, {18775, 695952858}) = 0
19539 07:12:49.957155 select(7, [3 4], [], NULL, NULL) = 1 (in [3])
19539 07:12:50.006371 clock_gettime(CLOCK_BOOTTIME, {18775, 745247985}) = 0
19539 07:12:50.006457 read(3, "\310\4f\231n\312\335gz\17\355\314\341\32\274!^\3229\201\334\312\366\251w\363\210\236\304\307\354l"..., 8192) = 60
19539 07:12:50.006559 clock_gettime(CLOCK_BOOTTIME, {18775, 745419128}) = 0
19539 07:12:50.006620 clock_gettime(CLOCK_BOOTTIME, {18775, 745477558}) = 0
19539 07:12:50.006679 select(7, [3 4], [5], NULL, NULL) = 1 (out [5])
19539 07:12:50.006830 clock_gettime(CLOCK_BOOTTIME, {18775, 745690368}) = 0
19539 07:12:50.006891 write(5, "[root@localhost ~]# ", 20) = 20
19539 07:12:50.007614 clock_gettime(CLOCK_BOOTTIME, {18775, 746492562}) = 0
19539 07:12:50.007769 clock_gettime(CLOCK_BOOTTIME, {18775, 746672168}) = 0
19539 07:12:50.007943 select(7, [3 4], [], NULL, NULL) = 1 (in [4])
19539 07:12:52.400210 clock_gettime(CLOCK_BOOTTIME, {18778, 139087271}) = 0
19539 07:12:52.400297 read(4, "e", 16384) = 1
19539 07:12:52.400503 clock_gettime(CLOCK_BOOTTIME, {18778, 139368480}) = 0
19539 07:12:52.400572 clock_gettime(CLOCK_BOOTTIME, {18778, 139431096}) = 0
19539 07:12:52.400634 select(7, [3 4], [3], NULL, NULL) = 1 (out [3])
19539 07:12:52.400719 clock_gettime(CLOCK_BOOTTIME, {18778, 139577873}) = 0
19539 07:12:52.400780 write(3, "\357\3253B\361Rf^\211\6\310\30\264K\310\371\363j\244\3168`\2654\331\253_\215\20\340\360\255"..., 36) = 36
19539 07:12:52.401096 clock_gettime(CLOCK_BOOTTIME, {18778, 139958088}) = 0
19539 07:12:52.401162 clock_gettime(CLOCK_BOOTTIME, {18778, 140020586}) = 0
19539 07:12:52.401224 select(7, [3 4], [], NULL, NULL) = 1 (in [3])
19539 07:12:52.402676 clock_gettime(CLOCK_BOOTTIME, {18778, 141544224}) = 0
19539 07:12:52.402752 read(3, "KX\3638\373\0362\326\212\312I\364\345>i9\340\375d=\314&\333\325\200JQ\310\212\207\332\326"..., 8192) = 36
19539 07:12:52.402843 clock_gettime(CLOCK_BOOTTIME, {18778, 141703743}) = 0
19539 07:12:52.402906 clock_gettime(CLOCK_BOOTTIME, {18778, 141764448}) = 0
19539 07:12:52.402967 select(7, [3 4], [5], NULL, NULL) = 1 (out [5])
19539 07:12:52.403050 clock_gettime(CLOCK_BOOTTIME, {18778, 141909161}) = 0
19539 07:12:52.403111 write(5, "e", 1)  = 1
19539 07:12:52.403867 clock_gettime(CLOCK_BOOTTIME, {18778, 142731567}) = 0
19539 07:12:52.403939 clock_gettime(CLOCK_BOOTTIME, {18778, 142797794}) = 0
19539 07:12:52.404000 select(7, [3 4], [], NULL, NULL) = 1 (in [4])
19539 07:12:52.591992 clock_gettime(CLOCK_BOOTTIME, {18778, 330868887}) = 0
19539 07:12:52.592077 read(4, "x", 16384) = 1
19539 07:12:52.592172 clock_gettime(CLOCK_BOOTTIME, {18778, 331032312}) = 0
19539 07:12:52.592234 clock_gettime(CLOCK_BOOTTIME, {18778, 331092125}) = 0
19539 07:12:52.592295 select(7, [3 4], [3], NULL, NULL) = 1 (out [3])
19539 07:12:52.592376 clock_gettime(CLOCK_BOOTTIME, {18778, 331235120}) = 0
19539 07:12:52.592437 write(3, "\2\217\302ON\253sH\3001\375\243\356+A\355K+\331\2569{n3X\374%\331`\366i\253"..., 36) = 36
19539 07:12:52.593283 clock_gettime(CLOCK_BOOTTIME, {18778, 332161849}) = 0
19539 07:12:52.593374 clock_gettime(CLOCK_BOOTTIME, {18778, 332233742}) = 0
19539 07:12:52.593438 select(7, [3 4], [], NULL, NULL) = 1 (in [3])
19539 07:12:52.594391 clock_gettime(CLOCK_BOOTTIME, {18778, 333254751}) = 0
19539 07:12:52.594493 read(3, "\236 \270t\240\302\241~\376\315\311#J\t>o\215js\36\236z\260~\377e\302\324\27&\16]"..., 8192) = 36
19539 07:12:52.594595 clock_gettime(CLOCK_BOOTTIME, {18778, 333456607}) = 0
19539 07:12:52.594659 clock_gettime(CLOCK_BOOTTIME, {18778, 333516643}) = 0
19539 07:12:52.594718 select(7, [3 4], [5], NULL, NULL) = 1 (out [5])
19539 07:12:52.594803 clock_gettime(CLOCK_BOOTTIME, {18778, 333661539}) = 0
19539 07:12:52.594863 write(5, "x", 1)  = 1
19539 07:12:52.595576 clock_gettime(CLOCK_BOOTTIME, {18778, 334440647}) = 0
19539 07:12:52.595648 clock_gettime(CLOCK_BOOTTIME, {18778, 334506239}) = 0
19539 07:12:52.595709 select(7, [3 4], [], NULL, NULL) = 1 (in [4])
19539 07:12:52.684076 clock_gettime(CLOCK_BOOTTIME, {18778, 422958743}) = 0
19539 07:12:52.684176 read(4, "i", 16384) = 1
19539 07:12:52.684279 clock_gettime(CLOCK_BOOTTIME, {18778, 423142394}) = 0
19539 07:12:52.684348 clock_gettime(CLOCK_BOOTTIME, {18778, 423206754}) = 0
19539 07:12:52.684411 select(7, [3 4], [3], NULL, NULL) = 1 (out [3])
19539 07:12:52.684498 clock_gettime(CLOCK_BOOTTIME, {18778, 423438624}) = 0
19539 07:12:52.684659 write(3, "\\L\35\367@\347\341\22:\1\327j\343\311\f\7\314>\312]\224\331\301D\273g\33\273\237=\25\227"..., 36) = 36
19539 07:12:52.685059 clock_gettime(CLOCK_BOOTTIME, {18778, 423923073}) = 0
19539 07:12:52.685129 clock_gettime(CLOCK_BOOTTIME, {18778, 423987536}) = 0
19539 07:12:52.685190 select(7, [3 4], [], NULL, NULL) = 1 (in [3])
19539 07:12:52.686649 clock_gettime(CLOCK_BOOTTIME, {18778, 425522372}) = 0
19539 07:12:52.686733 read(3, "r\10M\275\354\254\225\312\377\304?c\276\250\30\31\331:y\25<Y\365\24\204\3/\36-='\353"..., 8192) = 36
19539 07:12:52.686854 clock_gettime(CLOCK_BOOTTIME, {18778, 425717052}) = 0
19539 07:12:52.686920 clock_gettime(CLOCK_BOOTTIME, {18778, 425778385}) = 0
19539 07:12:52.686981 select(7, [3 4], [5], NULL, NULL) = 1 (out [5])
19539 07:12:52.687068 clock_gettime(CLOCK_BOOTTIME, {18778, 425927046}) = 0
19539 07:12:52.687129 write(5, "i", 1)  = 1
19539 07:12:52.687811 clock_gettime(CLOCK_BOOTTIME, {18778, 426683122}) = 0
19539 07:12:52.687890 clock_gettime(CLOCK_BOOTTIME, {18778, 426748778}) = 0
19539 07:12:52.687952 select(7, [3 4], [], NULL, NULL) = 1 (in [4])
19539 07:12:52.811982 clock_gettime(CLOCK_BOOTTIME, {18778, 550838365}) = 0
19539 07:12:52.812021 read(4, "t", 16384) = 1
19539 07:12:52.812066 clock_gettime(CLOCK_BOOTTIME, {18778, 550912992}) = 0
19539 07:12:52.812092 clock_gettime(CLOCK_BOOTTIME, {18778, 550937658}) = 0
19539 07:12:52.812117 select(7, [3 4], [3], NULL, NULL) = 1 (out [3])
19539 07:12:52.812151 clock_gettime(CLOCK_BOOTTIME, {18778, 550997390}) = 0
19539 07:12:52.812177 write(3, "4\351\236E\237\20\315l\177\327\210\333\202)\246h\355%\362\234]\34}\313\303\327\34\267p\327w3"..., 36) = 36
19539 07:12:52.812338 clock_gettime(CLOCK_BOOTTIME, {18778, 551188702}) = 0
19539 07:12:52.812378 clock_gettime(CLOCK_BOOTTIME, {18778, 551228291}) = 0
19539 07:12:52.812415 select(7, [3 4], [], NULL, NULL) = 1 (in [3])
19539 07:12:52.813846 clock_gettime(CLOCK_BOOTTIME, {18778, 552707229}) = 0
19539 07:12:52.813894 read(3, "\367\371d\313\300\271\325\35\207\254G\367\220\305,\257@\24\334s\204\344\333.\0\20KV\217Nli"..., 8192) = 36
19539 07:12:52.813954 clock_gettime(CLOCK_BOOTTIME, {18778, 552806758}) = 0
19539 07:12:52.814014 clock_gettime(CLOCK_BOOTTIME, {18778, 552868114}) = 0
19539 07:12:52.814055 select(7, [3 4], [5], NULL, NULL) = 1 (out [5])
19539 07:12:52.814096 clock_gettime(CLOCK_BOOTTIME, {18778, 552943437}) = 0
19539 07:12:52.814124 write(5, "t", 1)  = 1
19539 07:12:52.814361 clock_gettime(CLOCK_BOOTTIME, {18778, 553211098}) = 0
19539 07:12:52.814395 clock_gettime(CLOCK_BOOTTIME, {18778, 553242032}) = 0
19539 07:12:52.814424 select(7, [3 4], [], NULL, NULL) = 1 (in [4])
19539 07:12:53.461299 clock_gettime(CLOCK_BOOTTIME, {18779, 200175961}) = 0
19539 07:12:53.461386 read(4, "\r", 16384) = 1
19539 07:12:53.461482 clock_gettime(CLOCK_BOOTTIME, {18779, 200343455}) = 0
19539 07:12:53.461545 clock_gettime(CLOCK_BOOTTIME, {18779, 200402894}) = 0
19539 07:12:53.461605 select(7, [3 4], [3], NULL, NULL) = 1 (out [3])
19539 07:12:53.461688 clock_gettime(CLOCK_BOOTTIME, {18779, 200546745}) = 0
19539 07:12:53.461749 write(3, "z\2\325\33\36\304\264W\2660+O]\311H_\200,\177\241\312\307\262\377\322\247\330\371\216\326\223\354"..., 36) = 36
19539 07:12:53.462440 clock_gettime(CLOCK_BOOTTIME, {18779, 201317671}) = 0
19539 07:12:53.462535 clock_gettime(CLOCK_BOOTTIME, {18779, 201395378}) = 0
19539 07:12:53.462598 select(7, [3 4], [], NULL, NULL) = 1 (in [3])
19539 07:12:53.465308 clock_gettime(CLOCK_BOOTTIME, {18779, 204183631}) = 0
19539 07:12:53.465396 read(3, "\30}\304=\315>F\357c\273\277\347\375!\3\0\237\337\311\250\200\323\214J\246\t\31}\221\231\37\315"..., 8192) = 220
19539 07:12:53.465510 close(4)          = 0
19539 07:12:53.465593 clock_gettime(CLOCK_BOOTTIME, {18779, 204455545}) = 0
19539 07:12:53.465662 clock_gettime(CLOCK_BOOTTIME, {18779, 204523219}) = 0
19539 07:12:53.465730 select(7, [3], [5], NULL, NULL) = 1 (out [5])
19539 07:12:53.465822 clock_gettime(CLOCK_BOOTTIME, {18779, 204683848}) = 0
19539 07:12:53.465891 write(5, "\r\nlogout\r\n", 10) = 10
19539 07:12:53.466649 clock_gettime(CLOCK_BOOTTIME, {18779, 205517217}) = 0
19539 07:12:53.466728 clock_gettime(CLOCK_BOOTTIME, {18779, 205589759}) = 0
19539 07:12:53.466798 close(5)          = 0
19539 07:12:53.466859 ioctl(0, TCGETS, {B38400 -opost -isig -icanon -echo ...}) = 0
19539 07:12:53.466935 ioctl(0, SNDCTL_TMR_STOP or TCSETSW, {B38400 opost isig icanon echo ...}) = 0
19539 07:12:53.467008 ioctl(0, TCGETS, {B38400 opost isig icanon echo ...}) = 0
19539 07:12:53.467204 close(6)          = 0
19539 07:12:53.467277 select(7, [3], [3], NULL, NULL) = 1 (out [3])
19539 07:12:53.467398 clock_gettime(CLOCK_BOOTTIME, {18779, 206261042}) = 0
19539 07:12:53.467468 write(3, "\23\356j/\16\341\354r\"\327\246\275M\332G\256\355u\272\334\355\335\312hp\336\315Z\362\2775\22"..., 36) = 36
19539 07:12:53.467769 rt_sigaction(SIGWINCH, NULL, {0x562fe1c83740, [], SA_RESTORER, 0x7f5c4bb6b4b0}, 8) = 0
19539 07:12:53.467851 rt_sigaction(SIGWINCH, {SIG_DFL, [], SA_RESTORER, 0x7f5c4bb6b4b0}, NULL, 8) = 0
19539 07:12:53.467932 write(3, "\311Kk\306J\373\355k\276~\224\305i\226;\5+l\365\325\262\357\27\210|W\235\10Q)\336\254"..., 60) = 60
19539 07:12:53.468376 ioctl(0, TCGETS, {B38400 opost isig icanon echo ...}) = 0
19539 07:12:53.468459 ioctl(1, TCGETS, {B38400 opost isig icanon echo ...}) = 0
19539 07:12:53.468530 ioctl(2, TCGETS, {B38400 opost isig icanon echo ...}) = 0
19539 07:12:53.468605 write(2, "Connection to 192.168.12.49 clos"..., 37) = 37
19539 07:12:53.469540 shutdown(3, SHUT_RDWR) = 0
19539 07:12:53.469814 close(3)          = 0
19539 07:12:53.470256 exit_group(0)     = ?
19539 07:12:53.472602 +++ exited with 0 +++
