
##检查数据库表空间使用情况
select total.tablespace_name,
round(total.MB, 2) as Total_MB,
round(total.MB - free.MB, 2) as Used_MB,
round((1 - free.MB / total.MB) * 100, 2) || '%' as Used_Pct
from (select tablespace_name, sum(bytes) / 1024 / 1024 as MB
from dba_free_space
group by tablespace_name) free,
(select tablespace_name, sum(bytes) / 1024 / 1024 as MB
from dba_data_files
group by tablespace_name) total
where free.tablespace_name = total.tablespace_name
order by used_pct desc;

##检查数据库锁的情况
select a.owner,
           a.object_name,
           a.subobject_name,
           a.object_type,
           l.session_id,
           l.oracle_username,
           l.os_user_name,
           se.SID,
           se.SERIAL#
            from all_objects a, v$locked_object l, v$session se
           where a.object_id = l.object_id
            and se.OSUSER = l.os_user_name
             and l.oracle_username = 'cwl_prod';
             
             
select username, count(username)
            from v$session
           where username is not null
            group by username;


[oracle@elsmDB3 ~]$ ps -ef | grep smon
 
 
[oracle@elsmDB3 ~]$ cd /oradata/ELSMDB/default/oracle/diag/rdbms/elsmdb/ELSMDB/trace/
[oracle@elsmDB3 trace]$ tail -200 alert_ELSMDB.log 
