16676 select(7, [3 4], [], NULL, NULL)  = ? ERESTARTNOHAND (To be restarted if no handler)
16676 --- SIGWINCH {si_signo=SIGWINCH, si_code=SI_KERNEL} ---
16676 rt_sigaction(SIGWINCH, NULL, {0x55baa4070740, [], SA_RESTORER, 0x7f3a34a0c4b0}, 8) = 0
16676 rt_sigreturn({mask=[]})           = -1 EINTR (Interrupted system call)
16676 clock_gettime(CLOCK_BOOTTIME, {9500, 172553205}) = 0
16676 ioctl(4, TIOCGWINSZ, {ws_row=24, ws_col=54, ws_xpixel=0, ws_ypixel=0}) = 0
16676 clock_gettime(CLOCK_BOOTTIME, {9500, 172871610}) = 0
16676 clock_gettime(CLOCK_BOOTTIME, {9500, 172932481}) = 0
16676 select(7, [3 4], [3], NULL, NULL) = 1 (out [3])
16676 clock_gettime(CLOCK_BOOTTIME, {9500, 173081407}) = 0
16676 write(3, "\275<\237\240\377\351\306\223\306\207$Y\20fg\241q\207\322\204\235\365p|\360\327!|\314\37\22 "..., 68) = 68
16676 clock_gettime(CLOCK_BOOTTIME, {9500, 174188758}) = 0
16676 clock_gettime(CLOCK_BOOTTIME, {9500, 174257835}) = 0
16676 select(7, [3 4], [], NULL, NULL)  = 1 (in [3])
16676 clock_gettime(CLOCK_BOOTTIME, {9500, 176980437}) = 0
16676 read(3, "\222\2\343\351\201fOH\0\246i\316\321<\307\255\345\273\20\357!\373*i\341\224\214\230\0\217Jo"..., 8192) = 60
16676 clock_gettime(CLOCK_BOOTTIME, {9500, 177158954}) = 0
16676 clock_gettime(CLOCK_BOOTTIME, {9500, 177223942}) = 0
16676 select(7, [3 4], [5], NULL, NULL) = 1 (out [5])
16676 clock_gettime(CLOCK_BOOTTIME, {9500, 177392783}) = 0
16676 write(5, "\r\33[K[root@localhost ~]# ", 24) = 24
16676 clock_gettime(CLOCK_BOOTTIME, {9500, 178226898}) = 0
16676 clock_gettime(CLOCK_BOOTTIME, {9500, 178289364}) = 0
16676 select(7, [3 4], [], NULL, NULL)  = 1 (in [4])
16676 clock_gettime(CLOCK_BOOTTIME, {9501, 972174414}) = 0
16676 read(4, "\r", 16384)              = 1
16676 clock_gettime(CLOCK_BOOTTIME, {9501, 972509574}) = 0
16676 clock_gettime(CLOCK_BOOTTIME, {9501, 972566544}) = 0
16676 select(7, [3 4], [3], NULL, NULL) = 1 (out [3])
16676 clock_gettime(CLOCK_BOOTTIME, {9501, 972708427}) = 0
16676 write(3, "\t\1r\221M\215\214\364\265\371^\35`\376P\340x\245\303\n\24\210+)j\265\360\26hN6\334"..., 36) = 36
16676 clock_gettime(CLOCK_BOOTTIME, {9501, 973546635}) = 0
16676 clock_gettime(CLOCK_BOOTTIME, {9501, 973609314}) = 0
16676 select(7, [3 4], [], NULL, NULL)  = 1 (in [3])
16676 clock_gettime(CLOCK_BOOTTIME, {9501, 975238902}) = 0
16676 read(3, "r\246{V\16u\323\365`\310y\331\362\275A\252\250\362\317\342p9\214U\31\7\202]\25A\335\36"..., 8192) = 60
16676 clock_gettime(CLOCK_BOOTTIME, {9501, 975371714}) = 0
16676 clock_gettime(CLOCK_BOOTTIME, {9501, 975420802}) = 0
16676 select(7, [3 4], [5], NULL, NULL) = 1 (out [5])
16676 clock_gettime(CLOCK_BOOTTIME, {9501, 975543074}) = 0
16676 write(5, "\r\n[root@localhost ~]# ", 22) = 22
16676 clock_gettime(CLOCK_BOOTTIME, {9501, 976405364}) = 0
16676 clock_gettime(CLOCK_BOOTTIME, {9501, 976461458}) = 0
16676 select(7, [3 4], [], NULL, NULL)  = 1 (in [4])
16676 clock_gettime(CLOCK_BOOTTIME, {9502, 157271688}) = 0
16676 read(4, "\r", 16384)              = 1
16676 clock_gettime(CLOCK_BOOTTIME, {9502, 157536901}) = 0
16676 clock_gettime(CLOCK_BOOTTIME, {9502, 157596500}) = 0
16676 select(7, [3 4], [3], NULL, NULL) = 1 (out [3])
16676 clock_gettime(CLOCK_BOOTTIME, {9502, 157741393}) = 0
16676 write(3, "/\215G`#\7\25&J\300iHs\37\212\237fz\276\360-Z\336\253\f\353\341\367\206aXz"..., 36) = 36
16676 clock_gettime(CLOCK_BOOTTIME, {9502, 158135738}) = 0
16676 clock_gettime(CLOCK_BOOTTIME, {9502, 158297068}) = 0
16676 select(7, [3 4], [], NULL, NULL)  = 1 (in [3])
16676 clock_gettime(CLOCK_BOOTTIME, {9502, 160994262}) = 0
16676 read(3, "\371\246\206\241]\364\354\340\225\253\304\36\321\233S\260\26zm\302\275\260g\35B\201\31\357\22\r\332\1"..., 8192) = 60
16676 clock_gettime(CLOCK_BOOTTIME, {9502, 161154583}) = 0
16676 clock_gettime(CLOCK_BOOTTIME, {9502, 161212168}) = 0
16676 select(7, [3 4], [5], NULL, NULL) = 1 (out [5])
16676 clock_gettime(CLOCK_BOOTTIME, {9502, 161403122}) = 0
16676 write(5, "\r\n[root@localhost ~]# ", 22) = 22
16676 clock_gettime(CLOCK_BOOTTIME, {9502, 161981539}) = 0
16676 clock_gettime(CLOCK_BOOTTIME, {9502, 162043991}) = 0
16676 select(7, [3 4], [], NULL, NULL)  = 1 (in [4])
16676 clock_gettime(CLOCK_BOOTTIME, {9503, 5588355}) = 0
16676 read(4, "ls", 16384)              = 2
16676 clock_gettime(CLOCK_BOOTTIME, {9503, 5741697}) = 0
16676 clock_gettime(CLOCK_BOOTTIME, {9503, 5793722}) = 0
16676 select(7, [3 4], [3], NULL, NULL) = 1 (out [3])
16676 clock_gettime(CLOCK_BOOTTIME, {9503, 5920878}) = 0
16676 write(3, "W\34\370c\341\363UXZD+z\300\31v\322zn\31 \356s\177\323\263\v5\375\376&\246\27"..., 36) = 36
16676 clock_gettime(CLOCK_BOOTTIME, {9503, 6319051}) = 0
16676 clock_gettime(CLOCK_BOOTTIME, {9503, 6475003}) = 0
16676 select(7, [3 4], [], NULL, NULL)  = 1 (in [3])
16676 clock_gettime(CLOCK_BOOTTIME, {9503, 8385839}) = 0
16676 read(3, "\226 \316\243\321N\233\250\345\224\260\36\266KVq\225\360\262\347\226\275f\220\3\277\235\307\374\267u\31"..., 8192) = 36
16676 clock_gettime(CLOCK_BOOTTIME, {9503, 8518254}) = 0
16676 clock_gettime(CLOCK_BOOTTIME, {9503, 8568515}) = 0
16676 select(7, [3 4], [5], NULL, NULL) = 1 (out [5])
16676 clock_gettime(CLOCK_BOOTTIME, {9503, 8691742}) = 0
16676 write(5, "ls", 2)                 = 2
16676 clock_gettime(CLOCK_BOOTTIME, {9503, 9386651}) = 0
16676 clock_gettime(CLOCK_BOOTTIME, {9503, 9456566}) = 0
16676 select(7, [3 4], [], NULL, NULL)  = 1 (in [4])
16676 clock_gettime(CLOCK_BOOTTIME, {9503, 477436095}) = 0
16676 read(4, "\r", 16384)              = 1
16676 clock_gettime(CLOCK_BOOTTIME, {9503, 477522779}) = 0
16676 clock_gettime(CLOCK_BOOTTIME, {9503, 477550806}) = 0
16676 select(7, [3 4], [3], NULL, NULL) = 1 (out [3])
16676 clock_gettime(CLOCK_BOOTTIME, {9503, 477621479}) = 0
16676 write(3, "]m\262\275H\324\376I\333\334\3}\303\333\3z\235?\0\330W\210N\6\377\5\207\3W\370?I"..., 36) = 36
16676 clock_gettime(CLOCK_BOOTTIME, {9503, 477861839}) = 0
16676 clock_gettime(CLOCK_BOOTTIME, {9503, 477892257}) = 0
16676 select(7, [3 4], [], NULL, NULL)  = 1 (in [3])
16676 clock_gettime(CLOCK_BOOTTIME, {9503, 480163701}) = 0
16676 read(3, "M\34Q:\333\234\305.O\6\246<\335\367\245\200\342M#\305\217\250\234\320\17\201L\253h\24\305\344"..., 8192) = 36
16676 clock_gettime(CLOCK_BOOTTIME, {9503, 480262641}) = 0
16676 clock_gettime(CLOCK_BOOTTIME, {9503, 480291752}) = 0
16676 select(7, [3 4], [5], NULL, NULL) = 1 (out [5])
16676 clock_gettime(CLOCK_BOOTTIME, {9503, 480363761}) = 0
16676 write(5, "\r\n", 2)               = 2
16676 clock_gettime(CLOCK_BOOTTIME, {9503, 480844544}) = 0
16676 clock_gettime(CLOCK_BOOTTIME, {9503, 480876209}) = 0
16676 select(7, [3 4], [], NULL, NULL)  = 1 (in [3])
16676 clock_gettime(CLOCK_BOOTTIME, {9503, 485181978}) = 0
16676 read(3, "n\16\31\0zhl\362R\350\370YM\334\262\31\320'\265\237H5\375f\345uz\201\267\226\24("..., 8192) = 1308
16676 clock_gettime(CLOCK_BOOTTIME, {9503, 485287631}) = 0
16676 clock_gettime(CLOCK_BOOTTIME, {9503, 485319876}) = 0
16676 select(7, [3 4], [5], NULL, NULL) = 1 (out [5])
16676 clock_gettime(CLOCK_BOOTTIME, {9503, 485399487}) = 0
16676 write(5, "%10}                    \33[0m\33[01"..., 1274) = 1274
16676 clock_gettime(CLOCK_BOOTTIME, {9503, 485665935}) = 0
16676 clock_gettime(CLOCK_BOOTTIME, {9503, 485833940}) = 0
16676 select(7, [3 4], [], NULL, NULL)  = 1 (in [4])
16676 clock_gettime(CLOCK_BOOTTIME, {9503, 873273489}) = 0
16676 read(4, "d", 16384)               = 1
16676 clock_gettime(CLOCK_BOOTTIME, {9503, 874004964}) = 0
16676 clock_gettime(CLOCK_BOOTTIME, {9503, 874073376}) = 0
16676 select(7, [3 4], [3], NULL, NULL) = 1 (out [3])
16676 clock_gettime(CLOCK_BOOTTIME, {9503, 874421095}) = 0
16676 write(3, "G\275\327\226m&y\321_\353\351p\247\7\316\32\317Q\357\214\225\207|\212\250\313\317\234\266\211\203\201"..., 36) = 36
16676 clock_gettime(CLOCK_BOOTTIME, {9503, 875301944}) = 0
16676 clock_gettime(CLOCK_BOOTTIME, {9503, 875359625}) = 0
16676 select(7, [3 4], [], NULL, NULL)  = 1 (in [3])
16676 clock_gettime(CLOCK_BOOTTIME, {9503, 876686996}) = 0
16676 read(3, "\215\203Kt\f\27\353=\243\17ejV\203\222?y\r\240\24\307g\227\30aKn\257\236X\321\336"..., 8192) = 36
16676 clock_gettime(CLOCK_BOOTTIME, {9503, 876825448}) = 0
16676 clock_gettime(CLOCK_BOOTTIME, {9503, 876875315}) = 0
16676 select(7, [3 4], [5], NULL, NULL) = 1 (out [5])
16676 clock_gettime(CLOCK_BOOTTIME, {9503, 877028534}) = 0
16676 write(5, "d", 1)                  = 1
16676 clock_gettime(CLOCK_BOOTTIME, {9503, 877543930}) = 0
16676 clock_gettime(CLOCK_BOOTTIME, {9503, 877674107}) = 0
16676 select(7, [3 4], [], NULL, NULL)  = 1 (in [4])
16676 clock_gettime(CLOCK_BOOTTIME, {9504, 308364525}) = 0
16676 read(4, "f", 16384)               = 1
16676 clock_gettime(CLOCK_BOOTTIME, {9504, 308507754}) = 0
16676 clock_gettime(CLOCK_BOOTTIME, {9504, 308557688}) = 0
16676 select(7, [3 4], [3], NULL, NULL) = 1 (out [3])
16676 clock_gettime(CLOCK_BOOTTIME, {9504, 308680684}) = 0
16676 write(3, "^\346\22N\0074A*\221\353\327\276[5\243\234\216\324\v\262*\2\231\33L\244\344M\2502\364j"..., 36) = 36
16676 clock_gettime(CLOCK_BOOTTIME, {9504, 309076806}) = 0
16676 clock_gettime(CLOCK_BOOTTIME, {9504, 309241925}) = 0
16676 select(7, [3 4], [], NULL, NULL)  = 1 (in [3])
16676 clock_gettime(CLOCK_BOOTTIME, {9504, 310984696}) = 0
16676 read(3, "\312\247\333\22\204q\362\2470\272\242A\245\250}$hqx7Q\250\210\261z$\365\0\\\333~\313"..., 8192) = 36
16676 clock_gettime(CLOCK_BOOTTIME, {9504, 311192543}) = 0
16676 clock_gettime(CLOCK_BOOTTIME, {9504, 311256235}) = 0
16676 select(7, [3 4], [5], NULL, NULL) = 1 (out [5])
16676 clock_gettime(CLOCK_BOOTTIME, {9504, 311440504}) = 0
16676 write(5, "f", 1)                  = 1
16676 clock_gettime(CLOCK_BOOTTIME, {9504, 312112581}) = 0
16676 clock_gettime(CLOCK_BOOTTIME, {9504, 312167011}) = 0
16676 select(7, [3 4], [], NULL, NULL)  = 1 (in [4])
16676 clock_gettime(CLOCK_BOOTTIME, {9504, 417134485}) = 0
16676 read(4, "\r", 16384)              = 1
16676 clock_gettime(CLOCK_BOOTTIME, {9504, 417277126}) = 0
16676 clock_gettime(CLOCK_BOOTTIME, {9504, 417327437}) = 0
16676 select(7, [3 4], [3], NULL, NULL) = 1 (out [3])
16676 clock_gettime(CLOCK_BOOTTIME, {9504, 417450087}) = 0
16676 write(3, "\353\300];%\2217\215U\235\373\352\21\326\33t%ENf\276\227\344m\373\256\34,\331\277&5"..., 36) = 36
16676 clock_gettime(CLOCK_BOOTTIME, {9504, 417802201}) = 0
16676 clock_gettime(CLOCK_BOOTTIME, {9504, 418110620}) = 0
16676 select(7, [3 4], [], NULL, NULL)  = 1 (in [3])
16676 clock_gettime(CLOCK_BOOTTIME, {9504, 420578720}) = 0
16676 read(3, "?4\7\236-\336r\363\201\2\272\37\314\344r\277\207\t\2\36\354\326\251\6\206\34\f\272S\226\234\370"..., 8192) = 36
16676 clock_gettime(CLOCK_BOOTTIME, {9504, 420720255}) = 0
16676 clock_gettime(CLOCK_BOOTTIME, {9504, 420770677}) = 0
16676 select(7, [3 4], [5], NULL, NULL) = 1 (out [5])
16676 clock_gettime(CLOCK_BOOTTIME, {9504, 420973976}) = 0
16676 write(5, "\r\n", 2)               = 2
16676 clock_gettime(CLOCK_BOOTTIME, {9504, 421505820}) = 0
16676 clock_gettime(CLOCK_BOOTTIME, {9504, 421561741}) = 0
16676 select(7, [3 4], [], NULL, NULL)  = 1 (in [3])
16676 clock_gettime(CLOCK_BOOTTIME, {9504, 455427433}) = 0
16676 read(3, "a\236C\275\370\312\3012\254\266Ep$\227\261\332\311\303A\235\234\263\323\332\370\7\265@p(Q\205"..., 8192) = 588
16676 clock_gettime(CLOCK_BOOTTIME, {9504, 455589589}) = 0
16676 clock_gettime(CLOCK_BOOTTIME, {9504, 455640829}) = 0
16676 select(7, [3 4], [5], NULL, NULL) = 1 (out [5])
16676 clock_gettime(CLOCK_BOOTTIME, {9504, 455767437}) = 0
16676 write(5, "Filesystem              1K-block"..., 549) = 549
16676 clock_gettime(CLOCK_BOOTTIME, {9504, 457047368}) = 0
16676 clock_gettime(CLOCK_BOOTTIME, {9504, 457111137}) = 0
16676 select(7, [3 4], [], NULL, NULL)  = 1 (in [4])
16676 clock_gettime(CLOCK_BOOTTIME, {9504, 848249860}) = 0
16676 read(4, "p", 16384)               = 1
16676 clock_gettime(CLOCK_BOOTTIME, {9504, 848568192}) = 0
16676 clock_gettime(CLOCK_BOOTTIME, {9504, 848617066}) = 0
16676 select(7, [3 4], [3], NULL, NULL) = 1 (out [3])
16676 clock_gettime(CLOCK_BOOTTIME, {9504, 848744707}) = 0
16676 write(3, "\2633\35\227w9\216>\371{mt+-l}\257v\313\265n\330b\5\264\356\323Y\374\354\336\326"..., 36) = 36
16676 clock_gettime(CLOCK_BOOTTIME, {9504, 849097079}) = 0
16676 clock_gettime(CLOCK_BOOTTIME, {9504, 849149415}) = 0
16676 select(7, [3 4], [], NULL, NULL)  = 1 (in [3])
16676 clock_gettime(CLOCK_BOOTTIME, {9504, 850916298}) = 0
16676 read(3, "\31\373\33\374k\354t5\3142\6\21\217\241\2012:\3013\205?c>T\325\202\2713\250\372\366H"..., 8192) = 36
16676 clock_gettime(CLOCK_BOOTTIME, {9504, 851057970}) = 0
16676 clock_gettime(CLOCK_BOOTTIME, {9504, 851106842}) = 0
16676 select(7, [3 4], [5], NULL, NULL) = 1 (out [5])
16676 clock_gettime(CLOCK_BOOTTIME, {9504, 851228976}) = 0
16676 write(5, "p", 1)                  = 1
16676 clock_gettime(CLOCK_BOOTTIME, {9504, 852261035}) = 0
16676 clock_gettime(CLOCK_BOOTTIME, {9504, 852482116}) = 0
16676 select(7, [3 4], [], NULL, NULL)  = 1 (in [4])
16676 clock_gettime(CLOCK_BOOTTIME, {9504, 898248446}) = 0
16676 read(4, "w", 16384)               = 1
16676 clock_gettime(CLOCK_BOOTTIME, {9504, 898462784}) = 0
16676 clock_gettime(CLOCK_BOOTTIME, {9504, 898514088}) = 0
16676 select(7, [3 4], [3], NULL, NULL) = 1 (out [3])
16676 clock_gettime(CLOCK_BOOTTIME, {9504, 898638097}) = 0
16676 write(3, "0]\327jo\265.\3\304\257\256\325\32J\306^\216\357\275\251\376}\335\356\227z\326\343\236\n\204v"..., 36) = 36
16676 clock_gettime(CLOCK_BOOTTIME, {9504, 899070812}) = 0
16676 clock_gettime(CLOCK_BOOTTIME, {9504, 899124274}) = 0
16676 select(7, [3 4], [], NULL, NULL)  = 1 (in [3])
16676 clock_gettime(CLOCK_BOOTTIME, {9504, 900796978}) = 0
16676 read(3, "\264\254\326\324yl\vq\t\243\345hE\2013\257+Mc\275ec\342^c\334\37u\204\260\333\250"..., 8192) = 36
16676 clock_gettime(CLOCK_BOOTTIME, {9504, 900934116}) = 0
16676 clock_gettime(CLOCK_BOOTTIME, {9504, 900982243}) = 0
16676 select(7, [3 4], [5], NULL, NULL) = 1 (out [5])
16676 clock_gettime(CLOCK_BOOTTIME, {9504, 901102623}) = 0
16676 write(5, "w", 1)                  = 1
16676 clock_gettime(CLOCK_BOOTTIME, {9504, 901728388}) = 0
16676 clock_gettime(CLOCK_BOOTTIME, {9504, 901781479}) = 0
16676 select(7, [3 4], [], NULL, NULL)  = 1 (in [4])
16676 clock_gettime(CLOCK_BOOTTIME, {9504, 974833856}) = 0
16676 read(4, "d", 16384)               = 1
16676 clock_gettime(CLOCK_BOOTTIME, {9504, 974971633}) = 0
16676 clock_gettime(CLOCK_BOOTTIME, {9504, 975020127}) = 0
16676 select(7, [3 4], [3], NULL, NULL) = 1 (out [3])
16676 clock_gettime(CLOCK_BOOTTIME, {9504, 975139636}) = 0
16676 write(3, "\34f\301\307tG\250Y\266\243/qP%[\215\250\361&\33D-\362\227gN\347\362\324\237\343\275"..., 36) = 36
16676 clock_gettime(CLOCK_BOOTTIME, {9504, 975637603}) = 0
16676 clock_gettime(CLOCK_BOOTTIME, {9504, 975706954}) = 0
16676 select(7, [3 4], [], NULL, NULL)  = 1 (in [3])
16676 clock_gettime(CLOCK_BOOTTIME, {9504, 977856765}) = 0
16676 read(3, "\3735\203\373\263%\332\230\354-q\270\0266\17\7\257_\306\244z\301\267\225D\230\tp8;E\235"..., 8192) = 36
16676 clock_gettime(CLOCK_BOOTTIME, {9504, 978023691}) = 0
16676 clock_gettime(CLOCK_BOOTTIME, {9504, 978079475}) = 0
16676 select(7, [3 4], [5], NULL, NULL) = 1 (out [5])
16676 clock_gettime(CLOCK_BOOTTIME, {9504, 978214278}) = 0
16676 write(5, "d", 1)                  = 1
16676 clock_gettime(CLOCK_BOOTTIME, {9504, 979048592}) = 0
16676 clock_gettime(CLOCK_BOOTTIME, {9504, 979159324}) = 0
16676 select(7, [3 4], [], NULL, NULL)  = 1 (in [4])
16676 clock_gettime(CLOCK_BOOTTIME, {9505, 132831871}) = 0
16676 read(4, "\r", 16384)              = 1
16676 clock_gettime(CLOCK_BOOTTIME, {9505, 132971565}) = 0
16676 clock_gettime(CLOCK_BOOTTIME, {9505, 133019795}) = 0
16676 select(7, [3 4], [3], NULL, NULL) = 1 (out [3])
16676 clock_gettime(CLOCK_BOOTTIME, {9505, 133138131}) = 0
16676 write(3, "G\f\335f\37\211h-\356+|\223I-w\322\316\244\326c\327R\202\225\t\246\372[\365nk\345"..., 36) = 36
16676 clock_gettime(CLOCK_BOOTTIME, {9505, 133815713}) = 0
16676 clock_gettime(CLOCK_BOOTTIME, {9505, 133894743}) = 0
16676 select(7, [3 4], [], NULL, NULL)  = 1 (in [3])
16676 clock_gettime(CLOCK_BOOTTIME, {9505, 135853499}) = 0
16676 read(3, "\364\262Z}\356\246fUP\2\253y\34\217r\271\25\221\262tU\22]\227m\377N\206\270\236>,"..., 8192) = 68
16676 clock_gettime(CLOCK_BOOTTIME, {9505, 135991049}) = 0
16676 clock_gettime(CLOCK_BOOTTIME, {9505, 136038771}) = 0
16676 select(7, [3 4], [5], NULL, NULL) = 1 (out [5])
16676 clock_gettime(CLOCK_BOOTTIME, {9505, 136158497}) = 0
16676 write(5, "\r\n/root\r\n[root@localhost ~]# ", 29) = 29
16676 clock_gettime(CLOCK_BOOTTIME, {9505, 136970996}) = 0
16676 clock_gettime(CLOCK_BOOTTIME, {9505, 137023389}) = 0
16676 select(7, [3 4], [], NULL, NULL)  = 1 (in [4])
16676 clock_gettime(CLOCK_BOOTTIME, {9505, 284276798}) = 0
16676 read(4, "e", 16384)               = 1
16676 clock_gettime(CLOCK_BOOTTIME, {9505, 284416459}) = 0
16676 clock_gettime(CLOCK_BOOTTIME, {9505, 284465601}) = 0
16676 select(7, [3 4], [3], NULL, NULL) = 1 (out [3])
16676 clock_gettime(CLOCK_BOOTTIME, {9505, 284586800}) = 0
16676 write(3, "\377\237_\353H\320\207\363BB\vC\260rO]Gt#\20\224c\354R\2214ef\n\276\262\362"..., 36) = 36
16676 clock_gettime(CLOCK_BOOTTIME, {9505, 285209564}) = 0
16676 clock_gettime(CLOCK_BOOTTIME, {9505, 285265388}) = 0
16676 select(7, [3 4], [], NULL, NULL)  = 1 (in [3])
16676 clock_gettime(CLOCK_BOOTTIME, {9505, 287173808}) = 0
16676 read(3, "\30[\224\6\267\353\345\337r1\266w\263.{\272:\334\17\264C\1\204\266\260\362\217\6\351\252{\315"..., 8192) = 36
16676 clock_gettime(CLOCK_BOOTTIME, {9505, 287313379}) = 0
16676 clock_gettime(CLOCK_BOOTTIME, {9505, 287362631}) = 0
16676 select(7, [3 4], [5], NULL, NULL) = 1 (out [5])
16676 clock_gettime(CLOCK_BOOTTIME, {9505, 287485324}) = 0
16676 write(5, "e", 1)                  = 1
16676 clock_gettime(CLOCK_BOOTTIME, {9505, 288116918}) = 0
16676 clock_gettime(CLOCK_BOOTTIME, {9505, 288170089}) = 0
16676 select(7, [3 4], [], NULL, NULL)  = 1 (in [4])
16676 clock_gettime(CLOCK_BOOTTIME, {9505, 466961088}) = 0
16676 read(4, "x", 16384)               = 1
16676 clock_gettime(CLOCK_BOOTTIME, {9505, 467075238}) = 0
16676 clock_gettime(CLOCK_BOOTTIME, {9505, 467124440}) = 0
16676 select(7, [3 4], [3], NULL, NULL) = 1 (out [3])
16676 clock_gettime(CLOCK_BOOTTIME, {9505, 467238279}) = 0
16676 write(3, "\\\20\263\203\30Y\364QEo\241\360U\361OH\340Y\252,?\t\177Y\30G\20H\343\266Q\27"..., 36) = 36
16676 clock_gettime(CLOCK_BOOTTIME, {9505, 467530254}) = 0
16676 clock_gettime(CLOCK_BOOTTIME, {9505, 467560688}) = 0
16676 select(7, [3 4], [], NULL, NULL)  = 1 (in [3])
16676 clock_gettime(CLOCK_BOOTTIME, {9505, 469411118}) = 0
16676 read(3, "\337X\256\317^\202\201\242\304\270\2408\205\376\1} \372\7\222y\2@\333\321t\317\206\233pU;"..., 8192) = 36
16676 clock_gettime(CLOCK_BOOTTIME, {9505, 469549422}) = 0
16676 clock_gettime(CLOCK_BOOTTIME, {9505, 469598905}) = 0
16676 select(7, [3 4], [5], NULL, NULL) = 1 (out [5])
16676 clock_gettime(CLOCK_BOOTTIME, {9505, 469723131}) = 0
16676 write(5, "x", 1)                  = 1
16676 clock_gettime(CLOCK_BOOTTIME, {9505, 470486499}) = 0
16676 clock_gettime(CLOCK_BOOTTIME, {9505, 470542944}) = 0
16676 select(7, [3 4], [], NULL, NULL)  = 1 (in [4])
16676 clock_gettime(CLOCK_BOOTTIME, {9505, 785570358}) = 0
16676 read(4, "\10", 16384)             = 1
16676 clock_gettime(CLOCK_BOOTTIME, {9505, 785709993}) = 0
16676 clock_gettime(CLOCK_BOOTTIME, {9505, 785759666}) = 0
16676 select(7, [3 4], [3], NULL, NULL) = 1 (out [3])
16676 clock_gettime(CLOCK_BOOTTIME, {9505, 785883127}) = 0
16676 write(3, "\257\206\343\350\205\365\325\232\252\311\22\266\256\235\277z\310*q[\7\233\355\177\264\354\342\330\267\177!\271"..., 36) = 36
16676 clock_gettime(CLOCK_BOOTTIME, {9505, 786348262}) = 0
16676 clock_gettime(CLOCK_BOOTTIME, {9505, 786407220}) = 0
16676 select(7, [3 4], [], NULL, NULL)  = 1 (in [3])
16676 clock_gettime(CLOCK_BOOTTIME, {9505, 788296188}) = 0
16676 read(3, "\7.\323jm\33bD\311h\215A\333\206vH9#\367r\323M\306\26\336\360\177m\34\271\220\32"..., 8192) = 44
16676 clock_gettime(CLOCK_BOOTTIME, {9505, 788538366}) = 0
16676 clock_gettime(CLOCK_BOOTTIME, {9505, 788630610}) = 0
16676 select(7, [3 4], [5], NULL, NULL) = 1 (out [5])
16676 clock_gettime(CLOCK_BOOTTIME, {9505, 788857078}) = 0
16676 write(5, "\10\33[K", 4)           = 4
16676 clock_gettime(CLOCK_BOOTTIME, {9505, 789754728}) = 0
16676 clock_gettime(CLOCK_BOOTTIME, {9505, 789812353}) = 0
16676 select(7, [3 4], [], NULL, NULL)  = 1 (in [4])
16676 clock_gettime(CLOCK_BOOTTIME, {9505, 970960237}) = 0
16676 read(4, "\10", 16384)             = 1
16676 clock_gettime(CLOCK_BOOTTIME, {9505, 971143849}) = 0
16676 clock_gettime(CLOCK_BOOTTIME, {9505, 971197003}) = 0
16676 select(7, [3 4], [3], NULL, NULL) = 1 (out [3])
16676 clock_gettime(CLOCK_BOOTTIME, {9505, 971322589}) = 0
16676 write(3, "\331h\tn\337\353\233c\335\267\360\353\25}\21\224\240?\37\275\345^K\361\372\370\344\366\365p\260\370"..., 36) = 36
16676 clock_gettime(CLOCK_BOOTTIME, {9505, 971745689}) = 0
16676 clock_gettime(CLOCK_BOOTTIME, {9505, 971799648}) = 0
16676 select(7, [3 4], [], NULL, NULL)  = 1 (in [3])
16676 clock_gettime(CLOCK_BOOTTIME, {9505, 973540401}) = 0
16676 read(3, "\2434\304\211\2511\360\325\r\\\305\206\365]\353\202&S^,R\212\354\234\2^T}\312\332a\212"..., 8192) = 44
16676 clock_gettime(CLOCK_BOOTTIME, {9505, 973716456}) = 0
16676 clock_gettime(CLOCK_BOOTTIME, {9505, 973764532}) = 0
16676 select(7, [3 4], [5], NULL, NULL) = 1 (out [5])
16676 clock_gettime(CLOCK_BOOTTIME, {9505, 973888006}) = 0
16676 write(5, "\10\33[K", 4)           = 4
16676 clock_gettime(CLOCK_BOOTTIME, {9505, 974750453}) = 0
16676 clock_gettime(CLOCK_BOOTTIME, {9505, 974808388}) = 0
16676 select(7, [3 4], [], NULL, NULL)  = 1 (in [4])
16676 clock_gettime(CLOCK_BOOTTIME, {9506, 642379008}) = 0
16676 read(4, "i", 16384)               = 1
16676 clock_gettime(CLOCK_BOOTTIME, {9506, 642494130}) = 0
16676 clock_gettime(CLOCK_BOOTTIME, {9506, 642524466}) = 0
16676 select(7, [3 4], [3], NULL, NULL) = 1 (out [3])
16676 clock_gettime(CLOCK_BOOTTIME, {9506, 642596145}) = 0
16676 write(3, "\344\252\250D\204\235\17\277\315T\3372\374\20a\203\251\233\342\243\267\221\25\225\32f;\2\23g\347\345"..., 36) = 36
16676 clock_gettime(CLOCK_BOOTTIME, {9506, 642788131}) = 0
16676 clock_gettime(CLOCK_BOOTTIME, {9506, 642817936}) = 0
16676 select(7, [3 4], [], NULL, NULL)  = 1 (in [3])
16676 clock_gettime(CLOCK_BOOTTIME, {9506, 644286136}) = 0
16676 read(3, "\314\6\235\2633\276cx\375l\25\10N\212\210\\\304\204]{t\22U\270\24n\230V4\237'\241"..., 8192) = 36
16676 clock_gettime(CLOCK_BOOTTIME, {9506, 644359075}) = 0
16676 clock_gettime(CLOCK_BOOTTIME, {9506, 644512296}) = 0
16676 select(7, [3 4], [5], NULL, NULL) = 1 (out [5])
16676 clock_gettime(CLOCK_BOOTTIME, {9506, 644629759}) = 0
16676 write(5, "i", 1)                  = 1
16676 clock_gettime(CLOCK_BOOTTIME, {9506, 644898927}) = 0
16676 clock_gettime(CLOCK_BOOTTIME, {9506, 645043443}) = 0
16676 select(7, [3 4], [], NULL, NULL)  = 1 (in [4])
16676 clock_gettime(CLOCK_BOOTTIME, {9506, 710484640}) = 0
16676 read(4, "f", 16384)               = 1
16676 clock_gettime(CLOCK_BOOTTIME, {9506, 710611948}) = 0
16676 clock_gettime(CLOCK_BOOTTIME, {9506, 710639781}) = 0
16676 select(7, [3 4], [3], NULL, NULL) = 1 (out [3])
16676 clock_gettime(CLOCK_BOOTTIME, {9506, 710711020}) = 0
16676 write(3, "\217\307\343Z\312\250\376\373\261\243\205\26\371\300\254\r\"\r>\351\313\205\266\313\36\3313\347Ie\273\303"..., 36) = 36
16676 clock_gettime(CLOCK_BOOTTIME, {9506, 710925759}) = 0
16676 clock_gettime(CLOCK_BOOTTIME, {9506, 710955286}) = 0
16676 select(7, [3 4], [], NULL, NULL)  = 1 (in [3])
16676 clock_gettime(CLOCK_BOOTTIME, {9506, 712609067}) = 0
16676 read(3, "\203\346\233\10\n\217l\246\300Y\31Q\36<\316\26\360D\332}\332\227\216\333\362.\1\230\255\220\217\372"..., 8192) = 36
16676 clock_gettime(CLOCK_BOOTTIME, {9506, 712684575}) = 0
16676 clock_gettime(CLOCK_BOOTTIME, {9506, 712711845}) = 0
16676 select(7, [3 4], [5], NULL, NULL) = 1 (out [5])
16676 clock_gettime(CLOCK_BOOTTIME, {9506, 712779744}) = 0
16676 write(5, "f", 1)                  = 1
16676 clock_gettime(CLOCK_BOOTTIME, {9506, 713009254}) = 0
16676 clock_gettime(CLOCK_BOOTTIME, {9506, 713038812}) = 0
16676 select(7, [3 4], [], NULL, NULL)  = 1 (in [4])
16676 clock_gettime(CLOCK_BOOTTIME, {9506, 853468292}) = 0
16676 read(4, "c", 16384)               = 1
16676 clock_gettime(CLOCK_BOOTTIME, {9506, 853605501}) = 0
16676 clock_gettime(CLOCK_BOOTTIME, {9506, 853689008}) = 0
16676 select(7, [3 4], [3], NULL, NULL) = 1 (out [3])
16676 clock_gettime(CLOCK_BOOTTIME, {9506, 853814641}) = 0
16676 write(3, "\200\35\311'\310\261DG\273\315dZ\"\353#\311#\25\341\315\305\20O~)\263\250g\364\241\237\353"..., 36) = 36
16676 clock_gettime(CLOCK_BOOTTIME, {9506, 854204007}) = 0
16676 clock_gettime(CLOCK_BOOTTIME, {9506, 854256173}) = 0
16676 select(7, [3 4], [], NULL, NULL)  = 1 (in [3])
16676 clock_gettime(CLOCK_BOOTTIME, {9506, 856031271}) = 0
16676 read(3, "\256\234o\327\243\373\10{S(2\256\253^\241\213\277\31\216ry!\231}\266J!-\271\241B\252"..., 8192) = 36
16676 clock_gettime(CLOCK_BOOTTIME, {9506, 856163014}) = 0
16676 clock_gettime(CLOCK_BOOTTIME, {9506, 856210973}) = 0
16676 select(7, [3 4], [5], NULL, NULL) = 1 (out [5])
16676 clock_gettime(CLOCK_BOOTTIME, {9506, 856332503}) = 0
16676 write(5, "c", 1)                  = 1
16676 clock_gettime(CLOCK_BOOTTIME, {9506, 857106652}) = 0
16676 clock_gettime(CLOCK_BOOTTIME, {9506, 857159492}) = 0
16676 select(7, [3 4], [], NULL, NULL)  = 1 (in [4])
16676 clock_gettime(CLOCK_BOOTTIME, {9506, 938068206}) = 0
16676 read(4, "o", 16384)               = 1
16676 clock_gettime(CLOCK_BOOTTIME, {9506, 938308884}) = 0
16676 clock_gettime(CLOCK_BOOTTIME, {9506, 938404769}) = 0
16676 select(7, [3 4], [3], NULL, NULL) = 1 (out [3])
16676 clock_gettime(CLOCK_BOOTTIME, {9506, 938629864}) = 0
16676 write(3, "\33\274\ty\267f\357\252`\0X\327<\207\3529\343\364\207\203\4z-\212\274\202\214\226\261\22\334I"..., 36) = 36
16676 clock_gettime(CLOCK_BOOTTIME, {9506, 939148087}) = 0
16676 clock_gettime(CLOCK_BOOTTIME, {9506, 939220566}) = 0
16676 select(7, [3 4], [], NULL, NULL)  = 1 (in [3])
16676 clock_gettime(CLOCK_BOOTTIME, {9506, 941138889}) = 0
16676 read(3, "\352\213O\240\237\261\312\234\31\31\37\234\0035\214JDrJ\n\242+\0\0344\321\201\r\354gg\6"..., 8192) = 36
16676 clock_gettime(CLOCK_BOOTTIME, {9506, 941276556}) = 0
16676 clock_gettime(CLOCK_BOOTTIME, {9506, 941325019}) = 0
16676 select(7, [3 4], [5], NULL, NULL) = 1 (out [5])
16676 clock_gettime(CLOCK_BOOTTIME, {9506, 941446442}) = 0
16676 write(5, "o", 1)                  = 1
16676 clock_gettime(CLOCK_BOOTTIME, {9506, 942001783}) = 0
16676 clock_gettime(CLOCK_BOOTTIME, {9506, 942088116}) = 0
16676 select(7, [3 4], [], NULL, NULL)  = 1 (in [4])
16676 clock_gettime(CLOCK_BOOTTIME, {9507, 169021034}) = 0
16676 read(4, "\t", 16384)              = 1
16676 clock_gettime(CLOCK_BOOTTIME, {9507, 169175686}) = 0
16676 clock_gettime(CLOCK_BOOTTIME, {9507, 169227107}) = 0
16676 select(7, [3 4], [3], NULL, NULL) = 1 (out [3])
16676 clock_gettime(CLOCK_BOOTTIME, {9507, 169357063}) = 0
16676 write(3, "PN\30\374\327u\317\251S\235>\347\3675\245\277\352>\372\366\326u\213\201Ow}\375\227\"Zt"..., 36) = 36
16676 clock_gettime(CLOCK_BOOTTIME, {9507, 169730256}) = 0
16676 clock_gettime(CLOCK_BOOTTIME, {9507, 169783918}) = 0
16676 select(7, [3 4], [], NULL, NULL)  = 1 (in [3])
16676 clock_gettime(CLOCK_BOOTTIME, {9507, 172430091}) = 0
16676 read(3, "( c\264\374H\5\277y\253\351vtf\273\357\2329\217U\0017\235\341\212B*\230c[\252\303"..., 8192) = 36
16676 clock_gettime(CLOCK_BOOTTIME, {9507, 172567888}) = 0
16676 clock_gettime(CLOCK_BOOTTIME, {9507, 172616829}) = 0
16676 select(7, [3 4], [5], NULL, NULL) = 1 (out [5])
16676 clock_gettime(CLOCK_BOOTTIME, {9507, 172739883}) = 0
16676 write(5, "\7", 1)                 = 1
16676 clock_gettime(CLOCK_BOOTTIME, {9507, 173280036}) = 0
16676 clock_gettime(CLOCK_BOOTTIME, {9507, 173335429}) = 0
16676 select(7, [3 4], [], NULL, NULL)  = 1 (in [4])
16676 clock_gettime(CLOCK_BOOTTIME, {9507, 622086710}) = 0
16676 read(4, "n", 16384)               = 1
16676 clock_gettime(CLOCK_BOOTTIME, {9507, 622230647}) = 0
16676 clock_gettime(CLOCK_BOOTTIME, {9507, 622281095}) = 0
16676 select(7, [3 4], [3], NULL, NULL) = 1 (out [3])
16676 clock_gettime(CLOCK_BOOTTIME, {9507, 622405014}) = 0
16676 write(3, "-c\304\367PT\232m\367\250E?i,zm\203\231_R}f=\340\177%{u\254=\237\201"..., 36) = 36
16676 clock_gettime(CLOCK_BOOTTIME, {9507, 623082623}) = 0
16676 clock_gettime(CLOCK_BOOTTIME, {9507, 623138096}) = 0
16676 select(7, [3 4], [], NULL, NULL)  = 1 (in [3])
16676 clock_gettime(CLOCK_BOOTTIME, {9507, 624510109}) = 0
16676 read(3, "\t\206\36Q]W\22\360<z\260\332\341\332e\203\352\271@\263zZ\246\241\317\353U]\25\330;\323"..., 8192) = 36
16676 clock_gettime(CLOCK_BOOTTIME, {9507, 624754155}) = 0
16676 clock_gettime(CLOCK_BOOTTIME, {9507, 624829429}) = 0
16676 select(7, [3 4], [5], NULL, NULL) = 1 (out [5])
16676 clock_gettime(CLOCK_BOOTTIME, {9507, 625000088}) = 0
16676 write(5, "n", 1)                  = 1
16676 clock_gettime(CLOCK_BOOTTIME, {9507, 625903250}) = 0
16676 clock_gettime(CLOCK_BOOTTIME, {9507, 625961156}) = 0
16676 select(7, [3 4], [], NULL, NULL)  = 1 (in [4])
16676 clock_gettime(CLOCK_BOOTTIME, {9507, 727983621}) = 0
16676 read(4, "\t", 16384)              = 1
16676 clock_gettime(CLOCK_BOOTTIME, {9507, 728159455}) = 0
16676 clock_gettime(CLOCK_BOOTTIME, {9507, 728214183}) = 0
16676 select(7, [3 4], [3], NULL, NULL) = 1 (out [3])
16676 clock_gettime(CLOCK_BOOTTIME, {9507, 728355672}) = 0
16676 write(3, "J*5\364q1\306\301OK\203\207\3356h\271\317g\3024\350\304\2172\207\337\35\246*D\300J"..., 36) = 36
16676 clock_gettime(CLOCK_BOOTTIME, {9507, 729024314}) = 0
16676 clock_gettime(CLOCK_BOOTTIME, {9507, 729081327}) = 0
16676 select(7, [3 4], [], NULL, NULL)  = 1 (in [3])
16676 clock_gettime(CLOCK_BOOTTIME, {9507, 731225477}) = 0
16676 read(3, "6\23E\230G\326\20\305)2_\323\276S\311\240_9\34_\2237\335\10\304K\302\"sv\350\23"..., 8192) = 36
16676 clock_gettime(CLOCK_BOOTTIME, {9507, 731365412}) = 0
16676 clock_gettime(CLOCK_BOOTTIME, {9507, 731415289}) = 0
16676 select(7, [3 4], [5], NULL, NULL) = 1 (out [5])
16676 clock_gettime(CLOCK_BOOTTIME, {9507, 731539582}) = 0
16676 write(5, "\7", 1)                 = 1
16676 clock_gettime(CLOCK_BOOTTIME, {9507, 732554462}) = 0
16676 clock_gettime(CLOCK_BOOTTIME, {9507, 732645065}) = 0
16676 select(7, [3 4], [], NULL, NULL)  = 1 (in [4])
16676 clock_gettime(CLOCK_BOOTTIME, {9508, 306242008}) = 0
16676 read(4, "f", 16384)               = 1
16676 clock_gettime(CLOCK_BOOTTIME, {9508, 306498869}) = 0
16676 clock_gettime(CLOCK_BOOTTIME, {9508, 306556664}) = 0
16676 select(7, [3 4], [3], NULL, NULL) = 1 (out [3])
16676 clock_gettime(CLOCK_BOOTTIME, {9508, 306700578}) = 0
16676 write(3, "]n\332\242\260\262\263\206L\23)\341\320\270\325gX\361\346\rX\360ceF\20FJ\324\337\10\353"..., 36) = 36
16676 clock_gettime(CLOCK_BOOTTIME, {9508, 307253093}) = 0
16676 clock_gettime(CLOCK_BOOTTIME, {9508, 307309935}) = 0
16676 select(7, [3 4], [], NULL, NULL)  = 1 (in [3])
16676 clock_gettime(CLOCK_BOOTTIME, {9508, 309184819}) = 0
16676 read(3, "\227\360F\r[%\33]3\377\0069\255\344\200{\345\235\23\t\242A\201^+<\355\275\262\5T\32"..., 8192) = 36
16676 clock_gettime(CLOCK_BOOTTIME, {9508, 309460797}) = 0
16676 clock_gettime(CLOCK_BOOTTIME, {9508, 309556695}) = 0
16676 select(7, [3 4], [5], NULL, NULL) = 1 (out [5])
16676 clock_gettime(CLOCK_BOOTTIME, {9508, 309790448}) = 0
16676 write(5, "f", 1)                  = 1
16676 clock_gettime(CLOCK_BOOTTIME, {9508, 310702193}) = 0
16676 clock_gettime(CLOCK_BOOTTIME, {9508, 310783658}) = 0
16676 select(7, [3 4], [], NULL, NULL)  = 1 (in [4])
16676 clock_gettime(CLOCK_BOOTTIME, {9508, 466152585}) = 0
16676 read(4, "\t", 16384)              = 1
16676 clock_gettime(CLOCK_BOOTTIME, {9508, 466295674}) = 0
16676 clock_gettime(CLOCK_BOOTTIME, {9508, 466344836}) = 0
16676 select(7, [3 4], [3], NULL, NULL) = 1 (out [3])
16676 clock_gettime(CLOCK_BOOTTIME, {9508, 466528250}) = 0
16676 write(3, "\177\353\35\314$\241$\336(\273\222\211RI\274&?\203\2346\362S\353\v\264p\246\312\"?\316:"..., 36) = 36
16676 clock_gettime(CLOCK_BOOTTIME, {9508, 466903875}) = 0
16676 clock_gettime(CLOCK_BOOTTIME, {9508, 467377102}) = 0
16676 select(7, [3 4], [], NULL, NULL)  = 1 (in [3])
16676 clock_gettime(CLOCK_BOOTTIME, {9508, 469416167}) = 0
16676 read(3, "t\36\361R\202@\313'\317i\23'dX\27\257g\260\313Eg\366\215\237J\344\211\215\3\303R\223"..., 8192) = 36
16676 clock_gettime(CLOCK_BOOTTIME, {9508, 469590347}) = 0
16676 clock_gettime(CLOCK_BOOTTIME, {9508, 469638249}) = 0
16676 select(7, [3 4], [5], NULL, NULL) = 1 (out [5])
16676 clock_gettime(CLOCK_BOOTTIME, {9508, 469760538}) = 0
16676 write(5, "\7", 1)                 = 1
16676 clock_gettime(CLOCK_BOOTTIME, {9508, 470508921}) = 0
16676 clock_gettime(CLOCK_BOOTTIME, {9508, 470607950}) = 0
16676 select(7, [3 4], [], NULL, NULL)  = 1 (in [4])
16676 clock_gettime(CLOCK_BOOTTIME, {9509, 682896730}) = 0
16676 read(4, "i", 16384)               = 1
16676 clock_gettime(CLOCK_BOOTTIME, {9509, 683089255}) = 0
16676 clock_gettime(CLOCK_BOOTTIME, {9509, 683139189}) = 0
16676 select(7, [3 4], [3], NULL, NULL) = 1 (out [3])
16676 clock_gettime(CLOCK_BOOTTIME, {9509, 683264344}) = 0
16676 write(3, "\341\254\36\215w\204c\3147\232\317.\32\310f\307\241Bcdb\307\276\v\236\301n3\22\232)\\"..., 36) = 36
16676 clock_gettime(CLOCK_BOOTTIME, {9509, 684003533}) = 0
16676 clock_gettime(CLOCK_BOOTTIME, {9509, 684091607}) = 0
16676 select(7, [3 4], [], NULL, NULL)  = 1 (in [3])
16676 clock_gettime(CLOCK_BOOTTIME, {9509, 685482159}) = 0
16676 read(3, "\261a\36\217u\256\346E\v\361\201\373\310\330\370N\231D~w_\347\236<\26duW\321@1\265"..., 8192) = 36
16676 clock_gettime(CLOCK_BOOTTIME, {9509, 685615833}) = 0
16676 clock_gettime(CLOCK_BOOTTIME, {9509, 685665921}) = 0
16676 select(7, [3 4], [5], NULL, NULL) = 1 (out [5])
16676 clock_gettime(CLOCK_BOOTTIME, {9509, 685789692}) = 0
16676 write(5, "i", 1)                  = 1
16676 clock_gettime(CLOCK_BOOTTIME, {9509, 686620857}) = 0
16676 clock_gettime(CLOCK_BOOTTIME, {9509, 686677466}) = 0
16676 select(7, [3 4], [], NULL, NULL)  = 1 (in [4])
16676 clock_gettime(CLOCK_BOOTTIME, {9509, 768347454}) = 0
16676 read(4, "\t", 16384)              = 1
16676 clock_gettime(CLOCK_BOOTTIME, {9509, 768490092}) = 0
16676 clock_gettime(CLOCK_BOOTTIME, {9509, 768540484}) = 0
16676 select(7, [3 4], [3], NULL, NULL) = 1 (out [3])
16676 clock_gettime(CLOCK_BOOTTIME, {9509, 768665184}) = 0
16676 write(3, "\315\217R\4\203\376\214)\267;\202\340.\256\304\266\301l\356\351\21\334\365h\370\370\201\rC\301\211B"..., 36) = 36
16676 clock_gettime(CLOCK_BOOTTIME, {9509, 769533274}) = 0
16676 clock_gettime(CLOCK_BOOTTIME, {9509, 769591001}) = 0
16676 select(7, [3 4], [], NULL, NULL)  = 1 (in [3])
16676 clock_gettime(CLOCK_BOOTTIME, {9509, 771468139}) = 0
16676 read(3, "._\277z\350\2\327\242#\33\33~\316\361!\265\207\246Z\257>\312\255\202f\254\206\36\31\254NS"..., 8192) = 36
16676 clock_gettime(CLOCK_BOOTTIME, {9509, 771639014}) = 0
16676 clock_gettime(CLOCK_BOOTTIME, {9509, 771688110}) = 0
16676 select(7, [3 4], [5], NULL, NULL) = 1 (out [5])
16676 clock_gettime(CLOCK_BOOTTIME, {9509, 771813265}) = 0
16676 write(5, "\7", 1)                 = 1
16676 clock_gettime(CLOCK_BOOTTIME, {9509, 772594533}) = 0
16676 clock_gettime(CLOCK_BOOTTIME, {9509, 772651138}) = 0
16676 select(7, [3 4], [], NULL, NULL)  = 1 (in [4])
16676 clock_gettime(CLOCK_BOOTTIME, {9509, 965864767}) = 0
16676 read(4, "\t", 16384)              = 1
16676 clock_gettime(CLOCK_BOOTTIME, {9509, 966008107}) = 0
16676 clock_gettime(CLOCK_BOOTTIME, {9509, 966058715}) = 0
16676 select(7, [3 4], [3], NULL, NULL) = 1 (out [3])
16676 clock_gettime(CLOCK_BOOTTIME, {9509, 966227726}) = 0
16676 write(3, "R\306\233\251\r\340\t\303\234\262\334\177\350Gd%\276b\261Rhc\277\233\371,:\236\304\10]d"..., 36) = 36
16676 clock_gettime(CLOCK_BOOTTIME, {9509, 966658166}) = 0
16676 clock_gettime(CLOCK_BOOTTIME, {9509, 966726308}) = 0
16676 select(7, [3 4], [], NULL, NULL)  = 1 (in [3])
16676 clock_gettime(CLOCK_BOOTTIME, {9509, 968954352}) = 0
16676 read(3, "i\204\324)A,k\232\334\206S>\353\253=f\256\255d\266\305\303\227T&\25?:\355J6a"..., 8192) = 36
16676 clock_gettime(CLOCK_BOOTTIME, {9509, 969093529}) = 0
16676 clock_gettime(CLOCK_BOOTTIME, {9509, 969177282}) = 0
16676 select(7, [3 4], [5], NULL, NULL) = 1 (out [5])
16676 clock_gettime(CLOCK_BOOTTIME, {9509, 969308415}) = 0
16676 write(5, "\7", 1)                 = 1
16676 clock_gettime(CLOCK_BOOTTIME, {9509, 970025517}) = 0
16676 clock_gettime(CLOCK_BOOTTIME, {9509, 970080652}) = 0
16676 select(7, [3 4], [], NULL, NULL)  = 1 (in [4])
16676 clock_gettime(CLOCK_BOOTTIME, {9511, 179645015}) = 0
16676 read(4, "g", 16384)               = 1
16676 clock_gettime(CLOCK_BOOTTIME, {9511, 179917506}) = 0
16676 clock_gettime(CLOCK_BOOTTIME, {9511, 179975110}) = 0
16676 select(7, [3 4], [3], NULL, NULL) = 1 (out [3])
16676 clock_gettime(CLOCK_BOOTTIME, {9511, 180146704}) = 0
16676 write(3, "\247~)4IeF\335\22\204r\377\300\216\t\251\355t3\370u\273\371\314p\r\16\375|;(\374"..., 36) = 36
16676 clock_gettime(CLOCK_BOOTTIME, {9511, 180953781}) = 0
16676 clock_gettime(CLOCK_BOOTTIME, {9511, 181044070}) = 0
16676 select(7, [3 4], [], NULL, NULL)  = 1 (in [3])
16676 clock_gettime(CLOCK_BOOTTIME, {9511, 182963092}) = 0
16676 read(3, "\346\215\326\"-q\226n\214\311J\313\262\217\250\215\270\220s\2233\253*\260k\352@W\241\233\277u"..., 8192) = 36
16676 clock_gettime(CLOCK_BOOTTIME, {9511, 183111326}) = 0
16676 clock_gettime(CLOCK_BOOTTIME, {9511, 183161481}) = 0
16676 select(7, [3 4], [5], NULL, NULL) = 1 (out [5])
16676 clock_gettime(CLOCK_BOOTTIME, {9511, 183287224}) = 0
16676 write(5, "g", 1)                  = 1
16676 clock_gettime(CLOCK_BOOTTIME, {9511, 183809923}) = 0
16676 clock_gettime(CLOCK_BOOTTIME, {9511, 183920879}) = 0
16676 select(7, [3 4], [], NULL, NULL)  = 1 (in [4])
16676 clock_gettime(CLOCK_BOOTTIME, {9511, 331070450}) = 0
16676 read(4, "\r", 16384)              = 1
16676 clock_gettime(CLOCK_BOOTTIME, {9511, 331209112}) = 0
16676 clock_gettime(CLOCK_BOOTTIME, {9511, 331257251}) = 0
16676 select(7, [3 4], [3], NULL, NULL) = 1 (out [3])
16676 clock_gettime(CLOCK_BOOTTIME, {9511, 331377214}) = 0
16676 write(3, "2\201\6\372\v\5\177\232R\2\t.\30_Z\331\0312u\362\33s#\3063\244\205\365<\326\250\342"..., 36) = 36
16676 clock_gettime(CLOCK_BOOTTIME, {9511, 332195634}) = 0
16676 clock_gettime(CLOCK_BOOTTIME, {9511, 332272346}) = 0
16676 select(7, [3 4], [], NULL, NULL)  = 1 (in [3])
16676 clock_gettime(CLOCK_BOOTTIME, {9511, 334413243}) = 0
16676 read(3, "\4\351yBD\16\355\212?,\214\311N&b\377l\232\251\313\217=)\212\262\303\313\213V\0m\232"..., 8192) = 36
16676 clock_gettime(CLOCK_BOOTTIME, {9511, 334628890}) = 0
16676 clock_gettime(CLOCK_BOOTTIME, {9511, 334712050}) = 0
16676 select(7, [3 4], [5], NULL, NULL) = 1 (out [5])
16676 clock_gettime(CLOCK_BOOTTIME, {9511, 334956687}) = 0
16676 write(5, "\r\n", 2)               = 2
16676 clock_gettime(CLOCK_BOOTTIME, {9511, 335831688}) = 0
16676 clock_gettime(CLOCK_BOOTTIME, {9511, 335886891}) = 0
16676 select(7, [3 4], [], NULL, NULL)  = 1 (in [3])
16676 clock_gettime(CLOCK_BOOTTIME, {9511, 336008207}) = 0
16676 read(3, "I\320\346\t\320\321\267\322~\335\250\21x\16\2330\20|\214\3533\245{\355\307(\36\"\242+\207\352"..., 8192) = 92
16676 clock_gettime(CLOCK_BOOTTIME, {9511, 336133211}) = 0
16676 clock_gettime(CLOCK_BOOTTIME, {9511, 336180750}) = 0
16676 select(7, [3 4], [5], NULL, NULL) = 1 (out [5])
16676 clock_gettime(CLOCK_BOOTTIME, {9511, 336297151}) = 0
16676 write(5, "-bash: ifconfig: command not fou"..., 56) = 56
16676 clock_gettime(CLOCK_BOOTTIME, {9511, 336926470}) = 0
16676 clock_gettime(CLOCK_BOOTTIME, {9511, 336978662}) = 0
16676 select(7, [3 4], [], NULL, NULL)  = 1 (in [4])
16676 clock_gettime(CLOCK_BOOTTIME, {9514, 65185726}) = 0
16676 read(4, "d", 16384)               = 1
16676 clock_gettime(CLOCK_BOOTTIME, {9514, 65329340}) = 0
16676 clock_gettime(CLOCK_BOOTTIME, {9514, 65427262}) = 0
16676 select(7, [3 4], [3], NULL, NULL) = 1 (out [3])
16676 clock_gettime(CLOCK_BOOTTIME, {9514, 65557546}) = 0
16676 write(3, "2\32R\265\221\363y\33\227\30\rh\252k1\32\274D7H\20l\236\271Z\350%\246aqu\330"..., 36) = 36
16676 clock_gettime(CLOCK_BOOTTIME, {9514, 65954870}) = 0
16676 clock_gettime(CLOCK_BOOTTIME, {9514, 66101123}) = 0
16676 select(7, [3 4], [], NULL, NULL)  = 1 (in [3])
16676 clock_gettime(CLOCK_BOOTTIME, {9514, 67869829}) = 0
16676 read(3, "\305\325@\234\273v\210:\352\302\276\0031\v&5IS`;\321e-`:6\311\324\0\253\306h"..., 8192) = 36
16676 clock_gettime(CLOCK_BOOTTIME, {9514, 68004783}) = 0
16676 clock_gettime(CLOCK_BOOTTIME, {9514, 68054436}) = 0
16676 select(7, [3 4], [5], NULL, NULL) = 1 (out [5])
16676 clock_gettime(CLOCK_BOOTTIME, {9514, 68177666}) = 0
16676 write(5, "d", 1)                  = 1
16676 clock_gettime(CLOCK_BOOTTIME, {9514, 68933641}) = 0
16676 clock_gettime(CLOCK_BOOTTIME, {9514, 68989514}) = 0
16676 select(7, [3 4], [], NULL, NULL)  = 1 (in [4])
16676 clock_gettime(CLOCK_BOOTTIME, {9514, 145342891}) = 0
16676 read(4, "f", 16384)               = 1
16676 clock_gettime(CLOCK_BOOTTIME, {9514, 145547884}) = 0
16676 clock_gettime(CLOCK_BOOTTIME, {9514, 145602324}) = 0
16676 select(7, [3 4], [3], NULL, NULL) = 1 (out [3])
16676 clock_gettime(CLOCK_BOOTTIME, {9514, 145731415}) = 0
16676 write(3, "\350V\32o\232\311\332Tq\344<\232s\313\236D:\7{\"5X\205G2\234\"\221\205*1\16"..., 36) = 36
16676 clock_gettime(CLOCK_BOOTTIME, {9514, 146574608}) = 0
16676 clock_gettime(CLOCK_BOOTTIME, {9514, 146632673}) = 0
16676 select(7, [3 4], [], NULL, NULL)  = 1 (in [3])
16676 clock_gettime(CLOCK_BOOTTIME, {9514, 148137522}) = 0
16676 read(3, "\354\262m\266]\305\t\303L\362\325/5\371\2^\17`\220\236L2\237\231\357/U\2561\225f\355"..., 8192) = 36
16676 clock_gettime(CLOCK_BOOTTIME, {9514, 148371682}) = 0
16676 clock_gettime(CLOCK_BOOTTIME, {9514, 148585873}) = 0
16676 select(7, [3 4], [5], NULL, NULL) = 1 (out [5])
16676 clock_gettime(CLOCK_BOOTTIME, {9514, 148825245}) = 0
16676 write(5, "f", 1)                  = 1
16676 clock_gettime(CLOCK_BOOTTIME, {9514, 149313061}) = 0
16676 clock_gettime(CLOCK_BOOTTIME, {9514, 149366988}) = 0
16676 select(7, [3 4], [], NULL, NULL)  = 1 (in [4])
16676 clock_gettime(CLOCK_BOOTTIME, {9514, 302988080}) = 0
16676 read(4, "\r", 16384)              = 1
16676 clock_gettime(CLOCK_BOOTTIME, {9514, 303133936}) = 0
16676 clock_gettime(CLOCK_BOOTTIME, {9514, 303185029}) = 0
16676 select(7, [3 4], [3], NULL, NULL) = 1 (out [3])
16676 clock_gettime(CLOCK_BOOTTIME, {9514, 303310023}) = 0
16676 write(3, "\16\0174f,h\332\343;>0O\267\n\"\230\336!\274\5*\321\33y\252\321F[X\16\202\377"..., 36) = 36
16676 clock_gettime(CLOCK_BOOTTIME, {9514, 303999436}) = 0
16676 clock_gettime(CLOCK_BOOTTIME, {9514, 304054575}) = 0
16676 select(7, [3 4], [], NULL, NULL)  = 1 (in [3])
16676 clock_gettime(CLOCK_BOOTTIME, {9514, 306023502}) = 0
16676 read(3, "\"\241;\302\36\3318\260\370\243\342\303\244_\5\231\343\272]\202\363w\221S}{\2257$\246&\255"..., 8192) = 36
16676 clock_gettime(CLOCK_BOOTTIME, {9514, 306178811}) = 0
16676 clock_gettime(CLOCK_BOOTTIME, {9514, 306230012}) = 0
16676 select(7, [3 4], [5], NULL, NULL) = 1 (out [5])
16676 clock_gettime(CLOCK_BOOTTIME, {9514, 306353847}) = 0
16676 write(5, "\r\n", 2)               = 2
16676 clock_gettime(CLOCK_BOOTTIME, {9514, 307033501}) = 0
16676 clock_gettime(CLOCK_BOOTTIME, {9514, 307088386}) = 0
16676 select(7, [3 4], [], NULL, NULL)  = 1 (in [3])
16676 clock_gettime(CLOCK_BOOTTIME, {9514, 309045445}) = 0
16676 read(3, "G\0/\312\361P\203\356,\343S\315Of\261\16\205\361\1\363\2432y\346\5\2229\256\353u?`"..., 8192) = 588
16676 clock_gettime(CLOCK_BOOTTIME, {9514, 309211510}) = 0
16676 clock_gettime(CLOCK_BOOTTIME, {9514, 309262563}) = 0
16676 select(7, [3 4], [5], NULL, NULL) = 1 (out [5])
16676 clock_gettime(CLOCK_BOOTTIME, {9514, 309387981}) = 0
16676 write(5, "Filesystem              1K-block"..., 549) = 549
16676 clock_gettime(CLOCK_BOOTTIME, {9514, 309983711}) = 0
16676 clock_gettime(CLOCK_BOOTTIME, {9514, 310038659}) = 0
16676 select(7, [3 4], [], NULL, NULL)  = 1 (in [4])
16676 clock_gettime(CLOCK_BOOTTIME, {9516, 485165026}) = 0
16676 read(4, "t", 16384)               = 1
16676 clock_gettime(CLOCK_BOOTTIME, {9516, 485308175}) = 0
16676 clock_gettime(CLOCK_BOOTTIME, {9516, 485357872}) = 0
16676 select(7, [3 4], [3], NULL, NULL) = 1 (out [3])
16676 clock_gettime(CLOCK_BOOTTIME, {9516, 485482124}) = 0
16676 write(3, "\250\350d\321\260\230\324\3\207\377\0\241ZH\226Oq\261/\200\217u\5d\221\16\307W~x\305\345"..., 36) = 36
16676 clock_gettime(CLOCK_BOOTTIME, {9516, 485959601}) = 0
16676 clock_gettime(CLOCK_BOOTTIME, {9516, 486018305}) = 0
16676 select(7, [3 4], [], NULL, NULL)  = 1 (in [3])
16676 clock_gettime(CLOCK_BOOTTIME, {9516, 487825666}) = 0
16676 read(3, "&\317\16\n\247\241\374\245X\205\352\2446\30\214:k\31\316\265q\237S9\250?\370\"\36)\254\363"..., 8192) = 36
16676 clock_gettime(CLOCK_BOOTTIME, {9516, 488005809}) = 0
16676 clock_gettime(CLOCK_BOOTTIME, {9516, 488056197}) = 0
16676 select(7, [3 4], [5], NULL, NULL) = 1 (out [5])
16676 clock_gettime(CLOCK_BOOTTIME, {9516, 488209466}) = 0
16676 write(5, "t", 1)                  = 1
16676 clock_gettime(CLOCK_BOOTTIME, {9516, 488991620}) = 0
16676 clock_gettime(CLOCK_BOOTTIME, {9516, 489047928}) = 0
16676 select(7, [3 4], [], NULL, NULL)  = 1 (in [4])
16676 clock_gettime(CLOCK_BOOTTIME, {9516, 546925823}) = 0
16676 read(4, "o", 16384)               = 1
16676 clock_gettime(CLOCK_BOOTTIME, {9516, 547068798}) = 0
16676 clock_gettime(CLOCK_BOOTTIME, {9516, 547118765}) = 0
16676 select(7, [3 4], [3], NULL, NULL) = 1 (out [3])
16676 clock_gettime(CLOCK_BOOTTIME, {9516, 547242747}) = 0
16676 write(3, "\304\247\235\27\310#\234\261}\233\242\r]\220\17\307\251\351\214mxrXw\311\357HS\212\206_\317"..., 36) = 36
16676 clock_gettime(CLOCK_BOOTTIME, {9516, 547594515}) = 0
16676 clock_gettime(CLOCK_BOOTTIME, {9516, 547648006}) = 0
16676 select(7, [3 4], [], NULL, NULL)  = 1 (in [3])
16676 clock_gettime(CLOCK_BOOTTIME, {9516, 549396854}) = 0
16676 read(3, "g\21\217\0\350\321Z\17d\35\32\267\235\205\350q]hV\33-U\207\252\322]\200\fj\2153S"..., 8192) = 36
16676 clock_gettime(CLOCK_BOOTTIME, {9516, 549532172}) = 0
16676 clock_gettime(CLOCK_BOOTTIME, {9516, 549582673}) = 0
16676 select(7, [3 4], [5], NULL, NULL) = 1 (out [5])
16676 clock_gettime(CLOCK_BOOTTIME, {9516, 549707775}) = 0
16676 write(5, "o", 1)                  = 1
16676 clock_gettime(CLOCK_BOOTTIME, {9516, 550610860}) = 0
16676 clock_gettime(CLOCK_BOOTTIME, {9516, 550676042}) = 0
16676 select(7, [3 4], [], NULL, NULL)  = 1 (in [4])
16676 clock_gettime(CLOCK_BOOTTIME, {9516, 673589802}) = 0
16676 read(4, "p", 16384)               = 1
16676 clock_gettime(CLOCK_BOOTTIME, {9516, 673748600}) = 0
16676 clock_gettime(CLOCK_BOOTTIME, {9516, 673801771}) = 0
16676 select(7, [3 4], [3], NULL, NULL) = 1 (out [3])
16676 clock_gettime(CLOCK_BOOTTIME, {9516, 673978523}) = 0
16676 write(3, "\347\235[F\330O\274\313\271\366\256\312\33wi\232\247\220\3264\10\300\336\361\340\342q3RQ\275\231"..., 36) = 36
16676 clock_gettime(CLOCK_BOOTTIME, {9516, 674726369}) = 0
16676 clock_gettime(CLOCK_BOOTTIME, {9516, 674782503}) = 0
16676 select(7, [3 4], [], NULL, NULL)  = 1 (in [3])
16676 clock_gettime(CLOCK_BOOTTIME, {9516, 676186265}) = 0
16676 read(3, "\207<\255\216\315\2034\10TEQ\321\224\341\272\362\222_8e\35\221\275o\226\303oR-\265\244r"..., 8192) = 36
16676 clock_gettime(CLOCK_BOOTTIME, {9516, 676320471}) = 0
16676 clock_gettime(CLOCK_BOOTTIME, {9516, 676534962}) = 0
16676 select(7, [3 4], [5], NULL, NULL) = 1 (out [5])
16676 clock_gettime(CLOCK_BOOTTIME, {9516, 676663986}) = 0
16676 write(5, "p", 1)                  = 1
16676 clock_gettime(CLOCK_BOOTTIME, {9516, 677401679}) = 0
16676 clock_gettime(CLOCK_BOOTTIME, {9516, 677456510}) = 0
16676 select(7, [3 4], [], NULL, NULL)  = 1 (in [4])
16676 clock_gettime(CLOCK_BOOTTIME, {9516, 913760761}) = 0
16676 read(4, "\r", 16384)              = 1
16676 clock_gettime(CLOCK_BOOTTIME, {9516, 913905293}) = 0
16676 clock_gettime(CLOCK_BOOTTIME, {9516, 913955487}) = 0
16676 select(7, [3 4], [3], NULL, NULL) = 1 (out [3])
16676 clock_gettime(CLOCK_BOOTTIME, {9516, 914078227}) = 0
16676 write(3, "\354\362\202\206\334\10\27\263\372\27\234\320\221\307l\241\304@\265\254\272\v|qtsN\252\356\344\207\334"..., 36) = 36
16676 clock_gettime(CLOCK_BOOTTIME, {9516, 914563244}) = 0
16676 clock_gettime(CLOCK_BOOTTIME, {9516, 914620384}) = 0
16676 select(7, [3 4], [], NULL, NULL)  = 1 (in [3])
16676 clock_gettime(CLOCK_BOOTTIME, {9516, 916859821}) = 0
16676 read(3, "O\26\335\0062\257J\21\352;\1\200\372\3301\20X;\213V\317v\324YV\320\277E,\20k\310"..., 8192) = 36
16676 clock_gettime(CLOCK_BOOTTIME, {9516, 916996512}) = 0
16676 clock_gettime(CLOCK_BOOTTIME, {9516, 917045844}) = 0
16676 select(7, [3 4], [5], NULL, NULL) = 1 (out [5])
16676 clock_gettime(CLOCK_BOOTTIME, {9516, 917170478}) = 0
16676 write(5, "\r\n", 2)               = 2
16676 clock_gettime(CLOCK_BOOTTIME, {9516, 918136734}) = 0
16676 clock_gettime(CLOCK_BOOTTIME, {9516, 918193734}) = 0
16676 select(7, [3 4], [], NULL, NULL)  = 1 (in [3])
16676 clock_gettime(CLOCK_BOOTTIME, {9516, 969437422}) = 0
16676 read(3, "\275bRU\21\365\300l\275\213\202\25\363\364\341\25+\266\277\31gG\203z\326\17Xq1\314~\347"..., 8192) = 52
16676 clock_gettime(CLOCK_BOOTTIME, {9516, 969621959}) = 0
16676 clock_gettime(CLOCK_BOOTTIME, {9516, 969673399}) = 0
16676 select(7, [3 4], [5], NULL, NULL) = 1 (out [5])
16676 clock_gettime(CLOCK_BOOTTIME, {9516, 969801557}) = 0
16676 write(5, "\33[?25l\33[?1c", 11)   = 11
16676 clock_gettime(CLOCK_BOOTTIME, {9516, 970449515}) = 0
16676 clock_gettime(CLOCK_BOOTTIME, {9516, 970503392}) = 0
16676 select(7, [3 4], [], NULL, NULL)  = 1 (in [3])
16676 clock_gettime(CLOCK_BOOTTIME, {9517, 178044799}) = 0
16676 read(3, "F\374\365\224\321\252\232\214\203\200\32I\214\334\314\310,\\\200<2A\215O\313\202\363\6x\201\360\263"..., 8192) = 2468
16676 clock_gettime(CLOCK_BOOTTIME, {9517, 178269537}) = 0
16676 clock_gettime(CLOCK_BOOTTIME, {9517, 178327713}) = 0
16676 select(7, [3 4], [5], NULL, NULL) = 1 (out [5])
16676 clock_gettime(CLOCK_BOOTTIME, {9517, 178469369}) = 0
16676 write(5, "\33[H\33[J\33[0;10mtop - 20:38:35 up  "..., 2431) = 2431
16676 clock_gettime(CLOCK_BOOTTIME, {9517, 179106031}) = 0
16676 clock_gettime(CLOCK_BOOTTIME, {9517, 179176702}) = 0
16676 select(7, [3 4], [], NULL, NULL)  = 1 (in [4])
16676 clock_gettime(CLOCK_BOOTTIME, {9517, 611516489}) = 0
16676 read(4, "M", 16384)               = 1
16676 clock_gettime(CLOCK_BOOTTIME, {9517, 611663848}) = 0
16676 clock_gettime(CLOCK_BOOTTIME, {9517, 611714266}) = 0
16676 select(7, [3 4], [3], NULL, NULL) = 1 (out [3])
16676 clock_gettime(CLOCK_BOOTTIME, {9517, 611841228}) = 0
16676 write(3, "\366\273q\204\252\364~\357\315W\247.>\261G#DP\36t\344\277\204bH\235S' \376\204\237"..., 36) = 36
16676 clock_gettime(CLOCK_BOOTTIME, {9517, 612260653}) = 0
16676 clock_gettime(CLOCK_BOOTTIME, {9517, 612315631}) = 0
16676 select(7, [3 4], [], NULL, NULL)  = 1 (in [3])
16676 clock_gettime(CLOCK_BOOTTIME, {9517, 626157381}) = 0
16676 read(3, "\204\215&V\222\312\350\207Pr\10\30/sm\16\305\22\206l\3\317\223\2316O\6N\263\266bX"..., 8192) = 52
16676 clock_gettime(CLOCK_BOOTTIME, {9517, 626477684}) = 0
16676 clock_gettime(CLOCK_BOOTTIME, {9517, 626565677}) = 0
16676 select(7, [3 4], [5], NULL, NULL) = 1 (out [5])
16676 clock_gettime(CLOCK_BOOTTIME, {9517, 626779397}) = 0
16676 write(5, "\33[?25l\33[?1c", 11)   = 11
16676 clock_gettime(CLOCK_BOOTTIME, {9517, 627789279}) = 0
16676 clock_gettime(CLOCK_BOOTTIME, {9517, 627870253}) = 0
16676 select(7, [3 4], [], NULL, NULL)  = 1 (in [3])
16676 clock_gettime(CLOCK_BOOTTIME, {9517, 631667302}) = 0
16676 read(3, "\201\6\2659i\300E\212\23Q\211R\225s\7\344\270\323\254\320\331i[`\342!]\20\204\357p\213"..., 8192) = 2468
16676 clock_gettime(CLOCK_BOOTTIME, {9517, 631857682}) = 0
16676 clock_gettime(CLOCK_BOOTTIME, {9517, 631908592}) = 0
16676 select(7, [3 4], [5], NULL, NULL) = 1 (out [5])
16676 clock_gettime(CLOCK_BOOTTIME, {9517, 632035286}) = 0
16676 write(5, "\33[H\33[0;10mtop - 20:38:35 up  3:0"..., 2428) = 2428
16676 clock_gettime(CLOCK_BOOTTIME, {9517, 633490145}) = 0
16676 clock_gettime(CLOCK_BOOTTIME, {9517, 633554060}) = 0
16676 select(7, [3 4], [], NULL, NULL)  = 1 (in [4])
16676 clock_gettime(CLOCK_BOOTTIME, {9517, 918571318}) = 0
16676 read(4, "q", 16384)               = 1
16676 clock_gettime(CLOCK_BOOTTIME, {9517, 918765416}) = 0
16676 clock_gettime(CLOCK_BOOTTIME, {9517, 918816857}) = 0
16676 select(7, [3 4], [3], NULL, NULL) = 1 (out [3])
16676 clock_gettime(CLOCK_BOOTTIME, {9517, 918942944}) = 0
16676 write(3, "T\362\302\224\220@\26\276\251\2132g\34%\375 28f;\242\340wf\7au\2658+^\\"..., 36) = 36
16676 clock_gettime(CLOCK_BOOTTIME, {9517, 919769018}) = 0
16676 clock_gettime(CLOCK_BOOTTIME, {9517, 919825149}) = 0
16676 select(7, [3 4], [], NULL, NULL)  = 1 (in [3])
16676 clock_gettime(CLOCK_BOOTTIME, {9517, 924073771}) = 0
16676 read(3, "\n'QN!\260\1)\377\237\310\274\32\355\353L.\10\325\227\7]#\240\vN\372Hj\31a\210"..., 8192) = 84
16676 clock_gettime(CLOCK_BOOTTIME, {9517, 924224902}) = 0
16676 clock_gettime(CLOCK_BOOTTIME, {9517, 924280585}) = 0
16676 select(7, [3 4], [5], NULL, NULL) = 1 (out [5])
16676 clock_gettime(CLOCK_BOOTTIME, {9517, 924420193}) = 0
16676 write(5, "\33[25;1H\r\n\33[?25h\33[?0c\33[K[root@loc"..., 43) = 43
16676 clock_gettime(CLOCK_BOOTTIME, {9517, 925260389}) = 0
16676 clock_gettime(CLOCK_BOOTTIME, {9517, 925321491}) = 0
16676 select(7, [3 4], [], NULL, NULL)  = 1 (in [4])
16676 clock_gettime(CLOCK_BOOTTIME, {9518, 582796961}) = 0
16676 read(4, "e", 16384)               = 1
16676 clock_gettime(CLOCK_BOOTTIME, {9518, 582941603}) = 0
16676 clock_gettime(CLOCK_BOOTTIME, {9518, 582991621}) = 0
16676 select(7, [3 4], [3], NULL, NULL) = 1 (out [3])
16676 clock_gettime(CLOCK_BOOTTIME, {9518, 583116415}) = 0
16676 write(3, "\262n.\274\23\356\362m\227uT\247\272\332\376\237RF\374\306\325\337Vmsg\346\364\4\323.\31"..., 36) = 36
16676 clock_gettime(CLOCK_BOOTTIME, {9518, 583470721}) = 0
16676 clock_gettime(CLOCK_BOOTTIME, {9518, 583524444}) = 0
16676 select(7, [3 4], [], NULL, NULL)  = 1 (in [3])
16676 clock_gettime(CLOCK_BOOTTIME, {9518, 585162100}) = 0
16676 read(3, "\212\360\221t\343\327y\260\274\247\fV\237\211\355+\24X\3700\306\230\320V\357\35)V\232\20\226_"..., 8192) = 36
16676 clock_gettime(CLOCK_BOOTTIME, {9518, 585297465}) = 0
16676 clock_gettime(CLOCK_BOOTTIME, {9518, 585347466}) = 0
16676 select(7, [3 4], [5], NULL, NULL) = 1 (out [5])
16676 clock_gettime(CLOCK_BOOTTIME, {9518, 585472136}) = 0
16676 write(5, "e", 1)                  = 1
16676 clock_gettime(CLOCK_BOOTTIME, {9518, 586237919}) = 0
16676 clock_gettime(CLOCK_BOOTTIME, {9518, 586318115}) = 0
16676 select(7, [3 4], [], NULL, NULL)  = 1 (in [4])
16676 clock_gettime(CLOCK_BOOTTIME, {9518, 797604705}) = 0
16676 read(4, "x", 16384)               = 1
16676 clock_gettime(CLOCK_BOOTTIME, {9518, 797762013}) = 0
16676 clock_gettime(CLOCK_BOOTTIME, {9518, 797815481}) = 0
16676 select(7, [3 4], [3], NULL, NULL) = 1 (out [3])
16676 clock_gettime(CLOCK_BOOTTIME, {9518, 798009857}) = 0
16676 write(3, "\276;\335\367\333\10x6\374\31I\301\v\224c\0365\304\360\355\32\310\346\37\223\325 \343}\177\306Q"..., 36) = 36
16676 clock_gettime(CLOCK_BOOTTIME, {9518, 798408120}) = 0
16676 clock_gettime(CLOCK_BOOTTIME, {9518, 798561336}) = 0
16676 select(7, [3 4], [], NULL, NULL)  = 1 (in [3])
16676 clock_gettime(CLOCK_BOOTTIME, {9518, 800323400}) = 0
16676 read(3, ".\r\201\26?-\305\335\231\26F\252~\273Z\2109\247(\232\252D($\207\32m\364\223,h\320"..., 8192) = 36
16676 clock_gettime(CLOCK_BOOTTIME, {9518, 800463198}) = 0
16676 clock_gettime(CLOCK_BOOTTIME, {9518, 800513520}) = 0
16676 select(7, [3 4], [5], NULL, NULL) = 1 (out [5])
16676 clock_gettime(CLOCK_BOOTTIME, {9518, 800639513}) = 0
16676 write(5, "x", 1)                  = 1
16676 clock_gettime(CLOCK_BOOTTIME, {9518, 801355754}) = 0
16676 clock_gettime(CLOCK_BOOTTIME, {9518, 801410478}) = 0
16676 select(7, [3 4], [], NULL, NULL)  = 1 (in [4])
16676 clock_gettime(CLOCK_BOOTTIME, {9518, 910014413}) = 0
16676 read(4, "i", 16384)               = 1
16676 clock_gettime(CLOCK_BOOTTIME, {9518, 910161187}) = 0
16676 clock_gettime(CLOCK_BOOTTIME, {9518, 910211772}) = 0
16676 select(7, [3 4], [3], NULL, NULL) = 1 (out [3])
16676 clock_gettime(CLOCK_BOOTTIME, {9518, 910338935}) = 0
16676 write(3, "\27\22G\211\222\324\332\265\330\16\207\1J\327S\313\243B\267V\272x\371\22c|I]\266\274\256!"..., 36) = 36
16676 clock_gettime(CLOCK_BOOTTIME, {9518, 910690224}) = 0
16676 clock_gettime(CLOCK_BOOTTIME, {9518, 910841883}) = 0
16676 select(7, [3 4], [], NULL, NULL)  = 1 (in [3])
16676 clock_gettime(CLOCK_BOOTTIME, {9518, 912376265}) = 0
16676 read(3, "\353\35QC7$s\272\374'@r\325J\37\244~O\254\343KHg\267$YQ\30\354\364\366\355"..., 8192) = 36
16676 clock_gettime(CLOCK_BOOTTIME, {9518, 912506960}) = 0
16676 clock_gettime(CLOCK_BOOTTIME, {9518, 912556559}) = 0
16676 select(7, [3 4], [5], NULL, NULL) = 1 (out [5])
16676 clock_gettime(CLOCK_BOOTTIME, {9518, 912679179}) = 0
16676 write(5, "i", 1)                  = 1
16676 clock_gettime(CLOCK_BOOTTIME, {9518, 913342161}) = 0
16676 clock_gettime(CLOCK_BOOTTIME, {9518, 913397083}) = 0
16676 select(7, [3 4], [], NULL, NULL)  = 1 (in [4])
16676 clock_gettime(CLOCK_BOOTTIME, {9519, 32978974}) = 0
16676 read(4, "t", 16384)               = 1
16676 clock_gettime(CLOCK_BOOTTIME, {9519, 33205720}) = 0
16676 clock_gettime(CLOCK_BOOTTIME, {9519, 33260267}) = 0
16676 select(7, [3 4], [3], NULL, NULL) = 1 (out [3])
16676 clock_gettime(CLOCK_BOOTTIME, {9519, 33386531}) = 0
16676 write(3, "\354\304\23\331\v0F\22\211\223\337?\323\271XjV,\17\312\200j\255o\323;\344\273\31\275\377-"..., 36) = 36
16676 clock_gettime(CLOCK_BOOTTIME, {9519, 33748602}) = 0
16676 clock_gettime(CLOCK_BOOTTIME, {9519, 33803267}) = 0
16676 select(7, [3 4], [], NULL, NULL)  = 1 (in [3])
16676 clock_gettime(CLOCK_BOOTTIME, {9519, 35719760}) = 0
16676 read(3, "R\373uE\374\306\357\363\2302\362\0267Sa\277C\315\231\274\20\352\34\2208\240\214\234\22\32\372\264"..., 8192) = 36
16676 clock_gettime(CLOCK_BOOTTIME, {9519, 35857026}) = 0
16676 clock_gettime(CLOCK_BOOTTIME, {9519, 35907604}) = 0
16676 select(7, [3 4], [5], NULL, NULL) = 1 (out [5])
16676 clock_gettime(CLOCK_BOOTTIME, {9519, 36031557}) = 0
16676 write(5, "t", 1)                  = 1
16676 clock_gettime(CLOCK_BOOTTIME, {9519, 36866998}) = 0
16676 clock_gettime(CLOCK_BOOTTIME, {9519, 36937382}) = 0
16676 select(7, [3 4], [], NULL, NULL)  = 1 (in [4])
16676 clock_gettime(CLOCK_BOOTTIME, {9519, 215478320}) = 0
16676 read(4, "\r", 16384)              = 1
16676 clock_gettime(CLOCK_BOOTTIME, {9519, 215630282}) = 0
16676 clock_gettime(CLOCK_BOOTTIME, {9519, 215681195}) = 0
16676 select(7, [3 4], [3], NULL, NULL) = 1 (out [3])
16676 clock_gettime(CLOCK_BOOTTIME, {9519, 215807195}) = 0
16676 write(3, "\202\252z\4$^\351\220\tA\230/\373\352vsN\35\221P\310v8\277\3\317\2157\272V\3665"..., 36) = 36
16676 clock_gettime(CLOCK_BOOTTIME, {9519, 216557065}) = 0
16676 clock_gettime(CLOCK_BOOTTIME, {9519, 216619193}) = 0
16676 select(7, [3 4], [], NULL, NULL)  = 1 (in [3])
16676 clock_gettime(CLOCK_BOOTTIME, {9519, 221011351}) = 0
16676 read(3, "Vs\4\337\213~\21w\341d\201 ';\320\255\3121\203\27\302\362n<\206\16jG\222.\201\223"..., 8192) = 220
16676 close(4)                          = 0
16676 clock_gettime(CLOCK_BOOTTIME, {9519, 221228659}) = 0
16676 clock_gettime(CLOCK_BOOTTIME, {9519, 221319025}) = 0
16676 select(7, [3], [5], NULL, NULL)   = 1 (out [5])
16676 clock_gettime(CLOCK_BOOTTIME, {9519, 221445192}) = 0
16676 write(5, "\r\nlogout\r\n", 10)    = 10
16676 clock_gettime(CLOCK_BOOTTIME, {9519, 221871134}) = 0
16676 clock_gettime(CLOCK_BOOTTIME, {9519, 222026425}) = 0
16676 close(5)                          = 0
16676 ioctl(0, TCGETS, {B38400 -opost -isig -icanon -echo ...}) = 0
16676 ioctl(0, SNDCTL_TMR_STOP or TCSETSW, {B38400 opost isig icanon echo ...}) = 0
16676 ioctl(0, TCGETS, {B38400 opost isig icanon echo ...}) = 0
16676 close(6)                          = 0
16676 select(7, [3], [3], NULL, NULL)   = 1 (out [3])
16676 clock_gettime(CLOCK_BOOTTIME, {9519, 222679812}) = 0
16676 write(3, "F\306\320\v*\177\262\343\206\345ho\5o\271#\260\3550\37\34\336NI\314wEL\337o#\212"..., 36) = 36
16676 rt_sigaction(SIGWINCH, NULL, {0x55baa4070740, [], SA_RESTORER, 0x7f3a34a0c4b0}, 8) = 0
16676 rt_sigaction(SIGWINCH, {SIG_DFL, [], SA_RESTORER, 0x7f3a34a0c4b0}, NULL, 8) = 0
16676 write(3, "\5\26\0F\255k\367!0>\206\f\202RY`}\25\254\206\267\316u\247\254>O\372`Q\3\257"..., 60) = 60
16676 ioctl(0, TCGETS, {B38400 opost isig icanon echo ...}) = 0
16676 ioctl(1, TCGETS, {B38400 opost isig icanon echo ...}) = 0
16676 ioctl(2, TCGETS, {B38400 opost isig icanon echo ...}) = 0
16676 write(2, "Connection to 192.168.12.49 clos"..., 37) = 37
16676 shutdown(3, SHUT_RDWR)            = 0
16676 close(3)                          = 0
16676 exit_group(0)                     = ?
16676 +++ exited with 0 +++
