19686 07:24:40.843433 select(4, [3], NULL, NULL, NULL) = 1 (in [3])
19686 07:24:40.843890 read(3, "\0\0\6d\n\24\34\321\3742\204\267\372\272\366`\335\306\227-\222\232\0\0\0\324curve2"..., 8192) = 1640
19686 07:24:40.847595 write(3, "\0\0\0,\6\36\0\0\0 (/3*\371qP\353\245Y\204%S\226\314\270\32\316/\234\336\f"..., 48) = 48
19686 07:24:40.847913 select(4, [3], NULL, NULL, NULL) = 1 (in [3])
19686 07:24:40.876417 read(3, "\0\0\1\4\n\37\0\0\0h\0\0\0\23ecdsa-sha2-nistp25"..., 8192) = 280
19686 07:24:40.876745 open("/home/ago/.ssh/known_hosts", O_RDONLY) = 4
19686 07:24:40.876829 fstat(4, {st_mode=S_IFREG|0644, st_size=350, ...}) = 0
19686 07:24:40.876882 read(4, "192.168.12.60 ecdsa-sha2-nistp25"..., 4096) = 350
19686 07:24:40.877150 read(4, "", 4096) = 0
19686 07:24:40.877190 close(4)          = 0
19686 07:24:40.877229 open("/home/ago/.ssh/known_hosts2", O_RDONLY) = -1 ENOENT (No such file or directory)
19686 07:24:40.877278 open("/usr/local/openssh7/etc/ssh_known_hosts", O_RDONLY) = -1 ENOENT (No such file or directory)
19686 07:24:40.877327 open("/usr/local/openssh7/etc/ssh_known_hosts2", O_RDONLY) = -1 ENOENT (No such file or directory)
19686 07:24:40.880963 clock_gettime(CLOCK_BOOTTIME, {19486, 619829305}) = 0
19686 07:24:40.881029 write(3, "\0\0\0\f\n\25\0\0\0\0\0\0\0\0\0\0", 16) = 16
19686 07:24:40.881287 write(3, "\234\30\233\200A\256vg\306a\313\262\346\266[\26\361[Uo\306\210\272\375\363|%Ri\0174\223"..., 44) = 44
19686 07:24:40.881425 select(4, [3], NULL, NULL, NULL) = 1 (in [3])
19686 07:24:40.923797 read(3, "\213i\4\222\225\221\23\310\16\233\300\265\271\217.\343)=sR\16p\237Y/vU3\211\4x#"..., 8192) = 44
19686 07:24:40.923877 write(3, "\313\233\232\327<^}\217\5\212\1\302s\201S\34\230]}Z\316u'B}b\260\31\"q\334\241"..., 60) = 60
19686 07:24:40.924047 select(4, [3], NULL, NULL, NULL) = 1 (in [3])
19686 07:24:40.926083 read(3, "\274C\337#\336\25J\351\370\203\243\201\320\247C3\324\315\236Qgj\30\16d\20\365\274@\264\326\336"..., 8192) = 52
19686 07:24:40.926139 stat("/home/ago/.ssh/id_rsa", 0x7ffff295ed80) = -1 ENOENT (No such file or directory)
19686 07:24:40.926193 stat("/home/ago/.ssh/id_dsa", 0x7ffff295ed80) = -1 ENOENT (No such file or directory)
19686 07:24:40.926230 stat("/home/ago/.ssh/id_ecdsa", 0x7ffff295ed80) = -1 ENOENT (No such file or directory)
19686 07:24:40.926267 stat("/home/ago/.ssh/id_ed25519", 0x7ffff295ed80) = -1 ENOENT (No such file or directory)
19686 07:24:40.926309 open("/dev/tty", O_RDWR) = 4
19686 07:24:40.926361 close(4)          = 0
19686 07:24:40.926394 open("/dev/tty", O_RDWR) = 4
19686 07:24:40.926432 ioctl(4, TCGETS, {B38400 opost isig icanon echo ...}) = 0
19686 07:24:40.926470 ioctl(4, TCGETS, {B38400 opost isig icanon echo ...}) = 0
19686 07:24:40.926503 ioctl(4, SNDCTL_TMR_CONTINUE or TCSETSF, {B38400 opost isig icanon -echo ...}) = 0
19686 07:24:40.926537 ioctl(4, TCGETS, {B38400 opost isig icanon -echo ...}) = 0
19686 07:24:40.926570 rt_sigaction(SIGALRM, {0x55e47e6b3350, [], SA_RESTORER, 0x7fe0e0d164b0}, {SIG_DFL, [], 0}, 8) = 0
19686 07:24:40.926607 rt_sigaction(SIGHUP, {0x55e47e6b3350, [], SA_RESTORER, 0x7fe0e0d164b0}, {SIG_DFL, [], 0}, 8) = 0
19686 07:24:40.926641 rt_sigaction(SIGINT, {0x55e47e6b3350, [], SA_RESTORER, 0x7fe0e0d164b0}, {SIG_DFL, [], 0}, 8) = 0
19686 07:24:40.926675 rt_sigaction(SIGPIPE, {0x55e47e6b3350, [], SA_RESTORER, 0x7fe0e0d164b0}, {SIG_IGN, [], SA_RESTORER, 0x7fe0e0d164b0}, 8) = 0
19686 07:24:40.926709 rt_sigaction(SIGQUIT, {0x55e47e6b3350, [], SA_RESTORER, 0x7fe0e0d164b0}, {SIG_DFL, [], 0}, 8) = 0
19686 07:24:40.926743 rt_sigaction(SIGTERM, {0x55e47e6b3350, [], SA_RESTORER, 0x7fe0e0d164b0}, {SIG_DFL, [], 0}, 8) = 0
19686 07:24:40.926804 rt_sigaction(SIGTSTP, {0x55e47e6b3350, [], SA_RESTORER, 0x7fe0e0d164b0}, {SIG_DFL, [], 0}, 8) = 0
19686 07:24:40.926840 rt_sigaction(SIGTTIN, {0x55e47e6b3350, [], SA_RESTORER, 0x7fe0e0d164b0}, {SIG_DFL, [], 0}, 8) = 0
19686 07:24:40.926873 rt_sigaction(SIGTTOU, {0x55e47e6b3350, [], SA_RESTORER, 0x7fe0e0d164b0}, {SIG_DFL, [], 0}, 8) = 0
19686 07:24:40.926907 write(4, "root@192.168.12.49's password: ", 31) = 31
19686 07:24:40.926983 read(4, "1", 1)   = 1
19686 07:24:40.927040 read(4, "2", 1)   = 1
19686 07:24:40.927072 read(4, "3", 1)   = 1
19686 07:24:40.927104 read(4, "4", 1)   = 1
19686 07:24:40.927135 read(4, "5", 1)   = 1
19686 07:24:40.927166 read(4, "6", 1)   = 1
19686 07:24:40.927197 read(4, "\n", 1)  = 1
19686 07:24:40.927229 write(4, "\n", 1) = 1
19686 07:24:40.927272 ioctl(4, TCGETS, {B38400 opost isig icanon -echo ...}) = 0
19686 07:24:40.927305 ioctl(4, SNDCTL_TMR_CONTINUE or TCSETSF, {B38400 opost isig icanon echo ...}) = 0
19686 07:24:40.927337 ioctl(4, TCGETS, {B38400 opost isig icanon echo ...}) = 0
19686 07:24:40.927369 rt_sigaction(SIGALRM, {SIG_DFL, [], SA_RESTORER, 0x7fe0e0d164b0}, NULL, 8) = 0
19686 07:24:40.927400 rt_sigaction(SIGHUP, {SIG_DFL, [], SA_RESTORER, 0x7fe0e0d164b0}, NULL, 8) = 0
19686 07:24:40.927430 rt_sigaction(SIGINT, {SIG_DFL, [], SA_RESTORER, 0x7fe0e0d164b0}, NULL, 8) = 0
19686 07:24:40.927460 rt_sigaction(SIGQUIT, {SIG_DFL, [], SA_RESTORER, 0x7fe0e0d164b0}, NULL, 8) = 0
19686 07:24:40.927490 rt_sigaction(SIGPIPE, {SIG_IGN, [], SA_RESTORER, 0x7fe0e0d164b0}, NULL, 8) = 0
19686 07:24:40.927520 rt_sigaction(SIGTERM, {SIG_DFL, [], SA_RESTORER, 0x7fe0e0d164b0}, NULL, 8) = 0
19686 07:24:40.927550 rt_sigaction(SIGTSTP, {SIG_DFL, [], SA_RESTORER, 0x7fe0e0d164b0}, NULL, 8) = 0
19686 07:24:40.927581 rt_sigaction(SIGTTIN, {SIG_DFL, [], SA_RESTORER, 0x7fe0e0d164b0}, NULL, 8) = 0
19686 07:24:40.927611 rt_sigaction(SIGTTOU, {SIG_DFL, [], SA_RESTORER, 0x7fe0e0d164b0}, NULL, 8) = 0
19686 07:24:40.927641 close(4)          = 0
19686 07:24:40.927680 write(3, "\247\3540C\260\376\330U\242G\33Z\371\325\33L\267c\"\365\"\230\321Q\341Iu,a\30V\261"..., 84) = 84
19686 07:24:40.928037 select(4, [3], NULL, NULL, NULL) = 1 (in [3])
19686 07:24:41.033206 read(3, "\240\310`tN\6\10:\224]\224)=\226[N\1\330q80EE\27q\264\346\370", 8192) = 28
19686 07:24:41.033284 dup(0)            = 4
19686 07:24:41.033315 dup(1)            = 5
19686 07:24:41.033341 dup(2)            = 6
19686 07:24:41.033366 ioctl(4, TCGETS, {B38400 opost isig icanon echo ...}) = 0
19686 07:24:41.033407 ioctl(5, TCGETS, {B38400 opost isig icanon echo ...}) = 0
19686 07:24:41.033439 ioctl(6, TCGETS, {B38400 opost isig icanon echo ...}) = 0
19686 07:24:41.033476 fcntl(4, F_SETFD, FD_CLOEXEC) = 0
19686 07:24:41.033505 fcntl(5, F_SETFD, FD_CLOEXEC) = 0
19686 07:24:41.033531 fcntl(6, F_SETFD, FD_CLOEXEC) = 0
19686 07:24:41.033574 rt_sigaction(SIGHUP, NULL, {SIG_DFL, [], SA_RESTORER, 0x7fe0e0d164b0}, 8) = 0
19686 07:24:41.033612 rt_sigaction(SIGHUP, {SIG_IGN, [], SA_RESTORER, 0x7fe0e0d164b0}, NULL, 8) = 0
19686 07:24:41.033643 rt_sigaction(SIGHUP, NULL, {SIG_IGN, [], SA_RESTORER, 0x7fe0e0d164b0}, 8) = 0
19686 07:24:41.033674 rt_sigaction(SIGHUP, {0x55e47e65c4d0, [], SA_RESTORER, 0x7fe0e0d164b0}, NULL, 8) = 0
19686 07:24:41.033705 rt_sigaction(SIGINT, NULL, {SIG_DFL, [], SA_RESTORER, 0x7fe0e0d164b0}, 8) = 0
19686 07:24:41.033736 rt_sigaction(SIGINT, {SIG_IGN, [], SA_RESTORER, 0x7fe0e0d164b0}, NULL, 8) = 0
19686 07:24:41.033766 rt_sigaction(SIGINT, NULL, {SIG_IGN, [], SA_RESTORER, 0x7fe0e0d164b0}, 8) = 0
19686 07:24:41.033796 rt_sigaction(SIGINT, {0x55e47e65c4d0, [], SA_RESTORER, 0x7fe0e0d164b0}, NULL, 8) = 0
19686 07:24:41.033881 rt_sigaction(SIGQUIT, NULL, {SIG_DFL, [], SA_RESTORER, 0x7fe0e0d164b0}, 8) = 0
19686 07:24:41.033923 rt_sigaction(SIGQUIT, {SIG_IGN, [], SA_RESTORER, 0x7fe0e0d164b0}, NULL, 8) = 0
19686 07:24:41.033954 rt_sigaction(SIGQUIT, NULL, {SIG_IGN, [], SA_RESTORER, 0x7fe0e0d164b0}, 8) = 0
19686 07:24:41.033985 rt_sigaction(SIGQUIT, {0x55e47e65c4d0, [], SA_RESTORER, 0x7fe0e0d164b0}, NULL, 8) = 0
19686 07:24:41.034016 rt_sigaction(SIGTERM, NULL, {SIG_DFL, [], SA_RESTORER, 0x7fe0e0d164b0}, 8) = 0
19686 07:24:41.034047 rt_sigaction(SIGTERM, {SIG_IGN, [], SA_RESTORER, 0x7fe0e0d164b0}, NULL, 8) = 0
19686 07:24:41.034077 rt_sigaction(SIGTERM, NULL, {SIG_IGN, [], SA_RESTORER, 0x7fe0e0d164b0}, 8) = 0
19686 07:24:41.034108 rt_sigaction(SIGTERM, {0x55e47e65c4d0, [], SA_RESTORER, 0x7fe0e0d164b0}, NULL, 8) = 0
19686 07:24:41.034139 rt_sigaction(SIGWINCH, NULL, {SIG_DFL, [], 0}, 8) = 0
19686 07:24:41.034186 rt_sigaction(SIGWINCH, {0x55e47e65c740, [], SA_RESTORER, 0x7fe0e0d164b0}, NULL, 8) = 0
19686 07:24:41.034219 ioctl(0, TCGETS, {B38400 opost isig icanon echo ...}) = 0
19686 07:24:41.034253 ioctl(0, TCGETS, {B38400 opost isig icanon echo ...}) = 0
19686 07:24:41.034285 ioctl(0, SNDCTL_TMR_STOP or TCSETSW, {B38400 -opost -isig -icanon -echo ...}) = 0
19686 07:24:41.034319 ioctl(0, TCGETS, {B38400 -opost -isig -icanon -echo ...}) = 0
19686 07:24:41.034356 clock_gettime(CLOCK_BOOTTIME, {19486, 773205845}) = 0
19686 07:24:41.034391 clock_gettime(CLOCK_BOOTTIME, {19486, 773238922}) = 0
19686 07:24:41.034422 select(7, [3], [3], NULL, NULL) = 1 (out [3])
19686 07:24:41.034465 clock_gettime(CLOCK_BOOTTIME, {19486, 773313289}) = 0
19686 07:24:41.034496 write(3, "\234\364J\347\355\tx\305\212\36\4\334l\261\300\271\303!\305\36J13\207\276\306 L|x'\255"..., 112) = 112
19686 07:24:41.034667 clock_gettime(CLOCK_BOOTTIME, {19486, 773517100}) = 0
19686 07:24:41.034702 clock_gettime(CLOCK_BOOTTIME, {19486, 773550730}) = 0
19686 07:24:41.034734 select(7, [3], [], NULL, NULL) = 1 (in [3])
19686 07:24:41.052112 clock_gettime(CLOCK_BOOTTIME, {19486, 790974804}) = 0
19686 07:24:41.052162 read(3, "\337\342\366\314+:\373f=\215\266\277\345\225\237VK\36\241[\22\361\24\353d,LZ\217\203\253\265"..., 8192) = 44
19686 07:24:41.052229 getsockopt(3, SOL_TCP, TCP_NODELAY, [0], [4]) = 0
19686 07:24:41.052269 setsockopt(3, SOL_TCP, TCP_NODELAY, [1], 4) = 0
19686 07:24:41.052303 getsockname(3, {sa_family=AF_INET, sin_port=htons(40892), sin_addr=inet_addr("192.168.56.191")}, [16]) = 0
19686 07:24:41.052340 setsockopt(3, SOL_IP, IP_TOS, [16], 4) = 0
19686 07:24:41.052375 ioctl(0, TIOCGWINSZ, {ws_row=24, ws_col=74, ws_xpixel=0, ws_ypixel=0}) = 0
19686 07:24:41.052435 clock_gettime(CLOCK_BOOTTIME, {19486, 791286098}) = 0
19686 07:24:41.052470 clock_gettime(CLOCK_BOOTTIME, {19486, 791317944}) = 0
19686 07:24:41.052502 select(7, [3], [3], NULL, NULL) = 1 (out [3])
19686 07:24:41.052544 clock_gettime(CLOCK_BOOTTIME, {19486, 791392796}) = 0
19686 07:24:41.052576 write(3, "+\307T\03760\30\254$Z\17\232`\n\325\317d\217|Hh\377\252\311?i\1*\334\312\342\\"..., 376) = 376
19686 07:24:41.052752 clock_gettime(CLOCK_BOOTTIME, {19486, 791602355}) = 0
19686 07:24:41.052787 clock_gettime(CLOCK_BOOTTIME, {19486, 791637946}) = 0
19686 07:24:41.053102 select(7, [3], [], NULL, NULL) = 1 (in [3])
19686 07:24:41.057198 clock_gettime(CLOCK_BOOTTIME, {19486, 796051443}) = 0
19686 07:24:41.057237 read(3, "Lagw\217zR8'?&\362\244\274!\0233\360\336z\254\224\t\316\314N\367\220M-\323\313"..., 8192) = 108
19686 07:24:41.057290 clock_gettime(CLOCK_BOOTTIME, {19486, 796139100}) = 0
19686 07:24:41.057322 clock_gettime(CLOCK_BOOTTIME, {19486, 796169669}) = 0
19686 07:24:41.057353 select(7, [3 4], [], NULL, NULL) = 1 (in [3])
19686 07:24:41.067236 clock_gettime(CLOCK_BOOTTIME, {19486, 806097397}) = 0
19686 07:24:41.067285 read(3, "\363\251U\352\336\20'\234\24Y\225Ma\2124\365\232=1\340\233\17\316!P\310A-f\376\210T"..., 8192) = 92
19686 07:24:41.067469 clock_gettime(CLOCK_BOOTTIME, {19486, 806319951}) = 0
19686 07:24:41.067503 clock_gettime(CLOCK_BOOTTIME, {19486, 806352075}) = 0
19686 07:24:41.067536 select(7, [3 4], [5], NULL, NULL) = 1 (out [5])
19686 07:24:41.067582 clock_gettime(CLOCK_BOOTTIME, {19486, 806430660}) = 0
19686 07:24:41.067614 write(5, "Last login: Sat Aug 12 22:24:02 "..., 58) = 58
19686 07:24:41.067999 clock_gettime(CLOCK_BOOTTIME, {19486, 806851247}) = 0
19686 07:24:41.068044 clock_gettime(CLOCK_BOOTTIME, {19486, 806893996}) = 0
19686 07:24:41.068078 select(7, [3 4], [], NULL, NULL) = 1 (in [3])
19686 07:24:41.113536 clock_gettime(CLOCK_BOOTTIME, {19486, 852396906}) = 0
19686 07:24:41.113584 read(3, "\\A\nx\272\31o\314\23\214\340\353\257\270\226\30379,\316*\\\215\303b\362\200-\23hk\302"..., 8192) = 60
19686 07:24:41.113644 clock_gettime(CLOCK_BOOTTIME, {19486, 852493214}) = 0
19686 07:24:41.113676 clock_gettime(CLOCK_BOOTTIME, {19486, 852524049}) = 0
19686 07:24:41.113708 select(7, [3 4], [5], NULL, NULL) = 1 (out [5])
19686 07:24:41.113752 clock_gettime(CLOCK_BOOTTIME, {19486, 852616761}) = 0
19686 07:24:41.113800 write(5, "[root@localhost ~]# ", 20) = 20
19686 07:24:41.114205 clock_gettime(CLOCK_BOOTTIME, {19486, 853055572}) = 0
19686 07:24:41.114240 clock_gettime(CLOCK_BOOTTIME, {19486, 853088551}) = 0
19686 07:24:41.114271 select(7, [3 4], [], NULL, NULL) = 1 (in [4])
19686 07:24:41.994651 clock_gettime(CLOCK_BOOTTIME, {19487, 733529156}) = 0
19686 07:24:41.994738 read(4, "s", 16384) = 1
19686 07:24:41.994836 clock_gettime(CLOCK_BOOTTIME, {19487, 733696370}) = 0
19686 07:24:41.994898 clock_gettime(CLOCK_BOOTTIME, {19487, 733755751}) = 0
19686 07:24:41.994958 select(7, [3 4], [3], NULL, NULL) = 1 (out [3])
19686 07:24:41.995044 clock_gettime(CLOCK_BOOTTIME, {19487, 733902064}) = 0
19686 07:24:41.995104 write(3, "\347\254\354R)\217\10A\273\2434/&9\177S\1\203\375.Mb\373\340\305\213h=\211\246\25\7"..., 36) = 36
19686 07:24:41.995419 clock_gettime(CLOCK_BOOTTIME, {19487, 734281658}) = 0
19686 07:24:41.995866 clock_gettime(CLOCK_BOOTTIME, {19487, 734740505}) = 0
19686 07:24:41.995951 select(7, [3 4], [], NULL, NULL) = 1 (in [3])
19686 07:24:41.997940 clock_gettime(CLOCK_BOOTTIME, {19487, 736804376}) = 0
19686 07:24:41.998008 read(3, "n\32y\310\231X\325\32B\1\31\263z\270c\210\230^$\226\344\314\t\205\35S]>A\334a&"..., 8192) = 36
19686 07:24:41.998095 clock_gettime(CLOCK_BOOTTIME, {19487, 736955169}) = 0
19686 07:24:41.998156 clock_gettime(CLOCK_BOOTTIME, {19487, 737014083}) = 0
19686 07:24:41.998216 select(7, [3 4], [5], NULL, NULL) = 1 (out [5])
19686 07:24:41.998298 clock_gettime(CLOCK_BOOTTIME, {19487, 737156059}) = 0
19686 07:24:41.998357 write(5, "s", 1)  = 1
19686 07:24:41.999031 clock_gettime(CLOCK_BOOTTIME, {19487, 737895505}) = 0
19686 07:24:41.999101 clock_gettime(CLOCK_BOOTTIME, {19487, 737958555}) = 0
19686 07:24:41.999160 select(7, [3 4], [], NULL, NULL) = 1 (in [4])
19686 07:24:42.212731 clock_gettime(CLOCK_BOOTTIME, {19487, 951615670}) = 0
19686 07:24:42.212827 read(4, "z", 16384) = 1
19686 07:24:42.212926 clock_gettime(CLOCK_BOOTTIME, {19487, 951786482}) = 0
19686 07:24:42.212988 clock_gettime(CLOCK_BOOTTIME, {19487, 951846302}) = 0
19686 07:24:42.213048 select(7, [3 4], [3], NULL, NULL) = 1 (out [3])
19686 07:24:42.213132 clock_gettime(CLOCK_BOOTTIME, {19487, 951990055}) = 0
19686 07:24:42.213192 write(3, "|?\ni\314\371i\270\225\02364U\5\354\373\202\213\252\274\2066Cl\212\350\251_\3211\22T"..., 36) = 36
19686 07:24:42.213780 clock_gettime(CLOCK_BOOTTIME, {19487, 952643408}) = 0
19686 07:24:42.213848 clock_gettime(CLOCK_BOOTTIME, {19487, 952706605}) = 0
19686 07:24:42.213908 select(7, [3 4], [], NULL, NULL) = 1 (in [3])
19686 07:24:42.215443 clock_gettime(CLOCK_BOOTTIME, {19487, 954310725}) = 0
19686 07:24:42.215517 read(3, "\256h\344\250\276\362\340\26\333\341\10\237F\2731\331$Js\364z\0365j\242/.\300\205\312e&"..., 8192) = 36
19686 07:24:42.215605 clock_gettime(CLOCK_BOOTTIME, {19487, 954516122}) = 0
19686 07:24:42.215740 clock_gettime(CLOCK_BOOTTIME, {19487, 954600047}) = 0
19686 07:24:42.215803 select(7, [3 4], [5], NULL, NULL) = 1 (out [5])
19686 07:24:42.215888 clock_gettime(CLOCK_BOOTTIME, {19487, 954745965}) = 0
19686 07:24:42.215947 write(5, "z", 1)  = 1
19686 07:24:42.216690 clock_gettime(CLOCK_BOOTTIME, {19487, 955561423}) = 0
19686 07:24:42.216769 clock_gettime(CLOCK_BOOTTIME, {19487, 955627711}) = 0
19686 07:24:42.216830 select(7, [3 4], [], NULL, NULL) = 1 (in [4])
19686 07:24:42.400158 clock_gettime(CLOCK_BOOTTIME, {19488, 139038834}) = 0
19686 07:24:42.400251 read(4, "\r", 16384) = 1
19686 07:24:42.400355 clock_gettime(CLOCK_BOOTTIME, {19488, 139219060}) = 0
19686 07:24:42.400425 clock_gettime(CLOCK_BOOTTIME, {19488, 139285732}) = 0
19686 07:24:42.400492 select(7, [3 4], [3], NULL, NULL) = 1 (out [3])
19686 07:24:42.400584 clock_gettime(CLOCK_BOOTTIME, {19488, 139443879}) = 0
19686 07:24:42.400649 write(3, "a/z\331\241\257\372#C\245\240\27\3135\342\203!\365SH\344\324\265\227\2\237!\10\212+\273\2"..., 36) = 36
19686 07:24:42.401047 clock_gettime(CLOCK_BOOTTIME, {19488, 139914676}) = 0
19686 07:24:42.401127 clock_gettime(CLOCK_BOOTTIME, {19488, 139994274}) = 0
19686 07:24:42.401237 select(7, [3 4], [], NULL, NULL) = 1 (in [3])
19686 07:24:42.403671 clock_gettime(CLOCK_BOOTTIME, {19488, 142539059}) = 0
19686 07:24:42.403746 read(3, "\350\24\n\360\267\7\24o\30\330*\263X\233\243\242A\372y\0064#iDQ\232\236\nR\27\3\""..., 8192) = 36
19686 07:24:42.403889 clock_gettime(CLOCK_BOOTTIME, {19488, 142749785}) = 0
19686 07:24:42.403952 clock_gettime(CLOCK_BOOTTIME, {19488, 142808886}) = 0
19686 07:24:42.404010 select(7, [3 4], [5], NULL, NULL) = 1 (out [5])
19686 07:24:42.404094 clock_gettime(CLOCK_BOOTTIME, {19488, 142951310}) = 0
19686 07:24:42.404152 write(5, "\r\n", 2) = 2
19686 07:24:42.404954 clock_gettime(CLOCK_BOOTTIME, {19488, 143818993}) = 0
19686 07:24:42.405026 clock_gettime(CLOCK_BOOTTIME, {19488, 143883517}) = 0
19686 07:24:42.405085 select(7, [3 4], [], NULL, NULL) = 1 (in [3])
19686 07:24:42.445483 clock_gettime(CLOCK_BOOTTIME, {19488, 184361130}) = 0
19686 07:24:42.445571 read(3, "\201\243\347\227\214\6\331\301+Z\324p\215\21\2526y@\33\260\205\25\363\337\367\235\352[#/\367\301"..., 8192) = 132
19686 07:24:42.445676 clock_gettime(CLOCK_BOOTTIME, {19488, 184536078}) = 0
19686 07:24:42.445737 clock_gettime(CLOCK_BOOTTIME, {19488, 184593926}) = 0
19686 07:24:42.445846 select(7, [3 4], [5], NULL, NULL) = 1 (out [5])
19686 07:24:42.445951 clock_gettime(CLOCK_BOOTTIME, {19488, 184807936}) = 0
19686 07:24:42.446008 write(5, "sz: need at least one file to se"..., 95) = 95
19686 07:24:42.446594 clock_gettime(CLOCK_BOOTTIME, {19488, 185468338}) = 0
19686 07:24:42.446681 clock_gettime(CLOCK_BOOTTIME, {19488, 185538568}) = 0
19686 07:24:42.446740 select(7, [3 4], [], NULL, NULL) = 1 (in [4])
19686 07:24:43.730300 clock_gettime(CLOCK_BOOTTIME, {19489, 469178329}) = 0
19686 07:24:43.730389 read(4, "r", 16384) = 1
19686 07:24:43.730506 clock_gettime(CLOCK_BOOTTIME, {19489, 469371181}) = 0
19686 07:24:43.730574 clock_gettime(CLOCK_BOOTTIME, {19489, 469432173}) = 0
19686 07:24:43.730636 select(7, [3 4], [3], NULL, NULL) = 1 (out [3])
19686 07:24:43.730924 clock_gettime(CLOCK_BOOTTIME, {19489, 469790516}) = 0
19686 07:24:43.730996 write(3, "\260\353\230\20\231\10\4Z9\337\303\203b\200\347\250.W7\230\241/H\0247\37\10n\250\272+\345"..., 36) = 36
19686 07:24:43.731338 clock_gettime(CLOCK_BOOTTIME, {19489, 470200913}) = 0
19686 07:24:43.731406 clock_gettime(CLOCK_BOOTTIME, {19489, 470264781}) = 0
19686 07:24:43.731467 select(7, [3 4], [], NULL, NULL) = 1 (in [3])
19686 07:24:43.733322 clock_gettime(CLOCK_BOOTTIME, {19489, 472186622}) = 0
19686 07:24:43.733391 read(3, "\201\31\261\321\264\262?\37d\302[z\342\2174\33\5\242\316\270\223\213\22>\341\351g\244\16\273V\340"..., 8192) = 36
19686 07:24:43.733478 clock_gettime(CLOCK_BOOTTIME, {19489, 472337926}) = 0
19686 07:24:43.733539 clock_gettime(CLOCK_BOOTTIME, {19489, 472396896}) = 0
19686 07:24:43.733598 select(7, [3 4], [5], NULL, NULL) = 1 (out [5])
19686 07:24:43.733748 clock_gettime(CLOCK_BOOTTIME, {19489, 472629144}) = 0
19686 07:24:43.733840 write(5, "r", 1)  = 1
19686 07:24:43.734462 clock_gettime(CLOCK_BOOTTIME, {19489, 473325158}) = 0
19686 07:24:43.734531 clock_gettime(CLOCK_BOOTTIME, {19489, 473388993}) = 0
19686 07:24:43.734590 select(7, [3 4], [], NULL, NULL) = 1 (in [4])
19686 07:24:43.921400 clock_gettime(CLOCK_BOOTTIME, {19489, 660277350}) = 0
19686 07:24:43.921485 read(4, "z", 16384) = 1
19686 07:24:43.921578 clock_gettime(CLOCK_BOOTTIME, {19489, 660438827}) = 0
19686 07:24:43.921640 clock_gettime(CLOCK_BOOTTIME, {19489, 660496989}) = 0
19686 07:24:43.921699 select(7, [3 4], [3], NULL, NULL) = 1 (out [3])
19686 07:24:43.921782 clock_gettime(CLOCK_BOOTTIME, {19489, 660785475}) = 0
19686 07:24:43.921997 write(3, "wT3\254\356(\0\251O\342\17\335pJv\t\251\31\216\351}S\374 \373\322N\254X8\2327"..., 36) = 36
19686 07:24:43.922489 clock_gettime(CLOCK_BOOTTIME, {19489, 661356829}) = 0
19686 07:24:43.922564 clock_gettime(CLOCK_BOOTTIME, {19489, 661421876}) = 0
19686 07:24:43.922624 select(7, [3 4], [], NULL, NULL) = 1 (in [3])
19686 07:24:43.924048 clock_gettime(CLOCK_BOOTTIME, {19489, 662911972}) = 0
19686 07:24:43.924116 read(3, "f\0006>\357\251Z\204\262I\0)Jdk\314^\274\222\2P?\347Cc\352\301s`\345\235M"..., 8192) = 36
19686 07:24:43.924234 clock_gettime(CLOCK_BOOTTIME, {19489, 663094174}) = 0
19686 07:24:43.924294 clock_gettime(CLOCK_BOOTTIME, {19489, 663150963}) = 0
19686 07:24:43.924352 select(7, [3 4], [5], NULL, NULL) = 1 (out [5])
19686 07:24:43.924433 clock_gettime(CLOCK_BOOTTIME, {19489, 663289942}) = 0
19686 07:24:43.924490 write(5, "z", 1)  = 1
19686 07:24:43.924992 clock_gettime(CLOCK_BOOTTIME, {19489, 663862779}) = 0
19686 07:24:43.925069 clock_gettime(CLOCK_BOOTTIME, {19489, 663926390}) = 0
19686 07:24:43.925127 select(7, [3 4], [], NULL, NULL) = 1 (in [4])
19686 07:24:44.057040 clock_gettime(CLOCK_BOOTTIME, {19489, 795944254}) = 0
19686 07:24:44.057166 read(4, "\r", 16384) = 1
19686 07:24:44.057303 clock_gettime(CLOCK_BOOTTIME, {19489, 796165670}) = 0
19686 07:24:44.057367 clock_gettime(CLOCK_BOOTTIME, {19489, 796224220}) = 0
19686 07:24:44.057426 select(7, [3 4], [3], NULL, NULL) = 1 (out [3])
19686 07:24:44.057510 clock_gettime(CLOCK_BOOTTIME, {19489, 796367941}) = 0
19686 07:24:44.057569 write(3, "\363\321\32\235\315<x\1776\203\215\325\372\230A3\235\302\371\251\367\"3\361\243\23\301\312l\345\352\301"..., 36) = 36
19686 07:24:44.058153 clock_gettime(CLOCK_BOOTTIME, {19489, 797017044}) = 0
19686 07:24:44.058223 clock_gettime(CLOCK_BOOTTIME, {19489, 797080745}) = 0
19686 07:24:44.058282 select(7, [3 4], [], NULL, NULL) = 1 (in [3])
19686 07:24:44.060325 clock_gettime(CLOCK_BOOTTIME, {19489, 799195228}) = 0
19686 07:24:44.060402 read(3, "T\245\243@\340\361\356\222\374\353\237;\rY\345\315\355\321\226I\36Y\374L\304\245\270\316\231C0\5"..., 8192) = 36
19686 07:24:44.060496 clock_gettime(CLOCK_BOOTTIME, {19489, 799356131}) = 0
19686 07:24:44.060556 clock_gettime(CLOCK_BOOTTIME, {19489, 799414273}) = 0
19686 07:24:44.060615 select(7, [3 4], [5], NULL, NULL) = 1 (out [5])
19686 07:24:44.060698 clock_gettime(CLOCK_BOOTTIME, {19489, 799555611}) = 0
19686 07:24:44.060755 write(5, "\r\n", 2) = 2
19686 07:24:44.061254 clock_gettime(CLOCK_BOOTTIME, {19489, 800115304}) = 0
19686 07:24:44.061306 clock_gettime(CLOCK_BOOTTIME, {19489, 800156095}) = 0
19686 07:24:44.061342 select(7, [3 4], [], NULL, NULL) = 1 (in [3])
19686 07:24:44.062076 clock_gettime(CLOCK_BOOTTIME, {19489, 800929109}) = 0
19686 07:24:44.062116 read(3, ".v\246Mqj\360\260\307\223*\202Z\3024f\312k^\242\365\313Ooq\273\303\357)\355%\26"..., 8192) = 84
19686 07:24:44.062169 clock_gettime(CLOCK_BOOTTIME, {19489, 801020293}) = 0
19686 07:24:44.062206 clock_gettime(CLOCK_BOOTTIME, {19489, 801054607}) = 0
19686 07:24:44.062240 select(7, [3 4], [5], NULL, NULL) = 1 (out [5])
19686 07:24:44.062288 clock_gettime(CLOCK_BOOTTIME, {19489, 801137967}) = 0
19686 07:24:44.062323 write(5, "rz waiting to receive.**\30B010000"..., 43) = 43
19686 07:24:44.062638 clock_gettime(CLOCK_BOOTTIME, {19489, 801490805}) = 0
19686 07:24:44.062678 clock_gettime(CLOCK_BOOTTIME, {19489, 801527581}) = 0
19686 07:24:44.062713 select(7, [3 4], [], NULL, NULL) = 1 (in [3])
19686 07:24:54.063389 clock_gettime(CLOCK_BOOTTIME, {19499, 802283332}) = 0
19686 07:24:54.063543 read(3, "spk\207\316\247\216\34O\366\321\311s?\205^\234\24\306\310xVU\200\204NM\330\253\37-\326"..., 8192) = 60
19686 07:24:54.063721 clock_gettime(CLOCK_BOOTTIME, {19499, 802597988}) = 0
19686 07:24:54.063827 clock_gettime(CLOCK_BOOTTIME, {19499, 802695566}) = 0
19686 07:24:54.063913 select(7, [3 4], [5], NULL, NULL) = 1 (out [5])
19686 07:24:54.064048 clock_gettime(CLOCK_BOOTTIME, {19499, 802919740}) = 0
19686 07:24:54.064133 write(5, "**\30B0100000023be50\r\212\21", 21) = 21
19686 07:24:54.065735 clock_gettime(CLOCK_BOOTTIME, {19499, 804634233}) = 0
19686 07:24:54.065889 clock_gettime(CLOCK_BOOTTIME, {19499, 804772310}) = 0
19686 07:24:54.066013 select(7, [3 4], [], NULL, NULL) = 1 (in [4])
19686 07:24:54.865618 clock_gettime(CLOCK_BOOTTIME, {19500, 604475375}) = 0
19686 07:24:54.865658 read(4, "*\30A\4\0\0\0\1\231's.png\000197229 131325631"..., 16384) = 50
19686 07:24:54.865705 clock_gettime(CLOCK_BOOTTIME, {19500, 604552247}) = 0
19686 07:24:54.865731 clock_gettime(CLOCK_BOOTTIME, {19500, 604597906}) = 0
19686 07:24:54.865779 select(7, [3 4], [3], NULL, NULL) = 1 (out [3])
19686 07:24:54.865815 clock_gettime(CLOCK_BOOTTIME, {19500, 604661161}) = 0
19686 07:24:54.865840 write(3, "\322\275\7\v\4\337\222\337t\301\312\274\203\225q\235x\273\2\323\312\225\375E\310<\345\17\221\35\1S"..., 84) = 84
19686 07:24:54.866038 clock_gettime(CLOCK_BOOTTIME, {19500, 604891058}) = 0
19686 07:24:54.866073 clock_gettime(CLOCK_BOOTTIME, {19500, 604919171}) = 0
19686 07:24:54.866098 select(7, [3 4], [], NULL, NULL) = 1 (in [4])
19686 07:24:54.866600 clock_gettime(CLOCK_BOOTTIME, {19500, 605452680}) = 0
19686 07:24:54.866635 read(4, "*\30A\4\0\0\0\1\231's.png\000197229 131325631"..., 16384) = 50
19686 07:24:54.866677 clock_gettime(CLOCK_BOOTTIME, {19500, 605529000}) = 0
19686 07:24:54.866721 clock_gettime(CLOCK_BOOTTIME, {19500, 605576809}) = 0
19686 07:24:54.866770 select(7, [3 4], [3], NULL, NULL) = 1 (out [3])
19686 07:24:54.866809 clock_gettime(CLOCK_BOOTTIME, {19500, 605654582}) = 0
19686 07:24:54.866834 write(3, "\225\16\253\25\365\223kY\200\321u\376\237\261H\236\262\23\357+\rN\4\303\262\366m~T\335\2545"..., 84) = 84
19686 07:24:54.867048 clock_gettime(CLOCK_BOOTTIME, {19500, 605896879}) = 0
19686 07:24:54.867078 clock_gettime(CLOCK_BOOTTIME, {19500, 605924396}) = 0
19686 07:24:54.867104 select(7, [3 4], [], NULL, NULL) = 1 (in [3])
19686 07:24:54.867873 clock_gettime(CLOCK_BOOTTIME, {19500, 606724876}) = 0
19686 07:24:54.867906 read(3, "~\263\305\331\6\240\352\34\255\231\267mS\362]\2172\35\324\354G\10aS\fY\4\372\2622N\363"..., 8192) = 60
19686 07:24:54.867952 clock_gettime(CLOCK_BOOTTIME, {19500, 606798617}) = 0
19686 07:24:54.867978 clock_gettime(CLOCK_BOOTTIME, {19500, 606823269}) = 0
19686 07:24:54.868003 select(7, [3 4], [5], NULL, NULL) = 1 (out [5])
19686 07:24:54.868388 clock_gettime(CLOCK_BOOTTIME, {19500, 607241429}) = 0
19686 07:24:54.868424 write(5, "**\30B0900000000a87c\r\212\21", 21) = 21
19686 07:24:54.868833 clock_gettime(CLOCK_BOOTTIME, {19500, 607684696}) = 0
19686 07:24:54.868866 clock_gettime(CLOCK_BOOTTIME, {19500, 607712047}) = 0
19686 07:24:54.868892 select(7, [3 4], [], NULL, NULL) = 1 (in [3])
19686 07:24:54.868926 clock_gettime(CLOCK_BOOTTIME, {19500, 607771840}) = 0
19686 07:24:54.868950 read(3, "\307\356\374\303\30\7<\307A\243\235l\244\231c\371eu}\25\t\270\213\236\316\226\230+\326r\201\307"..., 8192) = 60
19686 07:24:54.868987 clock_gettime(CLOCK_BOOTTIME, {19500, 607834039}) = 0
19686 07:24:54.869013 clock_gettime(CLOCK_BOOTTIME, {19500, 607858669}) = 0
19686 07:24:54.869038 select(7, [3 4], [5], NULL, NULL) = 1 (out [5])
19686 07:24:54.869071 clock_gettime(CLOCK_BOOTTIME, {19500, 607917285}) = 0
19686 07:24:54.869096 write(5, "**\30B0900000000a87c\r\212\21", 21) = 21
19686 07:24:54.869544 clock_gettime(CLOCK_BOOTTIME, {19500, 608394723}) = 0
19686 07:24:54.869577 clock_gettime(CLOCK_BOOTTIME, {19500, 608423253}) = 0
19686 07:24:54.869603 select(7, [3 4], [], NULL, NULL) = 1 (in [4])
19686 07:24:54.876961 clock_gettime(CLOCK_BOOTTIME, {19500, 615847624}) = 0
19686 07:24:54.877062 read(4, "*\30A\n\0\0\0\0F\256", 16384) = 10
19686 07:24:54.877120 clock_gettime(CLOCK_BOOTTIME, {19500, 615966964}) = 0
19686 07:24:54.877145 clock_gettime(CLOCK_BOOTTIME, {19500, 615989956}) = 0
19686 07:24:54.877168 select(7, [3 4], [3], NULL, NULL) = 1 (out [3])
19686 07:24:54.877325 clock_gettime(CLOCK_BOOTTIME, {19500, 616172918}) = 0
19686 07:24:54.877352 write(3, "^\211\314\234%\241\6\360\6\262\253:\322n8#8\261v\357\224\324\327\272\370\301\362\27\177#\330\243"..., 44) = 44
19686 07:24:54.877517 clock_gettime(CLOCK_BOOTTIME, {19500, 616363944}) = 0
19686 07:24:54.877544 clock_gettime(CLOCK_BOOTTIME, {19500, 616389515}) = 0
19686 07:24:54.877568 select(7, [3 4], [], NULL, NULL) = 1 (in [4])
19686 07:24:54.882566 clock_gettime(CLOCK_BOOTTIME, {19500, 621433040}) = 0
19686 07:24:54.882704 read(4, "\211PNG\r\n\32\n\0\0\0\rIHDR\0\0\2&\0\0\1\f\10\6\0\0\0\360\30Q"..., 16384) = 4095
19686 07:24:54.883434 clock_gettime(CLOCK_BOOTTIME, {19500, 622371902}) = 0
19686 07:24:54.883582 clock_gettime(CLOCK_BOOTTIME, {19500, 622447560}) = 0
19686 07:24:54.883632 select(7, [3 4], [3], NULL, NULL) = 2 (in [4], out [3])
19686 07:24:54.883674 clock_gettime(CLOCK_BOOTTIME, {19500, 622521141}) = 0
19686 07:24:54.883701 read(4, " \375\344L>+\212\262\371\30\321\204\307\213\3455g\3513CK\334\306\2640\367R\232\311\7\215D"..., 16384) = 4095
19686 07:24:54.883858 write(3, "7f7\222\"6\252\361\256\343\20T\274\241S\306U?\4b[*\303S]\261 \377\370\302\303\26"..., 4132) = 4132
19686 07:24:54.884730 clock_gettime(CLOCK_BOOTTIME, {19500, 623655047}) = 0
19686 07:24:54.884849 clock_gettime(CLOCK_BOOTTIME, {19500, 623698956}) = 0
19686 07:24:54.884882 select(7, [3 4], [3], NULL, NULL) = 2 (in [4], out [3])
19686 07:24:54.884977 clock_gettime(CLOCK_BOOTTIME, {19500, 623833095}) = 0
19686 07:24:54.885016 read(4, "t\301\3544b\274\202\272-\312\2\16\360U\262\362\203\237\265<A\300i\2\252\321\200\270t\345\241\355"..., 16384) = 4095
19686 07:24:54.885308 write(3, "\310\"o\246g\34\377<\25\212\335\f\265\376\372\226$]\222u\231e\27\351N\325\225\332\307N\313\""..., 4132) = 4132
19686 07:24:54.885807 clock_gettime(CLOCK_BOOTTIME, {19500, 624666568}) = 0
19686 07:24:54.885861 clock_gettime(CLOCK_BOOTTIME, {19500, 624716352}) = 0
19686 07:24:54.885914 select(7, [3 4], [3], NULL, NULL) = 2 (in [4], out [3])
19686 07:24:54.885985 clock_gettime(CLOCK_BOOTTIME, {19500, 624838220}) = 0
19686 07:24:54.886026 read(4, "\356&\214B\241\330\273\252umZ\241ecGt\364\353_\377\v\334\277}\37\326gw\246\362V\224"..., 16384) = 4095
19686 07:24:54.886321 write(3, "\211E\225U\214\216\240h\1\17\276\34\326l9\252\2561'&\302\230m+y\323}\355D\300\"\376"..., 4132) = 4132
19686 07:24:54.886992 clock_gettime(CLOCK_BOOTTIME, {19500, 625852146}) = 0
19686 07:24:54.887045 clock_gettime(CLOCK_BOOTTIME, {19500, 625897118}) = 0
19686 07:24:54.887088 select(7, [3 4], [3], NULL, NULL) = 2 (in [4], out [3])
19686 07:24:54.887150 clock_gettime(CLOCK_BOOTTIME, {19500, 626002226}) = 0
19686 07:24:54.887192 read(4, "\3669!\306I\260_\302\325f\3\37<\370\204\205\30Q\346\4\331\217\334g8\236\301-L\16\256\321"..., 16384) = 4095
19686 07:24:54.887412 write(3, "[F\242\337\24!L\333\267BUP\232\333\357_\362&\355\362\205\322\331\260;>\317\205\276\232\277\\"..., 4132) = 4132
19686 07:24:54.893390 clock_gettime(CLOCK_BOOTTIME, {19500, 632287075}) = 0
19686 07:24:54.893481 clock_gettime(CLOCK_BOOTTIME, {19500, 632329067}) = 0
19686 07:24:54.893511 select(7, [3 4], [3], NULL, NULL) = 2 (in [4], out [3])
19686 07:24:54.893569 clock_gettime(CLOCK_BOOTTIME, {19500, 632415625}) = 0
19686 07:24:54.893595 read(4, "}\6\206\276\334\356\300\3\211U\17\35\255\25S-\301\4\0365q4\246gZ\35\215\255\236\253\306\34"..., 16384) = 4095
19686 07:24:54.893721 write(3, "m\262\23\220\230_#\03104^\300K\0257\242\366\326g\251\27\24\322\v6`\350\375\354\370eZ"..., 4132) = 4132
19686 07:24:54.893928 clock_gettime(CLOCK_BOOTTIME, {19500, 632777672}) = 0
19686 07:24:54.893960 clock_gettime(CLOCK_BOOTTIME, {19500, 632807157}) = 0
19686 07:24:54.893988 select(7, [3 4], [3], NULL, NULL) = 2 (in [4], out [3])
19686 07:24:54.894028 clock_gettime(CLOCK_BOOTTIME, {19500, 632874478}) = 0
19686 07:24:54.894055 read(4, "\26\255\314.^\fB\261\255\2\264\10\264\264\367&\25\334\354\373\10\260\251\207V\320\241\225\346\255\263\373"..., 16384) = 4095
19686 07:24:54.894184 write(3, "%x\202\221F\217-n\337\31~sv\210\316\305\3520\325\254\342\232\347\6\30\223^\205\343_\273j"..., 4132) = 4132
19686 07:24:54.894566 clock_gettime(CLOCK_BOOTTIME, {19500, 633416961}) = 0
19686 07:24:54.894600 clock_gettime(CLOCK_BOOTTIME, {19500, 633446597}) = 0
19686 07:24:54.894627 select(7, [3 4], [3], NULL, NULL) = 2 (in [4], out [3])
19686 07:24:54.894664 clock_gettime(CLOCK_BOOTTIME, {19500, 633510333}) = 0
19686 07:24:54.894689 read(4, "C*\32T\346y\377)\367\3\24\33]\nv*\36|\25;\235\233\242&\313L\311\241h\7\327\201"..., 16384) = 4095
19686 07:24:54.895079 write(3, "u\347E\315\245\27\207\325\354O\5\366\225R\264\374\261\266u\344\0367W\272K\255\332%\342tJ\336"..., 4132) = 4132
19686 07:24:54.895459 clock_gettime(CLOCK_BOOTTIME, {19500, 634308151}) = 0
19686 07:24:54.895489 clock_gettime(CLOCK_BOOTTIME, {19500, 634356343}) = 0
19686 07:24:54.895537 select(7, [3 4], [3], NULL, NULL) = 2 (in [4], out [3])
19686 07:24:54.895575 clock_gettime(CLOCK_BOOTTIME, {19500, 634420735}) = 0
19686 07:24:54.895599 read(4, "8\377\200\262\5\16\264\3\325\203\231pMh\214\254\265E!be%\22\262l\6\254f-R\367\211"..., 16384) = 676
19686 07:24:54.895785 write(3, "\3106\33\371\247\2767}\371\234\312\25\210\374w\332`\201A\200f\244fdT\224\310 \313\23\21\325"..., 4132) = 4132
19686 07:24:54.896174 clock_gettime(CLOCK_BOOTTIME, {19500, 635024847}) = 0
19686 07:24:54.896206 clock_gettime(CLOCK_BOOTTIME, {19500, 635093521}) = 0
19686 07:24:54.896321 select(7, [3 4], [3], NULL, NULL) = 2 (in [3], out [3])
19686 07:24:54.896372 clock_gettime(CLOCK_BOOTTIME, {19500, 635256598}) = 0
19686 07:24:54.896451 read(3, "|\377\266k\3707\320J\225[\3641\224\2742\270L\361vO\340Z\324\0\21\325\16\377\350\212\363("..., 8192) = 60
19686 07:24:54.896502 write(3, "\300\10?\260\313\343\267\344\v>\255\260\377\317+\234\22\3442a*\201\354\253*\177\1x\21E\230."..., 716) = 716
19686 07:24:54.896755 clock_gettime(CLOCK_BOOTTIME, {19500, 635612395}) = 0
19686 07:24:54.896793 clock_gettime(CLOCK_BOOTTIME, {19500, 635638874}) = 0
19686 07:24:54.896818 select(7, [3 4], [5], NULL, NULL) = 1 (out [5])
19686 07:24:54.896854 clock_gettime(CLOCK_BOOTTIME, {19500, 635700179}) = 0
19686 07:24:54.896879 write(5, "**\30B0300400000f37f\r\212", 20) = 20
19686 07:24:54.897081 clock_gettime(CLOCK_BOOTTIME, {19500, 635928866}) = 0
19686 07:24:54.897109 clock_gettime(CLOCK_BOOTTIME, {19500, 635954988}) = 0
19686 07:24:54.897143 select(7, [3 4], [], NULL, NULL) = 1 (in [3])
19686 07:24:54.897174 clock_gettime(CLOCK_BOOTTIME, {19500, 636018889}) = 0
19686 07:24:54.897196 read(3, "6<\274\314\267 K\337\211\311\37!\262\234UU\10\\\2766\232\204*bC\340l7\244\207\233\252"..., 8192) = 60
19686 07:24:54.897437 clock_gettime(CLOCK_BOOTTIME, {19500, 636287065}) = 0
19686 07:24:54.897468 clock_gettime(CLOCK_BOOTTIME, {19500, 636315338}) = 0
19686 07:24:54.897496 select(7, [3 4], [5], NULL, NULL) = 1 (out [5])
19686 07:24:54.897545 clock_gettime(CLOCK_BOOTTIME, {19500, 636392118}) = 0
19686 07:24:54.897572 write(5, "**\30B0900400000b5d1\r\212\21", 21) = 21
19686 07:24:54.897801 clock_gettime(CLOCK_BOOTTIME, {19500, 636649450}) = 0
19686 07:24:54.897830 clock_gettime(CLOCK_BOOTTIME, {19500, 636677009}) = 0
19686 07:24:54.897857 select(7, [3 4], [], NULL, NULL) = 1 (in [4])
19686 07:24:54.900865 clock_gettime(CLOCK_BOOTTIME, {19500, 639722198}) = 0
19686 07:24:54.900906 read(4, "Gp\246.a\236,vFe\304\3\t\236<r\35\306\242\3\303\32j1\255\316z\22\242\217\30X"..., 16384) = 4095
19686 07:24:54.901066 clock_gettime(CLOCK_BOOTTIME, {19500, 639934235}) = 0
19686 07:24:54.901118 clock_gettime(CLOCK_BOOTTIME, {19500, 639965898}) = 0
19686 07:24:54.901147 select(7, [3 4], [3], NULL, NULL) = 2 (in [4], out [3])
19686 07:24:54.901186 clock_gettime(CLOCK_BOOTTIME, {19500, 640033373}) = 0
19686 07:24:54.901214 read(4, "|ic3o`\376\356\305\366\17Y\200\301\374z\rmU\32\237\225a\241\367\1x@ \341\24\334"..., 16384) = 4095
19686 07:24:54.901799 write(3, " \217\317\nm{\230j'$\276D\206\350\303\264LD\324\262\376\265gy\310\366j\311\367|s\211"..., 4132) = 4132
19686 07:24:54.902384 clock_gettime(CLOCK_BOOTTIME, {19500, 641238592}) = 0
19686 07:24:54.902424 clock_gettime(CLOCK_BOOTTIME, {19500, 641270951}) = 0
19686 07:24:54.902453 select(7, [3 4], [3], NULL, NULL) = 2 (in [4], out [3])
19686 07:24:54.902493 clock_gettime(CLOCK_BOOTTIME, {19500, 641340285}) = 0
19686 07:24:54.902521 read(4, "\244X\203\314G\244\35\n\315O\37\214q\24\346,\323A\2\311\330\nw\314\337^\373\356j\32\332\273"..., 16384) = 4095
19686 07:24:54.902671 write(3, "\r\310*\7\2509s\272\"\0\236\245>\316\27\2075\3Oq\314L7D\243!\n\253\231ia\246"..., 4132) = 4132
19686 07:24:54.902848 clock_gettime(CLOCK_BOOTTIME, {19500, 641697215}) = 0
19686 07:24:54.902879 clock_gettime(CLOCK_BOOTTIME, {19500, 641726587}) = 0
19686 07:24:54.902908 select(7, [3 4], [3], NULL, NULL) = 2 (in [4], out [3])
19686 07:24:54.902946 clock_gettime(CLOCK_BOOTTIME, {19500, 641793323}) = 0
19686 07:24:54.903079 read(4, ">\325\312\331u\374\201\205\"IAOur\4\224\200\10XAA\254\305#\263\246\4\303\202\203j\206"..., 16384) = 4095
19686 07:24:54.903248 write(3, "\5'\345\267k\341e@\252\323y\254UR\33\322\312[\200\257h\1o\257\23\26\304\211\1-\7\216"..., 4132) = 4132
19686 07:24:54.903402 clock_gettime(CLOCK_BOOTTIME, {19500, 642250895}) = 0
19686 07:24:54.903433 clock_gettime(CLOCK_BOOTTIME, {19500, 642280150}) = 0
19686 07:24:54.903461 select(7, [3 4], [3], NULL, NULL) = 2 (in [4], out [3])
19686 07:24:54.903500 clock_gettime(CLOCK_BOOTTIME, {19500, 642346719}) = 0
19686 07:24:54.903527 read(4, "w\177\7\252E\356fs\242W{\350[6,\310\244\202{{\265\\R6Q\4$\310\10ONO"..., 16384) = 4095
19686 07:24:54.903656 write(3, "@h\305k\330\365\f\342d\2653X\217\316\265c\307AU\231\340\256\377u\322\313\237I\350\36P\303"..., 4132) = 4132
19686 07:24:54.903989 clock_gettime(CLOCK_BOOTTIME, {19500, 642840699}) = 0
19686 07:24:54.904025 clock_gettime(CLOCK_BOOTTIME, {19500, 642872136}) = 0
19686 07:24:54.904053 select(7, [3 4], [3], NULL, NULL) = 2 (in [4], out [3])
19686 07:24:54.904094 clock_gettime(CLOCK_BOOTTIME, {19500, 642941069}) = 0
19686 07:24:54.904122 read(4, "\324\317\351\26\313|\374\3701\350\356\3007n\334\234\372\361\16\t`\215\227\211\0\243]\312\274\314\373\216"..., 16384) = 4095
19686 07:24:54.904339 write(3, "\311`;6\367\241\367_=\270\321\250\370\336\31\272\217K\227\214P\251.\5\267\325\270{2\315\244\331"..., 4132) = 4132
19686 07:24:54.904695 clock_gettime(CLOCK_BOOTTIME, {19500, 643547769}) = 0
19686 07:24:54.904732 clock_gettime(CLOCK_BOOTTIME, {19500, 643579226}) = 0
19686 07:24:54.904761 select(7, [3 4], [3], NULL, NULL) = 2 (in [4], out [3])
19686 07:24:54.904804 clock_gettime(CLOCK_BOOTTIME, {19500, 643651047}) = 0
19686 07:24:54.904832 read(4, "\227\t\363.\27\f.\\\301\30Q1 |\7\263p\216\264\211c\346\324\374\203\304\246\244\24\366\2q"..., 16384) = 4095
19686 07:24:54.904961 write(3, "4%\236,\213\234D\204\231\372\265\34\\>SI\243&\314\251\337Z\213\334u\210\23\252)\201\320\325"..., 4132) = 4132
19686 07:24:54.905182 clock_gettime(CLOCK_BOOTTIME, {19500, 644040877}) = 0
19686 07:24:54.905694 clock_gettime(CLOCK_BOOTTIME, {19500, 644564004}) = 0
19686 07:24:54.905760 select(7, [3 4], [3], NULL, NULL) = 2 (in [4], out [3])
19686 07:24:54.905911 clock_gettime(CLOCK_BOOTTIME, {19500, 644768050}) = 0
19686 07:24:54.905957 read(4, "R0\253\307\304\356\20\214\32hK2>J\253.\260\343\374\327\357%\5\337{\226\344\337\352N\256\356"..., 16384) = 4095
19686 07:24:54.906273 write(3, "\375\260\242\350\277\26\353\247\314\377\346\270\225\255\22\302Q;\"aT\304x<\261R\302\336H\217\20\257"..., 4132) = 4132
19686 07:24:54.906580 clock_gettime(CLOCK_BOOTTIME, {19500, 645430295}) = 0
19686 07:24:54.906614 clock_gettime(CLOCK_BOOTTIME, {19500, 645461413}) = 0
19686 07:24:54.906659 select(7, [3 4], [3], NULL, NULL) = 2 (in [4], out [3])
19686 07:24:54.906719 clock_gettime(CLOCK_BOOTTIME, {19500, 645567400}) = 0
19686 07:24:54.906777 read(4, "\375\243\17\34\1C9W\214wFi!\345\345$\377\200\303\303\243\264\360W\320\254\320?\4\375;8"..., 16384) = 634
19686 07:24:54.906827 write(3, "X\303s\324n\221f\7}\357\"bn\220c}\245\1k\315\224\\\3\366\331\360\254@T\300\261\225"..., 4132) = 4132
19686 07:24:54.910343 clock_gettime(CLOCK_BOOTTIME, {19500, 649226645}) = 0
19686 07:24:54.910420 clock_gettime(CLOCK_BOOTTIME, {19500, 649268458}) = 0
19686 07:24:54.910451 select(7, [3 4], [3], NULL, NULL) = 1 (out [3])
19686 07:24:54.910511 clock_gettime(CLOCK_BOOTTIME, {19500, 649358047}) = 0
19686 07:24:54.910540 write(3, "\361Q$\327\232\272\t.\2/\364\33\324y\265C\325\274u\350{\366\362\367\266\366\204\332\21\303\372`"..., 668) = 668
19686 07:24:54.910756 clock_gettime(CLOCK_BOOTTIME, {19500, 649605231}) = 0
19686 07:24:54.910787 clock_gettime(CLOCK_BOOTTIME, {19500, 649634670}) = 0
19686 07:24:54.910816 select(7, [3 4], [], NULL, NULL) = 1 (in [3])
19686 07:24:54.913017 clock_gettime(CLOCK_BOOTTIME, {19500, 651882168}) = 0
19686 07:24:54.913069 read(3, "\23\204\256T\320[\322\242\311X\336l%\2\20v~;\346\201\314\232\317]\17C\6r%\275\217 "..., 8192) = 60
19686 07:24:54.913291 clock_gettime(CLOCK_BOOTTIME, {19500, 652176378}) = 0
19686 07:24:54.913370 clock_gettime(CLOCK_BOOTTIME, {19500, 652218781}) = 0
19686 07:24:54.913402 select(7, [3 4], [5], NULL, NULL) = 1 (out [5])
19686 07:24:54.913443 clock_gettime(CLOCK_BOOTTIME, {19500, 652290306}) = 0
19686 07:24:54.913471 write(5, "**\30B0300800000d588\r\212", 20) = 20
19686 07:24:54.913831 clock_gettime(CLOCK_BOOTTIME, {19500, 652690113}) = 0
19686 07:24:54.913909 clock_gettime(CLOCK_BOOTTIME, {19500, 652757612}) = 0
19686 07:24:54.913939 select(7, [3 4], [], NULL, NULL) = 1 (in [4])
19686 07:24:54.916068 clock_gettime(CLOCK_BOOTTIME, {19500, 654983876}) = 0
19686 07:24:54.916179 read(4, "\3358\4\230lw~\326n\257x\336L\354%N\262\204c\336\370|\355?J\275\30X\362Kv\377"..., 16384) = 4095
19686 07:24:54.916635 clock_gettime(CLOCK_BOOTTIME, {19500, 655494792}) = 0
19686 07:24:54.916682 clock_gettime(CLOCK_BOOTTIME, {19500, 655536358}) = 0
19686 07:24:54.916724 select(7, [3 4], [3], NULL, NULL) = 2 (in [4], out [3])
19686 07:24:54.916771 clock_gettime(CLOCK_BOOTTIME, {19500, 655617985}) = 0
19686 07:24:54.916802 read(4, "nR\277\305\274\2\342\220\35\225\374\316\317\33\222\333\313?q\36\220apj\277\236=\334y\352\345^"..., 16384) = 4095
19686 07:24:54.916950 write(3, "\247\363\323,\5\335`pL\361\312\210k\324\265\214\216 a-)\0070\26\3vM4\265\343\247L"..., 4132) = 4132
19686 07:24:54.917931 clock_gettime(CLOCK_BOOTTIME, {19500, 656786150}) = 0
19686 07:24:54.917986 clock_gettime(CLOCK_BOOTTIME, {19500, 656843560}) = 0
19686 07:24:54.918032 select(7, [3 4], [3], NULL, NULL) = 2 (in [4], out [3])
19686 07:24:54.918085 clock_gettime(CLOCK_BOOTTIME, {19500, 656936219}) = 0
19686 07:24:54.918123 read(4, "x\"\30Q&\34\7L\367\316T6\202EB\320\2155G\203j\346\266&eG\321D\361\252\32\30"..., 16384) = 4095
19686 07:24:54.918286 write(3, "\251&$\32\203\303x}\242\327\34\303QS\200\213,\266\307\356\10\313\232i\271d\7E\312LC\200"..., 4132) = 4132
19686 07:24:54.918712 clock_gettime(CLOCK_BOOTTIME, {19500, 657563582}) = 0
19686 07:24:54.918748 clock_gettime(CLOCK_BOOTTIME, {19500, 657600952}) = 0
19686 07:24:54.918797 select(7, [3 4], [3], NULL, NULL) = 2 (in [4], out [3])
19686 07:24:54.918863 clock_gettime(CLOCK_BOOTTIME, {19500, 657715573}) = 0
19686 07:24:54.918905 read(4, "v\3\7{\373\264\3461\267\304?\377_\377\f/^\274\340\f\252!\233+9\27\30\321\302-9\6"..., 16384) = 4095
19686 07:24:54.919125 write(3, "\270\367\320L\264\252Y\353\5\221\317\203\223\360\354K;/,\335\232\216Rz\320\24{\356\271\302\252L"..., 4132) = 4132
19686 07:24:54.919568 clock_gettime(CLOCK_BOOTTIME, {19500, 658421340}) = 0
19686 07:24:54.919618 clock_gettime(CLOCK_BOOTTIME, {19500, 658471241}) = 0
19686 07:24:54.919665 select(7, [3 4], [3], NULL, NULL) = 2 (in [4], out [3])
19686 07:24:54.919719 clock_gettime(CLOCK_BOOTTIME, {19500, 658566974}) = 0
19686 07:24:54.919748 read(4, "\204br\321G\357\31\37$\321\30Q\30X\326 \262T\316(\250\206'\200'n\273\260I\326\374("..., 16384) = 389
19686 07:24:54.919798 write(3, "D\332\334\337\1\3157&\307y?4\33\264\365N\n$\344\351\276}n\216\247\t;\2D\6\220\256"..., 4132) = 4132
19686 07:24:54.920140 clock_gettime(CLOCK_BOOTTIME, {19500, 658992288}) = 0
19686 07:24:54.920183 clock_gettime(CLOCK_BOOTTIME, {19500, 659030122}) = 0
19686 07:24:54.920212 select(7, [3 4], [3], NULL, NULL) = 1 (out [3])
19686 07:24:54.920287 clock_gettime(CLOCK_BOOTTIME, {19500, 659138670}) = 0
19686 07:24:54.920321 write(3, "\247=\230\315\345\246\350\377\333\237\271\271 b\2654\256\4\251\376\320\213\362\342i\334\272Nj;\305\342"..., 428) = 428
19686 07:24:54.920588 clock_gettime(CLOCK_BOOTTIME, {19500, 659442271}) = 0
19686 07:24:54.920627 clock_gettime(CLOCK_BOOTTIME, {19500, 659474239}) = 0
19686 07:24:54.920656 select(7, [3 4], [], NULL, NULL) = 1 (in [3])
19686 07:24:54.923523 clock_gettime(CLOCK_BOOTTIME, {19500, 662379953}) = 0
19686 07:24:54.923564 read(3, "j%7\357\306\374\273'\350\0026;Mk\211\214p\234\240\317\30\251\242%\363\214\330\361\335\4\373\375"..., 8192) = 60
19686 07:24:54.923612 clock_gettime(CLOCK_BOOTTIME, {19500, 662459584}) = 0
19686 07:24:54.923639 clock_gettime(CLOCK_BOOTTIME, {19500, 662506523}) = 0
19686 07:24:54.923688 select(7, [3 4], [5], NULL, NULL) = 1 (out [5])
19686 07:24:54.923726 clock_gettime(CLOCK_BOOTTIME, {19500, 662572551}) = 0
19686 07:24:54.923752 write(5, "**\30B0300c00000c825\r\212", 20) = 20
19686 07:24:54.923972 clock_gettime(CLOCK_BOOTTIME, {19500, 662820279}) = 0
19686 07:24:54.924001 clock_gettime(CLOCK_BOOTTIME, {19500, 662847306}) = 0
19686 07:24:54.924027 select(7, [3 4], [], NULL, NULL) = 1 (in [4])
19686 07:24:55.117382 clock_gettime(CLOCK_BOOTTIME, {19500, 856247301}) = 0
19686 07:24:55.117432 read(4, "\211\f\234\322\27\317^~\6\363\203C\212j\244\264\5\"tE\335\277\3'L\303\344^\253\333\353\4"..., 16384) = 4095
19686 07:24:55.117590 clock_gettime(CLOCK_BOOTTIME, {19500, 856439056}) = 0
19686 07:24:55.117620 clock_gettime(CLOCK_BOOTTIME, {19500, 856466797}) = 0
19686 07:24:55.117670 select(7, [3 4], [3], NULL, NULL) = 2 (in [4], out [3])
19686 07:24:55.117713 clock_gettime(CLOCK_BOOTTIME, {19500, 856559626}) = 0
19686 07:24:55.117740 read(4, "4#\220\0*>\0275%J_\232\2512\200\nN\3521b\232m\204\30\323\374\10@\235+%\303"..., 16384) = 4095
19686 07:24:55.117864 write(3, "y*\303?\2047\245\255\3452\326\351\221\3\343\325)\333 \213\31\353P<B\376\376\202M\34j\302"..., 4132) = 4132
19686 07:24:55.118045 clock_gettime(CLOCK_BOOTTIME, {19500, 856894315}) = 0
19686 07:24:55.118077 clock_gettime(CLOCK_BOOTTIME, {19500, 856923841}) = 0
19686 07:24:55.118105 select(7, [3 4], [3], NULL, NULL) = 2 (in [4], out [3])
19686 07:24:55.118144 clock_gettime(CLOCK_BOOTTIME, {19500, 856990707}) = 0
19686 07:24:55.118171 read(4, "\370\3004.\264\316[M/\217Z\323\264\3071\372\306J\30Q\350\330\224\246\215\335\207\207\312BK\4"..., 16384) = 4095
19686 07:24:55.118300 write(3, "\n\313%\304\322Z\6\206\34+\33U\22$O[}W\251;\20A\252=60\r\237\230\353\tJ"..., 4132) = 4132
19686 07:24:55.118719 clock_gettime(CLOCK_BOOTTIME, {19500, 857568361}) = 0
19686 07:24:55.118761 clock_gettime(CLOCK_BOOTTIME, {19500, 857608038}) = 0
19686 07:24:55.118789 select(7, [3 4], [3], NULL, NULL) = 2 (in [4], out [3])
19686 07:24:55.118828 clock_gettime(CLOCK_BOOTTIME, {19500, 857675120}) = 0
19686 07:24:55.118855 read(4, ".b*\20\34\333\204\237\371\364'\335\3\274\3\327\241\7\357\276\363\26\374\376\357\376\237\360s?\367+"..., 16384) = 4095
19686 07:24:55.118981 write(3, "*W\2y,\23>\34N'\354\242\"I\232uNe[\35\r\245\220q\345\243\303\242\365\256\366m"..., 4132) = 4132
19686 07:24:55.119147 clock_gettime(CLOCK_BOOTTIME, {19500, 857996248}) = 0
19686 07:24:55.119178 clock_gettime(CLOCK_BOOTTIME, {19500, 858025747}) = 0
19686 07:24:55.119207 select(7, [3 4], [3], NULL, NULL) = 2 (in [4], out [3])
19686 07:24:55.119245 clock_gettime(CLOCK_BOOTTIME, {19500, 858092190}) = 0
19686 07:24:55.119272 read(4, "\277\313\10\320\250\212E\5\312\373\235/lU\343\301\312|\325\273=8\2223\315\323\360\215O\355\364\205"..., 16384) = 433
19686 07:24:55.119313 write(3, "@\f]\3154\201\33\222!\36\16l\371\345eqB\371\346g\226y*\245{\17\315\262\34,\201Q"..., 4132) = 4132
19686 07:24:55.119666 clock_gettime(CLOCK_BOOTTIME, {19500, 858517561}) = 0
19686 07:24:55.119702 clock_gettime(CLOCK_BOOTTIME, {19500, 858548478}) = 0
19686 07:24:55.119835 select(7, [3 4], [3], NULL, NULL) = 1 (out [3])
19686 07:24:55.119874 clock_gettime(CLOCK_BOOTTIME, {19500, 858720403}) = 0
19686 07:24:55.119900 write(3, "LI\272\337`j\226\306\237\33q_(\232\364\200\t\325\300Q;6m\274\355\250\323\2206\350~m"..., 468) = 468
19686 07:24:55.120146 clock_gettime(CLOCK_BOOTTIME, {19500, 858993359}) = 0
19686 07:24:55.120177 clock_gettime(CLOCK_BOOTTIME, {19500, 859047153}) = 0
19686 07:24:55.120240 select(7, [3 4], [], NULL, NULL) = 1 (in [3])
19686 07:24:55.122638 clock_gettime(CLOCK_BOOTTIME, {19500, 861495496}) = 0
19686 07:24:55.122680 read(3, "\270\303\270.O1\265\375u\265\200\nT\357\202\372-\263\372\346\305-\324\10\314\377'\2d?\333\217"..., 8192) = 96
19686 07:24:55.122837 clock_gettime(CLOCK_BOOTTIME, {19500, 861685647}) = 0
19686 07:24:55.122866 clock_gettime(CLOCK_BOOTTIME, {19500, 861713554}) = 0
19686 07:24:55.122895 select(7, [3 4], [5], NULL, NULL) = 1 (out [5])
19686 07:24:55.122937 clock_gettime(CLOCK_BOOTTIME, {19500, 861849377}) = 0
19686 07:24:55.123035 write(5, "**\30B0300000100dde3\r\212", 20) = 20
19686 07:24:55.123261 clock_gettime(CLOCK_BOOTTIME, {19500, 862111026}) = 0
19686 07:24:55.123294 clock_gettime(CLOCK_BOOTTIME, {19500, 862141550}) = 0
19686 07:24:55.123323 select(7, [3 4], [], NULL, NULL) = 1 (in [4])
19686 07:24:55.128079 clock_gettime(CLOCK_BOOTTIME, {19500, 866937515}) = 0
19686 07:24:55.128122 read(4, "$\3104;\361\331\301\3279\r\270\33C\24&\2571l\3168\375\207?\365\364g\30Ql\372\360c"..., 16384) = 4095
19686 07:24:55.128280 clock_gettime(CLOCK_BOOTTIME, {19500, 867129330}) = 0
19686 07:24:55.128310 clock_gettime(CLOCK_BOOTTIME, {19500, 867157329}) = 0
19686 07:24:55.128461 select(7, [3 4], [3], NULL, NULL) = 2 (in [4], out [3])
19686 07:24:55.128516 clock_gettime(CLOCK_BOOTTIME, {19500, 867367554}) = 0
19686 07:24:55.128556 read(4, "\353\314\271\317~\230:\0043\270\323-\312Z\246\316~\305\3035\32kRwU\7\234\344\24\327\241\30"..., 16384) = 4095
19686 07:24:55.128690 write(3, "\2053\362\335#\215E\344\2544\36\17@)\275\n\323\261\352$\5\205\365\345\261\334\243\347wK\376B"..., 4132) = 4132
19686 07:24:55.128864 clock_gettime(CLOCK_BOOTTIME, {19500, 867716729}) = 0
19686 07:24:55.128907 clock_gettime(CLOCK_BOOTTIME, {19500, 867754188}) = 0
19686 07:24:55.128934 select(7, [3 4], [3], NULL, NULL) = 2 (in [4], out [3])
19686 07:24:55.128969 clock_gettime(CLOCK_BOOTTIME, {19500, 867814635}) = 0
19686 07:24:55.128993 read(4, "\222\177\t\313 \352\267\224\261\301\301@W\211\214\244\211\307\30\321\260\201\302\237[\1\365*\276\304z\316"..., 16384) = 4095
19686 07:24:55.129116 write(3, "\342\0O\227#\252\214\252\341>\224r\nX\324\203\5\367\370\371\27)\354\34Z\10\313c\v\225\337\335"..., 4132) = 4132
19686 07:24:55.129476 clock_gettime(CLOCK_BOOTTIME, {19500, 868324434}) = 0
19686 07:24:55.129506 clock_gettime(CLOCK_BOOTTIME, {19500, 868351539}) = 0
19686 07:24:55.129531 select(7, [3 4], [3], NULL, NULL) = 2 (in [4], out [3])
19686 07:24:55.129566 clock_gettime(CLOCK_BOOTTIME, {19500, 868411700}) = 0
19686 07:24:55.129590 read(4, "<\226\347\261!o\30Q\3237\354\301[6r\304 \301{\254\341\275\215\3349\6\\\326\217\306\323\265"..., 16384) = 4095
19686 07:24:55.129710 write(3, "\270\313\314\372\337\370\312O\264B\364\377\357\3573\334R_^A\212}\34Ps\21Y$\177R\36\205"..., 4132) = 4132
19686 07:24:55.130000 clock_gettime(CLOCK_BOOTTIME, {19500, 868848523}) = 0
19686 07:24:55.130029 clock_gettime(CLOCK_BOOTTIME, {19500, 868874988}) = 0
19686 07:24:55.130054 select(7, [3 4], [3], NULL, NULL) = 2 (in [4], out [3])
19686 07:24:55.130089 clock_gettime(CLOCK_BOOTTIME, {19500, 868934477}) = 0
19686 07:24:55.130113 read(4, "b\vyj\354$\0366\311\3752XB(\34\351\177\250\354\2352\261\316\343m\235\204\372\3142\t\303"..., 16384) = 354
19686 07:24:55.130148 write(3, "\227\31\255\356\34KH\340%\343J\256&\5\373By\356\0d\212\222N\373\250\326#N\f\271;\321"..., 4132) = 4132
19686 07:24:55.130551 clock_gettime(CLOCK_BOOTTIME, {19500, 869403348}) = 0
19686 07:24:55.130597 clock_gettime(CLOCK_BOOTTIME, {19500, 869445020}) = 0
19686 07:24:55.130625 select(7, [3 4], [3], NULL, NULL) = 1 (out [3])
19686 07:24:55.130663 clock_gettime(CLOCK_BOOTTIME, {19500, 869509805}) = 0
19686 07:24:55.130689 write(3, "\355\346H\265i\22\230!\315:iG=q;\22.\315\341wZ\242\tv\nl\236\373\350\216_V"..., 388) = 388
19686 07:24:55.130923 clock_gettime(CLOCK_BOOTTIME, {19500, 869771428}) = 0
19686 07:24:55.130952 clock_gettime(CLOCK_BOOTTIME, {19500, 869798734}) = 0
19686 07:24:55.130979 select(7, [3 4], [], NULL, NULL) = 1 (in [3])
19686 07:24:55.133726 clock_gettime(CLOCK_BOOTTIME, {19500, 872582844}) = 0
19686 07:24:55.133766 read(3, "\361\374\305\36\\\215\354\204\4\342\220\223\255\322`\271p\311n\325M3x\336k\222E\306D\\\362~"..., 8192) = 60
19686 07:24:55.133817 clock_gettime(CLOCK_BOOTTIME, {19500, 872664285}) = 0
19686 07:24:55.133843 clock_gettime(CLOCK_BOOTTIME, {19500, 872688788}) = 0
19686 07:24:55.133869 select(7, [3 4], [5], NULL, NULL) = 1 (out [5])
19686 07:24:55.133904 clock_gettime(CLOCK_BOOTTIME, {19500, 872749658}) = 0
19686 07:24:55.133929 write(5, "**\30B0300400100c04e\r\212", 20) = 20
19686 07:24:55.134188 clock_gettime(CLOCK_BOOTTIME, {19500, 873039599}) = 0
19686 07:24:55.134308 clock_gettime(CLOCK_BOOTTIME, {19500, 873155222}) = 0
19686 07:24:55.134335 select(7, [3 4], [], NULL, NULL) = 1 (in [4])
19686 07:24:55.136899 clock_gettime(CLOCK_BOOTTIME, {19500, 875755554}) = 0
19686 07:24:55.136940 read(4, "c\307NPG\353S\247\3169\245\203\36w\233\313-\345\2711\277\332\344B\256\256\22}n\24t\240"..., 16384) = 4095
19686 07:24:55.137100 clock_gettime(CLOCK_BOOTTIME, {19500, 875947987}) = 0
19686 07:24:55.137128 clock_gettime(CLOCK_BOOTTIME, {19500, 875974137}) = 0
19686 07:24:55.137154 select(7, [3 4], [3], NULL, NULL) = 2 (in [4], out [3])
19686 07:24:55.137191 clock_gettime(CLOCK_BOOTTIME, {19500, 876037523}) = 0
19686 07:24:55.137216 read(4, "g6e,\30X\307qp\266a\254\1j\235\376\346o\376w\371\237\377\327\377EVV\327X\v\30"..., 16384) = 4095
19686 07:24:55.137331 write(3, "\r\320\216&!\23\205\2W\t\266\261\303\241\32\360F#1\3\0\371\366\23\\(\366\223\261:q\222"..., 4132) = 4132
19686 07:24:55.137900 clock_gettime(CLOCK_BOOTTIME, {19500, 876752877}) = 0
19686 07:24:55.137936 clock_gettime(CLOCK_BOOTTIME, {19500, 876783034}) = 0
19686 07:24:55.137963 select(7, [3 4], [3], NULL, NULL) = 2 (in [4], out [3])
19686 07:24:55.138000 clock_gettime(CLOCK_BOOTTIME, {19500, 876846449}) = 0
19686 07:24:55.138026 read(4, "\200\fL1\30X\3658\262I\330\270\264\30Q\273\36\273rrr*a\202{Q}\220\317>'6"..., 16384) = 4095
19686 07:24:55.138141 write(3, "\277\366\300X[[\201+\347\257\327\30I\232\227\0040\372\221\242P\316\r\263p=#\270\300]_\204"..., 4132) = 4132
19686 07:24:55.138308 clock_gettime(CLOCK_BOOTTIME, {19500, 877157706}) = 0
19686 07:24:55.138340 clock_gettime(CLOCK_BOOTTIME, {19500, 877186887}) = 0
19686 07:24:55.138368 select(7, [3 4], [3], NULL, NULL) = 2 (in [4], out [3])
19686 07:24:55.138549 clock_gettime(CLOCK_BOOTTIME, {19500, 877398948}) = 0
19686 07:24:55.138585 read(4, ".\f\224\36\233\211\213\205\305\362\352\353\257Q \17\367a\r\305\263Qd@.\267\226w\246>\334\230"..., 16384) = 4095
19686 07:24:55.138771 write(3, "\346\357D\177}M]y\26[\251\2333\250Z\242_\324\216\n]-~M\200\2078\374\273\224\t\230"..., 4132) = 4132
19686 07:24:55.139354 clock_gettime(CLOCK_BOOTTIME, {19500, 878208106}) = 0
19686 07:24:55.139450 clock_gettime(CLOCK_BOOTTIME, {19500, 878300649}) = 0
19686 07:24:55.139482 select(7, [3 4], [3], NULL, NULL) = 2 (in [4], out [3])
19686 07:24:55.139523 clock_gettime(CLOCK_BOOTTIME, {19500, 878369723}) = 0
19686 07:24:55.139549 read(4, "|\30Xjpg\271\4\2663\242\35\314\275\375\277\210<y\250\0X]P\222o\265\2327\332\376s"..., 16384) = 361
19686 07:24:55.139587 write(3, "\365\333>\376F<\267\201\31\342\247\377O\364\1\6\3613\237\364\246]\2318\25\34\355~q\227\21P"..., 4132) = 4132
19686 07:24:55.139735 clock_gettime(CLOCK_BOOTTIME, {19500, 878584526}) = 0
19686 07:24:55.139767 clock_gettime(CLOCK_BOOTTIME, {19500, 878614009}) = 0
19686 07:24:55.139795 select(7, [3 4], [3], NULL, NULL) = 1 (out [3])
19686 07:24:55.139833 clock_gettime(CLOCK_BOOTTIME, {19500, 878680431}) = 0
19686 07:24:55.139870 write(3, "6SI\7\360\372\234\230|d\16\5\204\300\0\377\222d>\322\325a\370,\267Q\257\r\201\341q\224"..., 396) = 396
19686 07:24:55.140031 clock_gettime(CLOCK_BOOTTIME, {19500, 878889250}) = 0
19686 07:24:55.140080 clock_gettime(CLOCK_BOOTTIME, {19500, 878927775}) = 0
19686 07:24:55.140108 select(7, [3 4], [], NULL, NULL) = 1 (in [3])
19686 07:24:55.142663 clock_gettime(CLOCK_BOOTTIME, {19500, 881520710}) = 0
19686 07:24:55.142705 read(3, "\274u\253\225`\334aU\344Ws9\224;0\0043_\321;\36\227dJj\376\232\256\5\233f\356"..., 8192) = 60
19686 07:24:55.142754 clock_gettime(CLOCK_BOOTTIME, {19500, 881601485}) = 0
19686 07:24:55.142781 clock_gettime(CLOCK_BOOTTIME, {19500, 881627201}) = 0
19686 07:24:55.142807 select(7, [3 4], [5], NULL, NULL) = 1 (out [5])
19686 07:24:55.142844 clock_gettime(CLOCK_BOOTTIME, {19500, 881690852}) = 0
19686 07:24:55.142870 write(5, "**\30B0300800100e6b9\r\212", 20) = 20
19686 07:24:55.143091 clock_gettime(CLOCK_BOOTTIME, {19500, 881939191}) = 0
19686 07:24:55.143241 clock_gettime(CLOCK_BOOTTIME, {19500, 882104320}) = 0
19686 07:24:55.143285 select(7, [3 4], [], NULL, NULL) = 1 (in [4])
19686 07:24:55.147539 clock_gettime(CLOCK_BOOTTIME, {19500, 886421908}) = 0
19686 07:24:55.147625 read(4, "\276F\364PyL\275x\314j\266\363`\300=\322\253\263\230\0204\262\3112O\2631\273A\246\30X"..., 16384) = 4095
19686 07:24:55.147865 clock_gettime(CLOCK_BOOTTIME, {19500, 886717580}) = 0
19686 07:24:55.147905 clock_gettime(CLOCK_BOOTTIME, {19500, 886755029}) = 0
19686 07:24:55.147949 select(7, [3 4], [3], NULL, NULL) = 2 (in [4], out [3])
19686 07:24:55.148029 clock_gettime(CLOCK_BOOTTIME, {19500, 886881765}) = 0
19686 07:24:55.148185 read(4, "*\234@\33\263\270\27\203*\261\307\320\30\321\225\f\333\262\261\276*;\375C\246\266\324\320\350\377r\312"..., 16384) = 4095
19686 07:24:55.148404 write(3, "!\340\340ot\336\211p{^\2616\264]\252x\265[C'H\376\2\200\223\374P\243|\343\336\326"..., 4132) = 4132
19686 07:24:55.148919 clock_gettime(CLOCK_BOOTTIME, {19500, 887778255}) = 0
19686 07:24:55.148976 clock_gettime(CLOCK_BOOTTIME, {19500, 887829738}) = 0
19686 07:24:55.149024 select(7, [3 4], [3], NULL, NULL) = 2 (in [4], out [3])
19686 07:24:55.149091 clock_gettime(CLOCK_BOOTTIME, {19500, 887944830}) = 0
19686 07:24:55.149135 read(4, "\6C\200H\234\35\5Qb\212\237\215\2264\333\213\305\200\2414\263\326P\24\252\242v\0005Y\230\267"..., 16384) = 4095
19686 07:24:55.149355 write(3, "\6\353\333Em\\ \303\7\20@\321^\326\244\307\232\253\f\331\200\270\234,\253\352V\306D.D)"..., 4132) = 4132
19686 07:24:55.149692 clock_gettime(CLOCK_BOOTTIME, {19500, 888548505}) = 0
19686 07:24:55.149744 clock_gettime(CLOCK_BOOTTIME, {19500, 888597559}) = 0
19686 07:24:55.149791 select(7, [3 4], [3], NULL, NULL) = 2 (in [4], out [3])
19686 07:24:55.149855 clock_gettime(CLOCK_BOOTTIME, {19500, 888708624}) = 0
19686 07:24:55.149900 read(4, "x\304\232\rN}\306\265\350\361\6\243>gm\2011\311A\367S\302^x\237Qo3:\35\222\231"..., 16384) = 4095
19686 07:24:55.150097 write(3, "\270\320\33\344\325b)Iv\216e^8`\320\346\223r\322\224\350~\324\230\33N\326\262&\360\24\350"..., 4132) = 4132
19686 07:24:55.150621 clock_gettime(CLOCK_BOOTTIME, {19500, 889486458}) = 0
19686 07:24:55.150684 clock_gettime(CLOCK_BOOTTIME, {19500, 889532460}) = 0
19686 07:24:55.150715 select(7, [3 4], [3], NULL, NULL) = 2 (in [4], out [3])
19686 07:24:55.150760 clock_gettime(CLOCK_BOOTTIME, {19500, 889606913}) = 0
19686 07:24:55.150788 read(4, "\10R\264{jO'\245\250\270\25\f\306\344\374,\202\232=\251\30S\4\205\262\344\25{s(E\32"..., 16384) = 310
19686 07:24:55.150829 write(3, "IIK|\vH+\2068N\210\27\10\366kop$\276dd\344<b\340\251\365nI!n\24"..., 4132) = 4132
19686 07:24:55.151071 clock_gettime(CLOCK_BOOTTIME, {19500, 889927153}) = 0
19686 07:24:55.151112 clock_gettime(CLOCK_BOOTTIME, {19500, 889959156}) = 0
19686 07:24:55.151140 select(7, [3 4], [3], NULL, NULL) = 1 (out [3])
19686 07:24:55.151181 clock_gettime(CLOCK_BOOTTIME, {19500, 890028040}) = 0
19686 07:24:55.151209 write(3, "1\262\f\301o\360\247\2121\16\273p\24\24\rX\355,\215S\35\203\215GT%\373_\344\234\330\343"..., 348) = 348
19686 07:24:55.151411 clock_gettime(CLOCK_BOOTTIME, {19500, 890260822}) = 0
19686 07:24:55.151444 clock_gettime(CLOCK_BOOTTIME, {19500, 890290778}) = 0
19686 07:24:55.151472 select(7, [3 4], [], NULL, NULL) = 1 (in [3])
19686 07:24:55.153821 clock_gettime(CLOCK_BOOTTIME, {19500, 892678160}) = 0
19686 07:24:55.153862 read(3, "4\0240H_-\366\357\211Wf\235\255\253]\272\211\306\313/<\346\17 \10\252*\24T\r^\3"..., 8192) = 60
19686 07:24:55.153912 clock_gettime(CLOCK_BOOTTIME, {19500, 892760283}) = 0
19686 07:24:55.153941 clock_gettime(CLOCK_BOOTTIME, {19500, 892788073}) = 0
19686 07:24:55.153970 select(7, [3 4], [5], NULL, NULL) = 1 (out [5])
19686 07:24:55.154009 clock_gettime(CLOCK_BOOTTIME, {19500, 892855944}) = 0
19686 07:24:55.154036 write(5, "**\30B0300c00100fb14\r\212", 20) = 20
19686 07:24:55.154308 clock_gettime(CLOCK_BOOTTIME, {19500, 893158494}) = 0
19686 07:24:55.154342 clock_gettime(CLOCK_BOOTTIME, {19500, 893189347}) = 0
19686 07:24:55.154371 select(7, [3 4], [], NULL, NULL) = 1 (in [4])
19686 07:24:55.159192 clock_gettime(CLOCK_BOOTTIME, {19500, 898103380}) = 0
19686 07:24:55.159293 read(4, "\30\323\371\214\v\20\200\25tx\236~\377]\334\337>\30\323\30X\237\275xA\345\321\236-XH2"..., 16384) = 4095
19686 07:24:55.159485 clock_gettime(CLOCK_BOOTTIME, {19500, 898338023}) = 0
19686 07:24:55.159554 clock_gettime(CLOCK_BOOTTIME, {19500, 898401979}) = 0
19686 07:24:55.159584 select(7, [3 4], [3], NULL, NULL) = 2 (in [4], out [3])
19686 07:24:55.159627 clock_gettime(CLOCK_BOOTTIME, {19500, 898473621}) = 0
19686 07:24:55.159655 read(4, "\331D\236\276\371F\376\370\213\237I\357/\376\362\257\344*zS\364\216\252@\252\334\233\272\301\250\1`"..., 16384) = 4095
19686 07:24:55.159780 write(3, "\203\214\2442\311\32\\\37\233\203I\35\242S\367\21\16\360-\373:\354\357-\220\211\334\367\212~\310\355"..., 4132) = 4132
19686 07:24:55.160020 clock_gettime(CLOCK_BOOTTIME, {19500, 898881654}) = 0
19686 07:24:55.160079 clock_gettime(CLOCK_BOOTTIME, {19500, 898927181}) = 0
19686 07:24:55.160109 select(7, [3 4], [3], NULL, NULL) = 2 (in [4], out [3])
19686 07:24:55.160687 clock_gettime(CLOCK_BOOTTIME, {19500, 899547996}) = 0
19686 07:24:55.160745 read(4, "\311\243\350x\276/\273\373\373\262\35\1\311(^\327h{[w\220\253\274\2l[\217\343#+\323m"..., 16384) = 4095
19686 07:24:55.161074 write(3, "L<\272\342{\257V\23}\30\332\30\206# \233\301\321\317\271\f\320\371\222L\177k\334\230\v\236\344"..., 4132) = 4132
19686 07:24:55.161605 clock_gettime(CLOCK_BOOTTIME, {19500, 900458759}) = 0
19686 07:24:55.161646 clock_gettime(CLOCK_BOOTTIME, {19500, 900493665}) = 0
19686 07:24:55.161676 select(7, [3 4], [3], NULL, NULL) = 2 (in [4], out [3])
19686 07:24:55.161721 clock_gettime(CLOCK_BOOTTIME, {19500, 900568293}) = 0
19686 07:24:55.161749 read(4, "\354}\311\22\267>\27\5\0\20\344\233\364\270\237x\215;\2732\353\17\350\305\"\351\30Q\275UT|"..., 16384) = 4095
19686 07:24:55.161880 write(3, "\302\304]4\257\1\323\221\f\250\243\336\2212\265\367p\20\367\nrX\365\345~y\207'\334\217\37\242"..., 4132) = 4132
19686 07:24:55.162107 clock_gettime(CLOCK_BOOTTIME, {19500, 900966475}) = 0
19686 07:24:55.162153 clock_gettime(CLOCK_BOOTTIME, {19500, 901000424}) = 0
19686 07:24:55.162182 select(7, [3 4], [3], NULL, NULL) = 2 (in [4], out [3])
19686 07:24:55.162224 clock_gettime(CLOCK_BOOTTIME, {19500, 901070479}) = 0
19686 07:24:55.162251 read(4, "G\301\227\317\227f\245\305\322\330;\336\30S\224\204\37\277\224\342\352\\J\366RB\202\272&\272\"\257"..., 16384) = 324
19686 07:24:55.162290 write(3, "P{\377\205\236\367\273gNsEe\267\32;\342p\3501\22v5o\225j\22\333\347\253\310\353V"..., 4132) = 4132
19686 07:24:55.162752 clock_gettime(CLOCK_BOOTTIME, {19500, 901608460}) = 0
19686 07:24:55.162804 clock_gettime(CLOCK_BOOTTIME, {19500, 901656278}) = 0
19686 07:24:55.162848 select(7, [3 4], [3], NULL, NULL) = 1 (out [3])
19686 07:24:55.162912 clock_gettime(CLOCK_BOOTTIME, {19500, 901765861}) = 0
19686 07:24:55.162961 write(3, "\327\212\225\260\37@\306\4y\361\247\3spfs\5\207\351\252\274\240Dz[\374\333i\t\5Vy"..., 364) = 364
19686 07:24:55.163177 clock_gettime(CLOCK_BOOTTIME, {19500, 902034665}) = 0
19686 07:24:55.163231 clock_gettime(CLOCK_BOOTTIME, {19500, 902086439}) = 0
19686 07:24:55.163282 select(7, [3 4], [], NULL, NULL) = 1 (in [3])
19686 07:24:55.166698 clock_gettime(CLOCK_BOOTTIME, {19500, 905555333}) = 0
19686 07:24:55.166739 read(3, "F{!L\253&\365A\214\313\232\17\337\31R\366\233s\361Z\317\347\222\311\237Q\36\247\365r\327\310"..., 8192) = 60
19686 07:24:55.166787 clock_gettime(CLOCK_BOOTTIME, {19500, 905634260}) = 0
19686 07:24:55.166813 clock_gettime(CLOCK_BOOTTIME, {19500, 905658830}) = 0
19686 07:24:55.166838 select(7, [3 4], [5], NULL, NULL) = 1 (out [5])
19686 07:24:55.166874 clock_gettime(CLOCK_BOOTTIME, {19500, 905720168}) = 0
19686 07:24:55.166899 write(5, "**\30B030000020088b0\r\212", 20) = 20
19686 07:24:55.167169 clock_gettime(CLOCK_BOOTTIME, {19500, 906021443}) = 0
19686 07:24:55.167324 clock_gettime(CLOCK_BOOTTIME, {19500, 906171452}) = 0
19686 07:24:55.167352 select(7, [3 4], [], NULL, NULL) = 1 (in [4])
19686 07:24:55.170149 clock_gettime(CLOCK_BOOTTIME, {19500, 909007743}) = 0
19686 07:24:55.170193 read(4, "\334\4\210\365\347\365\270\253^\317\232\27Tu'V\255\356\377\272\3437\267\262\224\326\370h\337[*`"..., 16384) = 4095
19686 07:24:55.170651 clock_gettime(CLOCK_BOOTTIME, {19500, 909502679}) = 0
19686 07:24:55.170685 clock_gettime(CLOCK_BOOTTIME, {19500, 909531796}) = 0
19686 07:24:55.170713 select(7, [3 4], [3], NULL, NULL) = 2 (in [4], out [3])
19686 07:24:55.170754 clock_gettime(CLOCK_BOOTTIME, {19500, 909600677}) = 0
19686 07:24:55.170781 read(4, "3\226\232\352\315\206\200\275L\266\267\372\362\307?\373B\376\371\177\373\317\342\272\322\247i\350!l\22\1"..., 16384) = 4095
19686 07:24:55.170905 write(3, "\350\262\32\25\373r)\3626.\247K\220\374\372!\224e\2Tu\10U\236%\335\177\243\6\322H\244"..., 4132) = 4132
19686 07:24:55.171094 clock_gettime(CLOCK_BOOTTIME, {19500, 909943572}) = 0
19686 07:24:55.171126 clock_gettime(CLOCK_BOOTTIME, {19500, 909973112}) = 0
19686 07:24:55.171154 select(7, [3 4], [3], NULL, NULL) = 2 (in [4], out [3])
19686 07:24:55.171194 clock_gettime(CLOCK_BOOTTIME, {19500, 910040462}) = 0
19686 07:24:55.171221 read(4, "\205\227I\261z\25\352\r\3672\231\25\363\3703\2136`\311E\32\25j\363J\33\1\"\321\274\2620"..., 16384) = 4095
19686 07:24:55.171344 write(3, "\325\304$\267q\314\16EP\241\315>Y\303Z]G3_\371f\177k\327z\24\31\202_q3\236"..., 4132) = 4132
19686 07:24:55.171546 clock_gettime(CLOCK_BOOTTIME, {19500, 910395298}) = 0
19686 07:24:55.171578 clock_gettime(CLOCK_BOOTTIME, {19500, 910424835}) = 0
19686 07:24:55.171606 select(7, [3 4], [3], NULL, NULL) = 2 (in [4], out [3])
19686 07:24:55.171645 clock_gettime(CLOCK_BOOTTIME, {19500, 910491900}) = 0
19686 07:24:55.171672 read(4, "0\252\254\311\344W\353\30X\214\34\225=P\326\226\260\344\203\267\356\225\277\3053\3310\371\277\313g\326"..., 16384) = 4095
19686 07:24:55.171796 write(3, "ES\250\224\313\246\260\221\224\332,\246\334@'\244\tr!\231Lf\fFz1\t\271\360\344\330,"..., 4132) = 4132
19686 07:24:55.171979 clock_gettime(CLOCK_BOOTTIME, {19500, 910828329}) = 0
19686 07:24:55.172011 clock_gettime(CLOCK_BOOTTIME, {19500, 910857591}) = 0
19686 07:24:55.172039 select(7, [3 4], [3], NULL, NULL) = 2 (in [4], out [3])
19686 07:24:55.172077 clock_gettime(CLOCK_BOOTTIME, {19500, 910924231}) = 0
19686 07:24:55.172105 read(4, "\304\275\10\363\6\373\n\346\371b\241I\300\217\342z\304\373\324\241\10&;1g\205\231\316\347)\201{"..., 16384) = 265
19686 07:24:55.172147 write(3, "mQ/\201\372\270\6K'|F\344G\2\230\320'\365t\n\246\237\375\321s0\225\2335\272\301\f"..., 4132) = 4132
19686 07:24:55.172558 clock_gettime(CLOCK_BOOTTIME, {19500, 911410256}) = 0
19686 07:24:55.172595 clock_gettime(CLOCK_BOOTTIME, {19500, 911442834}) = 0
19686 07:24:55.172625 select(7, [3 4], [3], NULL, NULL) = 1 (out [3])
19686 07:24:55.172666 clock_gettime(CLOCK_BOOTTIME, {19500, 911516660}) = 0
19686 07:24:55.172703 write(3, "\253C\\\tT\341\332&\337Z\324\5\34!\245Q\225\371\232\311\237\371\361\335\357\237Oa\343#\24d"..., 300) = 300
19686 07:24:55.172851 clock_gettime(CLOCK_BOOTTIME, {19500, 911699639}) = 0
19686 07:24:55.172881 clock_gettime(CLOCK_BOOTTIME, {19500, 911728593}) = 0
19686 07:24:55.172910 select(7, [3 4], [], NULL, NULL) = 1 (in [3])
19686 07:24:55.174701 clock_gettime(CLOCK_BOOTTIME, {19500, 913558313}) = 0
19686 07:24:55.174742 read(3, "'y\31\10\273\31K\263\361\351\343\237\356r\355\240[H\342\3]\35\347FL7\225\350\27$;\360"..., 8192) = 60
19686 07:24:55.174793 clock_gettime(CLOCK_BOOTTIME, {19500, 913640913}) = 0
19686 07:24:55.174820 clock_gettime(CLOCK_BOOTTIME, {19500, 913666521}) = 0
19686 07:24:55.174847 select(7, [3 4], [5], NULL, NULL) = 1 (out [5])
19686 07:24:55.174884 clock_gettime(CLOCK_BOOTTIME, {19500, 913729772}) = 0
19686 07:24:55.174909 write(5, "**\30B0300400200951d\r\212", 20) = 20
19686 07:24:55.175117 clock_gettime(CLOCK_BOOTTIME, {19500, 913964614}) = 0
19686 07:24:55.175145 clock_gettime(CLOCK_BOOTTIME, {19500, 913990411}) = 0
19686 07:24:55.175169 select(7, [3 4], [], NULL, NULL) = 1 (in [4])
19686 07:24:55.377772 clock_gettime(CLOCK_BOOTTIME, {19501, 116634817}) = 0
19686 07:24:55.377826 read(4, "\324\240ZH\17\270\366p\206\17q\235\t\301/=\301\312\36\226O\205J\1\230\277\317\226JO\350\252"..., 16384) = 4095
19686 07:24:55.378027 clock_gettime(CLOCK_BOOTTIME, {19501, 116882115}) = 0
19686 07:24:55.378067 clock_gettime(CLOCK_BOOTTIME, {19501, 116916023}) = 0
19686 07:24:55.378099 select(7, [3 4], [3], NULL, NULL) = 2 (in [4], out [3])
19686 07:24:55.378146 clock_gettime(CLOCK_BOOTTIME, {19501, 116993151}) = 0
19686 07:24:55.378174 read(4, "\346F\210Tf\253\252\334\253\246\312\t\272*T\25\357}y+\313\233K\351\356\256\343=\257\310\272]"..., 16384) = 4095
19686 07:24:55.378302 write(3, "\224\356\213\321n\300\204\27\264\256\362(\0\243\7\321D\26c\25sdQx\332\310\365*\2368\206\240"..., 4132) = 4132
19686 07:24:55.379163 clock_gettime(CLOCK_BOOTTIME, {19501, 118031005}) = 0
19686 07:24:55.379234 clock_gettime(CLOCK_BOOTTIME, {19501, 118089087}) = 0
19686 07:24:55.379301 select(7, [3 4], [3], NULL, NULL) = 2 (in [4], out [3])
19686 07:24:55.379381 clock_gettime(CLOCK_BOOTTIME, {19501, 118237557}) = 0
19686 07:24:55.379436 read(4, "@\320\251wl\233m\232\v\30Q\301\237\2\224\\^\10+pl\323U\3;\341D\306\202\337\336\236"..., 16384) = 4095
19686 07:24:55.379611 write(3, "\214\247\306\334\0\320\317\t\361\252\347\203\371\332\330\255\217m\2242\372\330F\313\273\2478\237M\262P\346"..., 4132) = 4132
19686 07:24:55.380102 clock_gettime(CLOCK_BOOTTIME, {19501, 118965696}) = 0
19686 07:24:55.380186 clock_gettime(CLOCK_BOOTTIME, {19501, 119041661}) = 0
19686 07:24:55.380238 select(7, [3 4], [3], NULL, NULL) = 2 (in [4], out [3])
19686 07:24:55.380321 clock_gettime(CLOCK_BOOTTIME, {19501, 119175907}) = 0
19686 07:24:55.380372 read(4, "p\326\247\363C\6`8\230:\252\212\210a\34PFl\30\323\226\25\0\26;\257,\251\265\34\323^"..., 16384) = 4095
19686 07:24:55.380562 write(3, "\\\370\355\300l:\177\350W\16\10\323Xi\274\\M\34\362u0\275\247`H\362G\r]@R\351"..., 4132) = 4132
19686 07:24:55.380778 clock_gettime(CLOCK_BOOTTIME, {19501, 119628077}) = 0
19686 07:24:55.380811 clock_gettime(CLOCK_BOOTTIME, {19501, 119657857}) = 0
19686 07:24:55.380839 select(7, [3 4], [3], NULL, NULL) = 2 (in [4], out [3])
19686 07:24:55.380879 clock_gettime(CLOCK_BOOTTIME, {19501, 119726470}) = 0
19686 07:24:55.380907 read(4, "~?zr\334\374-\327\304\277\372x\3\354\240\27\226\274\16d^f\215\202\2566>\314\353\333+*"..., 16384) = 321
19686 07:24:55.380946 write(3, "sPj\36\375\302\211\366A\200\305\271\331\301\334\220\327w8\211\n\272\326N\231\267\"%\225\336?8"..., 4132) = 4132
19686 07:24:55.381343 clock_gettime(CLOCK_BOOTTIME, {19501, 120192422}) = 0
19686 07:24:55.381375 clock_gettime(CLOCK_BOOTTIME, {19501, 120221790}) = 0
19686 07:24:55.381412 select(7, [3 4], [3], NULL, NULL) = 1 (out [3])
19686 07:24:55.381459 clock_gettime(CLOCK_BOOTTIME, {19501, 120306243}) = 0
19686 07:24:55.381487 write(3, "\n\34\307\203\340JN\214\203{\"d\261\307\202\265\217\20\261n\\\243\33\262`\354)\314\216\354\373b"..., 356) = 356
19686 07:24:55.381648 clock_gettime(CLOCK_BOOTTIME, {19501, 120499389}) = 0
19686 07:24:55.381682 clock_gettime(CLOCK_BOOTTIME, {19501, 120529314}) = 0
19686 07:24:55.381710 select(7, [3 4], [], NULL, NULL) = 1 (in [3])
19686 07:24:55.383920 clock_gettime(CLOCK_BOOTTIME, {19501, 122775178}) = 0
19686 07:24:55.383959 read(3, "o\247\"\261\37\252\n\23\227\22\251\247I\370\311\243_O8\211$@c%\313\316\10x)D\261h"..., 8192) = 96
19686 07:24:55.384014 clock_gettime(CLOCK_BOOTTIME, {19501, 122863424}) = 0
19686 07:24:55.384048 clock_gettime(CLOCK_BOOTTIME, {19501, 122895494}) = 0
19686 07:24:55.384077 select(7, [3 4], [5], NULL, NULL) = 1 (out [5])
19686 07:24:55.384116 clock_gettime(CLOCK_BOOTTIME, {19501, 122967879}) = 0
19686 07:24:55.384173 write(5, "**\30B0300800200b3ea\r\212", 20) = 20
19686 07:24:55.384404 clock_gettime(CLOCK_BOOTTIME, {19501, 123262030}) = 0
19686 07:24:55.384460 clock_gettime(CLOCK_BOOTTIME, {19501, 123315208}) = 0
19686 07:24:55.384511 select(7, [3 4], [], NULL, NULL) = 1 (in [4])
19686 07:24:55.386722 clock_gettime(CLOCK_BOOTTIME, {19501, 125578405}) = 0
19686 07:24:55.386763 read(4, "FP\253\210\275\272\3743\236\vS\260<o9\6\351g\375\345\350\373\306A\362\2405\203\344\35\37\357"..., 16384) = 4095
19686 07:24:55.386938 clock_gettime(CLOCK_BOOTTIME, {19501, 125809713}) = 0
19686 07:24:55.386999 clock_gettime(CLOCK_BOOTTIME, {19501, 125846931}) = 0
19686 07:24:55.387029 select(7, [3 4], [3], NULL, NULL) = 2 (in [4], out [3])
19686 07:24:55.387081 clock_gettime(CLOCK_BOOTTIME, {19501, 125928902}) = 0
19686 07:24:55.387110 read(4, "\323\34\305\374\241\222s\333\231fS-^A\201\274\2016\2\256\305\355\25\365&\256.\257\345\364\325\31"..., 16384) = 4095
19686 07:24:55.387294 write(3, "\372\334\306\274/OK!\315\361\6\302\n\375\330\216\316\313\273\355\261CW\221FF\f\266\v<\226\204"..., 4132) = 4132
19686 07:24:55.388048 clock_gettime(CLOCK_BOOTTIME, {19501, 126901521}) = 0
19686 07:24:55.388088 clock_gettime(CLOCK_BOOTTIME, {19501, 126934970}) = 0
19686 07:24:55.388117 select(7, [3 4], [3], NULL, NULL) = 2 (in [4], out [3])
19686 07:24:55.388158 clock_gettime(CLOCK_BOOTTIME, {19501, 127005481}) = 0
19686 07:24:55.388186 read(4, "'\343\240\361\212\334\275q\0070Z\27\345#\345\247\350\4\34\224\343\355\230vv\367\330J\4\30X\371"..., 16384) = 4095
19686 07:24:55.388320 write(3, "0\v\275\230{l\244\354\205\236Z\210A\314\373I\vVg\342\216\316\361\211\324\225C\32\20\202c\244"..., 4132) = 4132
19686 07:24:55.388710 clock_gettime(CLOCK_BOOTTIME, {19501, 127569513}) = 0
19686 07:24:55.388758 clock_gettime(CLOCK_BOOTTIME, {19501, 127605033}) = 0
19686 07:24:55.388787 select(7, [3 4], [3], NULL, NULL) = 2 (in [4], out [3])
19686 07:24:55.388830 clock_gettime(CLOCK_BOOTTIME, {19501, 127676627}) = 0
19686 07:24:55.388857 read(4, "\363<+4G2\377]^3\0\304\v\215\200xN\5X\360{^\0\211\244\362)\243+I\356V"..., 16384) = 4095
19686 07:24:55.388998 write(3, "\\\16i\206\356\36\373&W\1\274D\347\220\247N\261=\345Z#u\270\203\346\255\220\207\243\310\275<"..., 4132) = 4132
19686 07:24:55.389257 clock_gettime(CLOCK_BOOTTIME, {19501, 128119692}) = 0
19686 07:24:55.389318 clock_gettime(CLOCK_BOOTTIME, {19501, 128170135}) = 0
19686 07:24:55.389361 select(7, [3 4], [3], NULL, NULL) = 2 (in [4], out [3])
19686 07:24:55.389433 clock_gettime(CLOCK_BOOTTIME, {19501, 128285972}) = 0
19686 07:24:55.389708 read(4, "n+\316\230\30X\f%wd8X\244\37|\377\373\334\334\17|\31V\322\n\16\216\323\3233\332\336"..., 16384) = 299
19686 07:24:55.389777 write(3, "\204\315\233\356\0\376\363\212Q\0\302:\367\255\4\321\335\n\334\212\313n\330]D\221\212\237\35&0\265"..., 4132) = 4132
19686 07:24:55.390177 clock_gettime(CLOCK_BOOTTIME, {19501, 129031939}) = 0
19686 07:24:55.390224 clock_gettime(CLOCK_BOOTTIME, {19501, 129075406}) = 0
19686 07:24:55.390272 select(7, [3 4], [3], NULL, NULL) = 1 (out [3])
19686 07:24:55.390338 clock_gettime(CLOCK_BOOTTIME, {19501, 129189910}) = 0
19686 07:24:55.390381 write(3, "s\313\v9\204\2\255\37\227\346\306\246\216E\253\234\32\226\10\224\261|\323\206\200\326\205\222N\376h\253"..., 340) = 340
19686 07:24:55.390784 clock_gettime(CLOCK_BOOTTIME, {19501, 129644170}) = 0
19686 07:24:55.390833 clock_gettime(CLOCK_BOOTTIME, {19501, 129698211}) = 0
19686 07:24:55.390879 select(7, [3 4], [], NULL, NULL) = 1 (in [3])
19686 07:24:55.392335 clock_gettime(CLOCK_BOOTTIME, {19501, 131184656}) = 0
19686 07:24:55.392367 read(3, "\367\322\205cP\1\267\f\27MxV\232\360\10;\327\253[M\323\203^u\216>7\325A`\344\372"..., 8192) = 60
19686 07:24:55.392415 clock_gettime(CLOCK_BOOTTIME, {19501, 131263455}) = 0
19686 07:24:55.392444 clock_gettime(CLOCK_BOOTTIME, {19501, 131290969}) = 0
19686 07:24:55.392472 select(7, [3 4], [5], NULL, NULL) = 1 (out [5])
19686 07:24:55.392510 clock_gettime(CLOCK_BOOTTIME, {19501, 131357334}) = 0
19686 07:24:55.392538 write(5, "**\30B0300c00200ae47\r\212", 20) = 20
19686 07:24:55.392846 clock_gettime(CLOCK_BOOTTIME, {19501, 131695476}) = 0
19686 07:24:55.392879 clock_gettime(CLOCK_BOOTTIME, {19501, 131725930}) = 0
19686 07:24:55.392907 select(7, [3 4], [], NULL, NULL) = 1 (in [4])
19686 07:24:55.395108 clock_gettime(CLOCK_BOOTTIME, {19501, 133962491}) = 0
19686 07:24:55.395146 read(4, "\3544\354\363I\220\235\303a\237\1\6'\246\30\323\350\7\374t8qU*\267\356\306\267L\305\317\36"..., 16384) = 4095
19686 07:24:55.395317 clock_gettime(CLOCK_BOOTTIME, {19501, 134169391}) = 0
19686 07:24:55.395357 clock_gettime(CLOCK_BOOTTIME, {19501, 134219878}) = 0
19686 07:24:55.395403 select(7, [3 4], [3], NULL, NULL) = 2 (in [4], out [3])
19686 07:24:55.395442 clock_gettime(CLOCK_BOOTTIME, {19501, 134289619}) = 0
19686 07:24:55.395474 read(4, "Q\362\0108s7\222\320g\347\353\220\355\303\30XK\367\334\367\311MGT\0070v\366\366\25\275\370"..., 16384) = 4095
19686 07:24:55.396047 write(3, "\304\376eX\373&\354\351@\316\22\r\261r\33<\357=\200\177\26\25\367\301T\276\306\313\366\256\t\207"..., 4132) = 4132
19686 07:24:55.396235 clock_gettime(CLOCK_BOOTTIME, {19501, 135084497}) = 0
19686 07:24:55.396267 clock_gettime(CLOCK_BOOTTIME, {19501, 135114438}) = 0
19686 07:24:55.396296 select(7, [3 4], [3], NULL, NULL) = 2 (in [4], out [3])
19686 07:24:55.396336 clock_gettime(CLOCK_BOOTTIME, {19501, 135182616}) = 0
19686 07:24:55.396363 read(4, "\254\320\341\331q\260\276/9\307\4$d\v\303\1\275\367\364i8\367*\235\205\367A\355\376\374\2533"..., 16384) = 4095
19686 07:24:55.396488 write(3, "\241\223\342\362\360\25g/S\215\357\372\263Y\237\202\230\377\2028B\323\27\230\262-\275\207\26\260\215\377"..., 4132) = 4132
19686 07:24:55.396862 clock_gettime(CLOCK_BOOTTIME, {19501, 135711478}) = 0
19686 07:24:55.396894 clock_gettime(CLOCK_BOOTTIME, {19501, 135741498}) = 0
19686 07:24:55.396923 select(7, [3 4], [3], NULL, NULL) = 2 (in [4], out [3])
19686 07:24:55.396962 clock_gettime(CLOCK_BOOTTIME, {19501, 135809107}) = 0
19686 07:24:55.396989 read(4, "\204o\244\334\20\371\36\210\335.\4\345\313\364\275EG\227L\311.F\341\374\357\260\345-\225\30X\205"..., 16384) = 4095
19686 07:24:55.397114 write(3, "b\210\223\347\243]=\312\275\5J\4\245k\260\320\365\25O1g\367\373\250(s\202\277y\\\221\347"..., 4132) = 4132
19686 07:24:55.397304 clock_gettime(CLOCK_BOOTTIME, {19501, 136153517}) = 0
19686 07:24:55.397336 clock_gettime(CLOCK_BOOTTIME, {19501, 136182783}) = 0
19686 07:24:55.397364 select(7, [3 4], [3], NULL, NULL) = 2 (in [4], out [3])
19686 07:24:55.397403 clock_gettime(CLOCK_BOOTTIME, {19501, 136249336}) = 0
19686 07:24:55.397430 read(4, "\266q[\234\32@\251~\356\255\16`\350\353\326HHh\316D\17\266\361\37 Dt\375\316\236\365e"..., 16384) = 294
19686 07:24:55.397467 write(3, "\336\32\305jEI\324\234\201Q\222\262\341\273^\361VeW\261\3\340\354\10\376~Uo\20:.\325"..., 4132) = 4132
19686 07:24:55.397780 clock_gettime(CLOCK_BOOTTIME, {19501, 136629503}) = 0
19686 07:24:55.397813 clock_gettime(CLOCK_BOOTTIME, {19501, 136659553}) = 0
19686 07:24:55.397841 select(7, [3 4], [3], NULL, NULL) = 1 (out [3])
19686 07:24:55.397879 clock_gettime(CLOCK_BOOTTIME, {19501, 136726288}) = 0
19686 07:24:55.397907 write(3, "\340\317j\301\272\356\2113#\232'x\37e\376M\220\232\270\326\206z\204\237\335kf\22p\34j\177"..., 332) = 332
19686 07:24:55.398120 clock_gettime(CLOCK_BOOTTIME, {19501, 136968838}) = 0
19686 07:24:55.398151 clock_gettime(CLOCK_BOOTTIME, {19501, 136997879}) = 0
19686 07:24:55.398179 select(7, [3 4], [], NULL, NULL) = 1 (in [3])
19686 07:24:55.400132 clock_gettime(CLOCK_BOOTTIME, {19501, 138983809}) = 0
19686 07:24:55.400167 read(3, "53o\373\311\306\35\240\351\313\271\33yzhT\265\16\334[s\232\261\316GN\0\301\25\330\223P"..., 8192) = 60
19686 07:24:55.400211 clock_gettime(CLOCK_BOOTTIME, {19501, 139059484}) = 0
19686 07:24:55.400240 clock_gettime(CLOCK_BOOTTIME, {19501, 139087310}) = 0
19686 07:24:55.400269 select(7, [3 4], [5], NULL, NULL) = 1 (out [5])
19686 07:24:55.400308 clock_gettime(CLOCK_BOOTTIME, {19501, 139154695}) = 0
19686 07:24:55.400335 write(5, "**\30B0300000300bb81\r\212", 20) = 20
19686 07:24:55.400738 clock_gettime(CLOCK_BOOTTIME, {19501, 139587482}) = 0
19686 07:24:55.400771 clock_gettime(CLOCK_BOOTTIME, {19501, 139618042}) = 0
19686 07:24:55.400799 select(7, [3 4], [], NULL, NULL) = 1 (in [4])
19686 07:24:55.401525 clock_gettime(CLOCK_BOOTTIME, {19501, 140373925}) = 0
19686 07:24:55.401555 read(4, "\3047+3\33764\2068\243\27\311\262#\251T5#4\304\17@\244YD\216\0275L\227\234\337"..., 16384) = 658
19686 07:24:55.401628 clock_gettime(CLOCK_BOOTTIME, {19501, 140476421}) = 0
19686 07:24:55.401657 clock_gettime(CLOCK_BOOTTIME, {19501, 140504137}) = 0
19686 07:24:55.401685 select(7, [3 4], [3], NULL, NULL) = 1 (out [3])
19686 07:24:55.401736 clock_gettime(CLOCK_BOOTTIME, {19501, 140583808}) = 0
19686 07:24:55.401765 write(3, "\311\10\300\32,H5\300\321\253\267\356\217\6\222)}\34p\303C7\201\275\325\332\313\344>\363\244\1"..., 692) = 692
19686 07:24:55.401889 clock_gettime(CLOCK_BOOTTIME, {19501, 140737856}) = 0
19686 07:24:55.401920 clock_gettime(CLOCK_BOOTTIME, {19501, 140766670}) = 0
19686 07:24:55.401948 select(7, [3 4], [], NULL, NULL) = 1 (in [3])
19686 07:24:55.406161 clock_gettime(CLOCK_BOOTTIME, {19501, 145012007}) = 0
19686 07:24:55.406195 read(3, "\272\200B\340\324\266\366\3}\0007\347\225\220\316\232&\352\333k\336\315\271Q\7\331\215\6\353\320\246\30"..., 8192) = 60
19686 07:24:55.406241 clock_gettime(CLOCK_BOOTTIME, {19501, 145089328}) = 0
19686 07:24:55.406270 clock_gettime(CLOCK_BOOTTIME, {19501, 145117549}) = 0
19686 07:24:55.406299 select(7, [3 4], [5], NULL, NULL) = 1 (out [5])
19686 07:24:55.406338 clock_gettime(CLOCK_BOOTTIME, {19501, 145184839}) = 0
19686 07:24:55.406365 write(5, "**\30B0100000023be50\r\212\21", 21) = 21
19686 07:24:55.406544 clock_gettime(CLOCK_BOOTTIME, {19501, 145477117}) = 0
19686 07:24:55.406672 clock_gettime(CLOCK_BOOTTIME, {19501, 145520912}) = 0
19686 07:24:55.406703 select(7, [3 4], [], NULL, NULL) = 1 (in [4])
19686 07:24:55.409926 clock_gettime(CLOCK_BOOTTIME, {19501, 148783197}) = 0
19686 07:24:55.409967 read(4, "**\30B0800000000022d\215\212", 16384) = 20
19686 07:24:55.410015 clock_gettime(CLOCK_BOOTTIME, {19501, 148863302}) = 0
19686 07:24:55.410044 clock_gettime(CLOCK_BOOTTIME, {19501, 148890742}) = 0
19686 07:24:55.410072 select(7, [3 4], [3], NULL, NULL) = 1 (out [3])
19686 07:24:55.410111 clock_gettime(CLOCK_BOOTTIME, {19501, 148957699}) = 0
19686 07:24:55.410139 write(3, ",l\27D$\314u\333\276\304A\247d\332M\307\361\321z\36\224t\360y\206\2021\3243J?L"..., 60) = 60
19686 07:24:55.410283 clock_gettime(CLOCK_BOOTTIME, {19501, 149131125}) = 0
19686 07:24:55.410313 clock_gettime(CLOCK_BOOTTIME, {19501, 149160083}) = 0
19686 07:24:55.410345 select(7, [3 4], [], NULL, NULL) = 1 (in [3])
19686 07:24:55.411600 clock_gettime(CLOCK_BOOTTIME, {19501, 150450605}) = 0
19686 07:24:55.411633 read(3, "\237<.\3\234\31\304\206\221\22z\270\0307N\375\33\347H\337t\342\271\311\352\357QQ\320^\32_"..., 8192) = 60
19686 07:24:55.411702 clock_gettime(CLOCK_BOOTTIME, {19501, 150559320}) = 0
19686 07:24:55.411755 clock_gettime(CLOCK_BOOTTIME, {19501, 150609723}) = 0
19686 07:24:55.411807 select(7, [3 4], [5], NULL, NULL) = 1 (out [5])
19686 07:24:55.411873 clock_gettime(CLOCK_BOOTTIME, {19501, 150725589}) = 0
19686 07:24:55.411915 write(5, "**\30B0800000000022d\r\212", 20) = 20
19686 07:24:55.412181 clock_gettime(CLOCK_BOOTTIME, {19501, 151034202}) = 0
19686 07:24:55.412220 clock_gettime(CLOCK_BOOTTIME, {19501, 151066960}) = 0
19686 07:24:55.412248 select(7, [3 4], [], NULL, NULL) = 1 (in [4])
19686 07:24:55.413051 clock_gettime(CLOCK_BOOTTIME, {19501, 151915508}) = 0
19686 07:24:55.413109 read(4, "OO", 16384) = 2
19686 07:24:55.413178 clock_gettime(CLOCK_BOOTTIME, {19501, 152033214}) = 0
19686 07:24:55.413228 clock_gettime(CLOCK_BOOTTIME, {19501, 152082023}) = 0
19686 07:24:55.413279 select(7, [3 4], [3], NULL, NULL) = 1 (out [3])
19686 07:24:55.413330 clock_gettime(CLOCK_BOOTTIME, {19501, 152177449}) = 0
19686 07:24:55.413359 write(3, "\337\231\341r\351\377\20\223\312\200\6\214\3136\326Y\214,\272V\323\355\346I\265{\332W.\221\375\307"..., 36) = 36
19686 07:24:55.413623 clock_gettime(CLOCK_BOOTTIME, {19501, 152478787}) = 0
19686 07:24:55.413672 clock_gettime(CLOCK_BOOTTIME, {19501, 152523712}) = 0
19686 07:24:55.413714 select(7, [3 4], [], NULL, NULL) = 1 (in [3])
19686 07:24:55.415671 clock_gettime(CLOCK_BOOTTIME, {19501, 154529169}) = 0
19686 07:24:55.415715 read(3, "7P\250z\375\331yH\220G\3473\326[\346\314\345\2662\270s\304R\na!\356\320p\32R\354"..., 8192) = 60
19686 07:24:55.415764 clock_gettime(CLOCK_BOOTTIME, {19501, 154612494}) = 0
19686 07:24:55.415793 clock_gettime(CLOCK_BOOTTIME, {19501, 154640097}) = 0
19686 07:24:55.415822 select(7, [3 4], [5], NULL, NULL) = 1 (out [5])
19686 07:24:55.415878 clock_gettime(CLOCK_BOOTTIME, {19501, 154725160}) = 0
19686 07:24:55.415906 write(5, "[root@localhost ~]# ", 20) = 20
19686 07:24:55.416142 clock_gettime(CLOCK_BOOTTIME, {19501, 155070342}) = 0
19686 07:24:55.416255 clock_gettime(CLOCK_BOOTTIME, {19501, 155103009}) = 0
19686 07:24:55.416284 select(7, [3 4], [], NULL, NULL) = 1 (in [4])
19686 07:24:59.361177 clock_gettime(CLOCK_BOOTTIME, {19505, 100033783}) = 0
19686 07:24:59.361216 read(4, "\r", 16384) = 1
19686 07:24:59.361334 clock_gettime(CLOCK_BOOTTIME, {19505, 100182040}) = 0
19686 07:24:59.361362 clock_gettime(CLOCK_BOOTTIME, {19505, 100208033}) = 0
19686 07:24:59.361388 select(7, [3 4], [3], NULL, NULL) = 1 (out [3])
19686 07:24:59.361424 clock_gettime(CLOCK_BOOTTIME, {19505, 100269826}) = 0
19686 07:24:59.361449 write(3, "\fpm\365\261\304$?\331\335\"\36S\277\"\21\314\340\202V\3717v\263\37V\260\201\233g[\215"..., 36) = 36
19686 07:24:59.361587 clock_gettime(CLOCK_BOOTTIME, {19505, 100433832}) = 0
19686 07:24:59.361613 clock_gettime(CLOCK_BOOTTIME, {19505, 100459127}) = 0
19686 07:24:59.361638 select(7, [3 4], [], NULL, NULL) = 1 (in [3])
19686 07:24:59.363031 clock_gettime(CLOCK_BOOTTIME, {19505, 101879028}) = 0
19686 07:24:59.363059 read(3, "\325\202\307\4\257A\315\353y\355\203\262\357\251\0V\260\2\254\252\227\260\357\375z\356(\214\33\277k\330"..., 8192) = 60
19686 07:24:59.363097 clock_gettime(CLOCK_BOOTTIME, {19505, 101943144}) = 0
19686 07:24:59.363122 clock_gettime(CLOCK_BOOTTIME, {19505, 101967870}) = 0
19686 07:24:59.363147 select(7, [3 4], [5], NULL, NULL) = 1 (out [5])
19686 07:24:59.363181 clock_gettime(CLOCK_BOOTTIME, {19505, 102026573}) = 0
19686 07:24:59.363205 write(5, "\r\n[root@localhost ~]# ", 22) = 22
19686 07:24:59.363393 clock_gettime(CLOCK_BOOTTIME, {19505, 102241623}) = 0
19686 07:24:59.363428 clock_gettime(CLOCK_BOOTTIME, {19505, 102298262}) = 0
19686 07:24:59.363481 select(7, [3 4], [], NULL, NULL) = 1 (in [4])
19686 07:25:00.942924 clock_gettime(CLOCK_BOOTTIME, {19506, 681801656}) = 0
19686 07:25:00.943009 read(4, "e", 16384) = 1
19686 07:25:00.943104 clock_gettime(CLOCK_BOOTTIME, {19506, 681964246}) = 0
19686 07:25:00.943165 clock_gettime(CLOCK_BOOTTIME, {19506, 682022799}) = 0
19686 07:25:00.943225 select(7, [3 4], [3], NULL, NULL) = 1 (out [3])
19686 07:25:00.943310 clock_gettime(CLOCK_BOOTTIME, {19506, 682228650}) = 0
19686 07:25:00.943469 write(3, "I+\375\24X\356\267\323\31\234\247\27\374\347\254N\315\260\303\303r\227\257\343\215(ep\257\2760Q"..., 36) = 36
19686 07:25:00.943832 clock_gettime(CLOCK_BOOTTIME, {19506, 682694490}) = 0
19686 07:25:00.943900 clock_gettime(CLOCK_BOOTTIME, {19506, 682855252}) = 0
19686 07:25:00.944071 select(7, [3 4], [], NULL, NULL) = 1 (in [3])
19686 07:25:00.945553 clock_gettime(CLOCK_BOOTTIME, {19506, 684419043}) = 0
19686 07:25:00.945624 read(3, "\346Ki\340\23\\y\204\255^\353<\35\267\346\361\212\375\234)\362\356\225\230\3347L*\23C\246\241"..., 8192) = 36
19686 07:25:00.945711 clock_gettime(CLOCK_BOOTTIME, {19506, 684570795}) = 0
19686 07:25:00.945772 clock_gettime(CLOCK_BOOTTIME, {19506, 684629548}) = 0
19686 07:25:00.945831 select(7, [3 4], [5], NULL, NULL) = 1 (out [5])
19686 07:25:00.945914 clock_gettime(CLOCK_BOOTTIME, {19506, 684772280}) = 0
19686 07:25:00.945987 write(5, "e", 1)  = 1
19686 07:25:00.946773 clock_gettime(CLOCK_BOOTTIME, {19506, 685637481}) = 0
19686 07:25:00.946844 clock_gettime(CLOCK_BOOTTIME, {19506, 685702786}) = 0
19686 07:25:00.946905 select(7, [3 4], [], NULL, NULL) = 1 (in [4])
19686 07:25:01.117897 clock_gettime(CLOCK_BOOTTIME, {19506, 856787152}) = 0
19686 07:25:01.118024 read(4, "x", 16384) = 1
19686 07:25:01.118125 clock_gettime(CLOCK_BOOTTIME, {19506, 856985877}) = 0
19686 07:25:01.118188 clock_gettime(CLOCK_BOOTTIME, {19506, 857044788}) = 0
19686 07:25:01.118247 select(7, [3 4], [3], NULL, NULL) = 1 (out [3])
19686 07:25:01.118331 clock_gettime(CLOCK_BOOTTIME, {19506, 857187760}) = 0
19686 07:25:01.118389 write(3, "K\213!\3613UR\265\343\354\344C\35\271\247s/\355\336\370!$\202\214\220\373\346i\331\224@\342"..., 36) = 36
19686 07:25:01.118751 clock_gettime(CLOCK_BOOTTIME, {19506, 857731116}) = 0
19686 07:25:01.118952 clock_gettime(CLOCK_BOOTTIME, {19506, 857810623}) = 0
19686 07:25:01.119012 select(7, [3 4], [], NULL, NULL) = 1 (in [3])
19686 07:25:01.120336 clock_gettime(CLOCK_BOOTTIME, {19506, 859199365}) = 0
19686 07:25:01.120414 read(3, "\357\316\202\261u\321 \357\227g\225\375I\370{\336\320\337R\5\351\243\333}\255g{\237\0\224\2\271"..., 8192) = 36
19686 07:25:01.120581 clock_gettime(CLOCK_BOOTTIME, {19506, 859445128}) = 0
19686 07:25:01.120648 clock_gettime(CLOCK_BOOTTIME, {19506, 859504974}) = 0
19686 07:25:01.120706 select(7, [3 4], [5], NULL, NULL) = 1 (out [5])
19686 07:25:01.120789 clock_gettime(CLOCK_BOOTTIME, {19506, 859645734}) = 0
19686 07:25:01.120845 write(5, "x", 1)  = 1
19686 07:25:01.121607 clock_gettime(CLOCK_BOOTTIME, {19506, 860487976}) = 0
19686 07:25:01.121712 clock_gettime(CLOCK_BOOTTIME, {19506, 860570377}) = 0
19686 07:25:01.121773 select(7, [3 4], [], NULL, NULL) = 1 (in [4])
19686 07:25:01.195002 clock_gettime(CLOCK_BOOTTIME, {19506, 933882120}) = 0
19686 07:25:01.195098 read(4, "i", 16384) = 1
19686 07:25:01.195291 clock_gettime(CLOCK_BOOTTIME, {19506, 934171007}) = 0
19686 07:25:01.195404 clock_gettime(CLOCK_BOOTTIME, {19506, 934279858}) = 0
19686 07:25:01.195550 select(7, [3 4], [3], NULL, NULL) = 1 (out [3])
19686 07:25:01.195704 clock_gettime(CLOCK_BOOTTIME, {19506, 934576039}) = 0
19686 07:25:01.195805 write(3, "\355\3618'wz\240\215z|\262\26+\17\245\22B\265\335\30\352\320\342sf\20'\246Q\353\207\245"..., 36) = 36
19686 07:25:01.196307 clock_gettime(CLOCK_BOOTTIME, {19506, 935174142}) = 0
19686 07:25:01.196382 clock_gettime(CLOCK_BOOTTIME, {19506, 935240944}) = 0
19686 07:25:01.196467 select(7, [3 4], [], NULL, NULL) = 1 (in [3])
19686 07:25:01.198236 clock_gettime(CLOCK_BOOTTIME, {19506, 937126540}) = 0
19686 07:25:01.198361 read(3, "e\342\20\210\276v\345\333P\27\236\323\1\270\350\320\337\372\333*x]\316\336\363\352\270^A\21U\265"..., 8192) = 36
19686 07:25:01.198554 clock_gettime(CLOCK_BOOTTIME, {19506, 937471592}) = 0
19686 07:25:01.198771 clock_gettime(CLOCK_BOOTTIME, {19506, 937642434}) = 0
19686 07:25:01.198863 select(7, [3 4], [5], NULL, NULL) = 1 (out [5])
19686 07:25:01.198999 clock_gettime(CLOCK_BOOTTIME, {19506, 937867633}) = 0
19686 07:25:01.199090 write(5, "i", 1)  = 1
19686 07:25:01.199717 clock_gettime(CLOCK_BOOTTIME, {19506, 938598208}) = 0
19686 07:25:01.199837 clock_gettime(CLOCK_BOOTTIME, {19506, 938713918}) = 0
19686 07:25:01.199950 select(7, [3 4], [], NULL, NULL) = 1 (in [4])
19686 07:25:01.332522 clock_gettime(CLOCK_BOOTTIME, {19507, 71398118}) = 0
19686 07:25:01.332673 read(4, "t", 16384) = 1
19686 07:25:01.332819 clock_gettime(CLOCK_BOOTTIME, {19507, 71696733}) = 0
19686 07:25:01.332924 clock_gettime(CLOCK_BOOTTIME, {19507, 71786107}) = 0
19686 07:25:01.332989 select(7, [3 4], [3], NULL, NULL) = 1 (out [3])
19686 07:25:01.333076 clock_gettime(CLOCK_BOOTTIME, {19507, 71932847}) = 0
19686 07:25:01.333134 write(3, "\331<B\300\367\264\375=A44\241\v\206BvE\217j\251\370\377\370\37\t\317\266J'\2\35\304"..., 36) = 36
19686 07:25:01.334162 clock_gettime(CLOCK_BOOTTIME, {19507, 73047813}) = 0
19686 07:25:01.334271 clock_gettime(CLOCK_BOOTTIME, {19507, 73135453}) = 0
19686 07:25:01.334476 select(7, [3 4], [], NULL, NULL) = 1 (in [3])
19686 07:25:01.335226 clock_gettime(CLOCK_BOOTTIME, {19507, 74088671}) = 0
19686 07:25:01.335292 read(3, "A\244\r\360\201\31S>\356\216\20qL\324E\374\210\10\24\10\34p\277x\f\300\2467\362\\\330\226"..., 8192) = 36
19686 07:25:01.335382 clock_gettime(CLOCK_BOOTTIME, {19507, 74241024}) = 0
19686 07:25:01.335441 clock_gettime(CLOCK_BOOTTIME, {19507, 74297917}) = 0
19686 07:25:01.335498 select(7, [3 4], [5], NULL, NULL) = 1 (out [5])
19686 07:25:01.335611 clock_gettime(CLOCK_BOOTTIME, {19507, 74493221}) = 0
19686 07:25:01.335716 write(5, "t", 1)  = 1
19686 07:25:01.336109 clock_gettime(CLOCK_BOOTTIME, {19507, 74974316}) = 0
19686 07:25:01.336253 clock_gettime(CLOCK_BOOTTIME, {19507, 75111845}) = 0
19686 07:25:01.336314 select(7, [3 4], [], NULL, NULL) = 1 (in [4])
19686 07:25:01.451947 clock_gettime(CLOCK_BOOTTIME, {19507, 190817557}) = 0
19686 07:25:01.451999 read(4, "\r", 16384) = 1
19686 07:25:01.452041 clock_gettime(CLOCK_BOOTTIME, {19507, 190886428}) = 0
19686 07:25:01.452064 clock_gettime(CLOCK_BOOTTIME, {19507, 190908644}) = 0
19686 07:25:01.452087 select(7, [3 4], [3], NULL, NULL) = 1 (out [3])
19686 07:25:01.452118 clock_gettime(CLOCK_BOOTTIME, {19507, 190962563}) = 0
19686 07:25:01.452140 write(3, "q\213\375G0\244\21~L\201\204\204\5&x\367[\246\202\374\242\372\0n?\24\313\234MX\340Y"..., 36) = 36
19686 07:25:01.452285 clock_gettime(CLOCK_BOOTTIME, {19507, 191132196}) = 0
19686 07:25:01.452312 clock_gettime(CLOCK_BOOTTIME, {19507, 191157297}) = 0
19686 07:25:01.452344 select(7, [3 4], [], NULL, NULL) = 1 (in [3])
19686 07:25:01.457208 clock_gettime(CLOCK_BOOTTIME, {19507, 196064701}) = 0
19686 07:25:01.457247 read(3, "\210\331d\374\210\336\354\350\350\fY\306\227\36\262!\272q\317f\33n\34r\20\217\\~\351\340\201\237"..., 8192) = 220
19686 07:25:01.457301 close(4)          = 0
19686 07:25:01.457333 clock_gettime(CLOCK_BOOTTIME, {19507, 196178780}) = 0
19686 07:25:01.457357 clock_gettime(CLOCK_BOOTTIME, {19507, 196202560}) = 0
19686 07:25:01.457382 select(7, [3], [5], NULL, NULL) = 1 (out [5])
19686 07:25:01.457416 clock_gettime(CLOCK_BOOTTIME, {19507, 196261728}) = 0
19686 07:25:01.457440 write(5, "\r\nlogout\r\n", 10) = 10
19686 07:25:01.457949 clock_gettime(CLOCK_BOOTTIME, {19507, 196798927}) = 0
19686 07:25:01.457981 clock_gettime(CLOCK_BOOTTIME, {19507, 196826007}) = 0
19686 07:25:01.458006 close(5)          = 0
19686 07:25:01.458028 ioctl(0, TCGETS, {B38400 -opost -isig -icanon -echo ...}) = 0
19686 07:25:01.458057 ioctl(0, SNDCTL_TMR_STOP or TCSETSW, {B38400 opost isig icanon echo ...}) = 0
19686 07:25:01.458084 ioctl(0, TCGETS, {B38400 opost isig icanon echo ...}) = 0
19686 07:25:01.458121 close(6)          = 0
19686 07:25:01.458147 select(7, [3], [3], NULL, NULL) = 1 (out [3])
19686 07:25:01.458180 clock_gettime(CLOCK_BOOTTIME, {19507, 197025370}) = 0
19686 07:25:01.458204 write(3, "8\210\212\267E&\267y\240c\254\232\26\255\371\305[p\307\261\5f\275\36\276\376\244H\373#>t"..., 36) = 36
19686 07:25:01.458339 rt_sigaction(SIGWINCH, NULL, {0x55e47e65c740, [], SA_RESTORER, 0x7fe0e0d164b0}, 8) = 0
19686 07:25:01.458369 rt_sigaction(SIGWINCH, {SIG_DFL, [], SA_RESTORER, 0x7fe0e0d164b0}, NULL, 8) = 0
19686 07:25:01.458409 write(3, "\v\r*\350k\272eF\360+\1b*\337\354~\334Xy>\33\211Y\"l\274^8\360\376\376\324"..., 60) = 60
19686 07:25:01.458752 ioctl(0, TCGETS, {B38400 opost isig icanon echo ...}) = 0
19686 07:25:01.458792 ioctl(1, TCGETS, {B38400 opost isig icanon echo ...}) = 0
19686 07:25:01.458815 ioctl(2, TCGETS, {B38400 opost isig icanon echo ...}) = 0
19686 07:25:01.458841 write(2, "Connection to 192.168.12.49 clos"..., 37) = 37
19686 07:25:01.459008 shutdown(3, SHUT_RDWR) = 0
19686 07:25:01.459135 close(3)          = 0
19686 07:25:01.459306 exit_group(0)     = ?
19686 07:25:01.460628 +++ exited with 0 +++
