19119 select(4, [3], NULL, NULL, NULL)  = 1 (in [3])
19119 read(3, "\0\0\1\4\v\37\0\0\0h\0\0\0\23ecdsa-sha2-nistp25"..., 8192) = 280
19119 open("/home/ago/.ssh/known_hosts", O_RDONLY) = 4
19119 fstat(4, {st_mode=S_IFREG|0644, st_size=350, ...}) = 0
19119 read(4, "192.168.12.60 ecdsa-sha2-nistp25"..., 4096) = 350
19119 read(4, "", 4096)                 = 0
19119 close(4)                          = 0
19119 open("/home/ago/.ssh/known_hosts2", O_RDONLY) = -1 ENOENT (No such file or directory)
19119 open("/usr/local/openssh7/etc/ssh_known_hosts", O_RDONLY) = -1 ENOENT (No such file or directory)
19119 open("/usr/local/openssh7/etc/ssh_known_hosts2", O_RDONLY) = -1 ENOENT (No such file or directory)
19119 clock_gettime(CLOCK_BOOTTIME, {17528, 409189237}) = 0
19119 write(3, "\0\0\0\f\n\25\0\0\0\0\0\0\0\0\0\0", 16) = 16
19119 write(3, "\364\244\262\241\343\206\203\370f\275\261\234\24\207o:\2/h\374\235\34\216U\244\377\v\201A\3242\356"..., 44) = 44
19119 select(4, [3], NULL, NULL, NULL)  = 1 (in [3])
19119 read(3, "\301\255\214\244\t\242\37\10\0\217\262q\270\240`\245\31ee\376Nu\3\354\374L\34\31\375\16\37$"..., 8192) = 44
19119 write(3, "\33\370\323C\301\312\354;7\27\304\211z\316l\240W\361w[i\234Dx\313R\376(\211_\fN"..., 60) = 60
19119 select(4, [3], NULL, NULL, NULL)  = 1 (in [3])
19119 read(3, "\24\22'\0\351P\354\216\322\274\257k\311\226\361C\276\336\25M*-\32o\324b\335P@\325\247\243"..., 8192) = 52
19119 stat("/home/ago/.ssh/id_rsa", 0x7fffb71154e0) = -1 ENOENT (No such file or directory)
19119 stat("/home/ago/.ssh/id_dsa", 0x7fffb71154e0) = -1 ENOENT (No such file or directory)
19119 stat("/home/ago/.ssh/id_ecdsa", 0x7fffb71154e0) = -1 ENOENT (No such file or directory)
19119 stat("/home/ago/.ssh/id_ed25519", 0x7fffb71154e0) = -1 ENOENT (No such file or directory)
19119 open("/dev/tty", O_RDWR)          = 4
19119 close(4)                          = 0
19119 open("/dev/tty", O_RDWR)          = 4
19119 ioctl(4, TCGETS, {B38400 opost isig icanon echo ...}) = 0
19119 ioctl(4, TCGETS, {B38400 opost isig icanon echo ...}) = 0
19119 ioctl(4, SNDCTL_TMR_CONTINUE or TCSETSF, {B38400 opost isig icanon -echo ...}) = 0
19119 ioctl(4, TCGETS, {B38400 opost isig icanon -echo ...}) = 0
19119 rt_sigaction(SIGALRM, {0x5587a6c4c350, [], SA_RESTORER, 0x7f69e266f4b0}, {SIG_DFL, [], 0}, 8) = 0
19119 rt_sigaction(SIGHUP, {0x5587a6c4c350, [], SA_RESTORER, 0x7f69e266f4b0}, {SIG_DFL, [], 0}, 8) = 0
19119 rt_sigaction(SIGINT, {0x5587a6c4c350, [], SA_RESTORER, 0x7f69e266f4b0}, {SIG_DFL, [], 0}, 8) = 0
19119 rt_sigaction(SIGPIPE, {0x5587a6c4c350, [], SA_RESTORER, 0x7f69e266f4b0}, {SIG_IGN, [], SA_RESTORER, 0x7f69e266f4b0}, 8) = 0
19119 rt_sigaction(SIGQUIT, {0x5587a6c4c350, [], SA_RESTORER, 0x7f69e266f4b0}, {SIG_DFL, [], 0}, 8) = 0
19119 rt_sigaction(SIGTERM, {0x5587a6c4c350, [], SA_RESTORER, 0x7f69e266f4b0}, {SIG_DFL, [], 0}, 8) = 0
19119 rt_sigaction(SIGTSTP, {0x5587a6c4c350, [], SA_RESTORER, 0x7f69e266f4b0}, {SIG_DFL, [], 0}, 8) = 0
19119 rt_sigaction(SIGTTIN, {0x5587a6c4c350, [], SA_RESTORER, 0x7f69e266f4b0}, {SIG_DFL, [], 0}, 8) = 0
19119 rt_sigaction(SIGTTOU, {0x5587a6c4c350, [], SA_RESTORER, 0x7f69e266f4b0}, {SIG_DFL, [], 0}, 8) = 0
19119 write(4, "root@192.168.12.49's password: ", 31) = 31
19119 read(4, "1", 1)                   = 1
19119 read(4, "2", 1)                   = 1
19119 read(4, "3", 1)                   = 1
19119 read(4, "4", 1)                   = 1
19119 read(4, "5", 1)                   = 1
19119 read(4, "6", 1)                   = 1
19119 read(4, "\n", 1)                  = 1
19119 write(4, "\n", 1)                 = 1
19119 ioctl(4, TCGETS, {B38400 opost isig icanon -echo ...}) = 0
19119 ioctl(4, SNDCTL_TMR_CONTINUE or TCSETSF, {B38400 opost isig icanon echo ...}) = 0
19119 ioctl(4, TCGETS, {B38400 opost isig icanon echo ...}) = 0
19119 rt_sigaction(SIGALRM, {SIG_DFL, [], SA_RESTORER, 0x7f69e266f4b0}, NULL, 8) = 0
19119 rt_sigaction(SIGHUP, {SIG_DFL, [], SA_RESTORER, 0x7f69e266f4b0}, NULL, 8) = 0
19119 rt_sigaction(SIGINT, {SIG_DFL, [], SA_RESTORER, 0x7f69e266f4b0}, NULL, 8) = 0
19119 rt_sigaction(SIGQUIT, {SIG_DFL, [], SA_RESTORER, 0x7f69e266f4b0}, NULL, 8) = 0
19119 rt_sigaction(SIGPIPE, {SIG_IGN, [], SA_RESTORER, 0x7f69e266f4b0}, NULL, 8) = 0
19119 rt_sigaction(SIGTERM, {SIG_DFL, [], SA_RESTORER, 0x7f69e266f4b0}, NULL, 8) = 0
19119 rt_sigaction(SIGTSTP, {SIG_DFL, [], SA_RESTORER, 0x7f69e266f4b0}, NULL, 8) = 0
19119 rt_sigaction(SIGTTIN, {SIG_DFL, [], SA_RESTORER, 0x7f69e266f4b0}, NULL, 8) = 0
19119 rt_sigaction(SIGTTOU, {SIG_DFL, [], SA_RESTORER, 0x7f69e266f4b0}, NULL, 8) = 0
19119 close(4)                          = 0
19119 write(3, "\337\204\5\36\21\22k\272\5ku\217\304|\245:\202rZ\17\vY\233\241\234\272!!gN9?"..., 84) = 84
19119 select(4, [3], NULL, NULL, NULL)  = 1 (in [3])
19119 read(3, "\177v\24G\251oU0\365\247p)P\336\200\0\242\337\1\236\266J\374\336\271\215\207\307", 8192) = 28
19119 dup(0)                            = 4
19119 dup(1)                            = 5
19119 dup(2)                            = 6
19119 ioctl(4, TCGETS, {B38400 opost isig icanon echo ...}) = 0
19119 ioctl(5, TCGETS, {B38400 opost isig icanon echo ...}) = 0
19119 ioctl(6, TCGETS, {B38400 opost isig icanon echo ...}) = 0
19119 fcntl(4, F_SETFD, FD_CLOEXEC)     = 0
19119 fcntl(5, F_SETFD, FD_CLOEXEC)     = 0
19119 fcntl(6, F_SETFD, FD_CLOEXEC)     = 0
19119 rt_sigaction(SIGHUP, NULL, {SIG_DFL, [], SA_RESTORER, 0x7f69e266f4b0}, 8) = 0
19119 rt_sigaction(SIGHUP, {SIG_IGN, [], SA_RESTORER, 0x7f69e266f4b0}, NULL, 8) = 0
19119 rt_sigaction(SIGHUP, NULL, {SIG_IGN, [], SA_RESTORER, 0x7f69e266f4b0}, 8) = 0
19119 rt_sigaction(SIGHUP, {0x5587a6bf54d0, [], SA_RESTORER, 0x7f69e266f4b0}, NULL, 8) = 0
19119 rt_sigaction(SIGINT, NULL, {SIG_DFL, [], SA_RESTORER, 0x7f69e266f4b0}, 8) = 0
19119 rt_sigaction(SIGINT, {SIG_IGN, [], SA_RESTORER, 0x7f69e266f4b0}, NULL, 8) = 0
19119 rt_sigaction(SIGINT, NULL, {SIG_IGN, [], SA_RESTORER, 0x7f69e266f4b0}, 8) = 0
19119 rt_sigaction(SIGINT, {0x5587a6bf54d0, [], SA_RESTORER, 0x7f69e266f4b0}, NULL, 8) = 0
19119 rt_sigaction(SIGQUIT, NULL, {SIG_DFL, [], SA_RESTORER, 0x7f69e266f4b0}, 8) = 0
19119 rt_sigaction(SIGQUIT, {SIG_IGN, [], SA_RESTORER, 0x7f69e266f4b0}, NULL, 8) = 0
19119 rt_sigaction(SIGQUIT, NULL, {SIG_IGN, [], SA_RESTORER, 0x7f69e266f4b0}, 8) = 0
19119 rt_sigaction(SIGQUIT, {0x5587a6bf54d0, [], SA_RESTORER, 0x7f69e266f4b0}, NULL, 8) = 0
19119 rt_sigaction(SIGTERM, NULL, {SIG_DFL, [], SA_RESTORER, 0x7f69e266f4b0}, 8) = 0
19119 rt_sigaction(SIGTERM, {SIG_IGN, [], SA_RESTORER, 0x7f69e266f4b0}, NULL, 8) = 0
19119 rt_sigaction(SIGTERM, NULL, {SIG_IGN, [], SA_RESTORER, 0x7f69e266f4b0}, 8) = 0
19119 rt_sigaction(SIGTERM, {0x5587a6bf54d0, [], SA_RESTORER, 0x7f69e266f4b0}, NULL, 8) = 0
19119 rt_sigaction(SIGWINCH, NULL, {SIG_DFL, [], 0}, 8) = 0
19119 rt_sigaction(SIGWINCH, {0x5587a6bf5740, [], SA_RESTORER, 0x7f69e266f4b0}, NULL, 8) = 0
19119 ioctl(0, TCGETS, {B38400 opost isig icanon echo ...}) = 0
19119 ioctl(0, TCGETS, {B38400 opost isig icanon echo ...}) = 0
19119 ioctl(0, SNDCTL_TMR_STOP or TCSETSW, {B38400 -opost -isig -icanon -echo ...}) = 0
19119 ioctl(0, TCGETS, {B38400 -opost -isig -icanon -echo ...}) = 0
19119 clock_gettime(CLOCK_BOOTTIME, {17528, 527205420}) = 0
19119 clock_gettime(CLOCK_BOOTTIME, {17528, 527258173}) = 0
19119 select(7, [3], [3], NULL, NULL)   = 1 (out [3])
19119 clock_gettime(CLOCK_BOOTTIME, {17528, 527380087}) = 0
19119 write(3, "\362DQ\212\26B5/\5i\267\242d\3510f!\343N\30524P\261\373\1\256P\241\10\2\363"..., 112) = 112
19119 clock_gettime(CLOCK_BOOTTIME, {17528, 527937694}) = 0
19119 clock_gettime(CLOCK_BOOTTIME, {17528, 527992926}) = 0
19119 select(7, [3], [], NULL, NULL)    = 1 (in [3])
19119 clock_gettime(CLOCK_BOOTTIME, {17528, 544589953}) = 0
19119 read(3, "\276\23\253Z\232\337\304\341\343\220\324\257d5Z\240s\376\266\303\203@\\\252>\3064\233\256\"9\v"..., 8192) = 44
19119 getsockopt(3, SOL_TCP, TCP_NODELAY, [0], [4]) = 0
19119 setsockopt(3, SOL_TCP, TCP_NODELAY, [1], 4) = 0
19119 getsockname(3, {sa_family=AF_INET, sin_port=htons(40866), sin_addr=inet_addr("192.168.56.191")}, [16]) = 0
19119 setsockopt(3, SOL_IP, IP_TOS, [16], 4) = 0
19119 ioctl(0, TIOCGWINSZ, {ws_row=24, ws_col=64, ws_xpixel=0, ws_ypixel=0}) = 0
19119 clock_gettime(CLOCK_BOOTTIME, {17528, 545592422}) = 0
19119 clock_gettime(CLOCK_BOOTTIME, {17528, 545803044}) = 0
19119 select(7, [3], [3], NULL, NULL)   = 1 (out [3])
19119 clock_gettime(CLOCK_BOOTTIME, {17528, 546085329}) = 0
19119 write(3, ",^\340a\360R\245\270\217d\345\303\221\2W}\16\3320\304 \26\274\226\327\21r\243w\312Bj"..., 376) = 376
19119 clock_gettime(CLOCK_BOOTTIME, {17528, 548161997}) = 0
19119 clock_gettime(CLOCK_BOOTTIME, {17528, 548261517}) = 0
19119 select(7, [3], [], NULL, NULL)    = 1 (in [3])
19119 clock_gettime(CLOCK_BOOTTIME, {17528, 550987297}) = 0
19119 read(3, "\362yB9\216D\274\23\223\177\277\334\265D\36\350oB\3456$\22\330\307T\20\10\214\7\311w%"..., 8192) = 108
19119 clock_gettime(CLOCK_BOOTTIME, {17528, 551285129}) = 0
19119 clock_gettime(CLOCK_BOOTTIME, {17528, 551339155}) = 0
19119 select(7, [3 4], [], NULL, NULL)  = 1 (in [3])
19119 clock_gettime(CLOCK_BOOTTIME, {17528, 561768588}) = 0
19119 read(3, "\201\274\332\377\"\6\10\330\210\375\272\257w5\10\240\3122#\327\246|\350;\370_p\303\230\311\250\212"..., 8192) = 92
19119 clock_gettime(CLOCK_BOOTTIME, {17528, 562165985}) = 0
19119 clock_gettime(CLOCK_BOOTTIME, {17528, 562217518}) = 0
19119 select(7, [3 4], [5], NULL, NULL) = 1 (out [5])
19119 clock_gettime(CLOCK_BOOTTIME, {17528, 562346806}) = 0
19119 write(5, "Last login: Sat Aug 12 21:57:55 "..., 58) = 58
19119 clock_gettime(CLOCK_BOOTTIME, {17528, 562984017}) = 0
19119 clock_gettime(CLOCK_BOOTTIME, {17528, 563039276}) = 0
19119 select(7, [3 4], [], NULL, NULL)  = 1 (in [3])
19119 clock_gettime(CLOCK_BOOTTIME, {17528, 600341958}) = 0
19119 read(3, "$\265\374\16\371q\376\234B\366\344\355+\305\323C\20-\17\276\210#}\214\200E\343L\242\315\322!"..., 8192) = 60
19119 clock_gettime(CLOCK_BOOTTIME, {17528, 600498370}) = 0
19119 clock_gettime(CLOCK_BOOTTIME, {17528, 600548541}) = 0
19119 select(7, [3 4], [5], NULL, NULL) = 1 (out [5])
19119 clock_gettime(CLOCK_BOOTTIME, {17528, 600674320}) = 0
19119 write(5, "[root@localhost ~]# ", 20) = 20
19119 clock_gettime(CLOCK_BOOTTIME, {17528, 601392048}) = 0
19119 clock_gettime(CLOCK_BOOTTIME, {17528, 601469684}) = 0
19119 select(7, [3 4], [], NULL, NULL)  = 1 (in [4])
19119 clock_gettime(CLOCK_BOOTTIME, {17529, 332993749}) = 0
19119 read(4, "d", 16384)               = 1
19119 clock_gettime(CLOCK_BOOTTIME, {17529, 333154451}) = 0
19119 clock_gettime(CLOCK_BOOTTIME, {17529, 333204886}) = 0
19119 select(7, [3 4], [3], NULL, NULL) = 1 (out [3])
19119 clock_gettime(CLOCK_BOOTTIME, {17529, 333329529}) = 0
19119 write(3, "\211\337\33\313p\327Y\211\240d\327O\256b#{#\371+\0N\244\354\34\245\330\263\355F\277\233Y"..., 36) = 36
19119 clock_gettime(CLOCK_BOOTTIME, {17529, 334046742}) = 0
19119 clock_gettime(CLOCK_BOOTTIME, {17529, 334103234}) = 0
19119 select(7, [3 4], [], NULL, NULL)  = 1 (in [3])
19119 clock_gettime(CLOCK_BOOTTIME, {17529, 335261393}) = 0
19119 read(3, "\316 W\244\317p\325\312a\17E\313$i\177\366\22ZRM>\266\311\32\3437r\206\202#\325\f"..., 8192) = 36
19119 clock_gettime(CLOCK_BOOTTIME, {17529, 335392464}) = 0
19119 clock_gettime(CLOCK_BOOTTIME, {17529, 335442819}) = 0
19119 select(7, [3 4], [5], NULL, NULL) = 1 (out [5])
19119 clock_gettime(CLOCK_BOOTTIME, {17529, 335648559}) = 0
19119 write(5, "d", 1)                  = 1
19119 clock_gettime(CLOCK_BOOTTIME, {17529, 336151569}) = 0
19119 clock_gettime(CLOCK_BOOTTIME, {17529, 336246538}) = 0
19119 select(7, [3 4], [], NULL, NULL)  = 1 (in [4])
19119 clock_gettime(CLOCK_BOOTTIME, {17529, 421669955}) = 0
19119 read(4, "f", 16384)               = 1
19119 clock_gettime(CLOCK_BOOTTIME, {17529, 421820838}) = 0
19119 clock_gettime(CLOCK_BOOTTIME, {17529, 421871563}) = 0
19119 select(7, [3 4], [3], NULL, NULL) = 1 (out [3])
19119 clock_gettime(CLOCK_BOOTTIME, {17529, 421997954}) = 0
19119 write(3, "vo\306^\2\350\6\25\376?.\263\342N\261\254\27r2\354\251\256\235\216duy\2\fr\372\2"..., 36) = 36
19119 clock_gettime(CLOCK_BOOTTIME, {17529, 422428566}) = 0
19119 clock_gettime(CLOCK_BOOTTIME, {17529, 422483598}) = 0
19119 select(7, [3 4], [], NULL, NULL)  = 1 (in [3])
19119 clock_gettime(CLOCK_BOOTTIME, {17529, 424022413}) = 0
19119 read(3, "\334\253\325\342\3036&\254\231\33|\272QL\232\22b\3412\37\332\216\234a-\343\374\371S\177\322+"..., 8192) = 36
19119 clock_gettime(CLOCK_BOOTTIME, {17529, 424214092}) = 0
19119 clock_gettime(CLOCK_BOOTTIME, {17529, 424263885}) = 0
19119 select(7, [3 4], [5], NULL, NULL) = 1 (out [5])
19119 clock_gettime(CLOCK_BOOTTIME, {17529, 424387443}) = 0
19119 write(5, "f", 1)                  = 1
19119 clock_gettime(CLOCK_BOOTTIME, {17529, 425122036}) = 0
19119 clock_gettime(CLOCK_BOOTTIME, {17529, 425177702}) = 0
19119 select(7, [3 4], [], NULL, NULL)  = 1 (in [4])
19119 clock_gettime(CLOCK_BOOTTIME, {17529, 530797970}) = 0
19119 read(4, "\r", 16384)              = 1
19119 clock_gettime(CLOCK_BOOTTIME, {17529, 530944954}) = 0
19119 clock_gettime(CLOCK_BOOTTIME, {17529, 530995512}) = 0
19119 select(7, [3 4], [3], NULL, NULL) = 1 (out [3])
19119 clock_gettime(CLOCK_BOOTTIME, {17529, 531122284}) = 0
19119 write(3, "\37614[f\325\211~\266\311?\223\26w\342\214\21\320<\222\16\220\16\334\313NX\350\252OY\7"..., 36) = 36
19119 clock_gettime(CLOCK_BOOTTIME, {17529, 531701660}) = 0
19119 clock_gettime(CLOCK_BOOTTIME, {17529, 532243017}) = 0
19119 select(7, [3 4], [], NULL, NULL)  = 1 (in [3])
19119 clock_gettime(CLOCK_BOOTTIME, {17529, 534235568}) = 0
19119 read(3, "\35\220\302\22\245\22\206\27lxX?\233\n\321\236x\3761h\230n\352H\212\2s\204M\32L\33"..., 8192) = 36
19119 clock_gettime(CLOCK_BOOTTIME, {17529, 534399581}) = 0
19119 clock_gettime(CLOCK_BOOTTIME, {17529, 534447803}) = 0
19119 select(7, [3 4], [5], NULL, NULL) = 1 (out [5])
19119 clock_gettime(CLOCK_BOOTTIME, {17529, 534571321}) = 0
19119 write(5, "\r\n", 2)               = 2
19119 clock_gettime(CLOCK_BOOTTIME, {17529, 535431937}) = 0
19119 clock_gettime(CLOCK_BOOTTIME, {17529, 535485719}) = 0
19119 select(7, [3 4], [], NULL, NULL)  = 1 (in [3])
19119 clock_gettime(CLOCK_BOOTTIME, {17529, 537583236}) = 0
19119 read(3, "!11\r\246\307$\314\327\207\351\326=\351\\n\270\314P\20\300s\24}2\3\333FNj\241O"..., 8192) = 588
19119 clock_gettime(CLOCK_BOOTTIME, {17529, 537844797}) = 0
19119 clock_gettime(CLOCK_BOOTTIME, {17529, 537897688}) = 0
19119 select(7, [3 4], [5], NULL, NULL) = 1 (out [5])
19119 clock_gettime(CLOCK_BOOTTIME, {17529, 538023239}) = 0
19119 write(5, "Filesystem              1K-block"..., 549) = 549
19119 clock_gettime(CLOCK_BOOTTIME, {17529, 539018328}) = 0
19119 clock_gettime(CLOCK_BOOTTIME, {17529, 539075768}) = 0
19119 select(7, [3 4], [], NULL, NULL)  = 1 (in [4])
19119 clock_gettime(CLOCK_BOOTTIME, {17529, 822143860}) = 0
19119 read(4, "p", 16384)               = 1
19119 clock_gettime(CLOCK_BOOTTIME, {17529, 822362096}) = 0
19119 clock_gettime(CLOCK_BOOTTIME, {17529, 822412855}) = 0
19119 select(7, [3 4], [3], NULL, NULL) = 1 (out [3])
19119 clock_gettime(CLOCK_BOOTTIME, {17529, 822536249}) = 0
19119 write(3, "F^\35\324\303\350\37\262\263\216\rc\0251\312N\366\271{\351\vD{\341\3738\333\332\v\2666\20"..., 36) = 36
19119 clock_gettime(CLOCK_BOOTTIME, {17529, 822903814}) = 0
19119 clock_gettime(CLOCK_BOOTTIME, {17529, 823072764}) = 0
19119 select(7, [3 4], [], NULL, NULL)  = 1 (in [3])
19119 clock_gettime(CLOCK_BOOTTIME, {17529, 824488519}) = 0
19119 read(3, "\220\fH\263\241F\363c\330\10\247\250{\234\311\252%\200\254\220\206\37\277\205\336\36%\340O\246\242\352"..., 8192) = 36
19119 clock_gettime(CLOCK_BOOTTIME, {17529, 824620823}) = 0
19119 clock_gettime(CLOCK_BOOTTIME, {17529, 824669507}) = 0
19119 select(7, [3 4], [5], NULL, NULL) = 1 (out [5])
19119 clock_gettime(CLOCK_BOOTTIME, {17529, 824790001}) = 0
19119 write(5, "p", 1)                  = 1
19119 clock_gettime(CLOCK_BOOTTIME, {17529, 825480443}) = 0
19119 clock_gettime(CLOCK_BOOTTIME, {17529, 825549901}) = 0
19119 select(7, [3 4], [], NULL, NULL)  = 1 (in [4])
19119 clock_gettime(CLOCK_BOOTTIME, {17529, 903806821}) = 0
19119 read(4, "w", 16384)               = 1
19119 clock_gettime(CLOCK_BOOTTIME, {17529, 903950517}) = 0
19119 clock_gettime(CLOCK_BOOTTIME, {17529, 904001136}) = 0
19119 select(7, [3 4], [3], NULL, NULL) = 1 (out [3])
19119 clock_gettime(CLOCK_BOOTTIME, {17529, 904125889}) = 0
19119 write(3, "<\235\361In\27})\340=WoE\341\367t\300ZU\t\236]\220\361\336\341\16\377\356\225Z\265"..., 36) = 36
19119 clock_gettime(CLOCK_BOOTTIME, {17529, 904825229}) = 0
19119 clock_gettime(CLOCK_BOOTTIME, {17529, 904880160}) = 0
19119 select(7, [3 4], [], NULL, NULL)  = 1 (in [3])
19119 clock_gettime(CLOCK_BOOTTIME, {17529, 906506699}) = 0
19119 read(3, "\275w\33645P\325\341$(\320p\1k\rR Bn\313\304)I\341\33\307Mj\f\215\273S"..., 8192) = 36
19119 clock_gettime(CLOCK_BOOTTIME, {17529, 906559799}) = 0
19119 clock_gettime(CLOCK_BOOTTIME, {17529, 906579331}) = 0
19119 select(7, [3 4], [5], NULL, NULL) = 1 (out [5])
19119 clock_gettime(CLOCK_BOOTTIME, {17529, 906627639}) = 0
19119 write(5, "w", 1)                  = 1
19119 clock_gettime(CLOCK_BOOTTIME, {17529, 906805036}) = 0
19119 clock_gettime(CLOCK_BOOTTIME, {17529, 906828121}) = 0
19119 select(7, [3 4], [], NULL, NULL)  = 1 (in [4])
19119 clock_gettime(CLOCK_BOOTTIME, {17529, 956258804}) = 0
19119 read(4, "d", 16384)               = 1
19119 clock_gettime(CLOCK_BOOTTIME, {17529, 956322493}) = 0
19119 clock_gettime(CLOCK_BOOTTIME, {17529, 956343253}) = 0
19119 select(7, [3 4], [3], NULL, NULL) = 1 (out [3])
19119 clock_gettime(CLOCK_BOOTTIME, {17529, 956429986}) = 0
19119 write(3, "'\221lO\245\21\372m\277\361Z\205\10\26Q\r\312\312\21\331\330\23\264\344\356\36\253{v[\250n"..., 36) = 36
19119 clock_gettime(CLOCK_BOOTTIME, {17529, 956591214}) = 0
19119 clock_gettime(CLOCK_BOOTTIME, {17529, 956613422}) = 0
19119 select(7, [3 4], [], NULL, NULL)  = 1 (in [3])
19119 clock_gettime(CLOCK_BOOTTIME, {17529, 957804691}) = 0
19119 read(3, "\256\334s0\315\346\265(\356_C*\"\32/\25\332\217\241[\240& \22r\206Ta\311\3006\4"..., 8192) = 36
19119 clock_gettime(CLOCK_BOOTTIME, {17529, 957860280}) = 0
19119 clock_gettime(CLOCK_BOOTTIME, {17529, 957880874}) = 0
19119 select(7, [3 4], [5], NULL, NULL) = 1 (out [5])
19119 clock_gettime(CLOCK_BOOTTIME, {17529, 957931760}) = 0
19119 write(5, "d", 1)                  = 1
19119 clock_gettime(CLOCK_BOOTTIME, {17529, 958100498}) = 0
19119 clock_gettime(CLOCK_BOOTTIME, {17529, 958222089}) = 0
19119 select(7, [3 4], [], NULL, NULL)  = 1 (in [4])
19119 clock_gettime(CLOCK_BOOTTIME, {17530, 86212543}) = 0
19119 read(4, "\r", 16384)              = 1
19119 clock_gettime(CLOCK_BOOTTIME, {17530, 86357345}) = 0
19119 clock_gettime(CLOCK_BOOTTIME, {17530, 86407496}) = 0
19119 select(7, [3 4], [3], NULL, NULL) = 1 (out [3])
19119 clock_gettime(CLOCK_BOOTTIME, {17530, 86590124}) = 0
19119 write(3, "T<0\207C \251\306\260\340\254@=7cn\337?;=\327>\267\333\310\357\35\372\224\227V\343"..., 36) = 36
19119 clock_gettime(CLOCK_BOOTTIME, {17530, 86943611}) = 0
19119 clock_gettime(CLOCK_BOOTTIME, {17530, 87092282}) = 0
19119 select(7, [3 4], [], NULL, NULL)  = 1 (in [3])
19119 clock_gettime(CLOCK_BOOTTIME, {17530, 88989097}) = 0
19119 read(3, "\v\374{B\352D\16\265\262\322A0P,\"\341O\366\317\266t\2219\33\237\21\260\253I\300\347\343"..., 8192) = 68
19119 clock_gettime(CLOCK_BOOTTIME, {17530, 89125467}) = 0
19119 clock_gettime(CLOCK_BOOTTIME, {17530, 89175551}) = 0
19119 select(7, [3 4], [5], NULL, NULL) = 1 (out [5])
19119 clock_gettime(CLOCK_BOOTTIME, {17530, 89299753}) = 0
19119 write(5, "\r\n/root\r\n[root@localhost ~]# ", 29) = 29
19119 clock_gettime(CLOCK_BOOTTIME, {17530, 89902974}) = 0
19119 clock_gettime(CLOCK_BOOTTIME, {17530, 89957605}) = 0
19119 select(7, [3 4], [], NULL, NULL)  = 1 (in [4])
19119 clock_gettime(CLOCK_BOOTTIME, {17530, 271569543}) = 0
19119 read(4, "e", 16384)               = 1
19119 clock_gettime(CLOCK_BOOTTIME, {17530, 271762415}) = 0
19119 clock_gettime(CLOCK_BOOTTIME, {17530, 271812288}) = 0
19119 select(7, [3 4], [3], NULL, NULL) = 1 (out [3])
19119 clock_gettime(CLOCK_BOOTTIME, {17530, 271937874}) = 0
19119 write(3, "\340\236\201\4\221I0\300\251*\273\226~\t\375\275-\253\0n\221\325\314;\220\n\271w\235\246\340\370"..., 36) = 36
19119 clock_gettime(CLOCK_BOOTTIME, {17530, 272723452}) = 0
19119 clock_gettime(CLOCK_BOOTTIME, {17530, 272780522}) = 0
19119 select(7, [3 4], [], NULL, NULL)  = 1 (in [3])
19119 clock_gettime(CLOCK_BOOTTIME, {17530, 273944425}) = 0
19119 read(3, "&a\22\300\rp\350Q\1\371YO/nx*\231\332t\274,\345\3634\r\200&\235\362BQ\362"..., 8192) = 36
19119 clock_gettime(CLOCK_BOOTTIME, {17530, 274107142}) = 0
19119 clock_gettime(CLOCK_BOOTTIME, {17530, 274157172}) = 0
19119 select(7, [3 4], [5], NULL, NULL) = 1 (out [5])
19119 clock_gettime(CLOCK_BOOTTIME, {17530, 274279931}) = 0
19119 write(5, "e", 1)                  = 1
19119 clock_gettime(CLOCK_BOOTTIME, {17530, 274940970}) = 0
19119 clock_gettime(CLOCK_BOOTTIME, {17530, 274995284}) = 0
19119 select(7, [3 4], [], NULL, NULL)  = 1 (in [4])
19119 clock_gettime(CLOCK_BOOTTIME, {17530, 454431375}) = 0
19119 read(4, "x", 16384)               = 1
19119 clock_gettime(CLOCK_BOOTTIME, {17530, 454638425}) = 0
19119 clock_gettime(CLOCK_BOOTTIME, {17530, 454690286}) = 0
19119 select(7, [3 4], [3], NULL, NULL) = 1 (out [3])
19119 clock_gettime(CLOCK_BOOTTIME, {17530, 454861913}) = 0
19119 write(3, "\203\243\0249AYT\35\231\361l\375\2674uLj\347\277s\206\243!\34\312\311G\36u\327Qr"..., 36) = 36
19119 clock_gettime(CLOCK_BOOTTIME, {17530, 455220024}) = 0
19119 clock_gettime(CLOCK_BOOTTIME, {17530, 455384344}) = 0
19119 select(7, [3 4], [], NULL, NULL)  = 1 (in [3])
19119 clock_gettime(CLOCK_BOOTTIME, {17530, 457016399}) = 0
19119 read(3, "\226\325\32V\271MQ\377\t\202\266My}1\325,\266\316ht\265c\375w\342\330\312?L\235v"..., 8192) = 36
19119 clock_gettime(CLOCK_BOOTTIME, {17530, 457215001}) = 0
19119 clock_gettime(CLOCK_BOOTTIME, {17530, 457306425}) = 0
19119 select(7, [3 4], [5], NULL, NULL) = 1 (out [5])
19119 clock_gettime(CLOCK_BOOTTIME, {17530, 457439448}) = 0
19119 write(5, "x", 1)                  = 1
19119 clock_gettime(CLOCK_BOOTTIME, {17530, 458208936}) = 0
19119 clock_gettime(CLOCK_BOOTTIME, {17530, 458265511}) = 0
19119 select(7, [3 4], [], NULL, NULL)  = 1 (in [4])
19119 clock_gettime(CLOCK_BOOTTIME, {17530, 549521241}) = 0
19119 read(4, "i", 16384)               = 1
19119 clock_gettime(CLOCK_BOOTTIME, {17530, 549661987}) = 0
19119 clock_gettime(CLOCK_BOOTTIME, {17530, 549710999}) = 0
19119 select(7, [3 4], [3], NULL, NULL) = 1 (out [3])
19119 clock_gettime(CLOCK_BOOTTIME, {17530, 549832104}) = 0
19119 write(3, "\2303\177\207\230\202:Z\7\233o\3\235(\364\276vL\33{\364\336\221)\24\30fM^#\245f"..., 36) = 36
19119 clock_gettime(CLOCK_BOOTTIME, {17530, 550297178}) = 0
19119 clock_gettime(CLOCK_BOOTTIME, {17530, 550359502}) = 0
19119 select(7, [3 4], [], NULL, NULL)  = 1 (in [3])
19119 clock_gettime(CLOCK_BOOTTIME, {17530, 551927799}) = 0
19119 read(3, "\275\265p\32\vt\21\221u\307^\316\242\3630\321\\Sg\325BC\360\31\267\226\v^Dg%\221"..., 8192) = 36
19119 clock_gettime(CLOCK_BOOTTIME, {17530, 552114904}) = 0
19119 clock_gettime(CLOCK_BOOTTIME, {17530, 552163828}) = 0
19119 select(7, [3 4], [5], NULL, NULL) = 1 (out [5])
19119 clock_gettime(CLOCK_BOOTTIME, {17530, 552285833}) = 0
19119 write(5, "i", 1)                  = 1
19119 clock_gettime(CLOCK_BOOTTIME, {17530, 553259766}) = 0
19119 clock_gettime(CLOCK_BOOTTIME, {17530, 553315165}) = 0
19119 select(7, [3 4], [], NULL, NULL)  = 1 (in [4])
19119 clock_gettime(CLOCK_BOOTTIME, {17530, 661131208}) = 0
19119 read(4, "t", 16384)               = 1
19119 clock_gettime(CLOCK_BOOTTIME, {17530, 661279041}) = 0
19119 clock_gettime(CLOCK_BOOTTIME, {17530, 661328323}) = 0
19119 select(7, [3 4], [3], NULL, NULL) = 1 (out [3])
19119 clock_gettime(CLOCK_BOOTTIME, {17530, 661449749}) = 0
19119 write(3, "\7\323:\266\354G\255M\317\7\324\30215\236\253\212L\225\200\313.\311\201\241\0\21&v\230\367\375"..., 36) = 36
19119 clock_gettime(CLOCK_BOOTTIME, {17530, 662151794}) = 0
19119 clock_gettime(CLOCK_BOOTTIME, {17530, 662209305}) = 0
19119 select(7, [3 4], [], NULL, NULL)  = 1 (in [3])
19119 clock_gettime(CLOCK_BOOTTIME, {17530, 675132529}) = 0
19119 read(3, "\321_\317)\335TG\364\253\237\214\347\276\5\276\235\346\233\1x\262\30\22\\\361U\21\321\206\227\312\36"..., 8192) = 36
19119 clock_gettime(CLOCK_BOOTTIME, {17530, 675491191}) = 0
19119 clock_gettime(CLOCK_BOOTTIME, {17530, 675540910}) = 0
19119 select(7, [3 4], [5], NULL, NULL) = 1 (out [5])
19119 clock_gettime(CLOCK_BOOTTIME, {17530, 675690403}) = 0
19119 write(5, "t", 1)                  = 1
19119 clock_gettime(CLOCK_BOOTTIME, {17530, 676436455}) = 0
19119 clock_gettime(CLOCK_BOOTTIME, {17530, 676489984}) = 0
19119 select(7, [3 4], [], NULL, NULL)  = 1 (in [4])
19119 clock_gettime(CLOCK_BOOTTIME, {17530, 820906589}) = 0
19119 read(4, "\r", 16384)              = 1
19119 clock_gettime(CLOCK_BOOTTIME, {17530, 821045705}) = 0
19119 clock_gettime(CLOCK_BOOTTIME, {17530, 821094666}) = 0
19119 select(7, [3 4], [3], NULL, NULL) = 1 (out [3])
19119 clock_gettime(CLOCK_BOOTTIME, {17530, 821216439}) = 0
19119 write(3, "0 ~\23\370D\335\367#\323\322\232\366\20\236\351V1g\264\301\263\20Sj*\265\214\3245\226\216"..., 36) = 36
19119 clock_gettime(CLOCK_BOOTTIME, {17530, 821603222}) = 0
19119 clock_gettime(CLOCK_BOOTTIME, {17530, 821748696}) = 0
19119 select(7, [3 4], [], NULL, NULL)  = 1 (in [3])
19119 clock_gettime(CLOCK_BOOTTIME, {17530, 825547767}) = 0
19119 read(3, "\27x\213\"\373\2629\341\244\301M\251\237sU\323\325\353\345\257\331\212\1\f\327\260ff\271\257=\353"..., 8192) = 220
19119 close(4)                          = 0
19119 clock_gettime(CLOCK_BOOTTIME, {17530, 825774797}) = 0
19119 clock_gettime(CLOCK_BOOTTIME, {17530, 825829290}) = 0
19119 select(7, [3], [5], NULL, NULL)   = 1 (out [5])
19119 clock_gettime(CLOCK_BOOTTIME, {17530, 825963926}) = 0
19119 write(5, "\r\nlogout\r\n", 10)    = 10
19119 clock_gettime(CLOCK_BOOTTIME, {17530, 826586104}) = 0
19119 clock_gettime(CLOCK_BOOTTIME, {17530, 826645760}) = 0
19119 close(5)                          = 0
19119 ioctl(0, TCGETS, {B38400 -opost -isig -icanon -echo ...}) = 0
19119 ioctl(0, SNDCTL_TMR_STOP or TCSETSW, {B38400 opost isig icanon echo ...}) = 0
19119 ioctl(0, TCGETS, {B38400 opost isig icanon echo ...}) = 0
19119 close(6)                          = 0
19119 select(7, [3], [3], NULL, NULL)   = 1 (out [3])
19119 clock_gettime(CLOCK_BOOTTIME, {17530, 827105067}) = 0
19119 write(3, "\277G\373<\304\246\264\354\5^G\267=\221\275!\227v\311\3526\246\277\371\312\373=\0029\366\243\322"..., 36) = 36
19119 rt_sigaction(SIGWINCH, NULL, {0x5587a6bf5740, [], SA_RESTORER, 0x7f69e266f4b0}, 8) = 0
19119 rt_sigaction(SIGWINCH, {SIG_DFL, [], SA_RESTORER, 0x7f69e266f4b0}, NULL, 8) = 0
19119 write(3, "\221&\16W\364\376\371\344\213\\%Jkn\340\234\337\336\230\233\366\f\266\212\240\301[q{\252\1*"..., 60) = 60
19119 ioctl(0, TCGETS, {B38400 opost isig icanon echo ...}) = 0
19119 ioctl(1, TCGETS, {B38400 opost isig icanon echo ...}) = 0
19119 ioctl(2, TCGETS, {B38400 opost isig icanon echo ...}) = 0
19119 write(2, "Connection to 192.168.12.49 clos"..., 37) = 37
19119 shutdown(3, SHUT_RDWR)            = 0
19119 close(3)                          = 0
19119 exit_group(0)                     = ?
19119 +++ exited with 0 +++
