19136 select(4, [3], NULL, NULL, NULL)  = 1 (in [3])
19136 read(3, "\315k3\253$\371U\5I8:\346\21i\202y\204,g\263) \"\244\17\306\325\f\301\263W\315"..., 8192) = 44
19136 write(3, "\365\372\217\352SI;)\361G\222\224vy\370\216}\3143\217\222\334\361\257\321\271\206C&\300Zv"..., 60) = 60
19136 select(4, [3], NULL, NULL, NULL)  = 1 (in [3])
19136 read(3, "\376\7\323v\245\322\206!\32a\277\346\276\t\r\342\246\315I7\305\231\202YR\256\\\355\240\n\341s"..., 8192) = 52
19136 stat("/home/ago/.ssh/id_rsa", 0x7fff39328140) = -1 ENOENT (No such file or directory)
19136 stat("/home/ago/.ssh/id_dsa", 0x7fff39328140) = -1 ENOENT (No such file or directory)
19136 stat("/home/ago/.ssh/id_ecdsa", 0x7fff39328140) = -1 ENOENT (No such file or directory)
19136 stat("/home/ago/.ssh/id_ed25519", 0x7fff39328140) = -1 ENOENT (No such file or directory)
19136 open("/dev/tty", O_RDWR)          = 4
19136 close(4)                          = 0
19136 open("/dev/tty", O_RDWR)          = 4
19136 ioctl(4, TCGETS, {B38400 opost isig icanon echo ...}) = 0
19136 ioctl(4, TCGETS, {B38400 opost isig icanon echo ...}) = 0
19136 ioctl(4, SNDCTL_TMR_CONTINUE or TCSETSF, {B38400 opost isig icanon -echo ...}) = 0
19136 ioctl(4, TCGETS, {B38400 opost isig icanon -echo ...}) = 0
19136 rt_sigaction(SIGALRM, {0x555a0f714350, [], SA_RESTORER, 0x7f7cbd1f34b0}, {SIG_DFL, [], 0}, 8) = 0
19136 rt_sigaction(SIGHUP, {0x555a0f714350, [], SA_RESTORER, 0x7f7cbd1f34b0}, {SIG_DFL, [], 0}, 8) = 0
19136 rt_sigaction(SIGINT, {0x555a0f714350, [], SA_RESTORER, 0x7f7cbd1f34b0}, {SIG_DFL, [], 0}, 8) = 0
19136 rt_sigaction(SIGPIPE, {0x555a0f714350, [], SA_RESTORER, 0x7f7cbd1f34b0}, {SIG_IGN, [], SA_RESTORER, 0x7f7cbd1f34b0}, 8) = 0
19136 rt_sigaction(SIGQUIT, {0x555a0f714350, [], SA_RESTORER, 0x7f7cbd1f34b0}, {SIG_DFL, [], 0}, 8) = 0
19136 rt_sigaction(SIGTERM, {0x555a0f714350, [], SA_RESTORER, 0x7f7cbd1f34b0}, {SIG_DFL, [], 0}, 8) = 0
19136 rt_sigaction(SIGTSTP, {0x555a0f714350, [], SA_RESTORER, 0x7f7cbd1f34b0}, {SIG_DFL, [], 0}, 8) = 0
19136 rt_sigaction(SIGTTIN, {0x555a0f714350, [], SA_RESTORER, 0x7f7cbd1f34b0}, {SIG_DFL, [], 0}, 8) = 0
19136 rt_sigaction(SIGTTOU, {0x555a0f714350, [], SA_RESTORER, 0x7f7cbd1f34b0}, {SIG_DFL, [], 0}, 8) = 0
19136 write(4, "root@192.168.12.60's password: ", 31) = 31
19136 read(4, "1", 1)                   = 1
19136 read(4, "2", 1)                   = 1
19136 read(4, "3", 1)                   = 1
19136 read(4, "4", 1)                   = 1
19136 read(4, "5", 1)                   = 1
19136 read(4, "6", 1)                   = 1
19136 read(4, "\n", 1)                  = 1
19136 write(4, "\n", 1)                 = 1
19136 ioctl(4, TCGETS, {B38400 opost isig icanon -echo ...}) = 0
19136 ioctl(4, SNDCTL_TMR_CONTINUE or TCSETSF, {B38400 opost isig icanon echo ...}) = 0
19136 ioctl(4, TCGETS, {B38400 opost isig icanon echo ...}) = 0
19136 rt_sigaction(SIGALRM, {SIG_DFL, [], SA_RESTORER, 0x7f7cbd1f34b0}, NULL, 8) = 0
19136 rt_sigaction(SIGHUP, {SIG_DFL, [], SA_RESTORER, 0x7f7cbd1f34b0}, NULL, 8) = 0
19136 rt_sigaction(SIGINT, {SIG_DFL, [], SA_RESTORER, 0x7f7cbd1f34b0}, NULL, 8) = 0
19136 rt_sigaction(SIGQUIT, {SIG_DFL, [], SA_RESTORER, 0x7f7cbd1f34b0}, NULL, 8) = 0
19136 rt_sigaction(SIGPIPE, {SIG_IGN, [], SA_RESTORER, 0x7f7cbd1f34b0}, NULL, 8) = 0
19136 rt_sigaction(SIGTERM, {SIG_DFL, [], SA_RESTORER, 0x7f7cbd1f34b0}, NULL, 8) = 0
19136 rt_sigaction(SIGTSTP, {SIG_DFL, [], SA_RESTORER, 0x7f7cbd1f34b0}, NULL, 8) = 0
19136 rt_sigaction(SIGTTIN, {SIG_DFL, [], SA_RESTORER, 0x7f7cbd1f34b0}, NULL, 8) = 0
19136 rt_sigaction(SIGTTOU, {SIG_DFL, [], SA_RESTORER, 0x7f7cbd1f34b0}, NULL, 8) = 0
19136 close(4)                          = 0
19136 write(3, "\231\303\335\224O_\34\16\320\205\323<\273\350\216\322\22\277\305\266\244\233\6\305\205y\333h\20<\373\217"..., 84) = 84
19136 select(4, [3], NULL, NULL, NULL)  = 1 (in [3])
19136 read(3, "\260\t\314-\24\321l\262\244\304\355\204\215o\345j\1\372\346\0027+\6\335v\20\241(", 8192) = 28
19136 dup(0)                            = 4
19136 dup(1)                            = 5
19136 dup(2)                            = 6
19136 ioctl(4, TCGETS, {B38400 opost isig icanon echo ...}) = 0
19136 ioctl(5, TCGETS, {B38400 opost isig icanon echo ...}) = 0
19136 ioctl(6, TCGETS, {B38400 opost isig icanon echo ...}) = 0
19136 fcntl(4, F_SETFD, FD_CLOEXEC)     = 0
19136 fcntl(5, F_SETFD, FD_CLOEXEC)     = 0
19136 fcntl(6, F_SETFD, FD_CLOEXEC)     = 0
19136 rt_sigaction(SIGHUP, NULL, {SIG_DFL, [], SA_RESTORER, 0x7f7cbd1f34b0}, 8) = 0
19136 rt_sigaction(SIGHUP, {SIG_IGN, [], SA_RESTORER, 0x7f7cbd1f34b0}, NULL, 8) = 0
19136 rt_sigaction(SIGHUP, NULL, {SIG_IGN, [], SA_RESTORER, 0x7f7cbd1f34b0}, 8) = 0
19136 rt_sigaction(SIGHUP, {0x555a0f6bd4d0, [], SA_RESTORER, 0x7f7cbd1f34b0}, NULL, 8) = 0
19136 rt_sigaction(SIGINT, NULL, {SIG_DFL, [], SA_RESTORER, 0x7f7cbd1f34b0}, 8) = 0
19136 rt_sigaction(SIGINT, {SIG_IGN, [], SA_RESTORER, 0x7f7cbd1f34b0}, NULL, 8) = 0
19136 rt_sigaction(SIGINT, NULL, {SIG_IGN, [], SA_RESTORER, 0x7f7cbd1f34b0}, 8) = 0
19136 rt_sigaction(SIGINT, {0x555a0f6bd4d0, [], SA_RESTORER, 0x7f7cbd1f34b0}, NULL, 8) = 0
19136 rt_sigaction(SIGQUIT, NULL, {SIG_DFL, [], SA_RESTORER, 0x7f7cbd1f34b0}, 8) = 0
19136 rt_sigaction(SIGQUIT, {SIG_IGN, [], SA_RESTORER, 0x7f7cbd1f34b0}, NULL, 8) = 0
19136 rt_sigaction(SIGQUIT, NULL, {SIG_IGN, [], SA_RESTORER, 0x7f7cbd1f34b0}, 8) = 0
19136 rt_sigaction(SIGQUIT, {0x555a0f6bd4d0, [], SA_RESTORER, 0x7f7cbd1f34b0}, NULL, 8) = 0
19136 rt_sigaction(SIGTERM, NULL, {SIG_DFL, [], SA_RESTORER, 0x7f7cbd1f34b0}, 8) = 0
19136 rt_sigaction(SIGTERM, {SIG_IGN, [], SA_RESTORER, 0x7f7cbd1f34b0}, NULL, 8) = 0
19136 rt_sigaction(SIGTERM, NULL, {SIG_IGN, [], SA_RESTORER, 0x7f7cbd1f34b0}, 8) = 0
19136 rt_sigaction(SIGTERM, {0x555a0f6bd4d0, [], SA_RESTORER, 0x7f7cbd1f34b0}, NULL, 8) = 0
19136 rt_sigaction(SIGWINCH, NULL, {SIG_DFL, [], 0}, 8) = 0
19136 rt_sigaction(SIGWINCH, {0x555a0f6bd740, [], SA_RESTORER, 0x7f7cbd1f34b0}, NULL, 8) = 0
19136 ioctl(0, TCGETS, {B38400 opost isig icanon echo ...}) = 0
19136 ioctl(0, TCGETS, {B38400 opost isig icanon echo ...}) = 0
19136 ioctl(0, SNDCTL_TMR_STOP or TCSETSW, {B38400 -opost -isig -icanon -echo ...}) = 0
19136 ioctl(0, TCGETS, {B38400 -opost -isig -icanon -echo ...}) = 0
19136 clock_gettime(CLOCK_BOOTTIME, {17532, 499922438}) = 0
19136 clock_gettime(CLOCK_BOOTTIME, {17532, 499974272}) = 0
19136 select(7, [3], [3], NULL, NULL)   = 1 (out [3])
19136 clock_gettime(CLOCK_BOOTTIME, {17532, 500097261}) = 0
19136 write(3, "\346\234A\230\2~q\376\222\245x\25\264\353\33\272aw\344\241\212@\336?\3\314\273)B\345\317$"..., 112) = 112
19136 clock_gettime(CLOCK_BOOTTIME, {17532, 500855779}) = 0
19136 clock_gettime(CLOCK_BOOTTIME, {17532, 500956444}) = 0
19136 select(7, [3], [], NULL, NULL)    = 1 (in [3])
19136 clock_gettime(CLOCK_BOOTTIME, {17532, 867043743}) = 0
19136 read(3, "\361\345HK\223\210a\377 \241\16W\245\245^Kh\4\315\307%\225\330\247s\220\32+@\322\320d"..., 8192) = 44
19136 getsockopt(3, SOL_TCP, TCP_NODELAY, [0], [4]) = 0
19136 setsockopt(3, SOL_TCP, TCP_NODELAY, [1], 4) = 0
19136 getsockname(3, {sa_family=AF_INET, sin_port=htons(40086), sin_addr=inet_addr("192.168.56.191")}, [16]) = 0
19136 setsockopt(3, SOL_IP, IP_TOS, [16], 4) = 0
19136 ioctl(0, TIOCGWINSZ, {ws_row=24, ws_col=64, ws_xpixel=0, ws_ypixel=0}) = 0
19136 clock_gettime(CLOCK_BOOTTIME, {17532, 867628822}) = 0
19136 clock_gettime(CLOCK_BOOTTIME, {17532, 867738358}) = 0
19136 select(7, [3], [3], NULL, NULL)   = 1 (out [3])
19136 clock_gettime(CLOCK_BOOTTIME, {17532, 867884179}) = 0
19136 write(3, "\356Ir\340\357WdJ\264{W\232h\1\367=\224i\242\216\370!\251\201\202\317\345\37\7IZ\333"..., 376) = 376
19136 clock_gettime(CLOCK_BOOTTIME, {17532, 868349954}) = 0
19136 clock_gettime(CLOCK_BOOTTIME, {17532, 868411534}) = 0
19136 select(7, [3], [], NULL, NULL)    = 1 (in [3])
19136 clock_gettime(CLOCK_BOOTTIME, {17532, 870106827}) = 0
19136 read(3, "\n=\363\20(\0\\\r\321\305\321,C\263Z\337H\371\314QWi7}\n\331\356\10\264\333\252\31"..., 8192) = 108
19136 clock_gettime(CLOCK_BOOTTIME, {17532, 870263105}) = 0
19136 clock_gettime(CLOCK_BOOTTIME, {17532, 870322046}) = 0
19136 select(7, [3 4], [], NULL, NULL)  = 1 (in [3])
19136 clock_gettime(CLOCK_BOOTTIME, {17532, 875224991}) = 0
19136 read(3, "\305f\345\375)\6\362s\345#\364\204N\4\211\210\334,\264\231\200\242\370\217\0101\2336<\356S%"..., 8192) = 652
19136 clock_gettime(CLOCK_BOOTTIME, {17532, 875749537}) = 0
19136 clock_gettime(CLOCK_BOOTTIME, {17532, 875813255}) = 0
19136 select(7, [3 4], [5], NULL, NULL) = 1 (out [5])
19136 clock_gettime(CLOCK_BOOTTIME, {17532, 875963877}) = 0
19136 write(5, "Welcome to Ubuntu 14.04.5 LTS (G"..., 614) = 614
19136 clock_gettime(CLOCK_BOOTTIME, {17532, 876890964}) = 0
19136 clock_gettime(CLOCK_BOOTTIME, {17532, 876995301}) = 0
19136 select(7, [3 4], [], NULL, NULL)  = 1 (in [3])
19136 clock_gettime(CLOCK_BOOTTIME, {17532, 915272278}) = 0
19136 read(3, "{r'\223\377$lt\32sj\241x\16\250\325+T<\3276\v}\261\204\243\34\356\244\234lB"..., 8192) = 52
19136 clock_gettime(CLOCK_BOOTTIME, {17532, 915392629}) = 0
19136 clock_gettime(CLOCK_BOOTTIME, {17532, 915426296}) = 0
19136 select(7, [3 4], [5], NULL, NULL) = 1 (out [5])
19136 clock_gettime(CLOCK_BOOTTIME, {17532, 915510772}) = 0
19136 write(5, "root@ubuntu:~# ", 15)   = 15
19136 clock_gettime(CLOCK_BOOTTIME, {17532, 915885694}) = 0
19136 clock_gettime(CLOCK_BOOTTIME, {17532, 915922289}) = 0
19136 select(7, [3 4], [], NULL, NULL)  = 1 (in [4])
19136 clock_gettime(CLOCK_BOOTTIME, {17533, 430978196}) = 0
19136 read(4, "d", 16384)               = 1
19136 clock_gettime(CLOCK_BOOTTIME, {17533, 431153952}) = 0
19136 clock_gettime(CLOCK_BOOTTIME, {17533, 431206164}) = 0
19136 select(7, [3 4], [3], NULL, NULL) = 1 (out [3])
19136 clock_gettime(CLOCK_BOOTTIME, {17533, 431390600}) = 0
19136 write(3, "\302\257\f\354\365\344b#_\351\234\16,\237\325Z\305;\323?\364\366\303\320\315\365\273\215\341c\325\373"..., 36) = 36
19136 clock_gettime(CLOCK_BOOTTIME, {17533, 432644005}) = 0
19136 clock_gettime(CLOCK_BOOTTIME, {17533, 432702287}) = 0
19136 select(7, [3 4], [], NULL, NULL)  = 1 (in [3])
19136 clock_gettime(CLOCK_BOOTTIME, {17533, 433566842}) = 0
19136 read(3, "\7\317\327=\2656\330v\205\225\261\344\31\7\250g\314If\314\370\330Di1\245\26G\315\3222Z"..., 8192) = 36
19136 clock_gettime(CLOCK_BOOTTIME, {17533, 433704449}) = 0
19136 clock_gettime(CLOCK_BOOTTIME, {17533, 433756102}) = 0
19136 select(7, [3 4], [5], NULL, NULL) = 1 (out [5])
19136 clock_gettime(CLOCK_BOOTTIME, {17533, 433884494}) = 0
19136 write(5, "d", 1)                  = 1
19136 clock_gettime(CLOCK_BOOTTIME, {17533, 434609752}) = 0
19136 clock_gettime(CLOCK_BOOTTIME, {17533, 434665847}) = 0
19136 select(7, [3 4], [], NULL, NULL)  = 1 (in [4])
19136 clock_gettime(CLOCK_BOOTTIME, {17533, 508248196}) = 0
19136 read(4, "f", 16384)               = 1
19136 clock_gettime(CLOCK_BOOTTIME, {17533, 508683238}) = 0
19136 clock_gettime(CLOCK_BOOTTIME, {17533, 508751155}) = 0
19136 select(7, [3 4], [3], NULL, NULL) = 1 (out [3])
19136 clock_gettime(CLOCK_BOOTTIME, {17533, 508911416}) = 0
19136 write(3, "\23\10\10\215\315\25#<\7D\234\336\302\23HC\370\357\265\336\222\255\227!\3077W\201\0\20\350K"..., 36) = 36
19136 clock_gettime(CLOCK_BOOTTIME, {17533, 509286452}) = 0
19136 clock_gettime(CLOCK_BOOTTIME, {17533, 509711003}) = 0
19136 select(7, [3 4], [], NULL, NULL)  = 1 (in [3])
19136 clock_gettime(CLOCK_BOOTTIME, {17533, 510803326}) = 0
19136 read(3, "~3V\270\331\367\314\215\370eJb\352\371\356\320n8\335V\v\37\202\245\4!\337~^=\336\30"..., 8192) = 36
19136 clock_gettime(CLOCK_BOOTTIME, {17533, 510933903}) = 0
19136 clock_gettime(CLOCK_BOOTTIME, {17533, 510984424}) = 0
19136 select(7, [3 4], [5], NULL, NULL) = 1 (out [5])
19136 clock_gettime(CLOCK_BOOTTIME, {17533, 511108336}) = 0
19136 write(5, "f", 1)                  = 1
19136 clock_gettime(CLOCK_BOOTTIME, {17533, 511816345}) = 0
19136 clock_gettime(CLOCK_BOOTTIME, {17533, 511872155}) = 0
19136 select(7, [3 4], [], NULL, NULL)  = 1 (in [4])
19136 clock_gettime(CLOCK_BOOTTIME, {17533, 623093505}) = 0
19136 read(4, "\r", 16384)              = 1
19136 clock_gettime(CLOCK_BOOTTIME, {17533, 623234178}) = 0
19136 clock_gettime(CLOCK_BOOTTIME, {17533, 623283828}) = 0
19136 select(7, [3 4], [3], NULL, NULL) = 1 (out [3])
19136 clock_gettime(CLOCK_BOOTTIME, {17533, 623408130}) = 0
19136 write(3, "\21\227\341\346i\366?C\302?\242\214\341\31\324\n\251\247\320\301\320\337l\252\357L\273\277\22nc\324"..., 36) = 36
19136 clock_gettime(CLOCK_BOOTTIME, {17533, 624313768}) = 0
19136 clock_gettime(CLOCK_BOOTTIME, {17533, 624369391}) = 0
19136 select(7, [3 4], [], NULL, NULL)  = 1 (in [3])
19136 clock_gettime(CLOCK_BOOTTIME, {17533, 625370640}) = 0
19136 read(3, "\210d\t\337:>,5<\366\250\236\272\366nrA+g\0245\214A\234\230\260\217\35\360M\212\24"..., 8192) = 36
19136 clock_gettime(CLOCK_BOOTTIME, {17533, 625579425}) = 0
19136 clock_gettime(CLOCK_BOOTTIME, {17533, 625629669}) = 0
19136 select(7, [3 4], [5], NULL, NULL) = 1 (out [5])
19136 clock_gettime(CLOCK_BOOTTIME, {17533, 625754102}) = 0
19136 write(5, "\r\n", 2)               = 2
19136 clock_gettime(CLOCK_BOOTTIME, {17533, 626240277}) = 0
19136 clock_gettime(CLOCK_BOOTTIME, {17533, 626299100}) = 0
19136 select(7, [3 4], [], NULL, NULL)  = 1 (in [3])
19136 clock_gettime(CLOCK_BOOTTIME, {17533, 629063326}) = 0
19136 read(3, "C-\277`'o\177\4\301\30\351z\332\304Q\336\372YfC\250\346\354\27\233\364t\343\23\371Ee"..., 8192) = 1204
19136 clock_gettime(CLOCK_BOOTTIME, {17533, 629277159}) = 0
19136 clock_gettime(CLOCK_BOOTTIME, {17533, 629334128}) = 0
19136 select(7, [3 4], [5], NULL, NULL) = 1 (out [5])
19136 clock_gettime(CLOCK_BOOTTIME, {17533, 629521871}) = 0
19136 write(5, "Filesystem     1K-blocks    Used"..., 529) = 529
19136 clock_gettime(CLOCK_BOOTTIME, {17533, 630344781}) = 0
19136 clock_gettime(CLOCK_BOOTTIME, {17533, 630405533}) = 0
19136 select(7, [3 4], [], NULL, NULL)  = 1 (in [4])
19136 clock_gettime(CLOCK_BOOTTIME, {17533, 989438108}) = 0
19136 read(4, "p", 16384)               = 1
19136 clock_gettime(CLOCK_BOOTTIME, {17533, 989591536}) = 0
19136 clock_gettime(CLOCK_BOOTTIME, {17533, 989644002}) = 0
19136 select(7, [3 4], [3], NULL, NULL) = 1 (out [3])
19136 clock_gettime(CLOCK_BOOTTIME, {17533, 989772909}) = 0
19136 write(3, "\332\360\264\206\276\20\220\30\346-\273\10&\205\313x\0163\246\240~\362f,\245\320\363\27\204@\347\6"..., 36) = 36
19136 clock_gettime(CLOCK_BOOTTIME, {17533, 990189078}) = 0
19136 clock_gettime(CLOCK_BOOTTIME, {17533, 990243815}) = 0
19136 select(7, [3 4], [], NULL, NULL)  = 1 (in [3])
19136 clock_gettime(CLOCK_BOOTTIME, {17533, 992341042}) = 0
19136 read(3, "\336\246i)\216\302\316lH\3\361\300\330\376\247\250\302b\223\242\313\312\215\334r\201\261\263\225\203\t@"..., 8192) = 36
19136 clock_gettime(CLOCK_BOOTTIME, {17533, 992477401}) = 0
19136 clock_gettime(CLOCK_BOOTTIME, {17533, 992528822}) = 0
19136 select(7, [3 4], [5], NULL, NULL) = 1 (out [5])
19136 clock_gettime(CLOCK_BOOTTIME, {17533, 992658089}) = 0
19136 write(5, "p", 1)                  = 1
19136 clock_gettime(CLOCK_BOOTTIME, {17533, 993087682}) = 0
19136 clock_gettime(CLOCK_BOOTTIME, {17533, 993142059}) = 0
19136 select(7, [3 4], [], NULL, NULL)  = 1 (in [4])
19136 clock_gettime(CLOCK_BOOTTIME, {17534, 42686940}) = 0
19136 read(4, "w", 16384)               = 1
19136 clock_gettime(CLOCK_BOOTTIME, {17534, 42783197}) = 0
19136 clock_gettime(CLOCK_BOOTTIME, {17534, 42816023}) = 0
19136 select(7, [3 4], [3], NULL, NULL) = 1 (out [3])
19136 clock_gettime(CLOCK_BOOTTIME, {17534, 42940205}) = 0
19136 write(3, "\360\364\nq\343\341\325\251\260\344G\310C\3263\325\224\357[-\363\344\370\6\250'\274\260\205\303~\215"..., 36) = 36
19136 clock_gettime(CLOCK_BOOTTIME, {17534, 43169136}) = 0
19136 clock_gettime(CLOCK_BOOTTIME, {17534, 43203901}) = 0
19136 select(7, [3 4], [], NULL, NULL)  = 1 (in [3])
19136 clock_gettime(CLOCK_BOOTTIME, {17534, 44281962}) = 0
19136 read(3, "\364\\4G\"$\360\344\260\312D\337\370G.\v\t\204>ZA\371\237\370\353\26\367-\315\260\346\26"..., 8192) = 36
19136 clock_gettime(CLOCK_BOOTTIME, {17534, 44367128}) = 0
19136 clock_gettime(CLOCK_BOOTTIME, {17534, 44399862}) = 0
19136 select(7, [3 4], [5], NULL, NULL) = 1 (out [5])
19136 clock_gettime(CLOCK_BOOTTIME, {17534, 44480467}) = 0
19136 write(5, "w", 1)                  = 1
19136 clock_gettime(CLOCK_BOOTTIME, {17534, 44830150}) = 0
19136 clock_gettime(CLOCK_BOOTTIME, {17534, 45011742}) = 0
19136 select(7, [3 4], [], NULL, NULL)  = 1 (in [4])
19136 clock_gettime(CLOCK_BOOTTIME, {17534, 112073198}) = 0
19136 read(4, "d", 16384)               = 1
19136 clock_gettime(CLOCK_BOOTTIME, {17534, 112215628}) = 0
19136 clock_gettime(CLOCK_BOOTTIME, {17534, 112513819}) = 0
19136 select(7, [3 4], [3], NULL, NULL) = 1 (out [3])
19136 clock_gettime(CLOCK_BOOTTIME, {17534, 112652945}) = 0
19136 write(3, "\267\321Hj\260\242\7-lPh%\26\217!\21\t\310L\242Y\f\300%\211B\307\303/\226\376t"..., 36) = 36
19136 clock_gettime(CLOCK_BOOTTIME, {17534, 113367392}) = 0
19136 clock_gettime(CLOCK_BOOTTIME, {17534, 113426199}) = 0
19136 select(7, [3 4], [], NULL, NULL)  = 1 (in [3])
19136 clock_gettime(CLOCK_BOOTTIME, {17534, 114463959}) = 0
19136 read(3, "\311K\0\v-\5\351n\375\344\v\32\236,\226>7\326\6On\363R\357\275\35\312\2431\37\201E"..., 8192) = 36
19136 clock_gettime(CLOCK_BOOTTIME, {17534, 114600028}) = 0
19136 clock_gettime(CLOCK_BOOTTIME, {17534, 114650376}) = 0
19136 select(7, [3 4], [5], NULL, NULL) = 1 (out [5])
19136 clock_gettime(CLOCK_BOOTTIME, {17534, 114774598}) = 0
19136 write(5, "d", 1)                  = 1
19136 clock_gettime(CLOCK_BOOTTIME, {17534, 115434334}) = 0
19136 clock_gettime(CLOCK_BOOTTIME, {17534, 115488754}) = 0
19136 select(7, [3 4], [], NULL, NULL)  = 1 (in [4])
19136 clock_gettime(CLOCK_BOOTTIME, {17534, 247548219}) = 0
19136 read(4, "\r", 16384)              = 1
19136 clock_gettime(CLOCK_BOOTTIME, {17534, 247690523}) = 0
19136 clock_gettime(CLOCK_BOOTTIME, {17534, 247741535}) = 0
19136 select(7, [3 4], [3], NULL, NULL) = 1 (out [3])
19136 clock_gettime(CLOCK_BOOTTIME, {17534, 247865404}) = 0
19136 write(3, "\344\317\4\316\310\254iV=\1^\2\345\333\10\331v0H\265]p\23\340\361\316\322\313\257\273\212I"..., 36) = 36
19136 clock_gettime(CLOCK_BOOTTIME, {17534, 248595560}) = 0
19136 clock_gettime(CLOCK_BOOTTIME, {17534, 248650518}) = 0
19136 select(7, [3 4], [], NULL, NULL)  = 1 (in [3])
19136 clock_gettime(CLOCK_BOOTTIME, {17534, 250196517}) = 0
19136 read(3, "\364\277(\\#;dQ!t\225!\303\5v\373\315\210\205\241\n\237\207\210'\326%\245P\244\r\223"..., 8192) = 168
19136 clock_gettime(CLOCK_BOOTTIME, {17534, 250394888}) = 0
19136 clock_gettime(CLOCK_BOOTTIME, {17534, 250445142}) = 0
19136 select(7, [3 4], [5], NULL, NULL) = 1 (out [5])
19136 clock_gettime(CLOCK_BOOTTIME, {17534, 250572315}) = 0
19136 write(5, "\r\n/root\r\nroot@ubuntu:~# ", 24) = 24
19136 clock_gettime(CLOCK_BOOTTIME, {17534, 250996782}) = 0
19136 clock_gettime(CLOCK_BOOTTIME, {17534, 251050454}) = 0
19136 select(7, [3 4], [], NULL, NULL)  = 1 (in [4])
19136 clock_gettime(CLOCK_BOOTTIME, {17534, 487431507}) = 0
19136 read(4, "l", 16384)               = 1
19136 clock_gettime(CLOCK_BOOTTIME, {17534, 487619123}) = 0
19136 clock_gettime(CLOCK_BOOTTIME, {17534, 487670059}) = 0
19136 select(7, [3 4], [3], NULL, NULL) = 1 (out [3])
19136 clock_gettime(CLOCK_BOOTTIME, {17534, 487796626}) = 0
19136 write(3, "\26\226{\32\20v\372CO\253\310\227h\344\275\33\244Y\256u\235\334>\10\211\217\261\225I\344t\0"..., 36) = 36
19136 clock_gettime(CLOCK_BOOTTIME, {17534, 488526378}) = 0
19136 clock_gettime(CLOCK_BOOTTIME, {17534, 488598629}) = 0
19136 select(7, [3 4], [], NULL, NULL)  = 1 (in [3])
19136 clock_gettime(CLOCK_BOOTTIME, {17534, 489655085}) = 0
19136 read(3, "(\243w\254\252\265\335\361_)\\\361\241\24\316\n|6\232{A\250\233Y\10\276:\230\225O\31\272"..., 8192) = 36
19136 clock_gettime(CLOCK_BOOTTIME, {17534, 489785461}) = 0
19136 clock_gettime(CLOCK_BOOTTIME, {17534, 489835772}) = 0
19136 select(7, [3 4], [5], NULL, NULL) = 1 (out [5])
19136 clock_gettime(CLOCK_BOOTTIME, {17534, 489958935}) = 0
19136 write(5, "l", 1)                  = 1
19136 clock_gettime(CLOCK_BOOTTIME, {17534, 490360635}) = 0
19136 clock_gettime(CLOCK_BOOTTIME, {17534, 490711629}) = 0
19136 select(7, [3 4], [], NULL, NULL)  = 1 (in [4])
19136 clock_gettime(CLOCK_BOOTTIME, {17534, 573306993}) = 0
19136 read(4, "s", 16384)               = 1
19136 clock_gettime(CLOCK_BOOTTIME, {17534, 573448762}) = 0
19136 clock_gettime(CLOCK_BOOTTIME, {17534, 573498966}) = 0
19136 select(7, [3 4], [3], NULL, NULL) = 1 (out [3])
19136 clock_gettime(CLOCK_BOOTTIME, {17534, 573703869}) = 0
19136 write(3, "\351q\205l\302rp0\3531\306I\233\200\302}\f\7`\32\220\312\vw\230\220\n\262\343Jj\227"..., 36) = 36
19136 clock_gettime(CLOCK_BOOTTIME, {17534, 574062367}) = 0
19136 clock_gettime(CLOCK_BOOTTIME, {17534, 574116553}) = 0
19136 select(7, [3 4], [], NULL, NULL)  = 1 (in [3])
19136 clock_gettime(CLOCK_BOOTTIME, {17534, 575517143}) = 0
19136 read(3, "c*\321\n\203\362\262rw2\367wM\343\337S\214\233\263AR\177\f\f\31\"\364\177H\256\35K"..., 8192) = 36
19136 clock_gettime(CLOCK_BOOTTIME, {17534, 575684971}) = 0
19136 clock_gettime(CLOCK_BOOTTIME, {17534, 575734928}) = 0
19136 select(7, [3 4], [5], NULL, NULL) = 1 (out [5])
19136 clock_gettime(CLOCK_BOOTTIME, {17534, 575858652}) = 0
19136 write(5, "s", 1)                  = 1
19136 clock_gettime(CLOCK_BOOTTIME, {17534, 576465990}) = 0
19136 clock_gettime(CLOCK_BOOTTIME, {17534, 576521181}) = 0
19136 select(7, [3 4], [], NULL, NULL)  = 1 (in [4])
19136 clock_gettime(CLOCK_BOOTTIME, {17534, 696179088}) = 0
19136 read(4, "\r", 16384)              = 1
19136 clock_gettime(CLOCK_BOOTTIME, {17534, 696242804}) = 0
19136 clock_gettime(CLOCK_BOOTTIME, {17534, 696263341}) = 0
19136 select(7, [3 4], [3], NULL, NULL) = 1 (out [3])
19136 clock_gettime(CLOCK_BOOTTIME, {17534, 696314857}) = 0
19136 write(3, "\303\376\213\256\n\37359l\354\316\256\21\272!\16\345\23\261C\364\224\212\300\367\214l\227Ygq#"..., 36) = 36
19136 clock_gettime(CLOCK_BOOTTIME, {17534, 696608493}) = 0
19136 clock_gettime(CLOCK_BOOTTIME, {17534, 696631245}) = 0
19136 select(7, [3 4], [], NULL, NULL)  = 1 (in [3])
19136 clock_gettime(CLOCK_BOOTTIME, {17534, 697706187}) = 0
19136 read(3, "iY\1\224'BF\203\230\253\1e\236\341h\16\311'\4:\257\273\255\232+Kc\235\4\3204\261"..., 8192) = 36
19136 clock_gettime(CLOCK_BOOTTIME, {17534, 697780596}) = 0
19136 clock_gettime(CLOCK_BOOTTIME, {17534, 697804314}) = 0
19136 select(7, [3 4], [5], NULL, NULL) = 1 (out [5])
19136 clock_gettime(CLOCK_BOOTTIME, {17534, 697866200}) = 0
19136 write(5, "\r\n", 2)               = 2
19136 clock_gettime(CLOCK_BOOTTIME, {17534, 698267401}) = 0
19136 clock_gettime(CLOCK_BOOTTIME, {17534, 698314314}) = 0
19136 select(7, [3 4], [], NULL, NULL)  = 1 (in [3])
19136 clock_gettime(CLOCK_BOOTTIME, {17534, 699313529}) = 0
19136 read(3, "\rdNT\5\323\370\212{\3128\300#\212\21\213\243\374*\240\277\304~\262,\n1}\212\362m\226"..., 8192) = 88
19136 clock_gettime(CLOCK_BOOTTIME, {17534, 699382191}) = 0
19136 clock_gettime(CLOCK_BOOTTIME, {17534, 699403516}) = 0
19136 select(7, [3 4], [5], NULL, NULL) = 1 (out [5])
19136 clock_gettime(CLOCK_BOOTTIME, {17534, 699456893}) = 0
19136 write(5, "ssh_audit.log\r\n", 15) = 15
19136 clock_gettime(CLOCK_BOOTTIME, {17534, 700064728}) = 0
19136 clock_gettime(CLOCK_BOOTTIME, {17534, 700102229}) = 0
19136 select(7, [3 4], [], NULL, NULL)  = 1 (in [3])
19136 clock_gettime(CLOCK_BOOTTIME, {17534, 700182514}) = 0
19136 read(3, "\37\23!\232\271\323\20\207\20;\347\4$\"bA\207>\6\363\234\333j\301\201\307\376\362\301x\354\f"..., 8192) = 52
19136 clock_gettime(CLOCK_BOOTTIME, {17534, 700276764}) = 0
19136 clock_gettime(CLOCK_BOOTTIME, {17534, 700318073}) = 0
19136 select(7, [3 4], [5], NULL, NULL) = 1 (out [5])
19136 clock_gettime(CLOCK_BOOTTIME, {17534, 700417527}) = 0
19136 write(5, "root@ubuntu:~# ", 15)   = 15
19136 clock_gettime(CLOCK_BOOTTIME, {17534, 700811398}) = 0
19136 clock_gettime(CLOCK_BOOTTIME, {17534, 700851732}) = 0
19136 select(7, [3 4], [], NULL, NULL)  = 1 (in [4])
19136 clock_gettime(CLOCK_BOOTTIME, {17535, 234838094}) = 0
19136 read(4, "e", 16384)               = 1
19136 clock_gettime(CLOCK_BOOTTIME, {17535, 235015741}) = 0
19136 clock_gettime(CLOCK_BOOTTIME, {17535, 235074124}) = 0
19136 select(7, [3 4], [3], NULL, NULL) = 1 (out [3])
19136 clock_gettime(CLOCK_BOOTTIME, {17535, 235322227}) = 0
19136 write(3, "C\370\6\3044D\314\303K\330\20\331\356\36\203\333-\234j\276Y\334\265t\2065+\373\nYx\342"..., 36) = 36
19136 clock_gettime(CLOCK_BOOTTIME, {17535, 235813698}) = 0
19136 clock_gettime(CLOCK_BOOTTIME, {17535, 235886276}) = 0
19136 select(7, [3 4], [], NULL, NULL)  = 1 (in [3])
19136 clock_gettime(CLOCK_BOOTTIME, {17535, 237392866}) = 0
19136 read(3, "ej\224-\347\2644\212\t\353sq\202\322\231\217N\2N\350\264\343\204\313\1\336\27\234\350\362\5\222"..., 8192) = 36
19136 clock_gettime(CLOCK_BOOTTIME, {17535, 237536129}) = 0
19136 clock_gettime(CLOCK_BOOTTIME, {17535, 237587813}) = 0
19136 select(7, [3 4], [5], NULL, NULL) = 1 (out [5])
19136 clock_gettime(CLOCK_BOOTTIME, {17535, 237715857}) = 0
19136 write(5, "e", 1)                  = 1
19136 clock_gettime(CLOCK_BOOTTIME, {17535, 238137706}) = 0
19136 clock_gettime(CLOCK_BOOTTIME, {17535, 238409811}) = 0
19136 select(7, [3 4], [], NULL, NULL)  = 1 (in [4])
19136 clock_gettime(CLOCK_BOOTTIME, {17535, 454792251}) = 0
19136 read(4, "x", 16384)               = 1
19136 clock_gettime(CLOCK_BOOTTIME, {17535, 454936288}) = 0
19136 clock_gettime(CLOCK_BOOTTIME, {17535, 454988730}) = 0
19136 select(7, [3 4], [3], NULL, NULL) = 1 (out [3])
19136 clock_gettime(CLOCK_BOOTTIME, {17535, 455116277}) = 0
19136 write(3, "\210\301O6s\236s\371\220\5\322-g\235\276\211d\363W\206Y\21\346\"7\1*?\234\234\3\10"..., 36) = 36
19136 clock_gettime(CLOCK_BOOTTIME, {17535, 455901321}) = 0
19136 clock_gettime(CLOCK_BOOTTIME, {17535, 455998054}) = 0
19136 select(7, [3 4], [], NULL, NULL)  = 1 (in [3])
19136 clock_gettime(CLOCK_BOOTTIME, {17535, 457026842}) = 0
19136 read(3, "Db\250\312\320\335L`\223\321\236\r-\27\365|MJx\313\2642\v\243\16\205H\245S@\247\1"..., 8192) = 36
19136 clock_gettime(CLOCK_BOOTTIME, {17535, 457159691}) = 0
19136 clock_gettime(CLOCK_BOOTTIME, {17535, 457209912}) = 0
19136 select(7, [3 4], [5], NULL, NULL) = 1 (out [5])
19136 clock_gettime(CLOCK_BOOTTIME, {17535, 457332918}) = 0
19136 write(5, "x", 1)                  = 1
19136 clock_gettime(CLOCK_BOOTTIME, {17535, 458051391}) = 0
19136 clock_gettime(CLOCK_BOOTTIME, {17535, 458105674}) = 0
19136 select(7, [3 4], [], NULL, NULL)  = 1 (in [4])
19136 clock_gettime(CLOCK_BOOTTIME, {17535, 555524901}) = 0
19136 read(4, "i", 16384)               = 1
19136 clock_gettime(CLOCK_BOOTTIME, {17535, 555720358}) = 0
19136 clock_gettime(CLOCK_BOOTTIME, {17535, 555770275}) = 0
19136 select(7, [3 4], [3], NULL, NULL) = 1 (out [3])
19136 clock_gettime(CLOCK_BOOTTIME, {17535, 555933034}) = 0
19136 write(3, "\231uT\261:\335\356\344\315\254\204\256nEr\240U\"\321\360\177ag\252wY\33\261\312L\225@"..., 36) = 36
19136 clock_gettime(CLOCK_BOOTTIME, {17535, 556653328}) = 0
19136 clock_gettime(CLOCK_BOOTTIME, {17535, 556745448}) = 0
19136 select(7, [3 4], [], NULL, NULL)  = 1 (in [3])
19136 clock_gettime(CLOCK_BOOTTIME, {17535, 557913713}) = 0
19136 read(3, "_\206\247\32\332&\355\262\273\26sY\331%\241-\365\321\322\321\250J\256\356\7.x\f\361\3\23\262"..., 8192) = 36
19136 clock_gettime(CLOCK_BOOTTIME, {17535, 558137368}) = 0
19136 clock_gettime(CLOCK_BOOTTIME, {17535, 558229781}) = 0
19136 select(7, [3 4], [5], NULL, NULL) = 1 (out [5])
19136 clock_gettime(CLOCK_BOOTTIME, {17535, 558455267}) = 0
19136 write(5, "i", 1)                  = 1
19136 clock_gettime(CLOCK_BOOTTIME, {17535, 559371399}) = 0
19136 clock_gettime(CLOCK_BOOTTIME, {17535, 559465249}) = 0
19136 select(7, [3 4], [], NULL, NULL)  = 1 (in [4])
19136 clock_gettime(CLOCK_BOOTTIME, {17535, 695282757}) = 0
19136 read(4, "t", 16384)               = 1
19136 clock_gettime(CLOCK_BOOTTIME, {17535, 695425475}) = 0
19136 clock_gettime(CLOCK_BOOTTIME, {17535, 695475676}) = 0
19136 select(7, [3 4], [3], NULL, NULL) = 1 (out [3])
19136 clock_gettime(CLOCK_BOOTTIME, {17535, 695600469}) = 0
19136 write(3, "g\31}\374$\212\336\250\250\200\17\363\240\371\236^F\254lj\317-\251\332c\374sW\224\4,f"..., 36) = 36
19136 clock_gettime(CLOCK_BOOTTIME, {17535, 696018774}) = 0
19136 clock_gettime(CLOCK_BOOTTIME, {17535, 696184186}) = 0
19136 select(7, [3 4], [], NULL, NULL)  = 1 (in [3])
19136 clock_gettime(CLOCK_BOOTTIME, {17535, 697454642}) = 0
19136 read(3, "nuL:\16\337r\t\3754X\10\236\275\5C|+\3615\227\345\37\360\265\350\350\352\17\361r["..., 8192) = 36
19136 clock_gettime(CLOCK_BOOTTIME, {17535, 697587404}) = 0
19136 clock_gettime(CLOCK_BOOTTIME, {17535, 697637812}) = 0
19136 select(7, [3 4], [5], NULL, NULL) = 1 (out [5])
19136 clock_gettime(CLOCK_BOOTTIME, {17535, 697877540}) = 0
19136 write(5, "t", 1)                  = 1
19136 clock_gettime(CLOCK_BOOTTIME, {17535, 698759958}) = 0
19136 clock_gettime(CLOCK_BOOTTIME, {17535, 698814466}) = 0
19136 select(7, [3 4], [], NULL, NULL)  = 1 (in [4])
19136 clock_gettime(CLOCK_BOOTTIME, {17535, 897079001}) = 0
19136 read(4, "\r", 16384)              = 1
19136 clock_gettime(CLOCK_BOOTTIME, {17535, 897286059}) = 0
19136 clock_gettime(CLOCK_BOOTTIME, {17535, 897364447}) = 0
19136 select(7, [3 4], [3], NULL, NULL) = 1 (out [3])
19136 clock_gettime(CLOCK_BOOTTIME, {17535, 897570191}) = 0
19136 write(3, "+\230K\16bn.e\37N\340\16\206\347l*]9}\301-\317\262\361<\325\363\340\346\352\224\254"..., 36) = 36
19136 clock_gettime(CLOCK_BOOTTIME, {17535, 898041462}) = 0
19136 clock_gettime(CLOCK_BOOTTIME, {17535, 898096808}) = 0
19136 select(7, [3 4], [], NULL, NULL)  = 1 (in [3])
19136 clock_gettime(CLOCK_BOOTTIME, {17535, 900340474}) = 0
19136 read(3, "\10i\334Px\272\204\10@C3J\354{\225\336\240l\32\342\317\304]}O\252\374\303\224\245\336?"..., 8192) = 292
19136 close(4)                          = 0
19136 clock_gettime(CLOCK_BOOTTIME, {17535, 900564369}) = 0
19136 clock_gettime(CLOCK_BOOTTIME, {17535, 900614380}) = 0
19136 select(7, [3], [5], NULL, NULL)   = 1 (out [5])
19136 clock_gettime(CLOCK_BOOTTIME, {17535, 900738492}) = 0
19136 write(5, "\r\nlogout\r\n", 10)    = 10
19136 clock_gettime(CLOCK_BOOTTIME, {17535, 901189113}) = 0
19136 clock_gettime(CLOCK_BOOTTIME, {17535, 901243049}) = 0
19136 close(5)                          = 0
19136 ioctl(0, TCGETS, {B38400 -opost -isig -icanon -echo ...}) = 0
19136 ioctl(0, SNDCTL_TMR_STOP or TCSETSW, {B38400 opost isig icanon echo ...}) = 0
19136 ioctl(0, TCGETS, {B38400 opost isig icanon echo ...}) = 0
19136 close(6)                          = 0
19136 select(7, [3], [3], NULL, NULL)   = 1 (out [3])
19136 clock_gettime(CLOCK_BOOTTIME, {17535, 901654865}) = 0
19136 write(3, "g.&3|\177\274@\322?@u\177\202\2107\350\274\31\242\325\265\271\270\343k\203\272\253\206\335\335"..., 36) = 36
19136 rt_sigaction(SIGWINCH, NULL, {0x555a0f6bd740, [], SA_RESTORER, 0x7f7cbd1f34b0}, 8) = 0
19136 rt_sigaction(SIGWINCH, {SIG_DFL, [], SA_RESTORER, 0x7f7cbd1f34b0}, NULL, 8) = 0
19136 write(3, "{t\277M/t\247\26\272}\313\232@\20\35.$c\256Lk\326*u\\\202\357\305\340\336\302e"..., 60) = 60
19136 ioctl(0, TCGETS, {B38400 opost isig icanon echo ...}) = 0
19136 ioctl(1, TCGETS, {B38400 opost isig icanon echo ...}) = 0
19136 ioctl(2, TCGETS, {B38400 opost isig icanon echo ...}) = 0
19136 write(2, "Connection to 192.168.12.60 clos"..., 37) = 37
19136 shutdown(3, SHUT_RDWR)            = 0
19136 close(3)                          = 0
19136 exit_group(0)                     = ?
19136 +++ exited with 0 +++
